[WARN ] 2022-03-17 00:10:18 IXmlReader: BuyListData: Folder E:\l2jserver\server\Game\data\buylists\custom doesn't exist!
[WARN ] 2022-03-17 00:10:18 IXmlReader: MultisellData: Folder E:\l2jserver\server\Game\data\multisell\custom doesn't exist!
[WARN ] 2022-03-17 07:40:20 HikariPool: HikariPool-1 - Thread starvation or clock leap detected (housekeeper delta=6h59m15s681ms870탎300ns).
[WARN ] 2022-03-17 08:17:29 HikariPool: HikariPool-1 - Thread starvation or clock leap detected (housekeeper delta=1m9s18ms388탎400ns).
[WARN ] 2022-03-17 17:25:49 PoolBase: HikariPool-1 - Failed to validate connection org.mariadb.jdbc.MariaDbConnection@519bdf1a ((conn=8371) Connection.setNetworkTimeout cannot be called on a closed connection). Possibly consider using a shorter maxLifetime value.
[WARN ] 2022-03-17 17:25:50 PoolBase: HikariPool-1 - Failed to validate connection org.mariadb.jdbc.MariaDbConnection@110d5ebb ((conn=8375) Connection.setNetworkTimeout cannot be called on a closed connection). Possibly consider using a shorter maxLifetime value.
[WARN ] 2022-03-17 17:25:49 PoolBase: HikariPool-1 - Failed to validate connection org.mariadb.jdbc.MariaDbConnection@5f5c3b59 ((conn=8372) Connection.setNetworkTimeout cannot be called on a closed connection). Possibly consider using a shorter maxLifetime value.
[WARN ] 2022-03-17 17:25:49 PoolBase: HikariPool-1 - Failed to validate connection org.mariadb.jdbc.MariaDbConnection@5b63b46a ((conn=8373) Connection.setNetworkTimeout cannot be called on a closed connection). Possibly consider using a shorter maxLifetime value.
[WARN ] 2022-03-17 17:25:49 PoolBase: HikariPool-1 - Failed to validate connection org.mariadb.jdbc.MariaDbConnection@1e613162 ((conn=8374) Connection.setNetworkTimeout cannot be called on a closed connection). Possibly consider using a shorter maxLifetime value.
[WARN ] 2022-03-17 17:25:50 PoolBase: HikariPool-1 - Failed to validate connection org.mariadb.jdbc.MariaDbConnection@2f352930 ((conn=8376) Connection.setNetworkTimeout cannot be called on a closed connection). Possibly consider using a shorter maxLifetime value.
[WARN ] 2022-03-17 17:25:50 PoolBase: HikariPool-1 - Failed to validate connection org.mariadb.jdbc.MariaDbConnection@7e4ece2d ((conn=8378) Connection.setNetworkTimeout cannot be called on a closed connection). Possibly consider using a shorter maxLifetime value.
[WARN ] 2022-03-17 17:25:50 PoolBase: HikariPool-1 - Failed to validate connection org.mariadb.jdbc.MariaDbConnection@7a0054d2 ((conn=8382) Connection.setNetworkTimeout cannot be called on a closed connection). Possibly consider using a shorter maxLifetime value.
[WARN ] 2022-03-17 17:25:50 PoolBase: HikariPool-1 - Failed to validate connection org.mariadb.jdbc.MariaDbConnection@5cdafd9 ((conn=8379) Connection.setNetworkTimeout cannot be called on a closed connection). Possibly consider using a shorter maxLifetime value.
[WARN ] 2022-03-17 17:25:50 PoolBase: HikariPool-1 - Failed to validate connection org.mariadb.jdbc.MariaDbConnection@69b31858 ((conn=8377) Connection.setNetworkTimeout cannot be called on a closed connection). Possibly consider using a shorter maxLifetime value.
[WARN ] 2022-03-17 17:25:50 PoolBase: HikariPool-1 - Failed to validate connection org.mariadb.jdbc.MariaDbConnection@2a83df3c ((conn=8384) Connection.setNetworkTimeout cannot be called on a closed connection). Possibly consider using a shorter maxLifetime value.
[WARN ] 2022-03-17 17:25:50 PoolBase: HikariPool-1 - Failed to validate connection org.mariadb.jdbc.MariaDbConnection@3b76af9 ((conn=8380) Connection.setNetworkTimeout cannot be called on a closed connection). Possibly consider using a shorter maxLifetime value.
[WARN ] 2022-03-17 17:25:50 PoolBase: HikariPool-1 - Failed to validate connection org.mariadb.jdbc.MariaDbConnection@66e04ec8 ((conn=8385) Connection.setNetworkTimeout cannot be called on a closed connection). Possibly consider using a shorter maxLifetime value.
[WARN ] 2022-03-17 17:25:50 PoolBase: HikariPool-1 - Failed to validate connection org.mariadb.jdbc.MariaDbConnection@125b8f2c ((conn=8383) Connection.setNetworkTimeout cannot be called on a closed connection). Possibly consider using a shorter maxLifetime value.
[WARN ] 2022-03-17 17:25:50 PoolBase: HikariPool-1 - Failed to validate connection org.mariadb.jdbc.MariaDbConnection@72b7d30f ((conn=8381) Connection.setNetworkTimeout cannot be called on a closed connection). Possibly consider using a shorter maxLifetime value.
[WARN ] 2022-03-17 17:25:50 PoolBase: HikariPool-1 - Failed to validate connection org.mariadb.jdbc.MariaDbConnection@6f3fab65 ((conn=8391) Connection.setNetworkTimeout cannot be called on a closed connection). Possibly consider using a shorter maxLifetime value.
[WARN ] 2022-03-17 17:25:50 PoolBase: HikariPool-1 - Failed to validate connection org.mariadb.jdbc.MariaDbConnection@285a4a5a ((conn=8392) Connection.setNetworkTimeout cannot be called on a closed connection). Possibly consider using a shorter maxLifetime value.
[WARN ] 2022-03-17 17:25:50 PoolBase: HikariPool-1 - Failed to validate connection org.mariadb.jdbc.MariaDbConnection@29cf8297 ((conn=8393) Connection.setNetworkTimeout cannot be called on a closed connection). Possibly consider using a shorter maxLifetime value.
[WARN ] 2022-03-17 17:25:50 PoolBase: HikariPool-1 - Failed to validate connection org.mariadb.jdbc.MariaDbConnection@5052ee06 ((conn=8387) Connection.setNetworkTimeout cannot be called on a closed connection). Possibly consider using a shorter maxLifetime value.
[WARN ] 2022-03-17 17:25:50 PoolBase: HikariPool-1 - Failed to validate connection org.mariadb.jdbc.MariaDbConnection@649cb10f ((conn=8388) Connection.setNetworkTimeout cannot be called on a closed connection). Possibly consider using a shorter maxLifetime value.
[WARN ] 2022-03-17 17:25:50 PoolBase: HikariPool-1 - Failed to validate connection org.mariadb.jdbc.MariaDbConnection@58fab601 ((conn=8394) Connection.setNetworkTimeout cannot be called on a closed connection). Possibly consider using a shorter maxLifetime value.
[WARN ] 2022-03-17 17:25:50 PoolBase: HikariPool-1 - Failed to validate connection org.mariadb.jdbc.MariaDbConnection@ee255a ((conn=8389) Connection.setNetworkTimeout cannot be called on a closed connection). Possibly consider using a shorter maxLifetime value.
[WARN ] 2022-03-17 17:25:50 PoolBase: HikariPool-1 - Failed to validate connection org.mariadb.jdbc.MariaDbConnection@1e3e3002 ((conn=8386) Connection.setNetworkTimeout cannot be called on a closed connection). Possibly consider using a shorter maxLifetime value.
[WARN ] 2022-03-17 17:25:50 PoolBase: HikariPool-1 - Failed to validate connection org.mariadb.jdbc.MariaDbConnection@404492be ((conn=8400) Connection.setNetworkTimeout cannot be called on a closed connection). Possibly consider using a shorter maxLifetime value.
[WARN ] 2022-03-17 17:25:50 PoolBase: HikariPool-1 - Failed to validate connection org.mariadb.jdbc.MariaDbConnection@657036db ((conn=8398) Connection.setNetworkTimeout cannot be called on a closed connection). Possibly consider using a shorter maxLifetime value.
[WARN ] 2022-03-17 17:25:50 PoolBase: HikariPool-1 - Failed to validate connection org.mariadb.jdbc.MariaDbConnection@30fec169 ((conn=8397) Connection.setNetworkTimeout cannot be called on a closed connection). Possibly consider using a shorter maxLifetime value.
[WARN ] 2022-03-17 17:25:50 PoolBase: HikariPool-1 - Failed to validate connection org.mariadb.jdbc.MariaDbConnection@4a8c4af8 ((conn=8396) Connection.setNetworkTimeout cannot be called on a closed connection). Possibly consider using a shorter maxLifetime value.
[WARN ] 2022-03-17 17:25:50 PoolBase: HikariPool-1 - Failed to validate connection org.mariadb.jdbc.MariaDbConnection@34c28db3 ((conn=8403) Connection.setNetworkTimeout cannot be called on a closed connection). Possibly consider using a shorter maxLifetime value.
[WARN ] 2022-03-17 17:25:50 PoolBase: HikariPool-1 - Failed to validate connection org.mariadb.jdbc.MariaDbConnection@6837deca ((conn=8399) Connection.setNetworkTimeout cannot be called on a closed connection). Possibly consider using a shorter maxLifetime value.
[WARN ] 2022-03-17 17:25:50 PoolBase: HikariPool-1 - Failed to validate connection org.mariadb.jdbc.MariaDbConnection@6f7e656 ((conn=8401) Connection.setNetworkTimeout cannot be called on a closed connection). Possibly consider using a shorter maxLifetime value.
[WARN ] 2022-03-17 17:25:50 PoolBase: HikariPool-1 - Failed to validate connection org.mariadb.jdbc.MariaDbConnection@6255cebd ((conn=8402) Connection.setNetworkTimeout cannot be called on a closed connection). Possibly consider using a shorter maxLifetime value.
[WARN ] 2022-03-17 17:25:50 PoolBase: HikariPool-1 - Failed to validate connection org.mariadb.jdbc.MariaDbConnection@6c313483 ((conn=8409) Connection.setNetworkTimeout cannot be called on a closed connection). Possibly consider using a shorter maxLifetime value.
[WARN ] 2022-03-17 17:25:50 PoolBase: HikariPool-1 - Failed to validate connection org.mariadb.jdbc.MariaDbConnection@58814495 ((conn=8410) Connection.setNetworkTimeout cannot be called on a closed connection). Possibly consider using a shorter maxLifetime value.
[WARN ] 2022-03-17 17:25:50 PoolBase: HikariPool-1 - Failed to validate connection org.mariadb.jdbc.MariaDbConnection@40acd864 ((conn=8411) Connection.setNetworkTimeout cannot be called on a closed connection). Possibly consider using a shorter maxLifetime value.
[WARN ] 2022-03-17 17:25:50 PoolBase: HikariPool-1 - Failed to validate connection org.mariadb.jdbc.MariaDbConnection@507738f7 ((conn=8404) Connection.setNetworkTimeout cannot be called on a closed connection). Possibly consider using a shorter maxLifetime value.
[WARN ] 2022-03-17 17:25:50 PoolBase: HikariPool-1 - Failed to validate connection org.mariadb.jdbc.MariaDbConnection@5a356e4 ((conn=8412) Connection.setNetworkTimeout cannot be called on a closed connection). Possibly consider using a shorter maxLifetime value.
[WARN ] 2022-03-17 17:25:50 PoolBase: HikariPool-1 - Failed to validate connection org.mariadb.jdbc.MariaDbConnection@5680459 ((conn=8408) Connection.setNetworkTimeout cannot be called on a closed connection). Possibly consider using a shorter maxLifetime value.
[WARN ] 2022-03-17 17:25:50 PoolBase: HikariPool-1 - Failed to validate connection org.mariadb.jdbc.MariaDbConnection@25e7ba43 ((conn=8406) Connection.setNetworkTimeout cannot be called on a closed connection). Possibly consider using a shorter maxLifetime value.
[WARN ] 2022-03-17 17:25:50 PoolBase: HikariPool-1 - Failed to validate connection org.mariadb.jdbc.MariaDbConnection@be65b4b ((conn=8417) Connection.setNetworkTimeout cannot be called on a closed connection). Possibly consider using a shorter maxLifetime value.
[WARN ] 2022-03-17 17:25:50 PoolBase: HikariPool-1 - Failed to validate connection org.mariadb.jdbc.MariaDbConnection@690ba1f9 ((conn=8405) Connection.setNetworkTimeout cannot be called on a closed connection). Possibly consider using a shorter maxLifetime value.
[WARN ] 2022-03-17 17:25:50 PoolBase: HikariPool-1 - Failed to validate connection org.mariadb.jdbc.MariaDbConnection@743561df ((conn=8418) Connection.setNetworkTimeout cannot be called on a closed connection). Possibly consider using a shorter maxLifetime value.
[WARN ] 2022-03-17 17:25:50 PoolBase: HikariPool-1 - Failed to validate connection org.mariadb.jdbc.MariaDbConnection@14ed3b44 ((conn=8416) Connection.setNetworkTimeout cannot be called on a closed connection). Possibly consider using a shorter maxLifetime value.
[WARN ] 2022-03-17 17:25:50 PoolBase: HikariPool-1 - Failed to validate connection org.mariadb.jdbc.MariaDbConnection@32a4aa8c ((conn=8414) Connection.setNetworkTimeout cannot be called on a closed connection). Possibly consider using a shorter maxLifetime value.
[WARN ] 2022-03-17 17:25:50 PoolBase: HikariPool-1 - Failed to validate connection org.mariadb.jdbc.MariaDbConnection@78f9ef14 ((conn=8422) Connection.setNetworkTimeout cannot be called on a closed connection). Possibly consider using a shorter maxLifetime value.
[WARN ] 2022-03-17 17:25:50 PoolBase: HikariPool-1 - Failed to validate connection org.mariadb.jdbc.MariaDbConnection@279d59a1 ((conn=8421) Connection.setNetworkTimeout cannot be called on a closed connection). Possibly consider using a shorter maxLifetime value.
[WARN ] 2022-03-17 17:25:50 PoolBase: HikariPool-1 - Failed to validate connection org.mariadb.jdbc.MariaDbConnection@6053efff ((conn=8413) Connection.setNetworkTimeout cannot be called on a closed connection). Possibly consider using a shorter maxLifetime value.
[WARN ] 2022-03-17 17:25:50 PoolBase: HikariPool-1 - Failed to validate connection org.mariadb.jdbc.MariaDbConnection@63d2451f ((conn=8419) Connection.setNetworkTimeout cannot be called on a closed connection). Possibly consider using a shorter maxLifetime value.
[WARN ] 2022-03-17 17:25:50 PoolBase: HikariPool-1 - Failed to validate connection org.mariadb.jdbc.MariaDbConnection@1e98753a ((conn=8420) Connection.setNetworkTimeout cannot be called on a closed connection). Possibly consider using a shorter maxLifetime value.
[WARN ] 2022-03-17 17:25:50 PoolBase: HikariPool-1 - Failed to validate connection org.mariadb.jdbc.MariaDbConnection@541e3218 ((conn=8424) Connection.setNetworkTimeout cannot be called on a closed connection). Possibly consider using a shorter maxLifetime value.
[WARN ] 2022-03-17 17:25:50 PoolBase: HikariPool-1 - Failed to validate connection org.mariadb.jdbc.MariaDbConnection@17cdbb36 ((conn=8430) Connection.setNetworkTimeout cannot be called on a closed connection). Possibly consider using a shorter maxLifetime value.
[WARN ] 2022-03-17 17:25:50 PoolBase: HikariPool-1 - Failed to validate connection org.mariadb.jdbc.MariaDbConnection@170590d5 ((conn=8431) Connection.setNetworkTimeout cannot be called on a closed connection). Possibly consider using a shorter maxLifetime value.
[WARN ] 2022-03-17 17:25:50 PoolBase: HikariPool-1 - Failed to validate connection org.mariadb.jdbc.MariaDbConnection@1611f351 ((conn=8432) Connection.setNetworkTimeout cannot be called on a closed connection). Possibly consider using a shorter maxLifetime value.
[WARN ] 2022-03-17 17:25:50 PoolBase: HikariPool-1 - Failed to validate connection org.mariadb.jdbc.MariaDbConnection@127f4a52 ((conn=8433) Connection.setNetworkTimeout cannot be called on a closed connection). Possibly consider using a shorter maxLifetime value.
[WARN ] 2022-03-17 17:25:50 PoolBase: HikariPool-1 - Failed to validate connection org.mariadb.jdbc.MariaDbConnection@1903296b ((conn=8426) Connection.setNetworkTimeout cannot be called on a closed connection). Possibly consider using a shorter maxLifetime value.
[WARN ] 2022-03-17 17:25:50 PoolBase: HikariPool-1 - Failed to validate connection org.mariadb.jdbc.MariaDbConnection@5329f1df ((conn=8435) Connection.setNetworkTimeout cannot be called on a closed connection). Possibly consider using a shorter maxLifetime value.
[WARN ] 2022-03-17 17:25:50 PoolBase: HikariPool-1 - Failed to validate connection org.mariadb.jdbc.MariaDbConnection@4a3b0b90 ((conn=8436) Connection.setNetworkTimeout cannot be called on a closed connection). Possibly consider using a shorter maxLifetime value.
[WARN ] 2022-03-17 17:25:50 PoolBase: HikariPool-1 - Failed to validate connection org.mariadb.jdbc.MariaDbConnection@227ee55f ((conn=8438) Connection.setNetworkTimeout cannot be called on a closed connection). Possibly consider using a shorter maxLifetime value.
[WARN ] 2022-03-17 17:25:50 PoolBase: HikariPool-1 - Failed to validate connection org.mariadb.jdbc.MariaDbConnection@972b7a9 ((conn=8423) Connection.setNetworkTimeout cannot be called on a closed connection). Possibly consider using a shorter maxLifetime value.
[WARN ] 2022-03-17 17:25:50 PoolBase: HikariPool-1 - Failed to validate connection org.mariadb.jdbc.MariaDbConnection@68914720 ((conn=8434) Connection.setNetworkTimeout cannot be called on a closed connection). Possibly consider using a shorter maxLifetime value.
[WARN ] 2022-03-17 17:25:50 PoolBase: HikariPool-1 - Failed to validate connection org.mariadb.jdbc.MariaDbConnection@3266d190 ((conn=8429) Connection.setNetworkTimeout cannot be called on a closed connection). Possibly consider using a shorter maxLifetime value.
[WARN ] 2022-03-17 17:25:50 PoolBase: HikariPool-1 - Failed to validate connection org.mariadb.jdbc.MariaDbConnection@2eb5f410 ((conn=8428) Connection.setNetworkTimeout cannot be called on a closed connection). Possibly consider using a shorter maxLifetime value.
[WARN ] 2022-03-17 17:25:50 PoolBase: HikariPool-1 - Failed to validate connection org.mariadb.jdbc.MariaDbConnection@4efa5f2d ((conn=8441) Connection.setNetworkTimeout cannot be called on a closed connection). Possibly consider using a shorter maxLifetime value.
[WARN ] 2022-03-17 17:25:50 PoolBase: HikariPool-1 - Failed to validate connection org.mariadb.jdbc.MariaDbConnection@5c8fb8a7 ((conn=8440) Connection.setNetworkTimeout cannot be called on a closed connection). Possibly consider using a shorter maxLifetime value.
[WARN ] 2022-03-17 17:25:50 PoolBase: HikariPool-1 - Failed to validate connection org.mariadb.jdbc.MariaDbConnection@40341e77 ((conn=8439) Connection.setNetworkTimeout cannot be called on a closed connection). Possibly consider using a shorter maxLifetime value.
[WARN ] 2022-03-17 17:25:50 PoolBase: HikariPool-1 - Failed to validate connection org.mariadb.jdbc.MariaDbConnection@5ab7a842 ((conn=8444) Connection.setNetworkTimeout cannot be called on a closed connection). Possibly consider using a shorter maxLifetime value.
[WARN ] 2022-03-17 17:25:50 PoolBase: HikariPool-1 - Failed to validate connection org.mariadb.jdbc.MariaDbConnection@7bdc7d1e ((conn=8443) Connection.setNetworkTimeout cannot be called on a closed connection). Possibly consider using a shorter maxLifetime value.
[WARN ] 2022-03-17 17:25:50 PoolBase: HikariPool-1 - Failed to validate connection org.mariadb.jdbc.MariaDbConnection@1bfb1fb0 ((conn=8442) Connection.setNetworkTimeout cannot be called on a closed connection). Possibly consider using a shorter maxLifetime value.
[WARN ] 2022-03-17 17:25:50 PoolBase: HikariPool-1 - Failed to validate connection org.mariadb.jdbc.MariaDbConnection@1dc1bfca ((conn=8447) Connection.setNetworkTimeout cannot be called on a closed connection). Possibly consider using a shorter maxLifetime value.
[WARN ] 2022-03-17 17:25:50 PoolBase: HikariPool-1 - Failed to validate connection org.mariadb.jdbc.MariaDbConnection@5ed16e4 ((conn=8446) Connection.setNetworkTimeout cannot be called on a closed connection). Possibly consider using a shorter maxLifetime value.
[WARN ] 2022-03-17 17:25:50 PoolBase: HikariPool-1 - Failed to validate connection org.mariadb.jdbc.MariaDbConnection@559b87a ((conn=8451) Connection.setNetworkTimeout cannot be called on a closed connection). Possibly consider using a shorter maxLifetime value.
[WARN ] 2022-03-17 17:25:50 PoolBase: HikariPool-1 - Failed to validate connection org.mariadb.jdbc.MariaDbConnection@4628870e ((conn=8445) Connection.setNetworkTimeout cannot be called on a closed connection). Possibly consider using a shorter maxLifetime value.
[WARN ] 2022-03-17 17:25:50 PoolBase: HikariPool-1 - Failed to validate connection org.mariadb.jdbc.MariaDbConnection@606356f8 ((conn=8452) Connection.setNetworkTimeout cannot be called on a closed connection). Possibly consider using a shorter maxLifetime value.
[WARN ] 2022-03-17 17:25:50 PoolBase: HikariPool-1 - Failed to validate connection org.mariadb.jdbc.MariaDbConnection@101b030e ((conn=8454) Connection.setNetworkTimeout cannot be called on a closed connection). Possibly consider using a shorter maxLifetime value.
[WARN ] 2022-03-17 17:25:50 PoolBase: HikariPool-1 - Failed to validate connection org.mariadb.jdbc.MariaDbConnection@15f66ae1 ((conn=8450) Connection.setNetworkTimeout cannot be called on a closed connection). Possibly consider using a shorter maxLifetime value.
[WARN ] 2022-03-17 17:25:50 PoolBase: HikariPool-1 - Failed to validate connection org.mariadb.jdbc.MariaDbConnection@7841193b ((conn=8449) Connection.setNetworkTimeout cannot be called on a closed connection). Possibly consider using a shorter maxLifetime value.
[WARN ] 2022-03-17 17:25:50 PoolBase: HikariPool-1 - Failed to validate connection org.mariadb.jdbc.MariaDbConnection@4c2b0b09 ((conn=8458) Connection.setNetworkTimeout cannot be called on a closed connection). Possibly consider using a shorter maxLifetime value.
[WARN ] 2022-03-17 17:25:50 PoolBase: HikariPool-1 - Failed to validate connection org.mariadb.jdbc.MariaDbConnection@7a53e188 ((conn=8448) Connection.setNetworkTimeout cannot be called on a closed connection). Possibly consider using a shorter maxLifetime value.
[WARN ] 2022-03-17 17:25:50 PoolBase: HikariPool-1 - Failed to validate connection org.mariadb.jdbc.MariaDbConnection@4e07be8 ((conn=8457) Connection.setNetworkTimeout cannot be called on a closed connection). Possibly consider using a shorter maxLifetime value.
[WARN ] 2022-03-17 17:25:50 PoolBase: HikariPool-1 - Failed to validate connection org.mariadb.jdbc.MariaDbConnection@7ece265f ((conn=8456) Connection.setNetworkTimeout cannot be called on a closed connection). Possibly consider using a shorter maxLifetime value.
[WARN ] 2022-03-17 17:25:50 PoolBase: HikariPool-1 - Failed to validate connection org.mariadb.jdbc.MariaDbConnection@361cc28e ((conn=8455) Connection.setNetworkTimeout cannot be called on a closed connection). Possibly consider using a shorter maxLifetime value.
[WARN ] 2022-03-17 17:25:50 PoolBase: HikariPool-1 - Failed to validate connection org.mariadb.jdbc.MariaDbConnection@14389f0c ((conn=8461) Connection.setNetworkTimeout cannot be called on a closed connection). Possibly consider using a shorter maxLifetime value.
[WARN ] 2022-03-17 17:25:50 PoolBase: HikariPool-1 - Failed to validate connection org.mariadb.jdbc.MariaDbConnection@1e8a342 ((conn=8463) Connection.setNetworkTimeout cannot be called on a closed connection). Possibly consider using a shorter maxLifetime value.
[WARN ] 2022-03-17 17:25:50 PoolBase: HikariPool-1 - Failed to validate connection org.mariadb.jdbc.MariaDbConnection@130099bf ((conn=8460) Connection.setNetworkTimeout cannot be called on a closed connection). Possibly consider using a shorter maxLifetime value.
[WARN ] 2022-03-17 17:25:50 PoolBase: HikariPool-1 - Failed to validate connection org.mariadb.jdbc.MariaDbConnection@1c73a8b0 ((conn=8459) Connection.setNetworkTimeout cannot be called on a closed connection). Possibly consider using a shorter maxLifetime value.
[WARN ] 2022-03-17 17:25:50 PoolBase: HikariPool-1 - Failed to validate connection org.mariadb.jdbc.MariaDbConnection@16321fa1 ((conn=8464) Connection.setNetworkTimeout cannot be called on a closed connection). Possibly consider using a shorter maxLifetime value.
[WARN ] 2022-03-17 17:25:50 PoolBase: HikariPool-1 - Failed to validate connection org.mariadb.jdbc.MariaDbConnection@dfadc1 ((conn=8462) Connection.setNetworkTimeout cannot be called on a closed connection). Possibly consider using a shorter maxLifetime value.
[WARN ] 2022-03-17 17:25:50 PoolBase: HikariPool-1 - Failed to validate connection org.mariadb.jdbc.MariaDbConnection@7fd868b8 ((conn=8468) Connection.setNetworkTimeout cannot be called on a closed connection). Possibly consider using a shorter maxLifetime value.
[WARN ] 2022-03-17 17:25:50 PoolBase: HikariPool-1 - Failed to validate connection org.mariadb.jdbc.MariaDbConnection@642590b5 ((conn=8471) Connection.setNetworkTimeout cannot be called on a closed connection). Possibly consider using a shorter maxLifetime value.
[WARN ] 2022-03-17 17:25:50 PoolBase: HikariPool-1 - Failed to validate connection org.mariadb.jdbc.MariaDbConnection@3bee2e34 ((conn=8467) Connection.setNetworkTimeout cannot be called on a closed connection). Possibly consider using a shorter maxLifetime value.
[WARN ] 2022-03-17 17:25:50 PoolBase: HikariPool-1 - Failed to validate connection org.mariadb.jdbc.MariaDbConnection@46223294 ((conn=8466) Connection.setNetworkTimeout cannot be called on a closed connection). Possibly consider using a shorter maxLifetime value.
[WARN ] 2022-03-17 17:25:50 PoolBase: HikariPool-1 - Failed to validate connection org.mariadb.jdbc.MariaDbConnection@5884b921 ((conn=8472) Connection.setNetworkTimeout cannot be called on a closed connection). Possibly consider using a shorter maxLifetime value.
[WARN ] 2022-03-17 17:25:50 PoolBase: HikariPool-1 - Failed to validate connection org.mariadb.jdbc.MariaDbConnection@6e2949d ((conn=8474) Connection.setNetworkTimeout cannot be called on a closed connection). Possibly consider using a shorter maxLifetime value.
[WARN ] 2022-03-17 17:25:50 PoolBase: HikariPool-1 - Failed to validate connection org.mariadb.jdbc.MariaDbConnection@2ef094d1 ((conn=8470) Connection.setNetworkTimeout cannot be called on a closed connection). Possibly consider using a shorter maxLifetime value.
[WARN ] 2022-03-17 17:25:50 PoolBase: HikariPool-1 - Failed to validate connection org.mariadb.jdbc.MariaDbConnection@7911aff5 ((conn=8469) Connection.setNetworkTimeout cannot be called on a closed connection). Possibly consider using a shorter maxLifetime value.
[WARN ] 2022-03-17 17:25:50 PoolBase: HikariPool-1 - Failed to validate connection org.mariadb.jdbc.MariaDbConnection@7b74cb2f ((conn=8478) Connection.setNetworkTimeout cannot be called on a closed connection). Possibly consider using a shorter maxLifetime value.
[WARN ] 2022-03-17 17:25:50 PoolBase: HikariPool-1 - Failed to validate connection org.mariadb.jdbc.MariaDbConnection@333ae98d ((conn=8476) Connection.setNetworkTimeout cannot be called on a closed connection). Possibly consider using a shorter maxLifetime value.
[WARN ] 2022-03-17 17:25:50 PoolBase: HikariPool-1 - Failed to validate connection org.mariadb.jdbc.MariaDbConnection@4e8a1ccc ((conn=8475) Connection.setNetworkTimeout cannot be called on a closed connection). Possibly consider using a shorter maxLifetime value.
[WARN ] 2022-03-17 17:25:50 PoolBase: HikariPool-1 - Failed to validate connection org.mariadb.jdbc.MariaDbConnection@2c9ecbc3 ((conn=8473) Connection.setNetworkTimeout cannot be called on a closed connection). Possibly consider using a shorter maxLifetime value.
[WARN ] 2022-03-17 17:25:50 PoolBase: HikariPool-1 - Failed to validate connection org.mariadb.jdbc.MariaDbConnection@6506d4f1 ((conn=8479) Connection.setNetworkTimeout cannot be called on a closed connection). Possibly consider using a shorter maxLifetime value.
[WARN ] 2022-03-17 17:25:50 PoolBase: HikariPool-1 - Failed to validate connection org.mariadb.jdbc.MariaDbConnection@69a0ecfa ((conn=8477) Connection.setNetworkTimeout cannot be called on a closed connection). Possibly consider using a shorter maxLifetime value.
[WARN ] 2022-03-17 17:26:00 HikariPool: HikariPool-1 - Thread starvation or clock leap detected (housekeeper delta=8h22m1s654ms506탎400ns).
[WARN ] 2022-03-17 20:28:27 HikariPool: HikariPool-1 - Thread starvation or clock leap detected (housekeeper delta=2h25m26s654ms120탎900ns).
[WARN ] 2022-03-18 06:46:46 PoolBase: HikariPool-1 - Failed to validate connection org.mariadb.jdbc.MariaDbConnection@8f492f3 ((conn=9250) Connection.setNetworkTimeout cannot be called on a closed connection). Possibly consider using a shorter maxLifetime value.
[WARN ] 2022-03-18 06:46:46 PoolBase: HikariPool-1 - Failed to validate connection org.mariadb.jdbc.MariaDbConnection@6b4116be ((conn=9254) Connection.setNetworkTimeout cannot be called on a closed connection). Possibly consider using a shorter maxLifetime value.
[WARN ] 2022-03-18 06:46:46 PoolBase: HikariPool-1 - Failed to validate connection org.mariadb.jdbc.MariaDbConnection@470e77a6 ((conn=9253) Connection.setNetworkTimeout cannot be called on a closed connection). Possibly consider using a shorter maxLifetime value.
[WARN ] 2022-03-18 06:46:46 PoolBase: HikariPool-1 - Failed to validate connection org.mariadb.jdbc.MariaDbConnection@20cf983 ((conn=9252) Connection.setNetworkTimeout cannot be called on a closed connection). Possibly consider using a shorter maxLifetime value.
[WARN ] 2022-03-18 06:46:46 PoolBase: HikariPool-1 - Failed to validate connection org.mariadb.jdbc.MariaDbConnection@6337d9d ((conn=9251) Connection.setNetworkTimeout cannot be called on a closed connection). Possibly consider using a shorter maxLifetime value.
[WARN ] 2022-03-18 06:46:46 PoolBase: HikariPool-1 - Failed to validate connection org.mariadb.jdbc.MariaDbConnection@28d7babc ((conn=9259) Connection.setNetworkTimeout cannot be called on a closed connection). Possibly consider using a shorter maxLifetime value.
[WARN ] 2022-03-18 06:46:46 PoolBase: HikariPool-1 - Failed to validate connection org.mariadb.jdbc.MariaDbConnection@272188e9 ((conn=9257) Connection.setNetworkTimeout cannot be called on a closed connection). Possibly consider using a shorter maxLifetime value.
[WARN ] 2022-03-18 06:46:46 PoolBase: HikariPool-1 - Failed to validate connection org.mariadb.jdbc.MariaDbConnection@44b68e55 ((conn=9258) Connection.setNetworkTimeout cannot be called on a closed connection). Possibly consider using a shorter maxLifetime value.
[WARN ] 2022-03-18 06:46:46 PoolBase: HikariPool-1 - Failed to validate connection org.mariadb.jdbc.MariaDbConnection@8a2e454 ((conn=9261) Connection.setNetworkTimeout cannot be called on a closed connection). Possibly consider using a shorter maxLifetime value.
[WARN ] 2022-03-18 06:46:46 PoolBase: HikariPool-1 - Failed to validate connection org.mariadb.jdbc.MariaDbConnection@13a66e7c ((conn=9256) Connection.setNetworkTimeout cannot be called on a closed connection). Possibly consider using a shorter maxLifetime value.
[WARN ] 2022-03-18 06:46:46 PoolBase: HikariPool-1 - Failed to validate connection org.mariadb.jdbc.MariaDbConnection@236f5369 ((conn=9262) Connection.setNetworkTimeout cannot be called on a closed connection). Possibly consider using a shorter maxLifetime value.
[WARN ] 2022-03-18 06:46:46 PoolBase: HikariPool-1 - Failed to validate connection org.mariadb.jdbc.MariaDbConnection@59533b33 ((conn=9265) Connection.setNetworkTimeout cannot be called on a closed connection). Possibly consider using a shorter maxLifetime value.
[WARN ] 2022-03-18 06:46:46 PoolBase: HikariPool-1 - Failed to validate connection org.mariadb.jdbc.MariaDbConnection@760351de ((conn=9255) Connection.setNetworkTimeout cannot be called on a closed connection). Possibly consider using a shorter maxLifetime value.
[WARN ] 2022-03-18 06:46:46 PoolBase: HikariPool-1 - Failed to validate connection org.mariadb.jdbc.MariaDbConnection@464ce7ea ((conn=9264) Connection.setNetworkTimeout cannot be called on a closed connection). Possibly consider using a shorter maxLifetime value.
[WARN ] 2022-03-18 06:46:46 PoolBase: HikariPool-1 - Failed to validate connection org.mariadb.jdbc.MariaDbConnection@53dbb577 ((conn=9263) Connection.setNetworkTimeout cannot be called on a closed connection). Possibly consider using a shorter maxLifetime value.
[WARN ] 2022-03-18 06:46:46 PoolBase: HikariPool-1 - Failed to validate connection org.mariadb.jdbc.MariaDbConnection@e00a20e ((conn=9267) Connection.setNetworkTimeout cannot be called on a closed connection). Possibly consider using a shorter maxLifetime value.
[WARN ] 2022-03-18 06:46:46 PoolBase: HikariPool-1 - Failed to validate connection org.mariadb.jdbc.MariaDbConnection@196bc4e6 ((conn=9272) Connection.setNetworkTimeout cannot be called on a closed connection). Possibly consider using a shorter maxLifetime value.
[WARN ] 2022-03-18 06:46:46 PoolBase: HikariPool-1 - Failed to validate connection org.mariadb.jdbc.MariaDbConnection@12f00517 ((conn=9273) Connection.setNetworkTimeout cannot be called on a closed connection). Possibly consider using a shorter maxLifetime value.
[WARN ] 2022-03-18 06:46:46 PoolBase: HikariPool-1 - Failed to validate connection org.mariadb.jdbc.MariaDbConnection@2fd27793 ((conn=9269) Connection.setNetworkTimeout cannot be called on a closed connection). Possibly consider using a shorter maxLifetime value.
[WARN ] 2022-03-18 06:46:46 PoolBase: HikariPool-1 - Failed to validate connection org.mariadb.jdbc.MariaDbConnection@6f985bf9 ((conn=9270) Connection.setNetworkTimeout cannot be called on a closed connection). Possibly consider using a shorter maxLifetime value.
[WARN ] 2022-03-18 06:46:46 PoolBase: HikariPool-1 - Failed to validate connection org.mariadb.jdbc.MariaDbConnection@348479b ((conn=9275) Connection.setNetworkTimeout cannot be called on a closed connection). Possibly consider using a shorter maxLifetime value.
[WARN ] 2022-03-18 06:46:46 PoolBase: HikariPool-1 - Failed to validate connection org.mariadb.jdbc.MariaDbConnection@2e229635 ((conn=9274) Connection.setNetworkTimeout cannot be called on a closed connection). Possibly consider using a shorter maxLifetime value.
[WARN ] 2022-03-18 06:46:46 PoolBase: HikariPool-1 - Failed to validate connection org.mariadb.jdbc.MariaDbConnection@fedf6b ((conn=9266) Connection.setNetworkTimeout cannot be called on a closed connection). Possibly consider using a shorter maxLifetime value.
[WARN ] 2022-03-18 06:46:46 PoolBase: HikariPool-1 - Failed to validate connection org.mariadb.jdbc.MariaDbConnection@568992c2 ((conn=9278) Connection.setNetworkTimeout cannot be called on a closed connection). Possibly consider using a shorter maxLifetime value.
[WARN ] 2022-03-18 06:46:46 PoolBase: HikariPool-1 - Failed to validate connection org.mariadb.jdbc.MariaDbConnection@4443ffe0 ((conn=9277) Connection.setNetworkTimeout cannot be called on a closed connection). Possibly consider using a shorter maxLifetime value.
[WARN ] 2022-03-18 06:46:46 PoolBase: HikariPool-1 - Failed to validate connection org.mariadb.jdbc.MariaDbConnection@2d15d398 ((conn=9280) Connection.setNetworkTimeout cannot be called on a closed connection). Possibly consider using a shorter maxLifetime value.
[WARN ] 2022-03-18 06:46:46 PoolBase: HikariPool-1 - Failed to validate connection org.mariadb.jdbc.MariaDbConnection@6c203518 ((conn=9279) Connection.setNetworkTimeout cannot be called on a closed connection). Possibly consider using a shorter maxLifetime value.
[WARN ] 2022-03-18 06:46:46 PoolBase: HikariPool-1 - Failed to validate connection org.mariadb.jdbc.MariaDbConnection@11276c8 ((conn=9283) Connection.setNetworkTimeout cannot be called on a closed connection). Possibly consider using a shorter maxLifetime value.
[WARN ] 2022-03-18 06:46:46 PoolBase: HikariPool-1 - Failed to validate connection org.mariadb.jdbc.MariaDbConnection@6cf706bb ((conn=9282) Connection.setNetworkTimeout cannot be called on a closed connection). Possibly consider using a shorter maxLifetime value.
[WARN ] 2022-03-18 06:46:46 PoolBase: HikariPool-1 - Failed to validate connection org.mariadb.jdbc.MariaDbConnection@34b70acb ((conn=9286) Connection.setNetworkTimeout cannot be called on a closed connection). Possibly consider using a shorter maxLifetime value.
[WARN ] 2022-03-18 06:46:46 PoolBase: HikariPool-1 - Failed to validate connection org.mariadb.jdbc.MariaDbConnection@60a11aba ((conn=9285) Connection.setNetworkTimeout cannot be called on a closed connection). Possibly consider using a shorter maxLifetime value.
[WARN ] 2022-03-18 06:46:46 PoolBase: HikariPool-1 - Failed to validate connection org.mariadb.jdbc.MariaDbConnection@218ec61 ((conn=9284) Connection.setNetworkTimeout cannot be called on a closed connection). Possibly consider using a shorter maxLifetime value.
[WARN ] 2022-03-18 06:46:46 PoolBase: HikariPool-1 - Failed to validate connection org.mariadb.jdbc.MariaDbConnection@26818ea3 ((conn=9287) Connection.setNetworkTimeout cannot be called on a closed connection). Possibly consider using a shorter maxLifetime value.
[WARN ] 2022-03-18 06:46:46 PoolBase: HikariPool-1 - Failed to validate connection org.mariadb.jdbc.MariaDbConnection@76f29525 ((conn=9281) Connection.setNetworkTimeout cannot be called on a closed connection). Possibly consider using a shorter maxLifetime value.
[WARN ] 2022-03-18 06:46:46 PoolBase: HikariPool-1 - Failed to validate connection org.mariadb.jdbc.MariaDbConnection@63bf15f6 ((conn=9288) Connection.setNetworkTimeout cannot be called on a closed connection). Possibly consider using a shorter maxLifetime value.
[WARN ] 2022-03-18 06:46:46 PoolBase: HikariPool-1 - Failed to validate connection org.mariadb.jdbc.MariaDbConnection@2d9077c0 ((conn=9291) Connection.setNetworkTimeout cannot be called on a closed connection). Possibly consider using a shorter maxLifetime value.
[WARN ] 2022-03-18 06:46:46 PoolBase: HikariPool-1 - Failed to validate connection org.mariadb.jdbc.MariaDbConnection@74e151c ((conn=9290) Connection.setNetworkTimeout cannot be called on a closed connection). Possibly consider using a shorter maxLifetime value.
[WARN ] 2022-03-18 06:46:46 PoolBase: HikariPool-1 - Failed to validate connection org.mariadb.jdbc.MariaDbConnection@ba3a7f1 ((conn=9289) Connection.setNetworkTimeout cannot be called on a closed connection). Possibly consider using a shorter maxLifetime value.
[WARN ] 2022-03-18 06:46:46 PoolBase: HikariPool-1 - Failed to validate connection org.mariadb.jdbc.MariaDbConnection@570065c7 ((conn=9295) Connection.setNetworkTimeout cannot be called on a closed connection). Possibly consider using a shorter maxLifetime value.
[WARN ] 2022-03-18 06:46:46 PoolBase: HikariPool-1 - Failed to validate connection org.mariadb.jdbc.MariaDbConnection@2091623c ((conn=9294) Connection.setNetworkTimeout cannot be called on a closed connection). Possibly consider using a shorter maxLifetime value.
[WARN ] 2022-03-18 06:46:46 PoolBase: HikariPool-1 - Failed to validate connection org.mariadb.jdbc.MariaDbConnection@6e9bb01f ((conn=9299) Connection.setNetworkTimeout cannot be called on a closed connection). Possibly consider using a shorter maxLifetime value.
[WARN ] 2022-03-18 06:46:46 PoolBase: HikariPool-1 - Failed to validate connection org.mariadb.jdbc.MariaDbConnection@1657bffa ((conn=9300) Connection.setNetworkTimeout cannot be called on a closed connection). Possibly consider using a shorter maxLifetime value.
[WARN ] 2022-03-18 06:46:47 PoolBase: HikariPool-1 - Failed to validate connection org.mariadb.jdbc.MariaDbConnection@51f8f1ca ((conn=9301) Connection.setNetworkTimeout cannot be called on a closed connection). Possibly consider using a shorter maxLifetime value.
[WARN ] 2022-03-18 06:46:47 PoolBase: HikariPool-1 - Failed to validate connection org.mariadb.jdbc.MariaDbConnection@658b20b0 ((conn=9302) Connection.setNetworkTimeout cannot be called on a closed connection). Possibly consider using a shorter maxLifetime value.
[WARN ] 2022-03-18 06:46:46 PoolBase: HikariPool-1 - Failed to validate connection org.mariadb.jdbc.MariaDbConnection@361bc721 ((conn=9292) Connection.setNetworkTimeout cannot be called on a closed connection). Possibly consider using a shorter maxLifetime value.
[WARN ] 2022-03-18 06:46:47 PoolBase: HikariPool-1 - Failed to validate connection org.mariadb.jdbc.MariaDbConnection@7d20b217 ((conn=9304) Connection.setNetworkTimeout cannot be called on a closed connection). Possibly consider using a shorter maxLifetime value.
[WARN ] 2022-03-18 06:46:46 PoolBase: HikariPool-1 - Failed to validate connection org.mariadb.jdbc.MariaDbConnection@3a61c4c9 ((conn=9298) Connection.setNetworkTimeout cannot be called on a closed connection). Possibly consider using a shorter maxLifetime value.
[WARN ] 2022-03-18 06:46:46 PoolBase: HikariPool-1 - Failed to validate connection org.mariadb.jdbc.MariaDbConnection@11cac44e ((conn=9297) Connection.setNetworkTimeout cannot be called on a closed connection). Possibly consider using a shorter maxLifetime value.
[WARN ] 2022-03-18 06:46:46 PoolBase: HikariPool-1 - Failed to validate connection org.mariadb.jdbc.MariaDbConnection@79802690 ((conn=9296) Connection.setNetworkTimeout cannot be called on a closed connection). Possibly consider using a shorter maxLifetime value.
[WARN ] 2022-03-18 06:46:47 PoolBase: HikariPool-1 - Failed to validate connection org.mariadb.jdbc.MariaDbConnection@577249a0 ((conn=9306) Connection.setNetworkTimeout cannot be called on a closed connection). Possibly consider using a shorter maxLifetime value.
[WARN ] 2022-03-18 06:46:47 PoolBase: HikariPool-1 - Failed to validate connection org.mariadb.jdbc.MariaDbConnection@6b407ad8 ((conn=9305) Connection.setNetworkTimeout cannot be called on a closed connection). Possibly consider using a shorter maxLifetime value.
[WARN ] 2022-03-18 06:46:47 PoolBase: HikariPool-1 - Failed to validate connection org.mariadb.jdbc.MariaDbConnection@56a36f56 ((conn=9303) Connection.setNetworkTimeout cannot be called on a closed connection). Possibly consider using a shorter maxLifetime value.
[WARN ] 2022-03-18 06:46:47 PoolBase: HikariPool-1 - Failed to validate connection org.mariadb.jdbc.MariaDbConnection@a50ccb1 ((conn=9309) Connection.setNetworkTimeout cannot be called on a closed connection). Possibly consider using a shorter maxLifetime value.
[WARN ] 2022-03-18 06:46:47 PoolBase: HikariPool-1 - Failed to validate connection org.mariadb.jdbc.MariaDbConnection@1a6645c7 ((conn=9307) Connection.setNetworkTimeout cannot be called on a closed connection). Possibly consider using a shorter maxLifetime value.
[WARN ] 2022-03-18 06:46:47 PoolBase: HikariPool-1 - Failed to validate connection org.mariadb.jdbc.MariaDbConnection@622eec96 ((conn=9308) Connection.setNetworkTimeout cannot be called on a closed connection). Possibly consider using a shorter maxLifetime value.
[WARN ] 2022-03-18 06:46:47 PoolBase: HikariPool-1 - Failed to validate connection org.mariadb.jdbc.MariaDbConnection@72159d7e ((conn=9312) Connection.setNetworkTimeout cannot be called on a closed connection). Possibly consider using a shorter maxLifetime value.
[WARN ] 2022-03-18 06:46:47 PoolBase: HikariPool-1 - Failed to validate connection org.mariadb.jdbc.MariaDbConnection@5787b79f ((conn=9315) Connection.setNetworkTimeout cannot be called on a closed connection). Possibly consider using a shorter maxLifetime value.
[WARN ] 2022-03-18 06:46:47 PoolBase: HikariPool-1 - Failed to validate connection org.mariadb.jdbc.MariaDbConnection@9272e7c ((conn=9316) Connection.setNetworkTimeout cannot be called on a closed connection). Possibly consider using a shorter maxLifetime value.
[WARN ] 2022-03-18 06:46:47 PoolBase: HikariPool-1 - Failed to validate connection org.mariadb.jdbc.MariaDbConnection@10042f2b ((conn=9317) Connection.setNetworkTimeout cannot be called on a closed connection). Possibly consider using a shorter maxLifetime value.
[WARN ] 2022-03-18 06:46:47 PoolBase: HikariPool-1 - Failed to validate connection org.mariadb.jdbc.MariaDbConnection@674a975d ((conn=9311) Connection.setNetworkTimeout cannot be called on a closed connection). Possibly consider using a shorter maxLifetime value.
[WARN ] 2022-03-18 06:46:47 PoolBase: HikariPool-1 - Failed to validate connection org.mariadb.jdbc.MariaDbConnection@4faaab12 ((conn=9310) Connection.setNetworkTimeout cannot be called on a closed connection). Possibly consider using a shorter maxLifetime value.
[WARN ] 2022-03-18 06:46:47 PoolBase: HikariPool-1 - Failed to validate connection org.mariadb.jdbc.MariaDbConnection@64c42425 ((conn=9314) Connection.setNetworkTimeout cannot be called on a closed connection). Possibly consider using a shorter maxLifetime value.
[WARN ] 2022-03-18 06:46:47 PoolBase: HikariPool-1 - Failed to validate connection org.mariadb.jdbc.MariaDbConnection@7e2cf2c9 ((conn=9313) Connection.setNetworkTimeout cannot be called on a closed connection). Possibly consider using a shorter maxLifetime value.
[WARN ] 2022-03-18 06:46:47 PoolBase: HikariPool-1 - Failed to validate connection org.mariadb.jdbc.MariaDbConnection@f11372a ((conn=9320) Connection.setNetworkTimeout cannot be called on a closed connection). Possibly consider using a shorter maxLifetime value.
[WARN ] 2022-03-18 06:46:47 PoolBase: HikariPool-1 - Failed to validate connection org.mariadb.jdbc.MariaDbConnection@3f75aa76 ((conn=9319) Connection.setNetworkTimeout cannot be called on a closed connection). Possibly consider using a shorter maxLifetime value.
[WARN ] 2022-03-18 06:46:47 PoolBase: HikariPool-1 - Failed to validate connection org.mariadb.jdbc.MariaDbConnection@5f9e4e40 ((conn=9323) Connection.setNetworkTimeout cannot be called on a closed connection). Possibly consider using a shorter maxLifetime value.
[WARN ] 2022-03-18 06:46:47 PoolBase: HikariPool-1 - Failed to validate connection org.mariadb.jdbc.MariaDbConnection@5524d402 ((conn=9318) Connection.setNetworkTimeout cannot be called on a closed connection). Possibly consider using a shorter maxLifetime value.
[WARN ] 2022-03-18 06:46:47 PoolBase: HikariPool-1 - Failed to validate connection org.mariadb.jdbc.MariaDbConnection@59b08afe ((conn=9324) Connection.setNetworkTimeout cannot be called on a closed connection). Possibly consider using a shorter maxLifetime value.
[WARN ] 2022-03-18 06:46:47 PoolBase: HikariPool-1 - Failed to validate connection org.mariadb.jdbc.MariaDbConnection@4d2a6b89 ((conn=9322) Connection.setNetworkTimeout cannot be called on a closed connection). Possibly consider using a shorter maxLifetime value.
[WARN ] 2022-03-18 06:46:47 PoolBase: HikariPool-1 - Failed to validate connection org.mariadb.jdbc.MariaDbConnection@3edd3c94 ((conn=9321) Connection.setNetworkTimeout cannot be called on a closed connection). Possibly consider using a shorter maxLifetime value.
[WARN ] 2022-03-18 06:46:47 PoolBase: HikariPool-1 - Failed to validate connection org.mariadb.jdbc.MariaDbConnection@3d77d0b9 ((conn=9327) Connection.setNetworkTimeout cannot be called on a closed connection). Possibly consider using a shorter maxLifetime value.
[WARN ] 2022-03-18 06:46:47 PoolBase: HikariPool-1 - Failed to validate connection org.mariadb.jdbc.MariaDbConnection@103670b1 ((conn=9326) Connection.setNetworkTimeout cannot be called on a closed connection). Possibly consider using a shorter maxLifetime value.
[WARN ] 2022-03-18 06:46:47 PoolBase: HikariPool-1 - Failed to validate connection org.mariadb.jdbc.MariaDbConnection@ede34c0 ((conn=9325) Connection.setNetworkTimeout cannot be called on a closed connection). Possibly consider using a shorter maxLifetime value.
[WARN ] 2022-03-18 06:46:47 PoolBase: HikariPool-1 - Failed to validate connection org.mariadb.jdbc.MariaDbConnection@3cda52ce ((conn=9331) Connection.setNetworkTimeout cannot be called on a closed connection). Possibly consider using a shorter maxLifetime value.
[WARN ] 2022-03-18 06:46:47 PoolBase: HikariPool-1 - Failed to validate connection org.mariadb.jdbc.MariaDbConnection@1fca0a7e ((conn=9330) Connection.setNetworkTimeout cannot be called on a closed connection). Possibly consider using a shorter maxLifetime value.
[WARN ] 2022-03-18 06:46:47 PoolBase: HikariPool-1 - Failed to validate connection org.mariadb.jdbc.MariaDbConnection@60cd5a93 ((conn=9329) Connection.setNetworkTimeout cannot be called on a closed connection). Possibly consider using a shorter maxLifetime value.
[WARN ] 2022-03-18 06:46:47 PoolBase: HikariPool-1 - Failed to validate connection org.mariadb.jdbc.MariaDbConnection@76faaea0 ((conn=9337) Connection.setNetworkTimeout cannot be called on a closed connection). Possibly consider using a shorter maxLifetime value.
[WARN ] 2022-03-18 06:46:47 PoolBase: HikariPool-1 - Failed to validate connection org.mariadb.jdbc.MariaDbConnection@7aee1673 ((conn=9334) Connection.setNetworkTimeout cannot be called on a closed connection). Possibly consider using a shorter maxLifetime value.
[WARN ] 2022-03-18 06:46:47 PoolBase: HikariPool-1 - Failed to validate connection org.mariadb.jdbc.MariaDbConnection@35b86340 ((conn=9333) Connection.setNetworkTimeout cannot be called on a closed connection). Possibly consider using a shorter maxLifetime value.
[WARN ] 2022-03-18 06:46:47 PoolBase: HikariPool-1 - Failed to validate connection org.mariadb.jdbc.MariaDbConnection@3f2bbff4 ((conn=9332) Connection.setNetworkTimeout cannot be called on a closed connection). Possibly consider using a shorter maxLifetime value.
[WARN ] 2022-03-18 06:46:47 PoolBase: HikariPool-1 - Failed to validate connection org.mariadb.jdbc.MariaDbConnection@a79b2a4 ((conn=9339) Connection.setNetworkTimeout cannot be called on a closed connection). Possibly consider using a shorter maxLifetime value.
[WARN ] 2022-03-18 06:46:47 PoolBase: HikariPool-1 - Failed to validate connection org.mariadb.jdbc.MariaDbConnection@7d7c364e ((conn=9340) Connection.setNetworkTimeout cannot be called on a closed connection). Possibly consider using a shorter maxLifetime value.
[WARN ] 2022-03-18 06:46:47 PoolBase: HikariPool-1 - Failed to validate connection org.mariadb.jdbc.MariaDbConnection@2e715c ((conn=9338) Connection.setNetworkTimeout cannot be called on a closed connection). Possibly consider using a shorter maxLifetime value.
[WARN ] 2022-03-18 06:46:47 PoolBase: HikariPool-1 - Failed to validate connection org.mariadb.jdbc.MariaDbConnection@144c77c2 ((conn=9335) Connection.setNetworkTimeout cannot be called on a closed connection). Possibly consider using a shorter maxLifetime value.
[WARN ] 2022-03-18 06:46:47 PoolBase: HikariPool-1 - Failed to validate connection org.mariadb.jdbc.MariaDbConnection@2d8726f8 ((conn=9342) Connection.setNetworkTimeout cannot be called on a closed connection). Possibly consider using a shorter maxLifetime value.
[WARN ] 2022-03-18 06:46:47 PoolBase: HikariPool-1 - Failed to validate connection org.mariadb.jdbc.MariaDbConnection@767ed833 ((conn=9344) Connection.setNetworkTimeout cannot be called on a closed connection). Possibly consider using a shorter maxLifetime value.
[WARN ] 2022-03-18 06:46:47 PoolBase: HikariPool-1 - Failed to validate connection org.mariadb.jdbc.MariaDbConnection@5ed018ef ((conn=9341) Connection.setNetworkTimeout cannot be called on a closed connection). Possibly consider using a shorter maxLifetime value.
[WARN ] 2022-03-18 06:46:47 PoolBase: HikariPool-1 - Failed to validate connection org.mariadb.jdbc.MariaDbConnection@6a2c4d7e ((conn=9343) Connection.setNetworkTimeout cannot be called on a closed connection). Possibly consider using a shorter maxLifetime value.
[WARN ] 2022-03-18 06:46:47 PoolBase: HikariPool-1 - Failed to validate connection org.mariadb.jdbc.MariaDbConnection@345c1f2a ((conn=9347) Connection.setNetworkTimeout cannot be called on a closed connection). Possibly consider using a shorter maxLifetime value.
[WARN ] 2022-03-18 06:46:47 PoolBase: HikariPool-1 - Failed to validate connection org.mariadb.jdbc.MariaDbConnection@3c93e27b ((conn=9346) Connection.setNetworkTimeout cannot be called on a closed connection). Possibly consider using a shorter maxLifetime value.
[WARN ] 2022-03-18 06:46:47 PoolBase: HikariPool-1 - Failed to validate connection org.mariadb.jdbc.MariaDbConnection@28b7a173 ((conn=9345) Connection.setNetworkTimeout cannot be called on a closed connection). Possibly consider using a shorter maxLifetime value.
[WARN ] 2022-03-18 06:46:47 PoolBase: HikariPool-1 - Failed to validate connection org.mariadb.jdbc.MariaDbConnection@7de69823 ((conn=9353) Connection.setNetworkTimeout cannot be called on a closed connection). Possibly consider using a shorter maxLifetime value.
[WARN ] 2022-03-18 06:46:47 PoolBase: HikariPool-1 - Failed to validate connection org.mariadb.jdbc.MariaDbConnection@2e9cb6c ((conn=9351) Connection.setNetworkTimeout cannot be called on a closed connection). Possibly consider using a shorter maxLifetime value.
[WARN ] 2022-03-18 06:46:47 PoolBase: HikariPool-1 - Failed to validate connection org.mariadb.jdbc.MariaDbConnection@43883867 ((conn=9357) Connection.setNetworkTimeout cannot be called on a closed connection). Possibly consider using a shorter maxLifetime value.
[WARN ] 2022-03-18 06:46:47 PoolBase: HikariPool-1 - Failed to validate connection org.mariadb.jdbc.MariaDbConnection@540d33d3 ((conn=9358) Connection.setNetworkTimeout cannot be called on a closed connection). Possibly consider using a shorter maxLifetime value.
[WARN ] 2022-03-18 06:46:47 PoolBase: HikariPool-1 - Failed to validate connection org.mariadb.jdbc.MariaDbConnection@3463f6d2 ((conn=9349) Connection.setNetworkTimeout cannot be called on a closed connection). Possibly consider using a shorter maxLifetime value.
[WARN ] 2022-03-18 06:46:47 PoolBase: HikariPool-1 - Failed to validate connection org.mariadb.jdbc.MariaDbConnection@ff6305e ((conn=9356) Connection.setNetworkTimeout cannot be called on a closed connection). Possibly consider using a shorter maxLifetime value.
[WARN ] 2022-03-18 06:46:47 PoolBase: HikariPool-1 - Failed to validate connection org.mariadb.jdbc.MariaDbConnection@56183154 ((conn=9352) Connection.setNetworkTimeout cannot be called on a closed connection). Possibly consider using a shorter maxLifetime value.
[WARN ] 2022-03-18 06:46:47 PoolBase: HikariPool-1 - Failed to validate connection org.mariadb.jdbc.MariaDbConnection@21ca7514 ((conn=9350) Connection.setNetworkTimeout cannot be called on a closed connection). Possibly consider using a shorter maxLifetime value.
[WARN ] 2022-03-18 06:46:47 PoolBase: HikariPool-1 - Failed to validate connection org.mariadb.jdbc.MariaDbConnection@1de39ef1 ((conn=9359) Connection.setNetworkTimeout cannot be called on a closed connection). Possibly consider using a shorter maxLifetime value.
[WARN ] 2022-03-18 06:46:57 HikariPool: HikariPool-1 - Thread starvation or clock leap detected (housekeeper delta=9h48m29s872ms315탎400ns).
[WARN ] 2022-03-18 08:18:25 HikariPool: HikariPool-1 - Thread starvation or clock leap detected (housekeeper delta=57m30s902ms684탎200ns).
[WARN ] 2022-03-18 14:30:54 HikariPool: HikariPool-1 - Thread starvation or clock leap detected (housekeeper delta=5h18m58s701ms672탎500ns).
[WARN ] 2022-03-18 15:31:17 HikariPool: HikariPool-1 - Thread starvation or clock leap detected (housekeeper delta=20m22s654ms393탎100ns).
[WARN ] 2022-03-18 17:55:16 HikariPool: HikariPool-1 - Thread starvation or clock leap detected (housekeeper delta=1h13m59s217ms963탎200ns).
[WARN ] 2022-03-19 09:01:55 PoolBase: HikariPool-1 - Failed to validate connection org.mariadb.jdbc.MariaDbConnection@50a8452d ((conn=13650) Connection.setNetworkTimeout cannot be called on a closed connection). Possibly consider using a shorter maxLifetime value.
[WARN ] 2022-03-19 09:01:55 PoolBase: HikariPool-1 - Failed to validate connection org.mariadb.jdbc.MariaDbConnection@2a52f447 ((conn=13651) Connection.setNetworkTimeout cannot be called on a closed connection). Possibly consider using a shorter maxLifetime value.
[WARN ] 2022-03-19 09:01:55 PoolBase: HikariPool-1 - Failed to validate connection org.mariadb.jdbc.MariaDbConnection@24950f7d ((conn=13652) Connection.setNetworkTimeout cannot be called on a closed connection). Possibly consider using a shorter maxLifetime value.
[WARN ] 2022-03-19 09:01:55 PoolBase: HikariPool-1 - Failed to validate connection org.mariadb.jdbc.MariaDbConnection@20aa9f37 ((conn=13653) Connection.setNetworkTimeout cannot be called on a closed connection). Possibly consider using a shorter maxLifetime value.
[WARN ] 2022-03-19 09:01:55 PoolBase: HikariPool-1 - Failed to validate connection org.mariadb.jdbc.MariaDbConnection@65a80546 ((conn=13654) Connection.setNetworkTimeout cannot be called on a closed connection). Possibly consider using a shorter maxLifetime value.
[WARN ] 2022-03-19 09:01:55 PoolBase: HikariPool-1 - Failed to validate connection org.mariadb.jdbc.MariaDbConnection@58e52578 ((conn=13656) Connection.setNetworkTimeout cannot be called on a closed connection). Possibly consider using a shorter maxLifetime value.
[WARN ] 2022-03-19 09:01:55 PoolBase: HikariPool-1 - Failed to validate connection org.mariadb.jdbc.MariaDbConnection@540727fe ((conn=13657) Connection.setNetworkTimeout cannot be called on a closed connection). Possibly consider using a shorter maxLifetime value.
[WARN ] 2022-03-19 09:01:55 PoolBase: HikariPool-1 - Failed to validate connection org.mariadb.jdbc.MariaDbConnection@20a0596e ((conn=13658) Connection.setNetworkTimeout cannot be called on a closed connection). Possibly consider using a shorter maxLifetime value.
[WARN ] 2022-03-19 09:01:55 PoolBase: HikariPool-1 - Failed to validate connection org.mariadb.jdbc.MariaDbConnection@587fa09 ((conn=13659) Connection.setNetworkTimeout cannot be called on a closed connection). Possibly consider using a shorter maxLifetime value.
[WARN ] 2022-03-19 09:01:55 PoolBase: HikariPool-1 - Failed to validate connection org.mariadb.jdbc.MariaDbConnection@7438d124 ((conn=13660) Connection.setNetworkTimeout cannot be called on a closed connection). Possibly consider using a shorter maxLifetime value.
[WARN ] 2022-03-19 09:01:55 PoolBase: HikariPool-1 - Failed to validate connection org.mariadb.jdbc.MariaDbConnection@196d308a ((conn=13661) Connection.setNetworkTimeout cannot be called on a closed connection). Possibly consider using a shorter maxLifetime value.
[WARN ] 2022-03-19 09:01:55 PoolBase: HikariPool-1 - Failed to validate connection org.mariadb.jdbc.MariaDbConnection@3ba471e0 ((conn=13662) Connection.setNetworkTimeout cannot be called on a closed connection). Possibly consider using a shorter maxLifetime value.
[WARN ] 2022-03-19 09:01:55 PoolBase: HikariPool-1 - Failed to validate connection org.mariadb.jdbc.MariaDbConnection@1c9832f ((conn=13663) Connection.setNetworkTimeout cannot be called on a closed connection). Possibly consider using a shorter maxLifetime value.
[WARN ] 2022-03-19 09:01:55 PoolBase: HikariPool-1 - Failed to validate connection org.mariadb.jdbc.MariaDbConnection@33cad3c3 ((conn=13665) Connection.setNetworkTimeout cannot be called on a closed connection). Possibly consider using a shorter maxLifetime value.
[WARN ] 2022-03-19 09:01:55 PoolBase: HikariPool-1 - Failed to validate connection org.mariadb.jdbc.MariaDbConnection@43535c50 ((conn=13666) Connection.setNetworkTimeout cannot be called on a closed connection). Possibly consider using a shorter maxLifetime value.
[WARN ] 2022-03-19 09:01:55 PoolBase: HikariPool-1 - Failed to validate connection org.mariadb.jdbc.MariaDbConnection@5be00eab ((conn=13667) Connection.setNetworkTimeout cannot be called on a closed connection). Possibly consider using a shorter maxLifetime value.
[WARN ] 2022-03-19 09:01:55 PoolBase: HikariPool-1 - Failed to validate connection org.mariadb.jdbc.MariaDbConnection@16fd3e03 ((conn=13668) Connection.setNetworkTimeout cannot be called on a closed connection). Possibly consider using a shorter maxLifetime value.
[WARN ] 2022-03-19 09:01:55 PoolBase: HikariPool-1 - Failed to validate connection org.mariadb.jdbc.MariaDbConnection@73cca3d4 ((conn=13669) Connection.setNetworkTimeout cannot be called on a closed connection). Possibly consider using a shorter maxLifetime value.
[WARN ] 2022-03-19 09:01:55 PoolBase: HikariPool-1 - Failed to validate connection org.mariadb.jdbc.MariaDbConnection@2aa4c021 ((conn=13670) Connection.setNetworkTimeout cannot be called on a closed connection). Possibly consider using a shorter maxLifetime value.
[WARN ] 2022-03-19 09:01:55 PoolBase: HikariPool-1 - Failed to validate connection org.mariadb.jdbc.MariaDbConnection@71ea1688 ((conn=13672) Connection.setNetworkTimeout cannot be called on a closed connection). Possibly consider using a shorter maxLifetime value.
[WARN ] 2022-03-19 09:01:55 PoolBase: HikariPool-1 - Failed to validate connection org.mariadb.jdbc.MariaDbConnection@e183390 ((conn=13673) Connection.setNetworkTimeout cannot be called on a closed connection). Possibly consider using a shorter maxLifetime value.
[WARN ] 2022-03-19 09:01:55 PoolBase: HikariPool-1 - Failed to validate connection org.mariadb.jdbc.MariaDbConnection@18dcf384 ((conn=13674) Connection.setNetworkTimeout cannot be called on a closed connection). Possibly consider using a shorter maxLifetime value.
[WARN ] 2022-03-19 09:01:55 PoolBase: HikariPool-1 - Failed to validate connection org.mariadb.jdbc.MariaDbConnection@14f58d76 ((conn=13675) Connection.setNetworkTimeout cannot be called on a closed connection). Possibly consider using a shorter maxLifetime value.
[WARN ] 2022-03-19 09:01:55 PoolBase: HikariPool-1 - Failed to validate connection org.mariadb.jdbc.MariaDbConnection@358a8736 ((conn=13676) Connection.setNetworkTimeout cannot be called on a closed connection). Possibly consider using a shorter maxLifetime value.
[WARN ] 2022-03-19 09:01:55 PoolBase: HikariPool-1 - Failed to validate connection org.mariadb.jdbc.MariaDbConnection@7a41b6a4 ((conn=13677) Connection.setNetworkTimeout cannot be called on a closed connection). Possibly consider using a shorter maxLifetime value.
[WARN ] 2022-03-19 09:01:55 PoolBase: HikariPool-1 - Failed to validate connection org.mariadb.jdbc.MariaDbConnection@57e2abb ((conn=13678) Connection.setNetworkTimeout cannot be called on a closed connection). Possibly consider using a shorter maxLifetime value.
[WARN ] 2022-03-19 09:01:55 PoolBase: HikariPool-1 - Failed to validate connection org.mariadb.jdbc.MariaDbConnection@3d58895f ((conn=13679) Connection.setNetworkTimeout cannot be called on a closed connection). Possibly consider using a shorter maxLifetime value.
[WARN ] 2022-03-19 09:01:55 PoolBase: HikariPool-1 - Failed to validate connection org.mariadb.jdbc.MariaDbConnection@5c8a1af5 ((conn=13681) Connection.setNetworkTimeout cannot be called on a closed connection). Possibly consider using a shorter maxLifetime value.
[WARN ] 2022-03-19 09:01:55 PoolBase: HikariPool-1 - Failed to validate connection org.mariadb.jdbc.MariaDbConnection@2b096356 ((conn=13682) Connection.setNetworkTimeout cannot be called on a closed connection). Possibly consider using a shorter maxLifetime value.
[WARN ] 2022-03-19 09:01:55 PoolBase: HikariPool-1 - Failed to validate connection org.mariadb.jdbc.MariaDbConnection@5fd6af7e ((conn=13683) Connection.setNetworkTimeout cannot be called on a closed connection). Possibly consider using a shorter maxLifetime value.
[WARN ] 2022-03-19 09:01:55 PoolBase: HikariPool-1 - Failed to validate connection org.mariadb.jdbc.MariaDbConnection@26bdc7aa ((conn=13684) Connection.setNetworkTimeout cannot be called on a closed connection). Possibly consider using a shorter maxLifetime value.
[WARN ] 2022-03-19 09:01:55 PoolBase: HikariPool-1 - Failed to validate connection org.mariadb.jdbc.MariaDbConnection@2a6c2c3a ((conn=13685) Connection.setNetworkTimeout cannot be called on a closed connection). Possibly consider using a shorter maxLifetime value.
[WARN ] 2022-03-19 09:01:55 PoolBase: HikariPool-1 - Failed to validate connection org.mariadb.jdbc.MariaDbConnection@4a9ff9f2 ((conn=13686) Connection.setNetworkTimeout cannot be called on a closed connection). Possibly consider using a shorter maxLifetime value.
[WARN ] 2022-03-19 09:01:55 PoolBase: HikariPool-1 - Failed to validate connection org.mariadb.jdbc.MariaDbConnection@20d80280 ((conn=13687) Connection.setNetworkTimeout cannot be called on a closed connection). Possibly consider using a shorter maxLifetime value.
[WARN ] 2022-03-19 09:01:55 PoolBase: HikariPool-1 - Failed to validate connection org.mariadb.jdbc.MariaDbConnection@689001a6 ((conn=13688) Connection.setNetworkTimeout cannot be called on a closed connection). Possibly consider using a shorter maxLifetime value.
[WARN ] 2022-03-19 09:01:55 PoolBase: HikariPool-1 - Failed to validate connection org.mariadb.jdbc.MariaDbConnection@2356fd72 ((conn=13689) Connection.setNetworkTimeout cannot be called on a closed connection). Possibly consider using a shorter maxLifetime value.
[WARN ] 2022-03-19 09:01:55 PoolBase: HikariPool-1 - Failed to validate connection org.mariadb.jdbc.MariaDbConnection@16b3d083 ((conn=13690) Connection.setNetworkTimeout cannot be called on a closed connection). Possibly consider using a shorter maxLifetime value.
[WARN ] 2022-03-19 09:01:55 PoolBase: HikariPool-1 - Failed to validate connection org.mariadb.jdbc.MariaDbConnection@1e6abe83 ((conn=13692) Connection.setNetworkTimeout cannot be called on a closed connection). Possibly consider using a shorter maxLifetime value.
[WARN ] 2022-03-19 09:01:55 PoolBase: HikariPool-1 - Failed to validate connection org.mariadb.jdbc.MariaDbConnection@761f1cd7 ((conn=13691) Connection.setNetworkTimeout cannot be called on a closed connection). Possibly consider using a shorter maxLifetime value.
[WARN ] 2022-03-19 09:01:55 PoolBase: HikariPool-1 - Failed to validate connection org.mariadb.jdbc.MariaDbConnection@ac37d51 ((conn=13693) Connection.setNetworkTimeout cannot be called on a closed connection). Possibly consider using a shorter maxLifetime value.
[WARN ] 2022-03-19 09:01:55 PoolBase: HikariPool-1 - Failed to validate connection org.mariadb.jdbc.MariaDbConnection@27c9342 ((conn=13694) Connection.setNetworkTimeout cannot be called on a closed connection). Possibly consider using a shorter maxLifetime value.
[WARN ] 2022-03-19 09:01:55 PoolBase: HikariPool-1 - Failed to validate connection org.mariadb.jdbc.MariaDbConnection@475ee7da ((conn=13696) Connection.setNetworkTimeout cannot be called on a closed connection). Possibly consider using a shorter maxLifetime value.
[WARN ] 2022-03-19 09:01:55 PoolBase: HikariPool-1 - Failed to validate connection org.mariadb.jdbc.MariaDbConnection@c0bce7e ((conn=13695) Connection.setNetworkTimeout cannot be called on a closed connection). Possibly consider using a shorter maxLifetime value.
[WARN ] 2022-03-19 09:01:55 PoolBase: HikariPool-1 - Failed to validate connection org.mariadb.jdbc.MariaDbConnection@56e63395 ((conn=13697) Connection.setNetworkTimeout cannot be called on a closed connection). Possibly consider using a shorter maxLifetime value.
[WARN ] 2022-03-19 09:01:55 PoolBase: HikariPool-1 - Failed to validate connection org.mariadb.jdbc.MariaDbConnection@30e64c88 ((conn=13698) Connection.setNetworkTimeout cannot be called on a closed connection). Possibly consider using a shorter maxLifetime value.
[WARN ] 2022-03-19 09:01:55 PoolBase: HikariPool-1 - Failed to validate connection org.mariadb.jdbc.MariaDbConnection@624c0cd4 ((conn=13699) Connection.setNetworkTimeout cannot be called on a closed connection). Possibly consider using a shorter maxLifetime value.
[WARN ] 2022-03-19 09:01:55 PoolBase: HikariPool-1 - Failed to validate connection org.mariadb.jdbc.MariaDbConnection@3501ac2d ((conn=13702) Connection.setNetworkTimeout cannot be called on a closed connection). Possibly consider using a shorter maxLifetime value.
[WARN ] 2022-03-19 09:01:55 PoolBase: HikariPool-1 - Failed to validate connection org.mariadb.jdbc.MariaDbConnection@529c4770 ((conn=13701) Connection.setNetworkTimeout cannot be called on a closed connection). Possibly consider using a shorter maxLifetime value.
[WARN ] 2022-03-19 09:01:55 PoolBase: HikariPool-1 - Failed to validate connection org.mariadb.jdbc.MariaDbConnection@37813409 ((conn=13703) Connection.setNetworkTimeout cannot be called on a closed connection). Possibly consider using a shorter maxLifetime value.
[WARN ] 2022-03-19 09:01:55 PoolBase: HikariPool-1 - Failed to validate connection org.mariadb.jdbc.MariaDbConnection@3529a481 ((conn=13704) Connection.setNetworkTimeout cannot be called on a closed connection). Possibly consider using a shorter maxLifetime value.
[WARN ] 2022-03-19 09:01:55 PoolBase: HikariPool-1 - Failed to validate connection org.mariadb.jdbc.MariaDbConnection@53ec293 ((conn=13705) Connection.setNetworkTimeout cannot be called on a closed connection). Possibly consider using a shorter maxLifetime value.
[WARN ] 2022-03-19 09:01:55 PoolBase: HikariPool-1 - Failed to validate connection org.mariadb.jdbc.MariaDbConnection@3de676dd ((conn=13706) Connection.setNetworkTimeout cannot be called on a closed connection). Possibly consider using a shorter maxLifetime value.
[WARN ] 2022-03-19 09:01:55 PoolBase: HikariPool-1 - Failed to validate connection org.mariadb.jdbc.MariaDbConnection@3792c14 ((conn=13707) Connection.setNetworkTimeout cannot be called on a closed connection). Possibly consider using a shorter maxLifetime value.
[WARN ] 2022-03-19 09:01:55 PoolBase: HikariPool-1 - Failed to validate connection org.mariadb.jdbc.MariaDbConnection@7b0c9d56 ((conn=13708) Connection.setNetworkTimeout cannot be called on a closed connection). Possibly consider using a shorter maxLifetime value.
[WARN ] 2022-03-19 09:01:55 PoolBase: HikariPool-1 - Failed to validate connection org.mariadb.jdbc.MariaDbConnection@855f2fe ((conn=13709) Connection.setNetworkTimeout cannot be called on a closed connection). Possibly consider using a shorter maxLifetime value.
[WARN ] 2022-03-19 09:01:55 PoolBase: HikariPool-1 - Failed to validate connection org.mariadb.jdbc.MariaDbConnection@60b2db7 ((conn=13710) Connection.setNetworkTimeout cannot be called on a closed connection). Possibly consider using a shorter maxLifetime value.
[WARN ] 2022-03-19 09:01:55 PoolBase: HikariPool-1 - Failed to validate connection org.mariadb.jdbc.MariaDbConnection@4c58a8ee ((conn=13711) Connection.setNetworkTimeout cannot be called on a closed connection). Possibly consider using a shorter maxLifetime value.
[WARN ] 2022-03-19 09:01:55 PoolBase: HikariPool-1 - Failed to validate connection org.mariadb.jdbc.MariaDbConnection@53217a1e ((conn=13712) Connection.setNetworkTimeout cannot be called on a closed connection). Possibly consider using a shorter maxLifetime value.
[WARN ] 2022-03-19 09:01:55 PoolBase: HikariPool-1 - Failed to validate connection org.mariadb.jdbc.MariaDbConnection@74c4b086 ((conn=13713) Connection.setNetworkTimeout cannot be called on a closed connection). Possibly consider using a shorter maxLifetime value.
[WARN ] 2022-03-19 09:01:55 PoolBase: HikariPool-1 - Failed to validate connection org.mariadb.jdbc.MariaDbConnection@2b7d4d3c ((conn=13714) Connection.setNetworkTimeout cannot be called on a closed connection). Possibly consider using a shorter maxLifetime value.
[WARN ] 2022-03-19 09:01:55 PoolBase: HikariPool-1 - Failed to validate connection org.mariadb.jdbc.MariaDbConnection@226b9f65 ((conn=13715) Connection.setNetworkTimeout cannot be called on a closed connection). Possibly consider using a shorter maxLifetime value.
[WARN ] 2022-03-19 09:01:55 PoolBase: HikariPool-1 - Failed to validate connection org.mariadb.jdbc.MariaDbConnection@7ac2f0bc ((conn=13716) Connection.setNetworkTimeout cannot be called on a closed connection). Possibly consider using a shorter maxLifetime value.
[WARN ] 2022-03-19 09:01:55 PoolBase: HikariPool-1 - Failed to validate connection org.mariadb.jdbc.MariaDbConnection@2bd32fe2 ((conn=13717) Connection.setNetworkTimeout cannot be called on a closed connection). Possibly consider using a shorter maxLifetime value.
[WARN ] 2022-03-19 09:01:55 PoolBase: HikariPool-1 - Failed to validate connection org.mariadb.jdbc.MariaDbConnection@6a868309 ((conn=13718) Connection.setNetworkTimeout cannot be called on a closed connection). Possibly consider using a shorter maxLifetime value.
[WARN ] 2022-03-19 09:01:55 PoolBase: HikariPool-1 - Failed to validate connection org.mariadb.jdbc.MariaDbConnection@14e8b98b ((conn=13719) Connection.setNetworkTimeout cannot be called on a closed connection). Possibly consider using a shorter maxLifetime value.
[WARN ] 2022-03-19 09:01:55 PoolBase: HikariPool-1 - Failed to validate connection org.mariadb.jdbc.MariaDbConnection@7942ecba ((conn=13720) Connection.setNetworkTimeout cannot be called on a closed connection). Possibly consider using a shorter maxLifetime value.
[WARN ] 2022-03-19 09:01:55 PoolBase: HikariPool-1 - Failed to validate connection org.mariadb.jdbc.MariaDbConnection@4bdc604f ((conn=13721) Connection.setNetworkTimeout cannot be called on a closed connection). Possibly consider using a shorter maxLifetime value.
[WARN ] 2022-03-19 09:01:55 PoolBase: HikariPool-1 - Failed to validate connection org.mariadb.jdbc.MariaDbConnection@159c2cf6 ((conn=13722) Connection.setNetworkTimeout cannot be called on a closed connection). Possibly consider using a shorter maxLifetime value.
[WARN ] 2022-03-19 09:01:55 PoolBase: HikariPool-1 - Failed to validate connection org.mariadb.jdbc.MariaDbConnection@44e9eb2f ((conn=13723) Connection.setNetworkTimeout cannot be called on a closed connection). Possibly consider using a shorter maxLifetime value.
[WARN ] 2022-03-19 09:01:55 PoolBase: HikariPool-1 - Failed to validate connection org.mariadb.jdbc.MariaDbConnection@2a20f834 ((conn=13724) Connection.setNetworkTimeout cannot be called on a closed connection). Possibly consider using a shorter maxLifetime value.
[WARN ] 2022-03-19 09:01:55 PoolBase: HikariPool-1 - Failed to validate connection org.mariadb.jdbc.MariaDbConnection@2d62b27 ((conn=13725) Connection.setNetworkTimeout cannot be called on a closed connection). Possibly consider using a shorter maxLifetime value.
[WARN ] 2022-03-19 09:01:55 PoolBase: HikariPool-1 - Failed to validate connection org.mariadb.jdbc.MariaDbConnection@76d95c17 ((conn=13726) Connection.setNetworkTimeout cannot be called on a closed connection). Possibly consider using a shorter maxLifetime value.
[WARN ] 2022-03-19 09:01:55 PoolBase: HikariPool-1 - Failed to validate connection org.mariadb.jdbc.MariaDbConnection@7d627170 ((conn=13727) Connection.setNetworkTimeout cannot be called on a closed connection). Possibly consider using a shorter maxLifetime value.
[WARN ] 2022-03-19 09:01:55 PoolBase: HikariPool-1 - Failed to validate connection org.mariadb.jdbc.MariaDbConnection@502ec7b0 ((conn=13728) Connection.setNetworkTimeout cannot be called on a closed connection). Possibly consider using a shorter maxLifetime value.
[WARN ] 2022-03-19 09:01:55 PoolBase: HikariPool-1 - Failed to validate connection org.mariadb.jdbc.MariaDbConnection@63924181 ((conn=13730) Connection.setNetworkTimeout cannot be called on a closed connection). Possibly consider using a shorter maxLifetime value.
[WARN ] 2022-03-19 09:01:55 PoolBase: HikariPool-1 - Failed to validate connection org.mariadb.jdbc.MariaDbConnection@5f178000 ((conn=13731) Connection.setNetworkTimeout cannot be called on a closed connection). Possibly consider using a shorter maxLifetime value.
[WARN ] 2022-03-19 09:01:55 PoolBase: HikariPool-1 - Failed to validate connection org.mariadb.jdbc.MariaDbConnection@1725c1a6 ((conn=13733) Connection.setNetworkTimeout cannot be called on a closed connection). Possibly consider using a shorter maxLifetime value.
[WARN ] 2022-03-19 09:01:55 PoolBase: HikariPool-1 - Failed to validate connection org.mariadb.jdbc.MariaDbConnection@66ca048a ((conn=13734) Connection.setNetworkTimeout cannot be called on a closed connection). Possibly consider using a shorter maxLifetime value.
[WARN ] 2022-03-19 09:01:55 PoolBase: HikariPool-1 - Failed to validate connection org.mariadb.jdbc.MariaDbConnection@53e8fd3 ((conn=13735) Connection.setNetworkTimeout cannot be called on a closed connection). Possibly consider using a shorter maxLifetime value.
[WARN ] 2022-03-19 09:01:55 PoolBase: HikariPool-1 - Failed to validate connection org.mariadb.jdbc.MariaDbConnection@31909363 ((conn=13732) Connection.setNetworkTimeout cannot be called on a closed connection). Possibly consider using a shorter maxLifetime value.
[WARN ] 2022-03-19 09:01:55 PoolBase: HikariPool-1 - Failed to validate connection org.mariadb.jdbc.MariaDbConnection@30800f9c ((conn=13736) Connection.setNetworkTimeout cannot be called on a closed connection). Possibly consider using a shorter maxLifetime value.
[WARN ] 2022-03-19 09:01:55 PoolBase: HikariPool-1 - Failed to validate connection org.mariadb.jdbc.MariaDbConnection@3f497b27 ((conn=13739) Connection.setNetworkTimeout cannot be called on a closed connection). Possibly consider using a shorter maxLifetime value.
[WARN ] 2022-03-19 09:01:55 PoolBase: HikariPool-1 - Failed to validate connection org.mariadb.jdbc.MariaDbConnection@4ef83b0a ((conn=13740) Connection.setNetworkTimeout cannot be called on a closed connection). Possibly consider using a shorter maxLifetime value.
[WARN ] 2022-03-19 09:01:55 PoolBase: HikariPool-1 - Failed to validate connection org.mariadb.jdbc.MariaDbConnection@7eb421a6 ((conn=13741) Connection.setNetworkTimeout cannot be called on a closed connection). Possibly consider using a shorter maxLifetime value.
[WARN ] 2022-03-19 09:01:55 PoolBase: HikariPool-1 - Failed to validate connection org.mariadb.jdbc.MariaDbConnection@792431b3 ((conn=13742) Connection.setNetworkTimeout cannot be called on a closed connection). Possibly consider using a shorter maxLifetime value.
[WARN ] 2022-03-19 09:01:55 PoolBase: HikariPool-1 - Failed to validate connection org.mariadb.jdbc.MariaDbConnection@911c0db ((conn=13738) Connection.setNetworkTimeout cannot be called on a closed connection). Possibly consider using a shorter maxLifetime value.
[WARN ] 2022-03-19 09:01:55 PoolBase: HikariPool-1 - Failed to validate connection org.mariadb.jdbc.MariaDbConnection@d40edf3 ((conn=13743) Connection.setNetworkTimeout cannot be called on a closed connection). Possibly consider using a shorter maxLifetime value.
[WARN ] 2022-03-19 09:01:55 PoolBase: HikariPool-1 - Failed to validate connection org.mariadb.jdbc.MariaDbConnection@2efb73a ((conn=13744) Connection.setNetworkTimeout cannot be called on a closed connection). Possibly consider using a shorter maxLifetime value.
[WARN ] 2022-03-19 09:01:55 PoolBase: HikariPool-1 - Failed to validate connection org.mariadb.jdbc.MariaDbConnection@5d091fd0 ((conn=13745) Connection.setNetworkTimeout cannot be called on a closed connection). Possibly consider using a shorter maxLifetime value.
[WARN ] 2022-03-19 09:01:55 PoolBase: HikariPool-1 - Failed to validate connection org.mariadb.jdbc.MariaDbConnection@5f8146b ((conn=13746) Connection.setNetworkTimeout cannot be called on a closed connection). Possibly consider using a shorter maxLifetime value.
[WARN ] 2022-03-19 09:01:55 PoolBase: HikariPool-1 - Failed to validate connection org.mariadb.jdbc.MariaDbConnection@f5d4e52 ((conn=13747) Connection.setNetworkTimeout cannot be called on a closed connection). Possibly consider using a shorter maxLifetime value.
[WARN ] 2022-03-19 09:01:55 PoolBase: HikariPool-1 - Failed to validate connection org.mariadb.jdbc.MariaDbConnection@70746ee4 ((conn=13748) Connection.setNetworkTimeout cannot be called on a closed connection). Possibly consider using a shorter maxLifetime value.
[WARN ] 2022-03-19 09:01:55 PoolBase: HikariPool-1 - Failed to validate connection org.mariadb.jdbc.MariaDbConnection@659618a5 ((conn=13749) Connection.setNetworkTimeout cannot be called on a closed connection). Possibly consider using a shorter maxLifetime value.
[WARN ] 2022-03-19 09:01:55 PoolBase: HikariPool-1 - Failed to validate connection org.mariadb.jdbc.MariaDbConnection@4542e6bd ((conn=13751) Connection.setNetworkTimeout cannot be called on a closed connection). Possibly consider using a shorter maxLifetime value.
[WARN ] 2022-03-19 09:01:55 PoolBase: HikariPool-1 - Failed to validate connection org.mariadb.jdbc.MariaDbConnection@1612a3bf ((conn=13752) Connection.setNetworkTimeout cannot be called on a closed connection). Possibly consider using a shorter maxLifetime value.
[WARN ] 2022-03-19 09:01:55 PoolBase: HikariPool-1 - Failed to validate connection org.mariadb.jdbc.MariaDbConnection@4314c2e8 ((conn=13753) Connection.setNetworkTimeout cannot be called on a closed connection). Possibly consider using a shorter maxLifetime value.
[WARN ] 2022-03-19 09:01:55 PoolBase: HikariPool-1 - Failed to validate connection org.mariadb.jdbc.MariaDbConnection@20081330 ((conn=13750) Connection.setNetworkTimeout cannot be called on a closed connection). Possibly consider using a shorter maxLifetime value.
[WARN ] 2022-03-19 09:01:55 PoolBase: HikariPool-1 - Failed to validate connection org.mariadb.jdbc.MariaDbConnection@23e5c829 ((conn=13754) Connection.setNetworkTimeout cannot be called on a closed connection). Possibly consider using a shorter maxLifetime value.
[WARN ] 2022-03-19 09:01:55 PoolBase: HikariPool-1 - Failed to validate connection org.mariadb.jdbc.MariaDbConnection@71c0b5e6 ((conn=13756) Connection.setNetworkTimeout cannot be called on a closed connection). Possibly consider using a shorter maxLifetime value.
[WARN ] 2022-03-19 09:01:55 PoolBase: HikariPool-1 - Failed to validate connection org.mariadb.jdbc.MariaDbConnection@11cf8d2f ((conn=13758) Connection.setNetworkTimeout cannot be called on a closed connection). Possibly consider using a shorter maxLifetime value.
[WARN ] 2022-03-19 09:02:05 HikariPool: HikariPool-1 - Thread starvation or clock leap detected (housekeeper delta=12h22m49s315ms966탎600ns).
[WARN ] 2022-03-19 12:48:57 HikariPool: HikariPool-1 - Thread starvation or clock leap detected (housekeeper delta=26m51s417ms669탎400ns).
[WARN ] 2022-03-19 19:20:17 HikariPool: HikariPool-1 - Thread starvation or clock leap detected (housekeeper delta=1h12m48s868ms24탎200ns).
[WARN ] 2022-03-20 12:00:36 HikariPool: HikariPool-1 - Thread starvation or clock leap detected (housekeeper delta=11h28m48s787ms730탎900ns).
[WARN ] 2022-03-20 13:08:18 L2GameClientPacket: No handler registered for admin command 'admin_SPAWN'
[WARN ] 2022-03-20 13:50:13 HikariPool: HikariPool-1 - Thread starvation or clock leap detected (housekeeper delta=3m5s702ms863탎600ns).
[WARN ] 2022-03-20 14:44:46 L2GameClientPacket: No handler registered for admin command 'admin_Spawn'
[WARN ] 2022-03-20 14:45:06 L2GameClientPacket: No handler registered for admin command 'admin_Spawn'
[WARN ] 2022-03-20 14:55:22 L2GameClientPacket: Character (Gmtech) has dropped (931814000)adena at (-59290,-57760,-2064)
