[WARN ] 2022-04-05 22:14:47 IXmlReader: BuyListData: Folder E:\l2jserver\server\Game\data\buylists\custom doesn't exist!
[WARN ] 2022-04-05 22:14:47 IXmlReader: MultisellData: Folder E:\l2jserver\server\Game\data\multisell\custom doesn't exist!
[WARN ] 2022-04-06 05:38:15 HikariPool: HikariPool-1 - Thread starvation or clock leap detected (housekeeper delta=4h4m12s79ms66탎200ns).
[WARN ] 2022-04-06 09:24:58 HikariPool: HikariPool-1 - Thread starvation or clock leap detected (housekeeper delta=3h16m42s844ms522탎800ns).
[WARN ] 2022-04-06 10:40:08 HikariPool: HikariPool-1 - Thread starvation or clock leap detected (housekeeper delta=41m40s4ms627탎800ns).
[WARN ] 2022-04-06 18:36:49 HikariPool: HikariPool-1 - Thread starvation or clock leap detected (housekeeper delta=6h8m40s497ms754탎400ns).
[WARN ] 2022-04-07 08:13:27 PoolBase: HikariPool-1 - Failed to validate connection org.mariadb.jdbc.MariaDbConnection@4a0e5629 ((conn=4872) Connection.setNetworkTimeout cannot be called on a closed connection). Possibly consider using a shorter maxLifetime value.
[WARN ] 2022-04-07 08:13:27 PoolBase: HikariPool-1 - Failed to validate connection org.mariadb.jdbc.MariaDbConnection@4e94686c ((conn=4873) Connection.setNetworkTimeout cannot be called on a closed connection). Possibly consider using a shorter maxLifetime value.
[WARN ] 2022-04-07 08:13:27 PoolBase: HikariPool-1 - Failed to validate connection org.mariadb.jdbc.MariaDbConnection@40538fce ((conn=4874) Connection.setNetworkTimeout cannot be called on a closed connection). Possibly consider using a shorter maxLifetime value.
[WARN ] 2022-04-07 08:13:27 PoolBase: HikariPool-1 - Failed to validate connection org.mariadb.jdbc.MariaDbConnection@446c031c ((conn=4875) Connection.setNetworkTimeout cannot be called on a closed connection). Possibly consider using a shorter maxLifetime value.
[WARN ] 2022-04-07 08:13:27 PoolBase: HikariPool-1 - Failed to validate connection org.mariadb.jdbc.MariaDbConnection@16e85f5 ((conn=4876) Connection.setNetworkTimeout cannot be called on a closed connection). Possibly consider using a shorter maxLifetime value.
[WARN ] 2022-04-07 08:13:27 PoolBase: HikariPool-1 - Failed to validate connection org.mariadb.jdbc.MariaDbConnection@6cd45abc ((conn=4877) Connection.setNetworkTimeout cannot be called on a closed connection). Possibly consider using a shorter maxLifetime value.
[WARN ] 2022-04-07 08:13:27 PoolBase: HikariPool-1 - Failed to validate connection org.mariadb.jdbc.MariaDbConnection@30258517 ((conn=4878) Connection.setNetworkTimeout cannot be called on a closed connection). Possibly consider using a shorter maxLifetime value.
[WARN ] 2022-04-07 08:13:27 PoolBase: HikariPool-1 - Failed to validate connection org.mariadb.jdbc.MariaDbConnection@147504ec ((conn=4879) Connection.setNetworkTimeout cannot be called on a closed connection). Possibly consider using a shorter maxLifetime value.
[WARN ] 2022-04-07 08:13:27 PoolBase: HikariPool-1 - Failed to validate connection org.mariadb.jdbc.MariaDbConnection@61417aba ((conn=4880) Connection.setNetworkTimeout cannot be called on a closed connection). Possibly consider using a shorter maxLifetime value.
[WARN ] 2022-04-07 08:13:27 PoolBase: HikariPool-1 - Failed to validate connection org.mariadb.jdbc.MariaDbConnection@2f8edd94 ((conn=4881) Connection.setNetworkTimeout cannot be called on a closed connection). Possibly consider using a shorter maxLifetime value.
[WARN ] 2022-04-07 08:13:27 PoolBase: HikariPool-1 - Failed to validate connection org.mariadb.jdbc.MariaDbConnection@331fe84f ((conn=4882) Connection.setNetworkTimeout cannot be called on a closed connection). Possibly consider using a shorter maxLifetime value.
[WARN ] 2022-04-07 08:13:27 PoolBase: HikariPool-1 - Failed to validate connection org.mariadb.jdbc.MariaDbConnection@f71c8a4 ((conn=4883) Connection.setNetworkTimeout cannot be called on a closed connection). Possibly consider using a shorter maxLifetime value.
[WARN ] 2022-04-07 08:13:27 PoolBase: HikariPool-1 - Failed to validate connection org.mariadb.jdbc.MariaDbConnection@650fe75a ((conn=4884) Connection.setNetworkTimeout cannot be called on a closed connection). Possibly consider using a shorter maxLifetime value.
[WARN ] 2022-04-07 08:13:27 PoolBase: HikariPool-1 - Failed to validate connection org.mariadb.jdbc.MariaDbConnection@3c34f412 ((conn=4885) Connection.setNetworkTimeout cannot be called on a closed connection). Possibly consider using a shorter maxLifetime value.
[WARN ] 2022-04-07 08:13:27 PoolBase: HikariPool-1 - Failed to validate connection org.mariadb.jdbc.MariaDbConnection@70253e4b ((conn=4886) Connection.setNetworkTimeout cannot be called on a closed connection). Possibly consider using a shorter maxLifetime value.
[WARN ] 2022-04-07 08:13:27 PoolBase: HikariPool-1 - Failed to validate connection org.mariadb.jdbc.MariaDbConnection@7110ec03 ((conn=4887) Connection.setNetworkTimeout cannot be called on a closed connection). Possibly consider using a shorter maxLifetime value.
[WARN ] 2022-04-07 08:13:27 PoolBase: HikariPool-1 - Failed to validate connection org.mariadb.jdbc.MariaDbConnection@6b3fe04c ((conn=4888) Connection.setNetworkTimeout cannot be called on a closed connection). Possibly consider using a shorter maxLifetime value.
[WARN ] 2022-04-07 08:13:27 PoolBase: HikariPool-1 - Failed to validate connection org.mariadb.jdbc.MariaDbConnection@70301d5d ((conn=4889) Connection.setNetworkTimeout cannot be called on a closed connection). Possibly consider using a shorter maxLifetime value.
[WARN ] 2022-04-07 08:13:27 PoolBase: HikariPool-1 - Failed to validate connection org.mariadb.jdbc.MariaDbConnection@29beb276 ((conn=4890) Connection.setNetworkTimeout cannot be called on a closed connection). Possibly consider using a shorter maxLifetime value.
[WARN ] 2022-04-07 08:13:27 PoolBase: HikariPool-1 - Failed to validate connection org.mariadb.jdbc.MariaDbConnection@5f3823b6 ((conn=4891) Connection.setNetworkTimeout cannot be called on a closed connection). Possibly consider using a shorter maxLifetime value.
[WARN ] 2022-04-07 08:13:27 PoolBase: HikariPool-1 - Failed to validate connection org.mariadb.jdbc.MariaDbConnection@4b91959d ((conn=4892) Connection.setNetworkTimeout cannot be called on a closed connection). Possibly consider using a shorter maxLifetime value.
[WARN ] 2022-04-07 08:13:27 PoolBase: HikariPool-1 - Failed to validate connection org.mariadb.jdbc.MariaDbConnection@3b3ba347 ((conn=4893) Connection.setNetworkTimeout cannot be called on a closed connection). Possibly consider using a shorter maxLifetime value.
[WARN ] 2022-04-07 08:13:27 PoolBase: HikariPool-1 - Failed to validate connection org.mariadb.jdbc.MariaDbConnection@674a9b54 ((conn=4894) Connection.setNetworkTimeout cannot be called on a closed connection). Possibly consider using a shorter maxLifetime value.
[WARN ] 2022-04-07 08:13:27 PoolBase: HikariPool-1 - Failed to validate connection org.mariadb.jdbc.MariaDbConnection@79f13198 ((conn=4895) Connection.setNetworkTimeout cannot be called on a closed connection). Possibly consider using a shorter maxLifetime value.
[WARN ] 2022-04-07 08:13:27 PoolBase: HikariPool-1 - Failed to validate connection org.mariadb.jdbc.MariaDbConnection@3e8b7e46 ((conn=4896) Connection.setNetworkTimeout cannot be called on a closed connection). Possibly consider using a shorter maxLifetime value.
[WARN ] 2022-04-07 08:13:27 PoolBase: HikariPool-1 - Failed to validate connection org.mariadb.jdbc.MariaDbConnection@58ccc34b ((conn=4897) Connection.setNetworkTimeout cannot be called on a closed connection). Possibly consider using a shorter maxLifetime value.
[WARN ] 2022-04-07 08:13:27 PoolBase: HikariPool-1 - Failed to validate connection org.mariadb.jdbc.MariaDbConnection@6bef633d ((conn=4898) Connection.setNetworkTimeout cannot be called on a closed connection). Possibly consider using a shorter maxLifetime value.
[WARN ] 2022-04-07 08:13:27 PoolBase: HikariPool-1 - Failed to validate connection org.mariadb.jdbc.MariaDbConnection@1b62f229 ((conn=4899) Connection.setNetworkTimeout cannot be called on a closed connection). Possibly consider using a shorter maxLifetime value.
[WARN ] 2022-04-07 08:13:27 PoolBase: HikariPool-1 - Failed to validate connection org.mariadb.jdbc.MariaDbConnection@27f9e6db ((conn=4912) Connection.setNetworkTimeout cannot be called on a closed connection). Possibly consider using a shorter maxLifetime value.
[WARN ] 2022-04-07 08:13:27 PoolBase: HikariPool-1 - Failed to validate connection org.mariadb.jdbc.MariaDbConnection@580329dc ((conn=4911) Connection.setNetworkTimeout cannot be called on a closed connection). Possibly consider using a shorter maxLifetime value.
[WARN ] 2022-04-07 08:13:27 PoolBase: HikariPool-1 - Failed to validate connection org.mariadb.jdbc.MariaDbConnection@561ea395 ((conn=4909) Connection.setNetworkTimeout cannot be called on a closed connection). Possibly consider using a shorter maxLifetime value.
[WARN ] 2022-04-07 08:13:29 PoolBase: HikariPool-1 - Failed to validate connection org.mariadb.jdbc.MariaDbConnection@4e68519f ((conn=4913) Connection.setNetworkTimeout cannot be called on a closed connection). Possibly consider using a shorter maxLifetime value.
[WARN ] 2022-04-07 08:13:27 PoolBase: HikariPool-1 - Failed to validate connection org.mariadb.jdbc.MariaDbConnection@77a3db60 ((conn=4907) Connection.setNetworkTimeout cannot be called on a closed connection). Possibly consider using a shorter maxLifetime value.
[WARN ] 2022-04-07 08:13:29 PoolBase: HikariPool-1 - Failed to validate connection org.mariadb.jdbc.MariaDbConnection@6dc951cc ((conn=4914) Connection.setNetworkTimeout cannot be called on a closed connection). Possibly consider using a shorter maxLifetime value.
[WARN ] 2022-04-07 08:13:27 PoolBase: HikariPool-1 - Failed to validate connection org.mariadb.jdbc.MariaDbConnection@208bf1c6 ((conn=4906) Connection.setNetworkTimeout cannot be called on a closed connection). Possibly consider using a shorter maxLifetime value.
[WARN ] 2022-04-07 08:13:27 PoolBase: HikariPool-1 - Failed to validate connection org.mariadb.jdbc.MariaDbConnection@54cb5b19 ((conn=4905) Connection.setNetworkTimeout cannot be called on a closed connection). Possibly consider using a shorter maxLifetime value.
[WARN ] 2022-04-07 08:13:27 PoolBase: HikariPool-1 - Failed to validate connection org.mariadb.jdbc.MariaDbConnection@40968452 ((conn=4901) Connection.setNetworkTimeout cannot be called on a closed connection). Possibly consider using a shorter maxLifetime value.
[WARN ] 2022-04-07 08:13:27 PoolBase: HikariPool-1 - Failed to validate connection org.mariadb.jdbc.MariaDbConnection@5c0fa27b ((conn=4904) Connection.setNetworkTimeout cannot be called on a closed connection). Possibly consider using a shorter maxLifetime value.
[WARN ] 2022-04-07 08:13:29 PoolBase: HikariPool-1 - Failed to validate connection org.mariadb.jdbc.MariaDbConnection@38b98e7a ((conn=4920) Connection.setNetworkTimeout cannot be called on a closed connection). Possibly consider using a shorter maxLifetime value.
[WARN ] 2022-04-07 08:13:27 PoolBase: HikariPool-1 - Failed to validate connection org.mariadb.jdbc.MariaDbConnection@7e7ec64d ((conn=4900) Connection.setNetworkTimeout cannot be called on a closed connection). Possibly consider using a shorter maxLifetime value.
[WARN ] 2022-04-07 08:13:27 PoolBase: HikariPool-1 - Failed to validate connection org.mariadb.jdbc.MariaDbConnection@50f0f1f6 ((conn=4903) Connection.setNetworkTimeout cannot be called on a closed connection). Possibly consider using a shorter maxLifetime value.
[WARN ] 2022-04-07 08:13:29 PoolBase: HikariPool-1 - Failed to validate connection org.mariadb.jdbc.MariaDbConnection@3dbfd59 ((conn=4924) Connection.setNetworkTimeout cannot be called on a closed connection). Possibly consider using a shorter maxLifetime value.
[WARN ] 2022-04-07 08:13:29 PoolBase: HikariPool-1 - Failed to validate connection org.mariadb.jdbc.MariaDbConnection@74124657 ((conn=4927) Connection.setNetworkTimeout cannot be called on a closed connection). Possibly consider using a shorter maxLifetime value.
[WARN ] 2022-04-07 08:13:29 PoolBase: HikariPool-1 - Failed to validate connection org.mariadb.jdbc.MariaDbConnection@11d58447 ((conn=4930) Connection.setNetworkTimeout cannot be called on a closed connection). Possibly consider using a shorter maxLifetime value.
[WARN ] 2022-04-07 08:13:29 PoolBase: HikariPool-1 - Failed to validate connection org.mariadb.jdbc.MariaDbConnection@488a79a7 ((conn=4917) Connection.setNetworkTimeout cannot be called on a closed connection). Possibly consider using a shorter maxLifetime value.
[WARN ] 2022-04-07 08:13:29 PoolBase: HikariPool-1 - Failed to validate connection org.mariadb.jdbc.MariaDbConnection@44622c1d ((conn=4916) Connection.setNetworkTimeout cannot be called on a closed connection). Possibly consider using a shorter maxLifetime value.
[WARN ] 2022-04-07 08:13:29 PoolBase: HikariPool-1 - Failed to validate connection org.mariadb.jdbc.MariaDbConnection@2cc5c860 ((conn=4915) Connection.setNetworkTimeout cannot be called on a closed connection). Possibly consider using a shorter maxLifetime value.
[WARN ] 2022-04-07 08:13:29 PoolBase: HikariPool-1 - Failed to validate connection org.mariadb.jdbc.MariaDbConnection@255bd80b ((conn=4933) Connection.setNetworkTimeout cannot be called on a closed connection). Possibly consider using a shorter maxLifetime value.
[WARN ] 2022-04-07 08:13:29 PoolBase: HikariPool-1 - Failed to validate connection org.mariadb.jdbc.MariaDbConnection@779358d4 ((conn=4932) Connection.setNetworkTimeout cannot be called on a closed connection). Possibly consider using a shorter maxLifetime value.
[WARN ] 2022-04-07 08:13:29 PoolBase: HikariPool-1 - Failed to validate connection org.mariadb.jdbc.MariaDbConnection@748eadf9 ((conn=4929) Connection.setNetworkTimeout cannot be called on a closed connection). Possibly consider using a shorter maxLifetime value.
[WARN ] 2022-04-07 08:13:29 PoolBase: HikariPool-1 - Failed to validate connection org.mariadb.jdbc.MariaDbConnection@71ad7f21 ((conn=4938) Connection.setNetworkTimeout cannot be called on a closed connection). Possibly consider using a shorter maxLifetime value.
[WARN ] 2022-04-07 08:13:29 PoolBase: HikariPool-1 - Failed to validate connection org.mariadb.jdbc.MariaDbConnection@60f72d53 ((conn=4939) Connection.setNetworkTimeout cannot be called on a closed connection). Possibly consider using a shorter maxLifetime value.
[WARN ] 2022-04-07 08:13:29 PoolBase: HikariPool-1 - Failed to validate connection org.mariadb.jdbc.MariaDbConnection@59cd9ba6 ((conn=4940) Connection.setNetworkTimeout cannot be called on a closed connection). Possibly consider using a shorter maxLifetime value.
[WARN ] 2022-04-07 08:13:29 PoolBase: HikariPool-1 - Failed to validate connection org.mariadb.jdbc.MariaDbConnection@1bc4e7e3 ((conn=4941) Connection.setNetworkTimeout cannot be called on a closed connection). Possibly consider using a shorter maxLifetime value.
[WARN ] 2022-04-07 08:13:29 PoolBase: HikariPool-1 - Failed to validate connection org.mariadb.jdbc.MariaDbConnection@10ad7cd ((conn=4942) Connection.setNetworkTimeout cannot be called on a closed connection). Possibly consider using a shorter maxLifetime value.
[WARN ] 2022-04-07 08:13:29 PoolBase: HikariPool-1 - Failed to validate connection org.mariadb.jdbc.MariaDbConnection@28ff5cb9 ((conn=4928) Connection.setNetworkTimeout cannot be called on a closed connection). Possibly consider using a shorter maxLifetime value.
[WARN ] 2022-04-07 08:13:29 PoolBase: HikariPool-1 - Failed to validate connection org.mariadb.jdbc.MariaDbConnection@7873b9a6 ((conn=4926) Connection.setNetworkTimeout cannot be called on a closed connection). Possibly consider using a shorter maxLifetime value.
[WARN ] 2022-04-07 08:13:29 PoolBase: HikariPool-1 - Failed to validate connection org.mariadb.jdbc.MariaDbConnection@77e56906 ((conn=4925) Connection.setNetworkTimeout cannot be called on a closed connection). Possibly consider using a shorter maxLifetime value.
[WARN ] 2022-04-07 08:13:29 PoolBase: HikariPool-1 - Failed to validate connection org.mariadb.jdbc.MariaDbConnection@1c820de2 ((conn=4923) Connection.setNetworkTimeout cannot be called on a closed connection). Possibly consider using a shorter maxLifetime value.
[WARN ] 2022-04-07 08:13:29 PoolBase: HikariPool-1 - Failed to validate connection org.mariadb.jdbc.MariaDbConnection@23658f8b ((conn=4921) Connection.setNetworkTimeout cannot be called on a closed connection). Possibly consider using a shorter maxLifetime value.
[WARN ] 2022-04-07 08:13:29 PoolBase: HikariPool-1 - Failed to validate connection org.mariadb.jdbc.MariaDbConnection@6d6e550e ((conn=4919) Connection.setNetworkTimeout cannot be called on a closed connection). Possibly consider using a shorter maxLifetime value.
[WARN ] 2022-04-07 08:13:29 PoolBase: HikariPool-1 - Failed to validate connection org.mariadb.jdbc.MariaDbConnection@51d43184 ((conn=4951) Connection.setNetworkTimeout cannot be called on a closed connection). Possibly consider using a shorter maxLifetime value.
[WARN ] 2022-04-07 08:13:29 PoolBase: HikariPool-1 - Failed to validate connection org.mariadb.jdbc.MariaDbConnection@4ee967d4 ((conn=4952) Connection.setNetworkTimeout cannot be called on a closed connection). Possibly consider using a shorter maxLifetime value.
[WARN ] 2022-04-07 08:13:29 PoolBase: HikariPool-1 - Failed to validate connection org.mariadb.jdbc.MariaDbConnection@6f6a164b ((conn=4918) Connection.setNetworkTimeout cannot be called on a closed connection). Possibly consider using a shorter maxLifetime value.
[WARN ] 2022-04-07 08:13:29 PoolBase: HikariPool-1 - Failed to validate connection org.mariadb.jdbc.MariaDbConnection@2dd8c350 ((conn=4949) Connection.setNetworkTimeout cannot be called on a closed connection). Possibly consider using a shorter maxLifetime value.
[WARN ] 2022-04-07 08:13:29 PoolBase: HikariPool-1 - Failed to validate connection org.mariadb.jdbc.MariaDbConnection@1e72671f ((conn=4948) Connection.setNetworkTimeout cannot be called on a closed connection). Possibly consider using a shorter maxLifetime value.
[WARN ] 2022-04-07 08:13:29 PoolBase: HikariPool-1 - Failed to validate connection org.mariadb.jdbc.MariaDbConnection@29d6ce84 ((conn=4947) Connection.setNetworkTimeout cannot be called on a closed connection). Possibly consider using a shorter maxLifetime value.
[WARN ] 2022-04-07 08:13:29 PoolBase: HikariPool-1 - Failed to validate connection org.mariadb.jdbc.MariaDbConnection@6cf57f8 ((conn=4946) Connection.setNetworkTimeout cannot be called on a closed connection). Possibly consider using a shorter maxLifetime value.
[WARN ] 2022-04-07 08:13:29 PoolBase: HikariPool-1 - Failed to validate connection org.mariadb.jdbc.MariaDbConnection@512c56af ((conn=4945) Connection.setNetworkTimeout cannot be called on a closed connection). Possibly consider using a shorter maxLifetime value.
[WARN ] 2022-04-07 08:13:29 PoolBase: HikariPool-1 - Failed to validate connection org.mariadb.jdbc.MariaDbConnection@6d6b4f1e ((conn=4944) Connection.setNetworkTimeout cannot be called on a closed connection). Possibly consider using a shorter maxLifetime value.
[WARN ] 2022-04-07 08:13:29 PoolBase: HikariPool-1 - Failed to validate connection org.mariadb.jdbc.MariaDbConnection@58ceff0a ((conn=4943) Connection.setNetworkTimeout cannot be called on a closed connection). Possibly consider using a shorter maxLifetime value.
[WARN ] 2022-04-07 08:13:29 PoolBase: HikariPool-1 - Failed to validate connection org.mariadb.jdbc.MariaDbConnection@f29ac50 ((conn=4937) Connection.setNetworkTimeout cannot be called on a closed connection). Possibly consider using a shorter maxLifetime value.
[WARN ] 2022-04-07 08:13:29 PoolBase: HikariPool-1 - Failed to validate connection org.mariadb.jdbc.MariaDbConnection@4bc7e343 ((conn=4964) Connection.setNetworkTimeout cannot be called on a closed connection). Possibly consider using a shorter maxLifetime value.
[WARN ] 2022-04-07 08:13:29 PoolBase: HikariPool-1 - Failed to validate connection org.mariadb.jdbc.MariaDbConnection@7087f1a0 ((conn=4965) Connection.setNetworkTimeout cannot be called on a closed connection). Possibly consider using a shorter maxLifetime value.
[WARN ] 2022-04-07 08:13:29 PoolBase: HikariPool-1 - Failed to validate connection org.mariadb.jdbc.MariaDbConnection@130c025d ((conn=4966) Connection.setNetworkTimeout cannot be called on a closed connection). Possibly consider using a shorter maxLifetime value.
[WARN ] 2022-04-07 08:13:29 PoolBase: HikariPool-1 - Failed to validate connection org.mariadb.jdbc.MariaDbConnection@582f7e7a ((conn=4956) Connection.setNetworkTimeout cannot be called on a closed connection). Possibly consider using a shorter maxLifetime value.
[WARN ] 2022-04-07 08:13:29 PoolBase: HikariPool-1 - Failed to validate connection org.mariadb.jdbc.MariaDbConnection@6bb9efa9 ((conn=4958) Connection.setNetworkTimeout cannot be called on a closed connection). Possibly consider using a shorter maxLifetime value.
[WARN ] 2022-04-07 08:13:29 PoolBase: HikariPool-1 - Failed to validate connection org.mariadb.jdbc.MariaDbConnection@5dfd656c ((conn=4957) Connection.setNetworkTimeout cannot be called on a closed connection). Possibly consider using a shorter maxLifetime value.
[WARN ] 2022-04-07 08:13:29 PoolBase: HikariPool-1 - Failed to validate connection org.mariadb.jdbc.MariaDbConnection@7a38387b ((conn=4959) Connection.setNetworkTimeout cannot be called on a closed connection). Possibly consider using a shorter maxLifetime value.
[WARN ] 2022-04-07 08:13:29 PoolBase: HikariPool-1 - Failed to validate connection org.mariadb.jdbc.MariaDbConnection@280732ef ((conn=4954) Connection.setNetworkTimeout cannot be called on a closed connection). Possibly consider using a shorter maxLifetime value.
[WARN ] 2022-04-07 08:13:29 PoolBase: HikariPool-1 - Failed to validate connection org.mariadb.jdbc.MariaDbConnection@59c745e8 ((conn=4960) Connection.setNetworkTimeout cannot be called on a closed connection). Possibly consider using a shorter maxLifetime value.
[WARN ] 2022-04-07 08:13:29 PoolBase: HikariPool-1 - Failed to validate connection org.mariadb.jdbc.MariaDbConnection@40950fd0 ((conn=4967) Connection.setNetworkTimeout cannot be called on a closed connection). Possibly consider using a shorter maxLifetime value.
[WARN ] 2022-04-07 08:13:29 PoolBase: HikariPool-1 - Failed to validate connection org.mariadb.jdbc.MariaDbConnection@dc2e1e ((conn=4973) Connection.setNetworkTimeout cannot be called on a closed connection). Possibly consider using a shorter maxLifetime value.
[WARN ] 2022-04-07 08:13:29 PoolBase: HikariPool-1 - Failed to validate connection org.mariadb.jdbc.MariaDbConnection@74c9b942 ((conn=4936) Connection.setNetworkTimeout cannot be called on a closed connection). Possibly consider using a shorter maxLifetime value.
[WARN ] 2022-04-07 08:13:29 PoolBase: HikariPool-1 - Failed to validate connection org.mariadb.jdbc.MariaDbConnection@6fa79db9 ((conn=4963) Connection.setNetworkTimeout cannot be called on a closed connection). Possibly consider using a shorter maxLifetime value.
[WARN ] 2022-04-07 08:13:29 PoolBase: HikariPool-1 - Failed to validate connection org.mariadb.jdbc.MariaDbConnection@19710740 ((conn=4935) Connection.setNetworkTimeout cannot be called on a closed connection). Possibly consider using a shorter maxLifetime value.
[WARN ] 2022-04-07 08:13:29 PoolBase: HikariPool-1 - Failed to validate connection org.mariadb.jdbc.MariaDbConnection@73069fee ((conn=4975) Connection.setNetworkTimeout cannot be called on a closed connection). Possibly consider using a shorter maxLifetime value.
[WARN ] 2022-04-07 08:13:29 PoolBase: HikariPool-1 - Failed to validate connection org.mariadb.jdbc.MariaDbConnection@243b483c ((conn=4934) Connection.setNetworkTimeout cannot be called on a closed connection). Possibly consider using a shorter maxLifetime value.
[WARN ] 2022-04-07 08:13:29 PoolBase: HikariPool-1 - Failed to validate connection org.mariadb.jdbc.MariaDbConnection@b6246b3 ((conn=4977) Connection.setNetworkTimeout cannot be called on a closed connection). Possibly consider using a shorter maxLifetime value.
[WARN ] 2022-04-07 08:13:29 PoolBase: HikariPool-1 - Failed to validate connection org.mariadb.jdbc.MariaDbConnection@43aebb89 ((conn=4953) Connection.setNetworkTimeout cannot be called on a closed connection). Possibly consider using a shorter maxLifetime value.
[WARN ] 2022-04-07 08:13:29 PoolBase: HikariPool-1 - Failed to validate connection org.mariadb.jdbc.MariaDbConnection@22bd79d6 ((conn=4980) Connection.setNetworkTimeout cannot be called on a closed connection). Possibly consider using a shorter maxLifetime value.
[WARN ] 2022-04-07 08:13:29 PoolBase: HikariPool-1 - Failed to validate connection org.mariadb.jdbc.MariaDbConnection@7676188f ((conn=4978) Connection.setNetworkTimeout cannot be called on a closed connection). Possibly consider using a shorter maxLifetime value.
[WARN ] 2022-04-07 08:13:29 PoolBase: HikariPool-1 - Failed to validate connection org.mariadb.jdbc.MariaDbConnection@31481040 ((conn=4979) Connection.setNetworkTimeout cannot be called on a closed connection). Possibly consider using a shorter maxLifetime value.
[WARN ] 2022-04-07 08:13:29 PoolBase: HikariPool-1 - Failed to validate connection org.mariadb.jdbc.MariaDbConnection@6a2f3936 ((conn=4976) Connection.setNetworkTimeout cannot be called on a closed connection). Possibly consider using a shorter maxLifetime value.
[WARN ] 2022-04-07 08:13:29 PoolBase: HikariPool-1 - Failed to validate connection org.mariadb.jdbc.MariaDbConnection@29da9676 ((conn=4974) Connection.setNetworkTimeout cannot be called on a closed connection). Possibly consider using a shorter maxLifetime value.
[WARN ] 2022-04-07 08:13:29 PoolBase: HikariPool-1 - Failed to validate connection org.mariadb.jdbc.MariaDbConnection@35f588b0 ((conn=4972) Connection.setNetworkTimeout cannot be called on a closed connection). Possibly consider using a shorter maxLifetime value.
[WARN ] 2022-04-07 08:13:29 PoolBase: HikariPool-1 - Failed to validate connection org.mariadb.jdbc.MariaDbConnection@60175239 ((conn=4971) Connection.setNetworkTimeout cannot be called on a closed connection). Possibly consider using a shorter maxLifetime value.
[WARN ] 2022-04-07 08:13:29 PoolBase: HikariPool-1 - Failed to validate connection org.mariadb.jdbc.MariaDbConnection@8143764 ((conn=4970) Connection.setNetworkTimeout cannot be called on a closed connection). Possibly consider using a shorter maxLifetime value.
[WARN ] 2022-04-07 08:13:29 PoolBase: HikariPool-1 - Failed to validate connection org.mariadb.jdbc.MariaDbConnection@343c217a ((conn=4968) Connection.setNetworkTimeout cannot be called on a closed connection). Possibly consider using a shorter maxLifetime value.
[WARN ] 2022-04-07 08:13:29 PoolBase: HikariPool-1 - Failed to validate connection org.mariadb.jdbc.MariaDbConnection@7bf9dcac ((conn=4969) Connection.setNetworkTimeout cannot be called on a closed connection). Possibly consider using a shorter maxLifetime value.
[WARN ] 2022-04-07 08:13:29 HikariPool: HikariPool-1 - Thread starvation or clock leap detected (housekeeper delta=13h6m38s509ms901탎400ns).
[WARN ] 2022-04-07 18:17:13 PoolBase: HikariPool-1 - Failed to validate connection org.mariadb.jdbc.MariaDbConnection@36d85674 ((conn=5532) Connection.setNetworkTimeout cannot be called on a closed connection). Possibly consider using a shorter maxLifetime value.
[WARN ] 2022-04-07 18:17:13 PoolBase: HikariPool-1 - Failed to validate connection org.mariadb.jdbc.MariaDbConnection@381fbedf ((conn=5533) Connection.setNetworkTimeout cannot be called on a closed connection). Possibly consider using a shorter maxLifetime value.
[WARN ] 2022-04-07 18:17:13 PoolBase: HikariPool-1 - Failed to validate connection org.mariadb.jdbc.MariaDbConnection@3c203d04 ((conn=5534) Connection.setNetworkTimeout cannot be called on a closed connection). Possibly consider using a shorter maxLifetime value.
[WARN ] 2022-04-07 18:17:13 PoolBase: HikariPool-1 - Failed to validate connection org.mariadb.jdbc.MariaDbConnection@7922b4e4 ((conn=5535) Connection.setNetworkTimeout cannot be called on a closed connection). Possibly consider using a shorter maxLifetime value.
[WARN ] 2022-04-07 18:17:13 PoolBase: HikariPool-1 - Failed to validate connection org.mariadb.jdbc.MariaDbConnection@d3d2642 ((conn=5536) Connection.setNetworkTimeout cannot be called on a closed connection). Possibly consider using a shorter maxLifetime value.
[WARN ] 2022-04-07 18:17:13 PoolBase: HikariPool-1 - Failed to validate connection org.mariadb.jdbc.MariaDbConnection@4811887c ((conn=5537) Connection.setNetworkTimeout cannot be called on a closed connection). Possibly consider using a shorter maxLifetime value.
[WARN ] 2022-04-07 18:17:13 PoolBase: HikariPool-1 - Failed to validate connection org.mariadb.jdbc.MariaDbConnection@75e44467 ((conn=5538) Connection.setNetworkTimeout cannot be called on a closed connection). Possibly consider using a shorter maxLifetime value.
[WARN ] 2022-04-07 18:17:13 PoolBase: HikariPool-1 - Failed to validate connection org.mariadb.jdbc.MariaDbConnection@190d4bab ((conn=5539) Connection.setNetworkTimeout cannot be called on a closed connection). Possibly consider using a shorter maxLifetime value.
[WARN ] 2022-04-07 18:17:13 PoolBase: HikariPool-1 - Failed to validate connection org.mariadb.jdbc.MariaDbConnection@7de661fe ((conn=5540) Connection.setNetworkTimeout cannot be called on a closed connection). Possibly consider using a shorter maxLifetime value.
[WARN ] 2022-04-07 18:17:13 PoolBase: HikariPool-1 - Failed to validate connection org.mariadb.jdbc.MariaDbConnection@39f05456 ((conn=5541) Connection.setNetworkTimeout cannot be called on a closed connection). Possibly consider using a shorter maxLifetime value.
[WARN ] 2022-04-07 18:17:13 PoolBase: HikariPool-1 - Failed to validate connection org.mariadb.jdbc.MariaDbConnection@6ee0e873 ((conn=5542) Connection.setNetworkTimeout cannot be called on a closed connection). Possibly consider using a shorter maxLifetime value.
[WARN ] 2022-04-07 18:17:13 PoolBase: HikariPool-1 - Failed to validate connection org.mariadb.jdbc.MariaDbConnection@1d43b617 ((conn=5544) Connection.setNetworkTimeout cannot be called on a closed connection). Possibly consider using a shorter maxLifetime value.
[WARN ] 2022-04-07 18:17:13 PoolBase: HikariPool-1 - Failed to validate connection org.mariadb.jdbc.MariaDbConnection@53e4cdd0 ((conn=5545) Connection.setNetworkTimeout cannot be called on a closed connection). Possibly consider using a shorter maxLifetime value.
[WARN ] 2022-04-07 18:17:13 PoolBase: HikariPool-1 - Failed to validate connection org.mariadb.jdbc.MariaDbConnection@680d711e ((conn=5546) Connection.setNetworkTimeout cannot be called on a closed connection). Possibly consider using a shorter maxLifetime value.
[WARN ] 2022-04-07 18:17:13 PoolBase: HikariPool-1 - Failed to validate connection org.mariadb.jdbc.MariaDbConnection@147bf1c ((conn=5547) Connection.setNetworkTimeout cannot be called on a closed connection). Possibly consider using a shorter maxLifetime value.
[WARN ] 2022-04-07 18:17:13 PoolBase: HikariPool-1 - Failed to validate connection org.mariadb.jdbc.MariaDbConnection@1b4422d ((conn=5548) Connection.setNetworkTimeout cannot be called on a closed connection). Possibly consider using a shorter maxLifetime value.
[WARN ] 2022-04-07 18:17:13 PoolBase: HikariPool-1 - Failed to validate connection org.mariadb.jdbc.MariaDbConnection@744b8586 ((conn=5549) Connection.setNetworkTimeout cannot be called on a closed connection). Possibly consider using a shorter maxLifetime value.
[WARN ] 2022-04-07 18:17:13 PoolBase: HikariPool-1 - Failed to validate connection org.mariadb.jdbc.MariaDbConnection@774d8f90 ((conn=5550) Connection.setNetworkTimeout cannot be called on a closed connection). Possibly consider using a shorter maxLifetime value.
[WARN ] 2022-04-07 18:17:13 PoolBase: HikariPool-1 - Failed to validate connection org.mariadb.jdbc.MariaDbConnection@4bce713a ((conn=5551) Connection.setNetworkTimeout cannot be called on a closed connection). Possibly consider using a shorter maxLifetime value.
[WARN ] 2022-04-07 18:17:13 PoolBase: HikariPool-1 - Failed to validate connection org.mariadb.jdbc.MariaDbConnection@68c8e744 ((conn=5552) Connection.setNetworkTimeout cannot be called on a closed connection). Possibly consider using a shorter maxLifetime value.
[WARN ] 2022-04-07 18:17:13 PoolBase: HikariPool-1 - Failed to validate connection org.mariadb.jdbc.MariaDbConnection@4087386e ((conn=5553) Connection.setNetworkTimeout cannot be called on a closed connection). Possibly consider using a shorter maxLifetime value.
[WARN ] 2022-04-07 18:17:13 PoolBase: HikariPool-1 - Failed to validate connection org.mariadb.jdbc.MariaDbConnection@5b2d0ee1 ((conn=5554) Connection.setNetworkTimeout cannot be called on a closed connection). Possibly consider using a shorter maxLifetime value.
[WARN ] 2022-04-07 18:17:13 PoolBase: HikariPool-1 - Failed to validate connection org.mariadb.jdbc.MariaDbConnection@63d2f31f ((conn=5555) Connection.setNetworkTimeout cannot be called on a closed connection). Possibly consider using a shorter maxLifetime value.
[WARN ] 2022-04-07 18:17:13 PoolBase: HikariPool-1 - Failed to validate connection org.mariadb.jdbc.MariaDbConnection@4c0fcae6 ((conn=5556) Connection.setNetworkTimeout cannot be called on a closed connection). Possibly consider using a shorter maxLifetime value.
[WARN ] 2022-04-07 18:17:13 PoolBase: HikariPool-1 - Failed to validate connection org.mariadb.jdbc.MariaDbConnection@3532cf41 ((conn=5557) Connection.setNetworkTimeout cannot be called on a closed connection). Possibly consider using a shorter maxLifetime value.
[WARN ] 2022-04-07 18:17:13 PoolBase: HikariPool-1 - Failed to validate connection org.mariadb.jdbc.MariaDbConnection@6db9500 ((conn=5558) Connection.setNetworkTimeout cannot be called on a closed connection). Possibly consider using a shorter maxLifetime value.
[WARN ] 2022-04-07 18:17:13 PoolBase: HikariPool-1 - Failed to validate connection org.mariadb.jdbc.MariaDbConnection@7265c4cf ((conn=5559) Connection.setNetworkTimeout cannot be called on a closed connection). Possibly consider using a shorter maxLifetime value.
[WARN ] 2022-04-07 18:17:13 PoolBase: HikariPool-1 - Failed to validate connection org.mariadb.jdbc.MariaDbConnection@400f689f ((conn=5560) Connection.setNetworkTimeout cannot be called on a closed connection). Possibly consider using a shorter maxLifetime value.
[WARN ] 2022-04-07 18:17:13 PoolBase: HikariPool-1 - Failed to validate connection org.mariadb.jdbc.MariaDbConnection@63e4ef18 ((conn=5561) Connection.setNetworkTimeout cannot be called on a closed connection). Possibly consider using a shorter maxLifetime value.
[WARN ] 2022-04-07 18:17:13 PoolBase: HikariPool-1 - Failed to validate connection org.mariadb.jdbc.MariaDbConnection@39cd15f1 ((conn=5562) Connection.setNetworkTimeout cannot be called on a closed connection). Possibly consider using a shorter maxLifetime value.
[WARN ] 2022-04-07 18:17:13 PoolBase: HikariPool-1 - Failed to validate connection org.mariadb.jdbc.MariaDbConnection@65d2fdbb ((conn=5563) Connection.setNetworkTimeout cannot be called on a closed connection). Possibly consider using a shorter maxLifetime value.
[WARN ] 2022-04-07 18:17:13 PoolBase: HikariPool-1 - Failed to validate connection org.mariadb.jdbc.MariaDbConnection@5ea23a0e ((conn=5564) Connection.setNetworkTimeout cannot be called on a closed connection). Possibly consider using a shorter maxLifetime value.
[WARN ] 2022-04-07 18:17:13 PoolBase: HikariPool-1 - Failed to validate connection org.mariadb.jdbc.MariaDbConnection@1afa92ed ((conn=5566) Connection.setNetworkTimeout cannot be called on a closed connection). Possibly consider using a shorter maxLifetime value.
[WARN ] 2022-04-07 18:17:13 PoolBase: HikariPool-1 - Failed to validate connection org.mariadb.jdbc.MariaDbConnection@4b496ede ((conn=5567) Connection.setNetworkTimeout cannot be called on a closed connection). Possibly consider using a shorter maxLifetime value.
[WARN ] 2022-04-07 18:17:13 PoolBase: HikariPool-1 - Failed to validate connection org.mariadb.jdbc.MariaDbConnection@39046d29 ((conn=5568) Connection.setNetworkTimeout cannot be called on a closed connection). Possibly consider using a shorter maxLifetime value.
[WARN ] 2022-04-07 18:17:13 PoolBase: HikariPool-1 - Failed to validate connection org.mariadb.jdbc.MariaDbConnection@76b9424d ((conn=5569) Connection.setNetworkTimeout cannot be called on a closed connection). Possibly consider using a shorter maxLifetime value.
[WARN ] 2022-04-07 18:17:13 PoolBase: HikariPool-1 - Failed to validate connection org.mariadb.jdbc.MariaDbConnection@381adb8d ((conn=5570) Connection.setNetworkTimeout cannot be called on a closed connection). Possibly consider using a shorter maxLifetime value.
[WARN ] 2022-04-07 18:17:13 PoolBase: HikariPool-1 - Failed to validate connection org.mariadb.jdbc.MariaDbConnection@38a56dce ((conn=5571) Connection.setNetworkTimeout cannot be called on a closed connection). Possibly consider using a shorter maxLifetime value.
[WARN ] 2022-04-07 18:17:13 PoolBase: HikariPool-1 - Failed to validate connection org.mariadb.jdbc.MariaDbConnection@225222d6 ((conn=5572) Connection.setNetworkTimeout cannot be called on a closed connection). Possibly consider using a shorter maxLifetime value.
[WARN ] 2022-04-07 18:17:13 PoolBase: HikariPool-1 - Failed to validate connection org.mariadb.jdbc.MariaDbConnection@1e45b7fb ((conn=5573) Connection.setNetworkTimeout cannot be called on a closed connection). Possibly consider using a shorter maxLifetime value.
[WARN ] 2022-04-07 18:17:13 PoolBase: HikariPool-1 - Failed to validate connection org.mariadb.jdbc.MariaDbConnection@70edc10d ((conn=5574) Connection.setNetworkTimeout cannot be called on a closed connection). Possibly consider using a shorter maxLifetime value.
[WARN ] 2022-04-07 18:17:13 PoolBase: HikariPool-1 - Failed to validate connection org.mariadb.jdbc.MariaDbConnection@633519c3 ((conn=5575) Connection.setNetworkTimeout cannot be called on a closed connection). Possibly consider using a shorter maxLifetime value.
[WARN ] 2022-04-07 18:17:13 PoolBase: HikariPool-1 - Failed to validate connection org.mariadb.jdbc.MariaDbConnection@5042c3e1 ((conn=5576) Connection.setNetworkTimeout cannot be called on a closed connection). Possibly consider using a shorter maxLifetime value.
[WARN ] 2022-04-07 18:17:13 PoolBase: HikariPool-1 - Failed to validate connection org.mariadb.jdbc.MariaDbConnection@638b5c7d ((conn=5577) Connection.setNetworkTimeout cannot be called on a closed connection). Possibly consider using a shorter maxLifetime value.
[WARN ] 2022-04-07 18:17:13 PoolBase: HikariPool-1 - Failed to validate connection org.mariadb.jdbc.MariaDbConnection@7d701ca8 ((conn=5578) Connection.setNetworkTimeout cannot be called on a closed connection). Possibly consider using a shorter maxLifetime value.
[WARN ] 2022-04-07 18:17:13 PoolBase: HikariPool-1 - Failed to validate connection org.mariadb.jdbc.MariaDbConnection@3640e9c4 ((conn=5579) Connection.setNetworkTimeout cannot be called on a closed connection). Possibly consider using a shorter maxLifetime value.
[WARN ] 2022-04-07 18:17:13 PoolBase: HikariPool-1 - Failed to validate connection org.mariadb.jdbc.MariaDbConnection@705b6926 ((conn=5580) Connection.setNetworkTimeout cannot be called on a closed connection). Possibly consider using a shorter maxLifetime value.
[WARN ] 2022-04-07 18:17:13 PoolBase: HikariPool-1 - Failed to validate connection org.mariadb.jdbc.MariaDbConnection@490aabe4 ((conn=5581) Connection.setNetworkTimeout cannot be called on a closed connection). Possibly consider using a shorter maxLifetime value.
[WARN ] 2022-04-07 18:17:13 PoolBase: HikariPool-1 - Failed to validate connection org.mariadb.jdbc.MariaDbConnection@34627b31 ((conn=5582) Connection.setNetworkTimeout cannot be called on a closed connection). Possibly consider using a shorter maxLifetime value.
[WARN ] 2022-04-07 18:17:13 PoolBase: HikariPool-1 - Failed to validate connection org.mariadb.jdbc.MariaDbConnection@5ddbab0 ((conn=5584) Connection.setNetworkTimeout cannot be called on a closed connection). Possibly consider using a shorter maxLifetime value.
[WARN ] 2022-04-07 18:17:13 PoolBase: HikariPool-1 - Failed to validate connection org.mariadb.jdbc.MariaDbConnection@2ee4e174 ((conn=5585) Connection.setNetworkTimeout cannot be called on a closed connection). Possibly consider using a shorter maxLifetime value.
[WARN ] 2022-04-07 18:17:13 PoolBase: HikariPool-1 - Failed to validate connection org.mariadb.jdbc.MariaDbConnection@322d2ac7 ((conn=5587) Connection.setNetworkTimeout cannot be called on a closed connection). Possibly consider using a shorter maxLifetime value.
[WARN ] 2022-04-07 18:17:13 PoolBase: HikariPool-1 - Failed to validate connection org.mariadb.jdbc.MariaDbConnection@15b16440 ((conn=5588) Connection.setNetworkTimeout cannot be called on a closed connection). Possibly consider using a shorter maxLifetime value.
[WARN ] 2022-04-07 18:17:13 PoolBase: HikariPool-1 - Failed to validate connection org.mariadb.jdbc.MariaDbConnection@7dd1547c ((conn=5589) Connection.setNetworkTimeout cannot be called on a closed connection). Possibly consider using a shorter maxLifetime value.
[WARN ] 2022-04-07 18:17:13 PoolBase: HikariPool-1 - Failed to validate connection org.mariadb.jdbc.MariaDbConnection@74b7f5f3 ((conn=5590) Connection.setNetworkTimeout cannot be called on a closed connection). Possibly consider using a shorter maxLifetime value.
[WARN ] 2022-04-07 18:17:13 PoolBase: HikariPool-1 - Failed to validate connection org.mariadb.jdbc.MariaDbConnection@2f9782b0 ((conn=5591) Connection.setNetworkTimeout cannot be called on a closed connection). Possibly consider using a shorter maxLifetime value.
[WARN ] 2022-04-07 18:17:13 PoolBase: HikariPool-1 - Failed to validate connection org.mariadb.jdbc.MariaDbConnection@319a6066 ((conn=5592) Connection.setNetworkTimeout cannot be called on a closed connection). Possibly consider using a shorter maxLifetime value.
[WARN ] 2022-04-07 18:17:13 PoolBase: HikariPool-1 - Failed to validate connection org.mariadb.jdbc.MariaDbConnection@461fa09d ((conn=5593) Connection.setNetworkTimeout cannot be called on a closed connection). Possibly consider using a shorter maxLifetime value.
[WARN ] 2022-04-07 18:17:13 PoolBase: HikariPool-1 - Failed to validate connection org.mariadb.jdbc.MariaDbConnection@d4ccdc0 ((conn=5594) Connection.setNetworkTimeout cannot be called on a closed connection). Possibly consider using a shorter maxLifetime value.
[WARN ] 2022-04-07 18:17:13 PoolBase: HikariPool-1 - Failed to validate connection org.mariadb.jdbc.MariaDbConnection@1edd5cdb ((conn=5596) Connection.setNetworkTimeout cannot be called on a closed connection). Possibly consider using a shorter maxLifetime value.
[WARN ] 2022-04-07 18:17:13 PoolBase: HikariPool-1 - Failed to validate connection org.mariadb.jdbc.MariaDbConnection@7ca68636 ((conn=5597) Connection.setNetworkTimeout cannot be called on a closed connection). Possibly consider using a shorter maxLifetime value.
[WARN ] 2022-04-07 18:17:13 PoolBase: HikariPool-1 - Failed to validate connection org.mariadb.jdbc.MariaDbConnection@4786da77 ((conn=5598) Connection.setNetworkTimeout cannot be called on a closed connection). Possibly consider using a shorter maxLifetime value.
[WARN ] 2022-04-07 18:17:13 PoolBase: HikariPool-1 - Failed to validate connection org.mariadb.jdbc.MariaDbConnection@2c4f3d8a ((conn=5599) Connection.setNetworkTimeout cannot be called on a closed connection). Possibly consider using a shorter maxLifetime value.
[WARN ] 2022-04-07 18:17:13 PoolBase: HikariPool-1 - Failed to validate connection org.mariadb.jdbc.MariaDbConnection@5800975c ((conn=5600) Connection.setNetworkTimeout cannot be called on a closed connection). Possibly consider using a shorter maxLifetime value.
[WARN ] 2022-04-07 18:17:13 PoolBase: HikariPool-1 - Failed to validate connection org.mariadb.jdbc.MariaDbConnection@10df2d5c ((conn=5602) Connection.setNetworkTimeout cannot be called on a closed connection). Possibly consider using a shorter maxLifetime value.
[WARN ] 2022-04-07 18:17:13 PoolBase: HikariPool-1 - Failed to validate connection org.mariadb.jdbc.MariaDbConnection@61fb0852 ((conn=5605) Connection.setNetworkTimeout cannot be called on a closed connection). Possibly consider using a shorter maxLifetime value.
[WARN ] 2022-04-07 18:17:13 PoolBase: HikariPool-1 - Failed to validate connection org.mariadb.jdbc.MariaDbConnection@348dda8a ((conn=5606) Connection.setNetworkTimeout cannot be called on a closed connection). Possibly consider using a shorter maxLifetime value.
[WARN ] 2022-04-07 18:17:13 PoolBase: HikariPool-1 - Failed to validate connection org.mariadb.jdbc.MariaDbConnection@68eb1130 ((conn=5607) Connection.setNetworkTimeout cannot be called on a closed connection). Possibly consider using a shorter maxLifetime value.
[WARN ] 2022-04-07 18:17:13 PoolBase: HikariPool-1 - Failed to validate connection org.mariadb.jdbc.MariaDbConnection@13774bc ((conn=5608) Connection.setNetworkTimeout cannot be called on a closed connection). Possibly consider using a shorter maxLifetime value.
[WARN ] 2022-04-07 18:17:13 PoolBase: HikariPool-1 - Failed to validate connection org.mariadb.jdbc.MariaDbConnection@38b74550 ((conn=5609) Connection.setNetworkTimeout cannot be called on a closed connection). Possibly consider using a shorter maxLifetime value.
[WARN ] 2022-04-07 18:17:13 PoolBase: HikariPool-1 - Failed to validate connection org.mariadb.jdbc.MariaDbConnection@62b48146 ((conn=5610) Connection.setNetworkTimeout cannot be called on a closed connection). Possibly consider using a shorter maxLifetime value.
[WARN ] 2022-04-07 18:17:13 PoolBase: HikariPool-1 - Failed to validate connection org.mariadb.jdbc.MariaDbConnection@52666eb1 ((conn=5612) Connection.setNetworkTimeout cannot be called on a closed connection). Possibly consider using a shorter maxLifetime value.
[WARN ] 2022-04-07 18:17:13 PoolBase: HikariPool-1 - Failed to validate connection org.mariadb.jdbc.MariaDbConnection@68ce62d5 ((conn=5613) Connection.setNetworkTimeout cannot be called on a closed connection). Possibly consider using a shorter maxLifetime value.
[WARN ] 2022-04-07 18:17:13 PoolBase: HikariPool-1 - Failed to validate connection org.mariadb.jdbc.MariaDbConnection@6a513759 ((conn=5614) Connection.setNetworkTimeout cannot be called on a closed connection). Possibly consider using a shorter maxLifetime value.
[WARN ] 2022-04-07 18:17:13 PoolBase: HikariPool-1 - Failed to validate connection org.mariadb.jdbc.MariaDbConnection@2ca935e4 ((conn=5615) Connection.setNetworkTimeout cannot be called on a closed connection). Possibly consider using a shorter maxLifetime value.
[WARN ] 2022-04-07 18:17:13 PoolBase: HikariPool-1 - Failed to validate connection org.mariadb.jdbc.MariaDbConnection@4ddbc526 ((conn=5616) Connection.setNetworkTimeout cannot be called on a closed connection). Possibly consider using a shorter maxLifetime value.
[WARN ] 2022-04-07 18:17:13 PoolBase: HikariPool-1 - Failed to validate connection org.mariadb.jdbc.MariaDbConnection@5618de82 ((conn=5617) Connection.setNetworkTimeout cannot be called on a closed connection). Possibly consider using a shorter maxLifetime value.
[WARN ] 2022-04-07 18:17:13 PoolBase: HikariPool-1 - Failed to validate connection org.mariadb.jdbc.MariaDbConnection@3510c0e7 ((conn=5618) Connection.setNetworkTimeout cannot be called on a closed connection). Possibly consider using a shorter maxLifetime value.
[WARN ] 2022-04-07 18:17:13 PoolBase: HikariPool-1 - Failed to validate connection org.mariadb.jdbc.MariaDbConnection@5073c5b4 ((conn=5619) Connection.setNetworkTimeout cannot be called on a closed connection). Possibly consider using a shorter maxLifetime value.
[WARN ] 2022-04-07 18:17:13 PoolBase: HikariPool-1 - Failed to validate connection org.mariadb.jdbc.MariaDbConnection@4312d869 ((conn=5620) Connection.setNetworkTimeout cannot be called on a closed connection). Possibly consider using a shorter maxLifetime value.
[WARN ] 2022-04-07 18:17:13 PoolBase: HikariPool-1 - Failed to validate connection org.mariadb.jdbc.MariaDbConnection@536ef247 ((conn=5621) Connection.setNetworkTimeout cannot be called on a closed connection). Possibly consider using a shorter maxLifetime value.
[WARN ] 2022-04-07 18:17:13 PoolBase: HikariPool-1 - Failed to validate connection org.mariadb.jdbc.MariaDbConnection@604a0735 ((conn=5622) Connection.setNetworkTimeout cannot be called on a closed connection). Possibly consider using a shorter maxLifetime value.
[WARN ] 2022-04-07 18:17:13 PoolBase: HikariPool-1 - Failed to validate connection org.mariadb.jdbc.MariaDbConnection@2e5a20ed ((conn=5623) Connection.setNetworkTimeout cannot be called on a closed connection). Possibly consider using a shorter maxLifetime value.
[WARN ] 2022-04-07 18:17:13 PoolBase: HikariPool-1 - Failed to validate connection org.mariadb.jdbc.MariaDbConnection@7b5e74df ((conn=5624) Connection.setNetworkTimeout cannot be called on a closed connection). Possibly consider using a shorter maxLifetime value.
[WARN ] 2022-04-07 18:17:13 PoolBase: HikariPool-1 - Failed to validate connection org.mariadb.jdbc.MariaDbConnection@5f064d39 ((conn=5625) Connection.setNetworkTimeout cannot be called on a closed connection). Possibly consider using a shorter maxLifetime value.
[WARN ] 2022-04-07 18:17:13 PoolBase: HikariPool-1 - Failed to validate connection org.mariadb.jdbc.MariaDbConnection@6fc58a43 ((conn=5626) Connection.setNetworkTimeout cannot be called on a closed connection). Possibly consider using a shorter maxLifetime value.
[WARN ] 2022-04-07 18:17:13 PoolBase: HikariPool-1 - Failed to validate connection org.mariadb.jdbc.MariaDbConnection@10e7921e ((conn=5627) Connection.setNetworkTimeout cannot be called on a closed connection). Possibly consider using a shorter maxLifetime value.
[WARN ] 2022-04-07 18:17:13 PoolBase: HikariPool-1 - Failed to validate connection org.mariadb.jdbc.MariaDbConnection@1897e451 ((conn=5628) Connection.setNetworkTimeout cannot be called on a closed connection). Possibly consider using a shorter maxLifetime value.
[WARN ] 2022-04-07 18:17:13 PoolBase: HikariPool-1 - Failed to validate connection org.mariadb.jdbc.MariaDbConnection@75151dff ((conn=5629) Connection.setNetworkTimeout cannot be called on a closed connection). Possibly consider using a shorter maxLifetime value.
[WARN ] 2022-04-07 18:17:13 PoolBase: HikariPool-1 - Failed to validate connection org.mariadb.jdbc.MariaDbConnection@36c1168c ((conn=5630) Connection.setNetworkTimeout cannot be called on a closed connection). Possibly consider using a shorter maxLifetime value.
[WARN ] 2022-04-07 18:17:13 PoolBase: HikariPool-1 - Failed to validate connection org.mariadb.jdbc.MariaDbConnection@1a9a0528 ((conn=5631) Connection.setNetworkTimeout cannot be called on a closed connection). Possibly consider using a shorter maxLifetime value.
[WARN ] 2022-04-07 18:17:13 PoolBase: HikariPool-1 - Failed to validate connection org.mariadb.jdbc.MariaDbConnection@3d08df46 ((conn=5632) Connection.setNetworkTimeout cannot be called on a closed connection). Possibly consider using a shorter maxLifetime value.
[WARN ] 2022-04-07 18:17:13 PoolBase: HikariPool-1 - Failed to validate connection org.mariadb.jdbc.MariaDbConnection@602fc7fd ((conn=5633) Connection.setNetworkTimeout cannot be called on a closed connection). Possibly consider using a shorter maxLifetime value.
[WARN ] 2022-04-07 18:17:13 PoolBase: HikariPool-1 - Failed to validate connection org.mariadb.jdbc.MariaDbConnection@5e64d802 ((conn=5634) Connection.setNetworkTimeout cannot be called on a closed connection). Possibly consider using a shorter maxLifetime value.
[WARN ] 2022-04-07 18:17:13 PoolBase: HikariPool-1 - Failed to validate connection org.mariadb.jdbc.MariaDbConnection@141d35a3 ((conn=5635) Connection.setNetworkTimeout cannot be called on a closed connection). Possibly consider using a shorter maxLifetime value.
[WARN ] 2022-04-07 18:17:13 PoolBase: HikariPool-1 - Failed to validate connection org.mariadb.jdbc.MariaDbConnection@6f942a89 ((conn=5636) Connection.setNetworkTimeout cannot be called on a closed connection). Possibly consider using a shorter maxLifetime value.
[WARN ] 2022-04-07 18:17:13 PoolBase: HikariPool-1 - Failed to validate connection org.mariadb.jdbc.MariaDbConnection@711a18a9 ((conn=5638) Connection.setNetworkTimeout cannot be called on a closed connection). Possibly consider using a shorter maxLifetime value.
[WARN ] 2022-04-07 18:17:13 PoolBase: HikariPool-1 - Failed to validate connection org.mariadb.jdbc.MariaDbConnection@9466a40 ((conn=5639) Connection.setNetworkTimeout cannot be called on a closed connection). Possibly consider using a shorter maxLifetime value.
[WARN ] 2022-04-07 18:17:13 PoolBase: HikariPool-1 - Failed to validate connection org.mariadb.jdbc.MariaDbConnection@740bf6e6 ((conn=5640) Connection.setNetworkTimeout cannot be called on a closed connection). Possibly consider using a shorter maxLifetime value.
[WARN ] 2022-04-07 18:17:13 PoolBase: HikariPool-1 - Failed to validate connection org.mariadb.jdbc.MariaDbConnection@68af45a9 ((conn=5641) Connection.setNetworkTimeout cannot be called on a closed connection). Possibly consider using a shorter maxLifetime value.
[WARN ] 2022-04-07 18:17:15 HikariPool: HikariPool-1 - Thread starvation or clock leap detected (housekeeper delta=9h14m16s985ms660탎300ns).
[WARN ] 2022-04-07 20:56:38 HikariPool: HikariPool-1 - Thread starvation or clock leap detected (housekeeper delta=1h43m52s616ms363탎800ns).
[WARN ] 2022-04-08 01:35:11 HikariPool: HikariPool-1 - Thread starvation or clock leap detected (housekeeper delta=40m4s268ms506탎400ns).
[WARN ] 2022-04-08 07:23:49 HikariPool: HikariPool-1 - Thread starvation or clock leap detected (housekeeper delta=5h18m38s543ms378탎600ns).
[WARN ] 2022-04-08 13:25:09 HikariPool: HikariPool-1 - Thread starvation or clock leap detected (housekeeper delta=5h24m49s235ms963탎400ns).
[WARN ] 2022-04-08 15:47:13 HikariPool: HikariPool-1 - Thread starvation or clock leap detected (housekeeper delta=1h10m4s142ms853탎900ns).
[WARN ] 2022-04-08 22:02:13 AbstractScript: Lindvior
java.lang.NullPointerException: Cannot invoke "com.l2jserver.gameserver.model.L2Spawn.getLastSpawn()" because the return value of "com.l2jserver.gameserver.datatables.SpawnTable.findAny(int)" is null
	at com.l2jserver.datapack.gracia.ai.Lindvior.onAdvEvent(Lindvior.java:81) ~[?:?]
	at com.l2jserver.gameserver.model.quest.Quest.notifyEvent(Quest.java:459) [l2jserver.jar:?]
	at com.l2jserver.gameserver.model.quest.QuestTimer$ScheduleTimerTask.run(QuestTimer.java:43) [l2jserver.jar:?]
	at com.l2jserver.gameserver.ThreadPoolManager$RunnableWrapper.run(ThreadPoolManager.java:86) [l2jserver.jar:?]
	at java.util.concurrent.Executors$RunnableAdapter.call(Executors.java:539) [?:?]
	at java.util.concurrent.FutureTask.run(FutureTask.java:264) [?:?]
	at java.util.concurrent.ScheduledThreadPoolExecutor$ScheduledFutureTask.run(ScheduledThreadPoolExecutor.java:304) [?:?]
	at java.util.concurrent.ThreadPoolExecutor.runWorker(ThreadPoolExecutor.java:1136) [?:?]
	at java.util.concurrent.ThreadPoolExecutor$Worker.run(ThreadPoolExecutor.java:635) [?:?]
	at java.lang.Thread.run(Thread.java:833) [?:?]
[WARN ] 2022-04-08 22:02:16 HikariPool: HikariPool-1 - Thread starvation or clock leap detected (housekeeper delta=4h52m3s161ms703탎700ns).
