[WARN ] 2022-04-04 18:08:44 IXmlReader: BuyListData: Folder E:\l2jserver\server\Game\data\buylists\custom doesn't exist!
[WARN ] 2022-04-04 18:08:44 IXmlReader: MultisellData: Folder E:\l2jserver\server\Game\data\multisell\custom doesn't exist!
[WARN ] 2022-04-05 02:18:54 HikariPool: HikariPool-1 - Thread starvation or clock leap detected (housekeeper delta=6h58m51s889ms367탎401ns).
[WARN ] 2022-04-05 07:21:16 HikariPool: HikariPool-1 - Thread starvation or clock leap detected (housekeeper delta=4h32m21s305ms319탎800ns).
[WARN ] 2022-04-05 08:33:49 HikariPool: HikariPool-1 - Thread starvation or clock leap detected (housekeeper delta=22m33s386ms613탎300ns).
[WARN ] 2022-04-05 20:19:08 PoolBase: HikariPool-1 - Failed to validate connection org.mariadb.jdbc.MariaDbConnection@2cc9bc77 ((conn=63428) Connection.setNetworkTimeout cannot be called on a closed connection). Possibly consider using a shorter maxLifetime value.
[WARN ] 2022-04-05 20:19:09 AbstractScript: Lindvior
java.lang.NullPointerException: Cannot invoke "com.l2jserver.gameserver.model.L2Spawn.getLastSpawn()" because the return value of "com.l2jserver.gameserver.datatables.SpawnTable.findAny(int)" is null
	at com.l2jserver.datapack.gracia.ai.Lindvior.onAdvEvent(Lindvior.java:81) ~[?:?]
	at com.l2jserver.gameserver.model.quest.Quest.notifyEvent(Quest.java:459) [l2jserver.jar:?]
	at com.l2jserver.gameserver.model.quest.QuestTimer$ScheduleTimerTask.run(QuestTimer.java:43) [l2jserver.jar:?]
	at com.l2jserver.gameserver.ThreadPoolManager$RunnableWrapper.run(ThreadPoolManager.java:86) [l2jserver.jar:?]
	at java.util.concurrent.Executors$RunnableAdapter.call(Executors.java:539) [?:?]
	at java.util.concurrent.FutureTask.run(FutureTask.java:264) [?:?]
	at java.util.concurrent.ScheduledThreadPoolExecutor$ScheduledFutureTask.run(ScheduledThreadPoolExecutor.java:304) [?:?]
	at java.util.concurrent.ThreadPoolExecutor.runWorker(ThreadPoolExecutor.java:1136) [?:?]
	at java.util.concurrent.ThreadPoolExecutor$Worker.run(ThreadPoolExecutor.java:635) [?:?]
	at java.lang.Thread.run(Thread.java:833) [?:?]
[WARN ] 2022-04-05 20:19:09 PoolBase: HikariPool-1 - Failed to validate connection org.mariadb.jdbc.MariaDbConnection@521a7ad6 ((conn=63434) Connection.setNetworkTimeout cannot be called on a closed connection). Possibly consider using a shorter maxLifetime value.
[WARN ] 2022-04-05 20:19:09 PoolBase: HikariPool-1 - Failed to validate connection org.mariadb.jdbc.MariaDbConnection@2f87fb0 ((conn=63432) Connection.setNetworkTimeout cannot be called on a closed connection). Possibly consider using a shorter maxLifetime value.
[WARN ] 2022-04-05 20:19:09 PoolBase: HikariPool-1 - Failed to validate connection org.mariadb.jdbc.MariaDbConnection@2631d707 ((conn=63430) Connection.setNetworkTimeout cannot be called on a closed connection). Possibly consider using a shorter maxLifetime value.
[WARN ] 2022-04-05 20:19:09 PoolBase: HikariPool-1 - Failed to validate connection org.mariadb.jdbc.MariaDbConnection@63335da5 ((conn=63431) Connection.setNetworkTimeout cannot be called on a closed connection). Possibly consider using a shorter maxLifetime value.
[WARN ] 2022-04-05 20:19:09 PoolBase: HikariPool-1 - Failed to validate connection org.mariadb.jdbc.MariaDbConnection@220e579e ((conn=63429) Connection.setNetworkTimeout cannot be called on a closed connection). Possibly consider using a shorter maxLifetime value.
[WARN ] 2022-04-05 20:19:11 PoolBase: HikariPool-1 - Failed to validate connection org.mariadb.jdbc.MariaDbConnection@31ca2ea ((conn=63436) Connection.setNetworkTimeout cannot be called on a closed connection). Possibly consider using a shorter maxLifetime value.
[WARN ] 2022-04-05 20:19:11 PoolBase: HikariPool-1 - Failed to validate connection org.mariadb.jdbc.MariaDbConnection@74c3b1b ((conn=63441) Connection.setNetworkTimeout cannot be called on a closed connection). Possibly consider using a shorter maxLifetime value.
[WARN ] 2022-04-05 20:19:11 PoolBase: HikariPool-1 - Failed to validate connection org.mariadb.jdbc.MariaDbConnection@6e04c4bd ((conn=63442) Connection.setNetworkTimeout cannot be called on a closed connection). Possibly consider using a shorter maxLifetime value.
[WARN ] 2022-04-05 20:19:11 PoolBase: HikariPool-1 - Failed to validate connection org.mariadb.jdbc.MariaDbConnection@72e49d25 ((conn=63443) Connection.setNetworkTimeout cannot be called on a closed connection). Possibly consider using a shorter maxLifetime value.
[WARN ] 2022-04-05 20:19:11 PoolBase: HikariPool-1 - Failed to validate connection org.mariadb.jdbc.MariaDbConnection@67c91e13 ((conn=63444) Connection.setNetworkTimeout cannot be called on a closed connection). Possibly consider using a shorter maxLifetime value.
[WARN ] 2022-04-05 20:19:11 PoolBase: HikariPool-1 - Failed to validate connection org.mariadb.jdbc.MariaDbConnection@13b6512 ((conn=63445) Connection.setNetworkTimeout cannot be called on a closed connection). Possibly consider using a shorter maxLifetime value.
[WARN ] 2022-04-05 20:19:11 PoolBase: HikariPool-1 - Failed to validate connection org.mariadb.jdbc.MariaDbConnection@495268a4 ((conn=63446) Connection.setNetworkTimeout cannot be called on a closed connection). Possibly consider using a shorter maxLifetime value.
[WARN ] 2022-04-05 20:19:11 PoolBase: HikariPool-1 - Failed to validate connection org.mariadb.jdbc.MariaDbConnection@1f89d91e ((conn=63447) Connection.setNetworkTimeout cannot be called on a closed connection). Possibly consider using a shorter maxLifetime value.
[WARN ] 2022-04-05 20:19:11 PoolBase: HikariPool-1 - Failed to validate connection org.mariadb.jdbc.MariaDbConnection@309f757a ((conn=63448) Connection.setNetworkTimeout cannot be called on a closed connection). Possibly consider using a shorter maxLifetime value.
[WARN ] 2022-04-05 20:19:11 PoolBase: HikariPool-1 - Failed to validate connection org.mariadb.jdbc.MariaDbConnection@6a56858e ((conn=63449) Connection.setNetworkTimeout cannot be called on a closed connection). Possibly consider using a shorter maxLifetime value.
[WARN ] 2022-04-05 20:19:11 PoolBase: HikariPool-1 - Failed to validate connection org.mariadb.jdbc.MariaDbConnection@613fa870 ((conn=63439) Connection.setNetworkTimeout cannot be called on a closed connection). Possibly consider using a shorter maxLifetime value.
[WARN ] 2022-04-05 20:19:11 PoolBase: HikariPool-1 - Failed to validate connection org.mariadb.jdbc.MariaDbConnection@7525d4f ((conn=63440) Connection.setNetworkTimeout cannot be called on a closed connection). Possibly consider using a shorter maxLifetime value.
[WARN ] 2022-04-05 20:19:11 PoolBase: HikariPool-1 - Failed to validate connection org.mariadb.jdbc.MariaDbConnection@43955691 ((conn=63438) Connection.setNetworkTimeout cannot be called on a closed connection). Possibly consider using a shorter maxLifetime value.
[WARN ] 2022-04-05 20:19:11 PoolBase: HikariPool-1 - Failed to validate connection org.mariadb.jdbc.MariaDbConnection@425848c6 ((conn=63437) Connection.setNetworkTimeout cannot be called on a closed connection). Possibly consider using a shorter maxLifetime value.
[WARN ] 2022-04-05 20:19:11 PoolBase: HikariPool-1 - Failed to validate connection org.mariadb.jdbc.MariaDbConnection@2a7434f2 ((conn=63452) Connection.setNetworkTimeout cannot be called on a closed connection). Possibly consider using a shorter maxLifetime value.
[WARN ] 2022-04-05 20:19:11 PoolBase: HikariPool-1 - Failed to validate connection org.mariadb.jdbc.MariaDbConnection@7a3b067d ((conn=63435) Connection.setNetworkTimeout cannot be called on a closed connection). Possibly consider using a shorter maxLifetime value.
[WARN ] 2022-04-05 20:19:11 PoolBase: HikariPool-1 - Failed to validate connection org.mariadb.jdbc.MariaDbConnection@1a9c15e2 ((conn=63454) Connection.setNetworkTimeout cannot be called on a closed connection). Possibly consider using a shorter maxLifetime value.
[WARN ] 2022-04-05 20:19:11 PoolBase: HikariPool-1 - Failed to validate connection org.mariadb.jdbc.MariaDbConnection@74d0bec7 ((conn=63453) Connection.setNetworkTimeout cannot be called on a closed connection). Possibly consider using a shorter maxLifetime value.
[WARN ] 2022-04-05 20:19:11 PoolBase: HikariPool-1 - Failed to validate connection org.mariadb.jdbc.MariaDbConnection@5cec4a08 ((conn=63457) Connection.setNetworkTimeout cannot be called on a closed connection). Possibly consider using a shorter maxLifetime value.
[WARN ] 2022-04-05 20:19:11 PoolBase: HikariPool-1 - Failed to validate connection org.mariadb.jdbc.MariaDbConnection@610ba90c ((conn=63451) Connection.setNetworkTimeout cannot be called on a closed connection). Possibly consider using a shorter maxLifetime value.
[WARN ] 2022-04-05 20:19:11 PoolBase: HikariPool-1 - Failed to validate connection org.mariadb.jdbc.MariaDbConnection@1c9fdffe ((conn=63460) Connection.setNetworkTimeout cannot be called on a closed connection). Possibly consider using a shorter maxLifetime value.
[WARN ] 2022-04-05 20:19:11 PoolBase: HikariPool-1 - Failed to validate connection org.mariadb.jdbc.MariaDbConnection@6ea9178c ((conn=63461) Connection.setNetworkTimeout cannot be called on a closed connection). Possibly consider using a shorter maxLifetime value.
[WARN ] 2022-04-05 20:19:11 PoolBase: HikariPool-1 - Failed to validate connection org.mariadb.jdbc.MariaDbConnection@502bac5b ((conn=63462) Connection.setNetworkTimeout cannot be called on a closed connection). Possibly consider using a shorter maxLifetime value.
[WARN ] 2022-04-05 20:19:11 PoolBase: HikariPool-1 - Failed to validate connection org.mariadb.jdbc.MariaDbConnection@309bd728 ((conn=63450) Connection.setNetworkTimeout cannot be called on a closed connection). Possibly consider using a shorter maxLifetime value.
[WARN ] 2022-04-05 20:19:11 PoolBase: HikariPool-1 - Failed to validate connection org.mariadb.jdbc.MariaDbConnection@3f3a1bbd ((conn=63464) Connection.setNetworkTimeout cannot be called on a closed connection). Possibly consider using a shorter maxLifetime value.
[WARN ] 2022-04-05 20:19:11 PoolBase: HikariPool-1 - Failed to validate connection org.mariadb.jdbc.MariaDbConnection@5d385fcb ((conn=63463) Connection.setNetworkTimeout cannot be called on a closed connection). Possibly consider using a shorter maxLifetime value.
[WARN ] 2022-04-05 20:19:11 PoolBase: HikariPool-1 - Failed to validate connection org.mariadb.jdbc.MariaDbConnection@26a57772 ((conn=63458) Connection.setNetworkTimeout cannot be called on a closed connection). Possibly consider using a shorter maxLifetime value.
[WARN ] 2022-04-05 20:19:11 PoolBase: HikariPool-1 - Failed to validate connection org.mariadb.jdbc.MariaDbConnection@2dbbeffe ((conn=63456) Connection.setNetworkTimeout cannot be called on a closed connection). Possibly consider using a shorter maxLifetime value.
[WARN ] 2022-04-05 20:19:11 PoolBase: HikariPool-1 - Failed to validate connection org.mariadb.jdbc.MariaDbConnection@26e38c74 ((conn=63455) Connection.setNetworkTimeout cannot be called on a closed connection). Possibly consider using a shorter maxLifetime value.
[WARN ] 2022-04-05 20:19:11 PoolBase: HikariPool-1 - Failed to validate connection org.mariadb.jdbc.MariaDbConnection@36b20092 ((conn=63470) Connection.setNetworkTimeout cannot be called on a closed connection). Possibly consider using a shorter maxLifetime value.
[WARN ] 2022-04-05 20:19:11 PoolBase: HikariPool-1 - Failed to validate connection org.mariadb.jdbc.MariaDbConnection@67a0a7fa ((conn=63472) Connection.setNetworkTimeout cannot be called on a closed connection). Possibly consider using a shorter maxLifetime value.
[WARN ] 2022-04-05 20:19:11 PoolBase: HikariPool-1 - Failed to validate connection org.mariadb.jdbc.MariaDbConnection@b1483ea ((conn=63467) Connection.setNetworkTimeout cannot be called on a closed connection). Possibly consider using a shorter maxLifetime value.
[WARN ] 2022-04-05 20:19:11 PoolBase: HikariPool-1 - Failed to validate connection org.mariadb.jdbc.MariaDbConnection@144d40af ((conn=63466) Connection.setNetworkTimeout cannot be called on a closed connection). Possibly consider using a shorter maxLifetime value.
[WARN ] 2022-04-05 20:19:11 PoolBase: HikariPool-1 - Failed to validate connection org.mariadb.jdbc.MariaDbConnection@411a0d9d ((conn=63474) Connection.setNetworkTimeout cannot be called on a closed connection). Possibly consider using a shorter maxLifetime value.
[WARN ] 2022-04-05 20:19:11 PoolBase: HikariPool-1 - Failed to validate connection org.mariadb.jdbc.MariaDbConnection@19097ea1 ((conn=63465) Connection.setNetworkTimeout cannot be called on a closed connection). Possibly consider using a shorter maxLifetime value.
[WARN ] 2022-04-05 20:19:11 PoolBase: HikariPool-1 - Failed to validate connection org.mariadb.jdbc.MariaDbConnection@2a43d983 ((conn=63475) Connection.setNetworkTimeout cannot be called on a closed connection). Possibly consider using a shorter maxLifetime value.
[WARN ] 2022-04-05 20:19:11 PoolBase: HikariPool-1 - Failed to validate connection org.mariadb.jdbc.MariaDbConnection@670a377e ((conn=63473) Connection.setNetworkTimeout cannot be called on a closed connection). Possibly consider using a shorter maxLifetime value.
[WARN ] 2022-04-05 20:19:11 PoolBase: HikariPool-1 - Failed to validate connection org.mariadb.jdbc.MariaDbConnection@488476d3 ((conn=63471) Connection.setNetworkTimeout cannot be called on a closed connection). Possibly consider using a shorter maxLifetime value.
[WARN ] 2022-04-05 20:19:11 PoolBase: HikariPool-1 - Failed to validate connection org.mariadb.jdbc.MariaDbConnection@6f5ec747 ((conn=63479) Connection.setNetworkTimeout cannot be called on a closed connection). Possibly consider using a shorter maxLifetime value.
[WARN ] 2022-04-05 20:19:11 PoolBase: HikariPool-1 - Failed to validate connection org.mariadb.jdbc.MariaDbConnection@641c86c6 ((conn=63468) Connection.setNetworkTimeout cannot be called on a closed connection). Possibly consider using a shorter maxLifetime value.
[WARN ] 2022-04-05 20:19:11 PoolBase: HikariPool-1 - Failed to validate connection org.mariadb.jdbc.MariaDbConnection@5be584ee ((conn=63480) Connection.setNetworkTimeout cannot be called on a closed connection). Possibly consider using a shorter maxLifetime value.
[WARN ] 2022-04-05 20:19:11 PoolBase: HikariPool-1 - Failed to validate connection org.mariadb.jdbc.MariaDbConnection@38dad8e6 ((conn=63484) Connection.setNetworkTimeout cannot be called on a closed connection). Possibly consider using a shorter maxLifetime value.
[WARN ] 2022-04-05 20:19:11 PoolBase: HikariPool-1 - Failed to validate connection org.mariadb.jdbc.MariaDbConnection@5ec2363a ((conn=63485) Connection.setNetworkTimeout cannot be called on a closed connection). Possibly consider using a shorter maxLifetime value.
[WARN ] 2022-04-05 20:19:11 PoolBase: HikariPool-1 - Failed to validate connection org.mariadb.jdbc.MariaDbConnection@1b263227 ((conn=63486) Connection.setNetworkTimeout cannot be called on a closed connection). Possibly consider using a shorter maxLifetime value.
[WARN ] 2022-04-05 20:19:11 PoolBase: HikariPool-1 - Failed to validate connection org.mariadb.jdbc.MariaDbConnection@2b41193d ((conn=63487) Connection.setNetworkTimeout cannot be called on a closed connection). Possibly consider using a shorter maxLifetime value.
[WARN ] 2022-04-05 20:19:11 PoolBase: HikariPool-1 - Failed to validate connection org.mariadb.jdbc.MariaDbConnection@7eb94be8 ((conn=63477) Connection.setNetworkTimeout cannot be called on a closed connection). Possibly consider using a shorter maxLifetime value.
[WARN ] 2022-04-05 20:19:11 PoolBase: HikariPool-1 - Failed to validate connection org.mariadb.jdbc.MariaDbConnection@48be3446 ((conn=63476) Connection.setNetworkTimeout cannot be called on a closed connection). Possibly consider using a shorter maxLifetime value.
[WARN ] 2022-04-05 20:19:11 PoolBase: HikariPool-1 - Failed to validate connection org.mariadb.jdbc.MariaDbConnection@45b2f95b ((conn=63488) Connection.setNetworkTimeout cannot be called on a closed connection). Possibly consider using a shorter maxLifetime value.
[WARN ] 2022-04-05 20:19:11 PoolBase: HikariPool-1 - Failed to validate connection org.mariadb.jdbc.MariaDbConnection@4f6fe711 ((conn=63483) Connection.setNetworkTimeout cannot be called on a closed connection). Possibly consider using a shorter maxLifetime value.
[WARN ] 2022-04-05 20:19:11 PoolBase: HikariPool-1 - Failed to validate connection org.mariadb.jdbc.MariaDbConnection@338b593 ((conn=63492) Connection.setNetworkTimeout cannot be called on a closed connection). Possibly consider using a shorter maxLifetime value.
[WARN ] 2022-04-05 20:19:11 PoolBase: HikariPool-1 - Failed to validate connection org.mariadb.jdbc.MariaDbConnection@5692667b ((conn=63482) Connection.setNetworkTimeout cannot be called on a closed connection). Possibly consider using a shorter maxLifetime value.
[WARN ] 2022-04-05 20:19:11 PoolBase: HikariPool-1 - Failed to validate connection org.mariadb.jdbc.MariaDbConnection@28443561 ((conn=63494) Connection.setNetworkTimeout cannot be called on a closed connection). Possibly consider using a shorter maxLifetime value.
[WARN ] 2022-04-05 20:19:11 PoolBase: HikariPool-1 - Failed to validate connection org.mariadb.jdbc.MariaDbConnection@624097d0 ((conn=63481) Connection.setNetworkTimeout cannot be called on a closed connection). Possibly consider using a shorter maxLifetime value.
[WARN ] 2022-04-05 20:19:11 PoolBase: HikariPool-1 - Failed to validate connection org.mariadb.jdbc.MariaDbConnection@5079ea7f ((conn=63496) Connection.setNetworkTimeout cannot be called on a closed connection). Possibly consider using a shorter maxLifetime value.
[WARN ] 2022-04-05 20:19:11 PoolBase: HikariPool-1 - Failed to validate connection org.mariadb.jdbc.MariaDbConnection@16ab5114 ((conn=63495) Connection.setNetworkTimeout cannot be called on a closed connection). Possibly consider using a shorter maxLifetime value.
[WARN ] 2022-04-05 20:19:11 PoolBase: HikariPool-1 - Failed to validate connection org.mariadb.jdbc.MariaDbConnection@5192fc8e ((conn=63493) Connection.setNetworkTimeout cannot be called on a closed connection). Possibly consider using a shorter maxLifetime value.
[WARN ] 2022-04-05 20:19:11 PoolBase: HikariPool-1 - Failed to validate connection org.mariadb.jdbc.MariaDbConnection@4c7539f2 ((conn=63500) Connection.setNetworkTimeout cannot be called on a closed connection). Possibly consider using a shorter maxLifetime value.
[WARN ] 2022-04-05 20:19:11 PoolBase: HikariPool-1 - Failed to validate connection org.mariadb.jdbc.MariaDbConnection@2013c85d ((conn=63491) Connection.setNetworkTimeout cannot be called on a closed connection). Possibly consider using a shorter maxLifetime value.
[WARN ] 2022-04-05 20:19:11 PoolBase: HikariPool-1 - Failed to validate connection org.mariadb.jdbc.MariaDbConnection@a0e6431 ((conn=63490) Connection.setNetworkTimeout cannot be called on a closed connection). Possibly consider using a shorter maxLifetime value.
[WARN ] 2022-04-05 20:19:11 PoolBase: HikariPool-1 - Failed to validate connection org.mariadb.jdbc.MariaDbConnection@12b1b084 ((conn=63501) Connection.setNetworkTimeout cannot be called on a closed connection). Possibly consider using a shorter maxLifetime value.
[WARN ] 2022-04-05 20:19:11 PoolBase: HikariPool-1 - Failed to validate connection org.mariadb.jdbc.MariaDbConnection@20640ae6 ((conn=63503) Connection.setNetworkTimeout cannot be called on a closed connection). Possibly consider using a shorter maxLifetime value.
[WARN ] 2022-04-05 20:19:11 PoolBase: HikariPool-1 - Failed to validate connection org.mariadb.jdbc.MariaDbConnection@53c00be7 ((conn=63499) Connection.setNetworkTimeout cannot be called on a closed connection). Possibly consider using a shorter maxLifetime value.
[WARN ] 2022-04-05 20:19:11 PoolBase: HikariPool-1 - Failed to validate connection org.mariadb.jdbc.MariaDbConnection@1fafdaf7 ((conn=63498) Connection.setNetworkTimeout cannot be called on a closed connection). Possibly consider using a shorter maxLifetime value.
[WARN ] 2022-04-05 20:19:11 PoolBase: HikariPool-1 - Failed to validate connection org.mariadb.jdbc.MariaDbConnection@16c91a72 ((conn=63497) Connection.setNetworkTimeout cannot be called on a closed connection). Possibly consider using a shorter maxLifetime value.
[WARN ] 2022-04-05 20:19:11 PoolBase: HikariPool-1 - Failed to validate connection org.mariadb.jdbc.MariaDbConnection@6ccdd187 ((conn=63506) Connection.setNetworkTimeout cannot be called on a closed connection). Possibly consider using a shorter maxLifetime value.
[WARN ] 2022-04-05 20:19:11 PoolBase: HikariPool-1 - Failed to validate connection org.mariadb.jdbc.MariaDbConnection@71351b79 ((conn=63509) Connection.setNetworkTimeout cannot be called on a closed connection). Possibly consider using a shorter maxLifetime value.
[WARN ] 2022-04-05 20:19:11 PoolBase: HikariPool-1 - Failed to validate connection org.mariadb.jdbc.MariaDbConnection@5a11b012 ((conn=63505) Connection.setNetworkTimeout cannot be called on a closed connection). Possibly consider using a shorter maxLifetime value.
[WARN ] 2022-04-05 20:19:11 PoolBase: HikariPool-1 - Failed to validate connection org.mariadb.jdbc.MariaDbConnection@45bb1db1 ((conn=63504) Connection.setNetworkTimeout cannot be called on a closed connection). Possibly consider using a shorter maxLifetime value.
[WARN ] 2022-04-05 20:19:11 PoolBase: HikariPool-1 - Failed to validate connection org.mariadb.jdbc.MariaDbConnection@73a8a847 ((conn=63502) Connection.setNetworkTimeout cannot be called on a closed connection). Possibly consider using a shorter maxLifetime value.
[WARN ] 2022-04-05 20:19:11 PoolBase: HikariPool-1 - Failed to validate connection org.mariadb.jdbc.MariaDbConnection@3efa194c ((conn=63513) Connection.setNetworkTimeout cannot be called on a closed connection). Possibly consider using a shorter maxLifetime value.
[WARN ] 2022-04-05 20:19:11 PoolBase: HikariPool-1 - Failed to validate connection org.mariadb.jdbc.MariaDbConnection@243008dd ((conn=63512) Connection.setNetworkTimeout cannot be called on a closed connection). Possibly consider using a shorter maxLifetime value.
[WARN ] 2022-04-05 20:19:11 PoolBase: HikariPool-1 - Failed to validate connection org.mariadb.jdbc.MariaDbConnection@6cfec5c2 ((conn=63507) Connection.setNetworkTimeout cannot be called on a closed connection). Possibly consider using a shorter maxLifetime value.
[WARN ] 2022-04-05 20:19:11 PoolBase: HikariPool-1 - Failed to validate connection org.mariadb.jdbc.MariaDbConnection@26f3a46d ((conn=63510) Connection.setNetworkTimeout cannot be called on a closed connection). Possibly consider using a shorter maxLifetime value.
[WARN ] 2022-04-05 20:19:11 PoolBase: HikariPool-1 - Failed to validate connection org.mariadb.jdbc.MariaDbConnection@78f4aec8 ((conn=63516) Connection.setNetworkTimeout cannot be called on a closed connection). Possibly consider using a shorter maxLifetime value.
[WARN ] 2022-04-05 20:19:11 PoolBase: HikariPool-1 - Failed to validate connection org.mariadb.jdbc.MariaDbConnection@5ca62361 ((conn=63515) Connection.setNetworkTimeout cannot be called on a closed connection). Possibly consider using a shorter maxLifetime value.
[WARN ] 2022-04-05 20:19:11 PoolBase: HikariPool-1 - Failed to validate connection org.mariadb.jdbc.MariaDbConnection@67cd3339 ((conn=63514) Connection.setNetworkTimeout cannot be called on a closed connection). Possibly consider using a shorter maxLifetime value.
[WARN ] 2022-04-05 20:19:11 PoolBase: HikariPool-1 - Failed to validate connection org.mariadb.jdbc.MariaDbConnection@287fa232 ((conn=63521) Connection.setNetworkTimeout cannot be called on a closed connection). Possibly consider using a shorter maxLifetime value.
[WARN ] 2022-04-05 20:19:11 PoolBase: HikariPool-1 - Failed to validate connection org.mariadb.jdbc.MariaDbConnection@75a0c0a0 ((conn=63520) Connection.setNetworkTimeout cannot be called on a closed connection). Possibly consider using a shorter maxLifetime value.
[WARN ] 2022-04-05 20:19:11 PoolBase: HikariPool-1 - Failed to validate connection org.mariadb.jdbc.MariaDbConnection@c07617 ((conn=63524) Connection.setNetworkTimeout cannot be called on a closed connection). Possibly consider using a shorter maxLifetime value.
[WARN ] 2022-04-05 20:19:11 PoolBase: HikariPool-1 - Failed to validate connection org.mariadb.jdbc.MariaDbConnection@18f045f4 ((conn=63519) Connection.setNetworkTimeout cannot be called on a closed connection). Possibly consider using a shorter maxLifetime value.
[WARN ] 2022-04-05 20:19:11 PoolBase: HikariPool-1 - Failed to validate connection org.mariadb.jdbc.MariaDbConnection@16aaf8e3 ((conn=63517) Connection.setNetworkTimeout cannot be called on a closed connection). Possibly consider using a shorter maxLifetime value.
[WARN ] 2022-04-05 20:19:11 PoolBase: HikariPool-1 - Failed to validate connection org.mariadb.jdbc.MariaDbConnection@25896844 ((conn=63526) Connection.setNetworkTimeout cannot be called on a closed connection). Possibly consider using a shorter maxLifetime value.
[WARN ] 2022-04-05 20:19:11 PoolBase: HikariPool-1 - Failed to validate connection org.mariadb.jdbc.MariaDbConnection@557b3a0f ((conn=63525) Connection.setNetworkTimeout cannot be called on a closed connection). Possibly consider using a shorter maxLifetime value.
[WARN ] 2022-04-05 20:19:11 PoolBase: HikariPool-1 - Failed to validate connection org.mariadb.jdbc.MariaDbConnection@73160d15 ((conn=63523) Connection.setNetworkTimeout cannot be called on a closed connection). Possibly consider using a shorter maxLifetime value.
[WARN ] 2022-04-05 20:19:11 PoolBase: HikariPool-1 - Failed to validate connection org.mariadb.jdbc.MariaDbConnection@7c57e8f ((conn=63531) Connection.setNetworkTimeout cannot be called on a closed connection). Possibly consider using a shorter maxLifetime value.
[WARN ] 2022-04-05 20:19:11 PoolBase: HikariPool-1 - Failed to validate connection org.mariadb.jdbc.MariaDbConnection@69d32a3e ((conn=63522) Connection.setNetworkTimeout cannot be called on a closed connection). Possibly consider using a shorter maxLifetime value.
[WARN ] 2022-04-05 20:19:11 PoolBase: HikariPool-1 - Failed to validate connection org.mariadb.jdbc.MariaDbConnection@6547054a ((conn=63528) Connection.setNetworkTimeout cannot be called on a closed connection). Possibly consider using a shorter maxLifetime value.
[WARN ] 2022-04-05 20:19:11 PoolBase: HikariPool-1 - Failed to validate connection org.mariadb.jdbc.MariaDbConnection@5b2e984c ((conn=63536) Connection.setNetworkTimeout cannot be called on a closed connection). Possibly consider using a shorter maxLifetime value.
[WARN ] 2022-04-05 20:19:11 PoolBase: HikariPool-1 - Failed to validate connection org.mariadb.jdbc.MariaDbConnection@58d86103 ((conn=63537) Connection.setNetworkTimeout cannot be called on a closed connection). Possibly consider using a shorter maxLifetime value.
[WARN ] 2022-04-05 20:19:11 PoolBase: HikariPool-1 - Failed to validate connection org.mariadb.jdbc.MariaDbConnection@6960f0af ((conn=63529) Connection.setNetworkTimeout cannot be called on a closed connection). Possibly consider using a shorter maxLifetime value.
[WARN ] 2022-04-05 20:19:11 PoolBase: HikariPool-1 - Failed to validate connection org.mariadb.jdbc.MariaDbConnection@66b4b745 ((conn=63527) Connection.setNetworkTimeout cannot be called on a closed connection). Possibly consider using a shorter maxLifetime value.
[WARN ] 2022-04-05 20:19:11 PoolBase: HikariPool-1 - Failed to validate connection org.mariadb.jdbc.MariaDbConnection@7733a123 ((conn=63535) Connection.setNetworkTimeout cannot be called on a closed connection). Possibly consider using a shorter maxLifetime value.
[WARN ] 2022-04-05 20:19:11 PoolBase: HikariPool-1 - Failed to validate connection org.mariadb.jdbc.MariaDbConnection@19b8cf33 ((conn=63534) Connection.setNetworkTimeout cannot be called on a closed connection). Possibly consider using a shorter maxLifetime value.
[WARN ] 2022-04-05 20:19:11 PoolBase: HikariPool-1 - Failed to validate connection org.mariadb.jdbc.MariaDbConnection@4408efad ((conn=63532) Connection.setNetworkTimeout cannot be called on a closed connection). Possibly consider using a shorter maxLifetime value.
[WARN ] 2022-04-05 20:19:17 HikariPool: HikariPool-1 - Thread starvation or clock leap detected (housekeeper delta=11h10m58s461ms554탎).
[WARN ] 2022-04-05 21:59:08 LoginServerThread: LoginServer not avaible, trying to reconnect...
