[WARN ] 2022-04-04 10:08:32 IXmlReader: BuyListData: Folder E:\l2jserver\server\Game\data\buylists\custom doesn't exist!
[WARN ] 2022-04-04 10:08:33 IXmlReader: MultisellData: Folder E:\l2jserver\server\Game\data\multisell\custom doesn't exist!
[WARN ] 2022-04-04 10:13:21 L2DefenderInstance: L2DefenderInstance spawned outside of Fortress, Castle or Siegable hall Zone! NpcId: 35010 x=-59771 y=-55819 z=-2038
[WARN ] 2022-04-04 10:13:34 L2DefenderInstance: L2DefenderInstance spawned outside of Fortress, Castle or Siegable hall Zone! NpcId: 35020 x=-59771 y=-55819 z=-2038
[WARN ] 2022-04-04 10:13:48 L2DefenderInstance: L2DefenderInstance spawned outside of Fortress, Castle or Siegable hall Zone! NpcId: 35030 x=-59771 y=-55819 z=-2038
[WARN ] 2022-04-04 10:14:05 L2DefenderInstance: L2DefenderInstance spawned outside of Fortress, Castle or Siegable hall Zone! NpcId: 35010 x=-59786 y=-55825 z=-2038
[WARN ] 2022-04-04 10:14:20 L2DefenderInstance: L2DefenderInstance spawned outside of Fortress, Castle or Siegable hall Zone! NpcId: 35020 x=-59786 y=-55825 z=-2038
[WARN ] 2022-04-04 10:14:36 L2DefenderInstance: L2DefenderInstance spawned outside of Fortress, Castle or Siegable hall Zone! NpcId: 35040 x=-59786 y=-55825 z=-2038
[WARN ] 2022-04-04 10:15:09 L2DefenderInstance: L2DefenderInstance spawned outside of Fortress, Castle or Siegable hall Zone! NpcId: 35050 x=-59786 y=-55825 z=-2038
[WARN ] 2022-04-04 10:15:40 L2DefenderInstance: L2DefenderInstance spawned outside of Fortress, Castle or Siegable hall Zone! NpcId: 35052 x=-59797 y=-55862 z=-2038
[WARN ] 2022-04-04 10:15:49 L2DefenderInstance: L2DefenderInstance spawned outside of Fortress, Castle or Siegable hall Zone! NpcId: 35053 x=-59797 y=-55862 z=-2038
[WARN ] 2022-04-04 10:16:21 L2DefenderInstance: L2DefenderInstance spawned outside of Fortress, Castle or Siegable hall Zone! NpcId: 35018 x=-59796 y=-55883 z=-2038
[WARN ] 2022-04-04 10:16:43 L2DefenderInstance: L2DefenderInstance spawned outside of Fortress, Castle or Siegable hall Zone! NpcId: 35023 x=-59865 y=-55911 z=-2038
[WARN ] 2022-04-04 10:17:08 L2DefenderInstance: L2DefenderInstance spawned outside of Fortress, Castle or Siegable hall Zone! NpcId: 35034 x=-59884 y=-55922 z=-2040
[WARN ] 2022-04-04 10:17:21 L2DefenderInstance: L2DefenderInstance spawned outside of Fortress, Castle or Siegable hall Zone! NpcId: 35010 x=-59884 y=-55922 z=-2040
[WARN ] 2022-04-04 10:17:26 L2DefenderInstance: L2DefenderInstance spawned outside of Fortress, Castle or Siegable hall Zone! NpcId: 35011 x=-59884 y=-55922 z=-2040
[WARN ] 2022-04-04 10:17:31 L2DefenderInstance: L2DefenderInstance spawned outside of Fortress, Castle or Siegable hall Zone! NpcId: 35012 x=-59884 y=-55922 z=-2040
[WARN ] 2022-04-04 10:17:36 L2DefenderInstance: L2DefenderInstance spawned outside of Fortress, Castle or Siegable hall Zone! NpcId: 35013 x=-59884 y=-55922 z=-2040
[WARN ] 2022-04-04 10:17:43 L2DefenderInstance: L2DefenderInstance spawned outside of Fortress, Castle or Siegable hall Zone! NpcId: 35014 x=-59884 y=-55922 z=-2040
[WARN ] 2022-04-04 10:18:21 L2DefenderInstance: L2DefenderInstance spawned outside of Fortress, Castle or Siegable hall Zone! NpcId: 35010 x=-59884 y=-55922 z=-2040
[WARN ] 2022-04-04 10:18:29 L2DefenderInstance: L2DefenderInstance spawned outside of Fortress, Castle or Siegable hall Zone! NpcId: 35013 x=-59884 y=-55922 z=-2040
[WARN ] 2022-04-04 10:18:38 L2DefenderInstance: L2DefenderInstance spawned outside of Fortress, Castle or Siegable hall Zone! NpcId: 35014 x=-59884 y=-55922 z=-2040
[WARN ] 2022-04-04 10:18:45 L2DefenderInstance: L2DefenderInstance spawned outside of Fortress, Castle or Siegable hall Zone! NpcId: 35015 x=-59884 y=-55922 z=-2040
[WARN ] 2022-04-04 10:18:50 L2DefenderInstance: L2DefenderInstance spawned outside of Fortress, Castle or Siegable hall Zone! NpcId: 35016 x=-59884 y=-55922 z=-2040
[WARN ] 2022-04-04 10:18:57 L2DefenderInstance: L2DefenderInstance spawned outside of Fortress, Castle or Siegable hall Zone! NpcId: 35017 x=-59884 y=-55922 z=-2040
[WARN ] 2022-04-04 10:19:04 L2DefenderInstance: L2DefenderInstance spawned outside of Fortress, Castle or Siegable hall Zone! NpcId: 35018 x=-59884 y=-55922 z=-2040
[WARN ] 2022-04-04 10:19:14 L2DefenderInstance: L2DefenderInstance spawned outside of Fortress, Castle or Siegable hall Zone! NpcId: 35019 x=-59884 y=-55922 z=-2040
[WARN ] 2022-04-04 10:19:20 L2DefenderInstance: L2DefenderInstance spawned outside of Fortress, Castle or Siegable hall Zone! NpcId: 35020 x=-59884 y=-55922 z=-2040
[WARN ] 2022-04-04 10:19:28 L2DefenderInstance: L2DefenderInstance spawned outside of Fortress, Castle or Siegable hall Zone! NpcId: 35021 x=-59884 y=-55922 z=-2040
[WARN ] 2022-04-04 10:19:34 L2DefenderInstance: L2DefenderInstance spawned outside of Fortress, Castle or Siegable hall Zone! NpcId: 35022 x=-59884 y=-55922 z=-2040
[WARN ] 2022-04-04 10:19:41 L2DefenderInstance: L2DefenderInstance spawned outside of Fortress, Castle or Siegable hall Zone! NpcId: 35023 x=-59884 y=-55922 z=-2040
[WARN ] 2022-04-04 10:19:49 L2DefenderInstance: L2DefenderInstance spawned outside of Fortress, Castle or Siegable hall Zone! NpcId: 35024 x=-59884 y=-55922 z=-2040
[WARN ] 2022-04-04 10:19:58 L2DefenderInstance: L2DefenderInstance spawned outside of Fortress, Castle or Siegable hall Zone! NpcId: 35025 x=-59884 y=-55922 z=-2040
[WARN ] 2022-04-04 10:20:07 L2DefenderInstance: L2DefenderInstance spawned outside of Fortress, Castle or Siegable hall Zone! NpcId: 35026 x=-59884 y=-55922 z=-2040
[WARN ] 2022-04-04 10:20:13 L2DefenderInstance: L2DefenderInstance spawned outside of Fortress, Castle or Siegable hall Zone! NpcId: 35027 x=-59884 y=-55922 z=-2040
[WARN ] 2022-04-04 10:20:20 L2DefenderInstance: L2DefenderInstance spawned outside of Fortress, Castle or Siegable hall Zone! NpcId: 35028 x=-59884 y=-55922 z=-2040
[WARN ] 2022-04-04 10:20:26 L2DefenderInstance: L2DefenderInstance spawned outside of Fortress, Castle or Siegable hall Zone! NpcId: 35029 x=-59884 y=-55922 z=-2040
[WARN ] 2022-04-04 10:20:32 L2DefenderInstance: L2DefenderInstance spawned outside of Fortress, Castle or Siegable hall Zone! NpcId: 35030 x=-59884 y=-55922 z=-2040
[WARN ] 2022-04-04 10:20:40 L2DefenderInstance: L2DefenderInstance spawned outside of Fortress, Castle or Siegable hall Zone! NpcId: 35031 x=-59884 y=-55922 z=-2040
[WARN ] 2022-04-04 10:20:50 L2DefenderInstance: L2DefenderInstance spawned outside of Fortress, Castle or Siegable hall Zone! NpcId: 35032 x=-59884 y=-55922 z=-2040
[WARN ] 2022-04-04 10:20:56 L2DefenderInstance: L2DefenderInstance spawned outside of Fortress, Castle or Siegable hall Zone! NpcId: 35033 x=-59884 y=-55922 z=-2040
[WARN ] 2022-04-04 10:21:05 L2DefenderInstance: L2DefenderInstance spawned outside of Fortress, Castle or Siegable hall Zone! NpcId: 35034 x=-59884 y=-55922 z=-2040
[WARN ] 2022-04-04 10:21:14 L2DefenderInstance: L2DefenderInstance spawned outside of Fortress, Castle or Siegable hall Zone! NpcId: 35035 x=-59884 y=-55922 z=-2040
[WARN ] 2022-04-04 10:21:20 L2DefenderInstance: L2DefenderInstance spawned outside of Fortress, Castle or Siegable hall Zone! NpcId: 35036 x=-59884 y=-55922 z=-2040
[WARN ] 2022-04-04 10:21:25 L2DefenderInstance: L2DefenderInstance spawned outside of Fortress, Castle or Siegable hall Zone! NpcId: 35037 x=-59884 y=-55922 z=-2040
[WARN ] 2022-04-04 10:21:30 L2DefenderInstance: L2DefenderInstance spawned outside of Fortress, Castle or Siegable hall Zone! NpcId: 35038 x=-59884 y=-55922 z=-2040
[WARN ] 2022-04-04 10:21:36 L2DefenderInstance: L2DefenderInstance spawned outside of Fortress, Castle or Siegable hall Zone! NpcId: 35039 x=-59884 y=-55922 z=-2040
[WARN ] 2022-04-04 10:21:42 L2DefenderInstance: L2DefenderInstance spawned outside of Fortress, Castle or Siegable hall Zone! NpcId: 35040 x=-59884 y=-55922 z=-2040
[WARN ] 2022-04-04 10:21:48 L2DefenderInstance: L2DefenderInstance spawned outside of Fortress, Castle or Siegable hall Zone! NpcId: 35041 x=-59884 y=-55922 z=-2040
[WARN ] 2022-04-04 10:21:56 L2DefenderInstance: L2DefenderInstance spawned outside of Fortress, Castle or Siegable hall Zone! NpcId: 35042 x=-59884 y=-55922 z=-2040
[WARN ] 2022-04-04 10:22:03 L2DefenderInstance: L2DefenderInstance spawned outside of Fortress, Castle or Siegable hall Zone! NpcId: 35043 x=-59920 y=-55910 z=-2038
[WARN ] 2022-04-04 10:22:10 L2DefenderInstance: L2DefenderInstance spawned outside of Fortress, Castle or Siegable hall Zone! NpcId: 35044 x=-59920 y=-55910 z=-2038
[WARN ] 2022-04-04 10:22:14 L2DefenderInstance: L2DefenderInstance spawned outside of Fortress, Castle or Siegable hall Zone! NpcId: 35045 x=-59920 y=-55910 z=-2038
[WARN ] 2022-04-04 10:22:19 L2DefenderInstance: L2DefenderInstance spawned outside of Fortress, Castle or Siegable hall Zone! NpcId: 35046 x=-59920 y=-55910 z=-2038
[WARN ] 2022-04-04 10:22:24 L2DefenderInstance: L2DefenderInstance spawned outside of Fortress, Castle or Siegable hall Zone! NpcId: 35047 x=-59920 y=-55910 z=-2038
[WARN ] 2022-04-04 10:22:29 L2DefenderInstance: L2DefenderInstance spawned outside of Fortress, Castle or Siegable hall Zone! NpcId: 35048 x=-59920 y=-55910 z=-2038
[WARN ] 2022-04-04 10:22:34 L2DefenderInstance: L2DefenderInstance spawned outside of Fortress, Castle or Siegable hall Zone! NpcId: 35049 x=-59920 y=-55910 z=-2038
[WARN ] 2022-04-04 10:22:39 L2DefenderInstance: L2DefenderInstance spawned outside of Fortress, Castle or Siegable hall Zone! NpcId: 35050 x=-59920 y=-55910 z=-2038
[WARN ] 2022-04-04 10:22:50 L2DefenderInstance: L2DefenderInstance spawned outside of Fortress, Castle or Siegable hall Zone! NpcId: 35051 x=-59920 y=-55910 z=-2038
[WARN ] 2022-04-04 10:22:56 L2DefenderInstance: L2DefenderInstance spawned outside of Fortress, Castle or Siegable hall Zone! NpcId: 35051 x=-59920 y=-55910 z=-2038
[WARN ] 2022-04-04 10:23:01 L2DefenderInstance: L2DefenderInstance spawned outside of Fortress, Castle or Siegable hall Zone! NpcId: 35052 x=-59920 y=-55910 z=-2038
[WARN ] 2022-04-04 10:23:07 L2DefenderInstance: L2DefenderInstance spawned outside of Fortress, Castle or Siegable hall Zone! NpcId: 35053 x=-59920 y=-55910 z=-2038
[WARN ] 2022-04-04 10:23:33 L2DefenderInstance: L2DefenderInstance spawned outside of Fortress, Castle or Siegable hall Zone! NpcId: 35054 x=-59920 y=-55910 z=-2038
[WARN ] 2022-04-04 10:23:55 L2DefenderInstance: L2DefenderInstance spawned outside of Fortress, Castle or Siegable hall Zone! NpcId: 35055 x=-59920 y=-55910 z=-2038
[WARN ] 2022-04-04 10:24:01 L2DefenderInstance: L2DefenderInstance spawned outside of Fortress, Castle or Siegable hall Zone! NpcId: 35056 x=-59920 y=-55910 z=-2038
[WARN ] 2022-04-04 10:24:07 L2DefenderInstance: L2DefenderInstance spawned outside of Fortress, Castle or Siegable hall Zone! NpcId: 35057 x=-59920 y=-55910 z=-2038
[WARN ] 2022-04-04 10:24:14 L2DefenderInstance: L2DefenderInstance spawned outside of Fortress, Castle or Siegable hall Zone! NpcId: 35058 x=-59920 y=-55910 z=-2038
[WARN ] 2022-04-04 10:24:20 L2DefenderInstance: L2DefenderInstance spawned outside of Fortress, Castle or Siegable hall Zone! NpcId: 35059 x=-59920 y=-55910 z=-2038
[WARN ] 2022-04-04 10:25:09 L2DefenderInstance: L2DefenderInstance spawned outside of Fortress, Castle or Siegable hall Zone! NpcId: 35064 x=-59920 y=-55910 z=-2038
[WARN ] 2022-04-04 10:25:20 L2DefenderInstance: L2DefenderInstance spawned outside of Fortress, Castle or Siegable hall Zone! NpcId: 35065 x=-59920 y=-55910 z=-2038
[WARN ] 2022-04-04 10:25:29 L2DefenderInstance: L2DefenderInstance spawned outside of Fortress, Castle or Siegable hall Zone! NpcId: 35066 x=-59920 y=-55910 z=-2038
[WARN ] 2022-04-04 10:25:36 L2DefenderInstance: L2DefenderInstance spawned outside of Fortress, Castle or Siegable hall Zone! NpcId: 35067 x=-59920 y=-55910 z=-2038
[WARN ] 2022-04-04 10:25:42 L2DefenderInstance: L2DefenderInstance spawned outside of Fortress, Castle or Siegable hall Zone! NpcId: 35068 x=-59920 y=-55910 z=-2038
[WARN ] 2022-04-04 10:25:47 L2DefenderInstance: L2DefenderInstance spawned outside of Fortress, Castle or Siegable hall Zone! NpcId: 35069 x=-59920 y=-55910 z=-2038
[WARN ] 2022-04-04 10:25:53 L2DefenderInstance: L2DefenderInstance spawned outside of Fortress, Castle or Siegable hall Zone! NpcId: 35070 x=-59920 y=-55910 z=-2038
[WARN ] 2022-04-04 10:26:17 L2DefenderInstance: L2DefenderInstance spawned outside of Fortress, Castle or Siegable hall Zone! NpcId: 35070 x=-59948 y=-55891 z=-2038
[WARN ] 2022-04-04 10:26:23 L2DefenderInstance: L2DefenderInstance spawned outside of Fortress, Castle or Siegable hall Zone! NpcId: 35071 x=-59948 y=-55891 z=-2038
[WARN ] 2022-04-04 10:26:28 L2DefenderInstance: L2DefenderInstance spawned outside of Fortress, Castle or Siegable hall Zone! NpcId: 35072 x=-59948 y=-55891 z=-2038
[WARN ] 2022-04-04 10:26:33 L2DefenderInstance: L2DefenderInstance spawned outside of Fortress, Castle or Siegable hall Zone! NpcId: 35073 x=-59948 y=-55891 z=-2038
[WARN ] 2022-04-04 10:26:42 L2DefenderInstance: L2DefenderInstance spawned outside of Fortress, Castle or Siegable hall Zone! NpcId: 35074 x=-59948 y=-55891 z=-2038
[WARN ] 2022-04-04 10:26:48 L2DefenderInstance: L2DefenderInstance spawned outside of Fortress, Castle or Siegable hall Zone! NpcId: 35075 x=-59948 y=-55891 z=-2038
[WARN ] 2022-04-04 10:26:53 L2DefenderInstance: L2DefenderInstance spawned outside of Fortress, Castle or Siegable hall Zone! NpcId: 35076 x=-59948 y=-55891 z=-2038
[WARN ] 2022-04-04 10:26:59 L2DefenderInstance: L2DefenderInstance spawned outside of Fortress, Castle or Siegable hall Zone! NpcId: 35077 x=-59948 y=-55891 z=-2038
[WARN ] 2022-04-04 10:27:04 L2DefenderInstance: L2DefenderInstance spawned outside of Fortress, Castle or Siegable hall Zone! NpcId: 35078 x=-59948 y=-55891 z=-2038
[WARN ] 2022-04-04 10:27:13 L2DefenderInstance: L2DefenderInstance spawned outside of Fortress, Castle or Siegable hall Zone! NpcId: 35079 x=-59948 y=-55891 z=-2038
[WARN ] 2022-04-04 10:27:21 L2DefenderInstance: L2DefenderInstance spawned outside of Fortress, Castle or Siegable hall Zone! NpcId: 35080 x=-59948 y=-55891 z=-2038
[WARN ] 2022-04-04 10:27:27 L2DefenderInstance: L2DefenderInstance spawned outside of Fortress, Castle or Siegable hall Zone! NpcId: 35081 x=-59948 y=-55891 z=-2038
[WARN ] 2022-04-04 10:27:36 L2DefenderInstance: L2DefenderInstance spawned outside of Fortress, Castle or Siegable hall Zone! NpcId: 35082 x=-59948 y=-55891 z=-2038
[WARN ] 2022-04-04 10:27:43 L2DefenderInstance: L2DefenderInstance spawned outside of Fortress, Castle or Siegable hall Zone! NpcId: 35083 x=-59948 y=-55891 z=-2038
[WARN ] 2022-04-04 10:27:49 L2DefenderInstance: L2DefenderInstance spawned outside of Fortress, Castle or Siegable hall Zone! NpcId: 35084 x=-59948 y=-55891 z=-2038
[WARN ] 2022-04-04 10:27:54 L2DefenderInstance: L2DefenderInstance spawned outside of Fortress, Castle or Siegable hall Zone! NpcId: 35085 x=-59948 y=-55891 z=-2038
[WARN ] 2022-04-04 10:27:57 L2DefenderInstance: L2DefenderInstance spawned outside of Fortress, Castle or Siegable hall Zone! NpcId: 35085 x=-59948 y=-55891 z=-2038
[WARN ] 2022-04-04 10:28:07 L2DefenderInstance: L2DefenderInstance spawned outside of Fortress, Castle or Siegable hall Zone! NpcId: 35086 x=-59948 y=-55891 z=-2038
[WARN ] 2022-04-04 10:28:55 L2GameServerPacket: missing html page data/html/doormen/35093-no.htm
[WARN ] 2022-04-04 10:36:29 L2DefenderInstance: L2DefenderInstance spawned outside of Fortress, Castle or Siegable hall Zone! NpcId: 35106 x=-59078 y=-56892 z=-2040
[WARN ] 2022-04-04 10:36:35 L2DefenderInstance: L2DefenderInstance spawned outside of Fortress, Castle or Siegable hall Zone! NpcId: 35107 x=-59078 y=-56892 z=-2040
[WARN ] 2022-04-04 10:36:41 L2DefenderInstance: L2DefenderInstance spawned outside of Fortress, Castle or Siegable hall Zone! NpcId: 35108 x=-59078 y=-56892 z=-2040
[WARN ] 2022-04-04 10:36:46 L2DefenderInstance: L2DefenderInstance spawned outside of Fortress, Castle or Siegable hall Zone! NpcId: 35109 x=-59078 y=-56892 z=-2040
[WARN ] 2022-04-04 10:36:52 L2DefenderInstance: L2DefenderInstance spawned outside of Fortress, Castle or Siegable hall Zone! NpcId: 35110 x=-59078 y=-56892 z=-2040
[WARN ] 2022-04-04 10:36:58 L2DefenderInstance: L2DefenderInstance spawned outside of Fortress, Castle or Siegable hall Zone! NpcId: 35111 x=-59078 y=-56892 z=-2040
[WARN ] 2022-04-04 10:37:03 L2DefenderInstance: L2DefenderInstance spawned outside of Fortress, Castle or Siegable hall Zone! NpcId: 35112 x=-59078 y=-56892 z=-2040
[WARN ] 2022-04-04 10:37:09 L2DefenderInstance: L2DefenderInstance spawned outside of Fortress, Castle or Siegable hall Zone! NpcId: 35113 x=-59078 y=-56892 z=-2040
[WARN ] 2022-04-04 10:37:15 L2DefenderInstance: L2DefenderInstance spawned outside of Fortress, Castle or Siegable hall Zone! NpcId: 35114 x=-59078 y=-56892 z=-2040
[WARN ] 2022-04-04 10:37:22 L2DefenderInstance: L2DefenderInstance spawned outside of Fortress, Castle or Siegable hall Zone! NpcId: 35115 x=-59078 y=-56892 z=-2040
[WARN ] 2022-04-04 10:42:39 L2DefenderInstance: L2DefenderInstance spawned outside of Fortress, Castle or Siegable hall Zone! NpcId: 35411 x=-59082 y=-56825 z=-2038
[WARN ] 2022-04-04 10:42:53 L2DefenderInstance: L2DefenderInstance spawned outside of Fortress, Castle or Siegable hall Zone! NpcId: 35412 x=-59082 y=-56825 z=-2038
[WARN ] 2022-04-04 10:44:29 L2DefenderInstance: L2DefenderInstance spawned outside of Fortress, Castle or Siegable hall Zone! NpcId: 35428 x=-59082 y=-56825 z=-2038
[WARN ] 2022-04-04 10:45:09 L2DefenderInstance: L2DefenderInstance spawned outside of Fortress, Castle or Siegable hall Zone! NpcId: 35470 x=-59082 y=-56825 z=-2038
[WARN ] 2022-04-04 10:45:15 L2DefenderInstance: L2DefenderInstance spawned outside of Fortress, Castle or Siegable hall Zone! NpcId: 35471 x=-59082 y=-56825 z=-2038
[WARN ] 2022-04-04 10:48:24 L2DefenderInstance: L2DefenderInstance spawned outside of Fortress, Castle or Siegable hall Zone! NpcId: 35630 x=-59082 y=-56825 z=-2038
[WARN ] 2022-04-04 10:48:33 L2DefenderInstance: L2DefenderInstance spawned outside of Fortress, Castle or Siegable hall Zone! NpcId: 35631 x=-59082 y=-56825 z=-2038
[WARN ] 2022-04-04 10:48:45 L2DefenderInstance: L2DefenderInstance spawned outside of Fortress, Castle or Siegable hall Zone! NpcId: 35632 x=-59082 y=-56825 z=-2038
[WARN ] 2022-04-04 10:48:58 L2DefenderInstance: L2DefenderInstance spawned outside of Fortress, Castle or Siegable hall Zone! NpcId: 35633 x=-59082 y=-56825 z=-2038
[WARN ] 2022-04-04 10:49:07 L2DefenderInstance: L2DefenderInstance spawned outside of Fortress, Castle or Siegable hall Zone! NpcId: 35634 x=-59082 y=-56825 z=-2038
[WARN ] 2022-04-04 10:49:12 L2DefenderInstance: L2DefenderInstance spawned outside of Fortress, Castle or Siegable hall Zone! NpcId: 35635 x=-59082 y=-56825 z=-2038
[WARN ] 2022-04-04 10:49:19 L2DefenderInstance: L2DefenderInstance spawned outside of Fortress, Castle or Siegable hall Zone! NpcId: 35636 x=-59082 y=-56825 z=-2038
[WARN ] 2022-04-04 10:49:26 L2DefenderInstance: L2DefenderInstance spawned outside of Fortress, Castle or Siegable hall Zone! NpcId: 35637 x=-59082 y=-56825 z=-2038
[WARN ] 2022-04-04 10:53:28 L2DefenderInstance: L2DefenderInstance spawned outside of Fortress, Castle or Siegable hall Zone! NpcId: 35670 x=-59082 y=-56825 z=-2038
[WARN ] 2022-04-04 10:53:39 L2DefenderInstance: L2DefenderInstance spawned outside of Fortress, Castle or Siegable hall Zone! NpcId: 35671 x=-59082 y=-56825 z=-2038
[WARN ] 2022-04-04 10:53:45 L2DefenderInstance: L2DefenderInstance spawned outside of Fortress, Castle or Siegable hall Zone! NpcId: 35672 x=-59082 y=-56825 z=-2038
[WARN ] 2022-04-04 10:53:51 L2DefenderInstance: L2DefenderInstance spawned outside of Fortress, Castle or Siegable hall Zone! NpcId: 35673 x=-59082 y=-56825 z=-2038
[WARN ] 2022-04-04 10:53:56 L2DefenderInstance: L2DefenderInstance spawned outside of Fortress, Castle or Siegable hall Zone! NpcId: 35674 x=-59082 y=-56825 z=-2038
[WARN ] 2022-04-04 10:54:10 L2DefenderInstance: L2DefenderInstance spawned outside of Fortress, Castle or Siegable hall Zone! NpcId: 35676 x=-59082 y=-56825 z=-2038
[WARN ] 2022-04-04 10:54:22 L2DefenderInstance: L2DefenderInstance spawned outside of Fortress, Castle or Siegable hall Zone! NpcId: 35677 x=-59089 y=-56857 z=-2038
[WARN ] 2022-04-04 10:54:29 L2DefenderInstance: L2DefenderInstance spawned outside of Fortress, Castle or Siegable hall Zone! NpcId: 35678 x=-59071 y=-56885 z=-2038
[WARN ] 2022-04-04 10:54:35 L2DefenderInstance: L2DefenderInstance spawned outside of Fortress, Castle or Siegable hall Zone! NpcId: 35679 x=-59071 y=-56885 z=-2038
[WARN ] 2022-04-04 10:54:42 L2DefenderInstance: L2DefenderInstance spawned outside of Fortress, Castle or Siegable hall Zone! NpcId: 35680 x=-59071 y=-56885 z=-2038
[WARN ] 2022-04-04 10:54:49 L2DefenderInstance: L2DefenderInstance spawned outside of Fortress, Castle or Siegable hall Zone! NpcId: 35681 x=-59067 y=-56916 z=-2040
[WARN ] 2022-04-04 10:54:56 L2DefenderInstance: L2DefenderInstance spawned outside of Fortress, Castle or Siegable hall Zone! NpcId: 35682 x=-59067 y=-56916 z=-2040
[WARN ] 2022-04-04 10:55:03 L2DefenderInstance: L2DefenderInstance spawned outside of Fortress, Castle or Siegable hall Zone! NpcId: 35683 x=-59067 y=-56916 z=-2040
[WARN ] 2022-04-04 10:55:09 L2DefenderInstance: L2DefenderInstance spawned outside of Fortress, Castle or Siegable hall Zone! NpcId: 35684 x=-59067 y=-56916 z=-2040
[WARN ] 2022-04-04 10:57:39 L2DefenderInstance: L2DefenderInstance spawned outside of Fortress, Castle or Siegable hall Zone! NpcId: 35711 x=-59095 y=-56900 z=-2038
[WARN ] 2022-04-04 10:57:55 L2DefenderInstance: L2DefenderInstance spawned outside of Fortress, Castle or Siegable hall Zone! NpcId: 35712 x=-59095 y=-56900 z=-2038
[WARN ] 2022-04-04 10:58:00 L2DefenderInstance: L2DefenderInstance spawned outside of Fortress, Castle or Siegable hall Zone! NpcId: 35713 x=-59095 y=-56900 z=-2038
[WARN ] 2022-04-04 10:58:05 L2DefenderInstance: L2DefenderInstance spawned outside of Fortress, Castle or Siegable hall Zone! NpcId: 35714 x=-59095 y=-56900 z=-2038
[WARN ] 2022-04-04 10:59:45 L2DefenderInstance: L2DefenderInstance spawned outside of Fortress, Castle or Siegable hall Zone! NpcId: 36520 x=-59095 y=-56900 z=-2038
[WARN ] 2022-04-04 10:59:50 L2DefenderInstance: L2DefenderInstance spawned outside of Fortress, Castle or Siegable hall Zone! NpcId: 36521 x=-59095 y=-56900 z=-2038
[WARN ] 2022-04-04 11:03:04 AbstractScript: Exception on onSpawn() in notifySpawn(): Cannot invoke "java.lang.Integer.intValue()" because the return value of "java.util.Map.get(Object)" is null
java.lang.NullPointerException: Cannot invoke "java.lang.Integer.intValue()" because the return value of "java.util.Map.get(Object)" is null
	at com.l2jserver.gameserver.model.entity.Fort.getCastleIdByAmbassador(Fort.java:853) ~[l2jserver.jar:?]
	at com.l2jserver.gameserver.model.entity.Fort.getCastleByAmbassador(Fort.java:861) ~[l2jserver.jar:?]
	at com.l2jserver.datapack.ai.npc.CastleAmbassador.CastleAmbassador.onSpawn(CastleAmbassador.java:138) ~[?:?]
	at com.l2jserver.gameserver.model.quest.Quest.notifySpawn(Quest.java:439) ~[l2jserver.jar:?]
	at com.l2jserver.gameserver.model.quest.Quest.lambda$addSpawnId$15(Quest.java:1632) ~[l2jserver.jar:?]
	at com.l2jserver.gameserver.model.events.listeners.ConsumerEventListener.executeEvent(ConsumerEventListener.java:43) ~[l2jserver.jar:?]
	at com.l2jserver.gameserver.model.events.EventDispatcher.notifyToListeners(EventDispatcher.java:183) ~[l2jserver.jar:?]
	at com.l2jserver.gameserver.model.events.EventDispatcher.notifyEventToMultipleContainers(EventDispatcher.java:129) ~[l2jserver.jar:?]
	at com.l2jserver.gameserver.model.events.EventDispatcher.lambda$notifyEventAsync$0(EventDispatcher.java:82) ~[l2jserver.jar:?]
	at com.l2jserver.gameserver.ThreadPoolManager$RunnableWrapper.run(ThreadPoolManager.java:86) [l2jserver.jar:?]
	at java.util.concurrent.ThreadPoolExecutor.runWorker(ThreadPoolExecutor.java:1136) [?:?]
	at java.util.concurrent.ThreadPoolExecutor$Worker.run(ThreadPoolExecutor.java:635) [?:?]
	at java.lang.Thread.run(Thread.java:833) [?:?]
