[INFO ] 2022-03-13 01:49:27 GameServer: ------------------------------------------------=[ Database ]
[INFO ] 2022-03-13 01:49:27 GameServer: -----------------------------------=[ Network Configuration ]
[INFO ] 2022-03-13 01:49:27 IPConfigData: Using automatic network configuration.
[INFO ] 2022-03-13 01:49:27 IPConfigData: Adding new subnet: 127.0.0.0/8 address: 127.0.0.1
[INFO ] 2022-03-13 01:49:27 IPConfigData: Adding new subnet: 192.168.1.0/24 address: 192.168.1.22
[INFO ] 2022-03-13 01:49:27 IPConfigData: Adding new subnet: 0.0.0.0/0 address: 86.236.191.224
[INFO ] 2022-03-13 01:49:27 HikariDataSource: HikariPool-1 - Starting...
[INFO ] 2022-03-13 01:49:27 HikariDataSource: HikariPool-1 - Start completed.
[INFO ] 2022-03-13 01:49:27 IdFactory: Updated characters online status.
[INFO ] 2022-03-13 01:49:27 IdFactory: Cleaned 0 elements from database in 0s.
[INFO ] 2022-03-13 01:49:27 IdFactory: Cleaned 0 expired timestamps from database.
[INFO ] 2022-03-13 01:49:27 BitSetIDFactory: 102912 Ids available.
[INFO ] 2022-03-13 01:49:27 GameServer: ---------------------------------------------------=[ World ]
[INFO ] 2022-03-13 01:49:27 InstanceManager: Multiverse Instance created.
[INFO ] 2022-03-13 01:49:27 InstanceManager: Universe Instance created.
[INFO ] 2022-03-13 01:49:27 InstanceManager: Loaded 160 instance names.
[INFO ] 2022-03-13 01:49:28 L2World: 128 by 136 world region grid set up.
[INFO ] 2022-03-13 01:49:28 MapRegionManager: Loaded 57 map regions.
[INFO ] 2022-03-13 01:49:28 GlobalVariablesManager: Loaded 7 variables.
[INFO ] 2022-03-13 01:49:28 GameServer: ----------------------------------------------------=[ Data ]
[INFO ] 2022-03-13 01:49:28 CategoryData: Loaded 124 Categories.
[INFO ] 2022-03-13 01:49:28 SecondaryAuthData: Loaded 328 forbidden passwords.
[INFO ] 2022-03-13 01:49:28 GameServer: -------------------------------------------------=[ Effects ]
[INFO ] 2022-03-13 01:49:30 EffectMasterHandler: Loaded 169 effect handlers.
[INFO ] 2022-03-13 01:49:30 GameServer: ------------------------------------=[ Enchant Skill Groups ]
[INFO ] 2022-03-13 01:49:30 EnchantSkillGroupsData: Loaded 4 groups and 90 routes.
[INFO ] 2022-03-13 01:49:30 GameServer: ---------------------------------------------=[ Skill Trees ]
[INFO ] 2022-03-13 01:49:30 SkillTreesData: Loaded 17176 Class Skills for 103 Class Skill Trees.
[INFO ] 2022-03-13 01:49:30 SkillTreesData: Loaded 76 Sub-Class Skills.
[INFO ] 2022-03-13 01:49:30 SkillTreesData: Loaded 77 Transfer Skills for 3 Transfer Skill Trees.
[INFO ] 2022-03-13 01:49:30 SkillTreesData: Loaded 117 Fishing Skills, 8 Dwarven only Fishing Skills.
[INFO ] 2022-03-13 01:49:30 SkillTreesData: Loaded 3 Collect Skills.
[INFO ] 2022-03-13 01:49:30 SkillTreesData: Loaded 74 Pledge Skills, 44 for Pledge and 30 Residential.
[INFO ] 2022-03-13 01:49:30 SkillTreesData: Loaded 18 Sub-Pledge Skills.
[INFO ] 2022-03-13 01:49:30 SkillTreesData: Loaded 32 Transform Skills.
[INFO ] 2022-03-13 01:49:30 SkillTreesData: Loaded 8 Noble Skills.
[INFO ] 2022-03-13 01:49:30 SkillTreesData: Loaded 5 Hero Skills.
[INFO ] 2022-03-13 01:49:30 SkillTreesData: Loaded 46 Game Master Skills.
[INFO ] 2022-03-13 01:49:30 SkillTreesData: Loaded 46 Game Master Aura Skills.
[INFO ] 2022-03-13 01:49:30 GameServer: --------------------------------------------------=[ Skills ]
[INFO ] 2022-03-13 01:49:39 DocumentEngine: Loaded 65976 skill templates from XML files.
[INFO ] 2022-03-13 01:49:39 SummonSkillsTable: Loaded 1891 summon skills.
[INFO ] 2022-03-13 01:49:39 GameServer: ---------------------------------------------------=[ Items ]
[INFO ] 2022-03-13 01:49:40 ItemTable: Highest item Id used 22567.
[INFO ] 2022-03-13 01:49:40 ItemTable: Loaded 11481 Etc items.
[INFO ] 2022-03-13 01:49:40 ItemTable: Loaded 3825 Armor items.
[INFO ] 2022-03-13 01:49:40 ItemTable: Loaded 3893 Weapon items.
[INFO ] 2022-03-13 01:49:40 ItemTable: Loaded 19199 items in total.
[INFO ] 2022-03-13 01:49:40 EnchantItemGroupsData: Loaded 4 item group templates.
[INFO ] 2022-03-13 01:49:40 EnchantItemGroupsData: Loaded 1 scroll group templates.
[INFO ] 2022-03-13 01:49:40 EnchantItemData: Loaded 63 enchant scrolls.
[INFO ] 2022-03-13 01:49:40 EnchantItemData: Loaded 20 support items.
[INFO ] 2022-03-13 01:49:40 EnchantItemOptionsData: Loaded 23 items and 1093 options.
[INFO ] 2022-03-13 01:49:41 OptionData: Loaded 24985 item options.
[INFO ] 2022-03-13 01:49:41 EnchantItemHPBonusData: Loaded 6 Enchant HP Bonuses.
[INFO ] 2022-03-13 01:49:41 MerchantPriceConfigTable: Loaded 28 merchant price configs.
[WARN ] 2022-03-13 01:49:42 IXmlReader: BuyListData: Folder E:\l2jserver\server\Game\data\buylists\custom doesn't exist!
[INFO ] 2022-03-13 01:49:42 BuyListData: Loaded 760 buy lists.
[WARN ] 2022-03-13 01:49:42 IXmlReader: MultisellData: Folder E:\l2jserver\server\Game\data\multisell\custom doesn't exist!
[INFO ] 2022-03-13 01:49:42 MultisellData: Loaded 192 multisell lists.
[INFO ] 2022-03-13 01:49:42 RecipeData: Loaded 1000 recipes.
[INFO ] 2022-03-13 01:49:42 ArmorSetsData: Loaded 204 armor sets.
[INFO ] 2022-03-13 01:49:42 FishData: Loaded 278 fish.
[INFO ] 2022-03-13 01:49:42 FishingMonstersData: Loaded 8 fishing monsters.
[INFO ] 2022-03-13 01:49:42 FishingRodsData: Loaded 6 fishing rods.
[INFO ] 2022-03-13 01:49:42 HennaData: Loaded 180 Henna data.
[INFO ] 2022-03-13 01:49:42 GameServer: ----------------------------------------------=[ Characters ]
[INFO ] 2022-03-13 01:49:42 ClassListData: Loaded 107 class data.
[INFO ] 2022-03-13 01:49:42 InitialEquipmentData: Loaded 11 initial equipment data.
[INFO ] 2022-03-13 01:49:42 InitialShortcutData: Loaded 5 initial dlobal shortcuts data.
[INFO ] 2022-03-13 01:49:42 InitialShortcutData: Loaded 4 initial shortcuts data.
[INFO ] 2022-03-13 01:49:42 InitialShortcutData: Loaded 0 macros presets.
[INFO ] 2022-03-13 01:49:42 KarmaData: Loaded 85 karma modifiers.
[INFO ] 2022-03-13 01:49:42 HitConditionBonusData: Loaded Hit Condition bonuses.
[INFO ] 2022-03-13 01:49:43 PlayerTemplateData: Loaded 103 character templates.
[INFO ] 2022-03-13 01:49:43 PlayerTemplateData: Loaded 52530 level up gain records.
[INFO ] 2022-03-13 01:49:43 PlayerCreationPointData: Loaded 62 character creation points.
[INFO ] 2022-03-13 01:49:43 CharNameTable: Loaded 1 char names.
[INFO ] 2022-03-13 01:49:43 AdminData: Loaded 10 access levels.
[INFO ] 2022-03-13 01:49:43 AdminData: Loaded 444 access commands.
[INFO ] 2022-03-13 01:49:43 RaidBossPointsManager: Loaded 0 characters raid points.
[INFO ] 2022-03-13 01:49:43 PetDataTable: Loaded 52 Pets.
[INFO ] 2022-03-13 01:49:43 GameServer: -----------------------------------------------------=[ BBS ]
[INFO ] 2022-03-13 01:49:43 ForumsBBSManager: Loaded 4 forums.
[INFO ] 2022-03-13 01:49:43 GameServer: ---------------------------------------------------=[ Clans ]
[INFO ] 2022-03-13 01:49:43 ClanTable: Restored 0 clans from the database.
[INFO ] 2022-03-13 01:49:43 AuctionManager: Loaded 38 auction(s).
[INFO ] 2022-03-13 01:49:43 ClanHallManager: Loaded 0 clan halls.
[INFO ] 2022-03-13 01:49:43 ClanHallManager: Loaded 38 free clan halls.
[INFO ] 2022-03-13 01:49:43 ClanHallSiegeManager: Loaded 6 conquerable clan halls.
[INFO ] 2022-03-13 01:49:43 GameServer: -------------------------------------------------=[ Geodata ]
[INFO ] 2022-03-13 01:49:43 GeoData: Loaded 0 regions.
[INFO ] 2022-03-13 01:49:43 GameServer: ----------------------------------------------------=[ NPCs ]
[INFO ] 2022-03-13 01:49:43 SkillLearnData: Loaded 256 skill learn data.
[INFO ] 2022-03-13 01:49:43 NpcData$MinionData: Loaded 128 minions data.
[INFO ] 2022-03-13 01:49:45 NpcData: Loaded 10461 NPCs.
[INFO ] 2022-03-13 01:49:45 NpcData: Loaded 10 custom NPCs.
[INFO ] 2022-03-13 01:49:46 WalkingManager: Loaded 127 walking routes.
[INFO ] 2022-03-13 01:49:46 StaticObjectData: Loaded 51 static object templates.
[INFO ] 2022-03-13 01:49:46 GrandBossManager: Queen Ant (29001) status is 0.
[INFO ] 2022-03-13 01:49:46 GrandBossManager: Core (29006) status is 0.
[INFO ] 2022-03-13 01:49:46 GrandBossManager: Orfen (29014) status is 0.
[INFO ] 2022-03-13 01:49:46 GrandBossManager: Baium (29020) status is 0.
[INFO ] 2022-03-13 01:49:46 GrandBossManager: Valakas (29028) status is 0.
[INFO ] 2022-03-13 01:49:46 GrandBossManager: Antharas (29068) status is 0.
[INFO ] 2022-03-13 01:49:46 GrandBossManager: Beleth (29118) status is 0.
[INFO ] 2022-03-13 01:49:46 GrandBossManager: Loaded 7 grand boss instances.
[INFO ] 2022-03-13 01:49:47 DoorData: Loaded 1301 door templates for 22 regions.
[INFO ] 2022-03-13 01:49:48 ZoneManager: Loaded 28 zone classes and 2794 zones.
[INFO ] 2022-03-13 01:49:48 ZoneManager: Loaded 0 NPC spawn territoriers.
[INFO ] 2022-03-13 01:49:48 CastleManager: Loaded 9 castles.
[INFO ] 2022-03-13 01:49:48 NpcBufferTable: Loaded 2 buffers and 64 skills.
[INFO ] 2022-03-13 01:49:48 GrandBossManager: Initialized 12 grand boss zones.
[INFO ] 2022-03-13 01:49:48 GameServer: -----------------------------------------=[ Auction Manager ]
[INFO ] 2022-03-13 01:49:48 ItemAuctionInstance: Loaded 82 item(s) and registered 2 auction(s) for NPC ID 32320.
[INFO ] 2022-03-13 01:49:48 ItemAuctionInstance: Schedule next auction ID 6 on 17:00:00 18.03.22 for NPC ID 32320.
[INFO ] 2022-03-13 01:49:48 ItemAuctionInstance: Loaded 82 item(s) and registered 2 auction(s) for NPC ID 32321.
[INFO ] 2022-03-13 01:49:48 ItemAuctionInstance: Schedule next auction ID 4 on 17:00:00 14.03.22 for NPC ID 32321.
[INFO ] 2022-03-13 01:49:48 ItemAuctionInstance: Loaded 82 item(s) and registered 2 auction(s) for NPC ID 32322.
[INFO ] 2022-03-13 01:49:48 ItemAuctionInstance: Schedule next auction ID 5 on 17:00:00 16.03.22 for NPC ID 32322.
[INFO ] 2022-03-13 01:49:48 ItemAuctionManager: Loaded 3 auction manager instance(s).
[INFO ] 2022-03-13 01:49:48 GameServer: ------------------------------------------------=[ Olympiad ]
[INFO ] 2022-03-13 01:49:48 Olympiad: Loading Olympiad System....
[INFO ] 2022-03-13 01:49:48 Olympiad: Currently in Olympiad Period
[INFO ] 2022-03-13 01:49:48 Olympiad: 27910 minutes until period ends
[INFO ] 2022-03-13 01:49:48 Olympiad: Next weekly change is in 2287 minutes
[INFO ] 2022-03-13 01:49:48 Olympiad: Loaded 0 Nobles
[INFO ] 2022-03-13 01:49:48 Olympiad: Competition Period Starts in 0 days, 16 hours and 11 mins.
[INFO ] 2022-03-13 01:49:48 Olympiad: Event starts/started : Sun Mar 13 18:00:48 CET 2022
[INFO ] 2022-03-13 01:49:48 Hero: Loaded 0 Heroes.
[INFO ] 2022-03-13 01:49:48 Hero: Loaded 0 all time Heroes.
[INFO ] 2022-03-13 01:49:48 GameServer: ---------------------------------------------=[ Seven Signs ]
[INFO ] 2022-03-13 01:49:48 SevenSigns: Currently in the Seal Validation period.
[INFO ] 2022-03-13 01:49:48 SevenSigns: The Seal of Avarice remains unclaimed.
[INFO ] 2022-03-13 01:49:48 SevenSigns: The Seal of Gnosis remains unclaimed.
[INFO ] 2022-03-13 01:49:48 SevenSigns: The Seal of Strife remains unclaimed.
[INFO ] 2022-03-13 01:49:48 SevenSigns: The competition ended with a tie last week.
[INFO ] 2022-03-13 01:49:48 SevenSigns: Next period change set to 2022-03-14T18:00:48.113+0100.
[INFO ] 2022-03-13 01:49:48 SevenSigns: Next period begins in 1 days, 16 hours and 10 mins.
[INFO ] 2022-03-13 01:49:48 GameServer: ---------------------------------------------------=[ Cache ]
[INFO ] 2022-03-13 01:49:48 HtmCache: Running lazy cache.
[INFO ] 2022-03-13 01:49:48 CrestTable: Loaded 0 crests.
[INFO ] 2022-03-13 01:49:48 TeleportLocationTable: Loaded 957 teleport location templates.
[INFO ] 2022-03-13 01:49:48 UIData: Loaded 4 keys 5 categories.
[INFO ] 2022-03-13 01:49:48 AugmentationData: Loaded 33960 augmentations.
[INFO ] 2022-03-13 01:49:48 AugmentationData: Loaded 2754 accessory augmentations.
[INFO ] 2022-03-13 01:49:48 CursedWeaponsManager: Loaded 2 cursed weapon(s).
[INFO ] 2022-03-13 01:49:48 TransformData: Loaded 111 transform templates.
[INFO ] 2022-03-13 01:49:48 BotReportTable: Loaded 0 bot reports.
[INFO ] 2022-03-13 01:49:48 AirShipManager: Loaded 0 private airships.
[INFO ] 2022-03-13 01:49:48 GameServer: ------------------------------------------------=[ Handlers ]
[INFO ] 2022-03-13 01:49:51 MasterHandler: Loaded 5 Voiced Command Handler.
[INFO ] 2022-03-13 01:49:51 MasterHandler: Loaded 10 Action Handler.
[INFO ] 2022-03-13 01:49:51 MasterHandler: Loaded 6 Action Shift Handler.
[INFO ] 2022-03-13 01:49:51 MasterHandler: Loaded 447 Admin Command Handler.
[INFO ] 2022-03-13 01:49:51 MasterHandler: Loaded 48 Bypass Handler.
[INFO ] 2022-03-13 01:49:51 MasterHandler: Loaded 14 Chat Handler.
[INFO ] 2022-03-13 01:49:51 MasterHandler: Loaded 15 Community Board Handler.
[INFO ] 2022-03-13 01:49:51 MasterHandler: Loaded 31 Item Handler.
[INFO ] 2022-03-13 01:49:51 MasterHandler: Loaded 3 Punishment Handler.
[INFO ] 2022-03-13 01:49:51 MasterHandler: Loaded 17 User Command Handler.
[INFO ] 2022-03-13 01:49:51 MasterHandler: Loaded 20 Telnet Handler.
[INFO ] 2022-03-13 01:49:51 GameServer: ------------------------------------------------------=[ AI ]
[INFO ] 2022-03-13 01:49:54 NpcBuffersData: Loaded 33 buffers data.
[INFO ] 2022-03-13 01:49:54 HandysBlockCheckerEvent: Loaded Handy's Block Checker event.
[INFO ] 2022-03-13 01:49:54 AILoader: Loaded 179 AI scripts.
[INFO ] 2022-03-13 01:49:54 GameServer: -----------------------------------------------=[ Instances ]
[INFO ] 2022-03-13 01:49:55 InstanceLoader: Loaded 30 instnaces.
[INFO ] 2022-03-13 01:49:55 GameServer: --------------------------------------------------=[ Gracia ]
[INFO ] 2022-03-13 01:49:59 GraciaLoader: Loaded 28 Gracia scripts.
[INFO ] 2022-03-13 01:49:59 GameServer: -----------------------------------------------=[ Hellbound ]
[INFO ] 2022-03-13 01:49:59 HellboundPointData: Loaded 47 trust point reward data.
[INFO ] 2022-03-13 01:49:59 HellboundSpawns: Loaded 598 Hellbound spawns.
[INFO ] 2022-03-13 01:49:59 HellboundEngine: Level 0.
[INFO ] 2022-03-13 01:49:59 HellboundEngine: Trust 0.
[INFO ] 2022-03-13 01:49:59 HellboundEngine: Status locked.
[INFO ] 2022-03-13 01:49:59 RaidBossSpawnManager: Spawning raid bosses...
[INFO ] 2022-03-13 01:49:59 RaidBossSpawnManager: Loaded 187 bosses.
[INFO ] 2022-03-13 01:49:59 RaidBossSpawnManager: Scheduled 0 boss instances.
[INFO ] 2022-03-13 01:49:59 HellboundLoader: Loaded 34 Hellbound scripts.
[INFO ] 2022-03-13 01:49:59 GameServer: --------------------------------------------------=[ Quests ]
[INFO ] 2022-03-13 01:50:06 Q00350_EnhanceYourWeapon: Loaded 54 soul crystal data.
[INFO ] 2022-03-13 01:50:06 Q00350_EnhanceYourWeapon: Loaded 240 npc leveling data.
[INFO ] 2022-03-13 01:50:06 QuestLoader: Loaded 502 quests.
[INFO ] 2022-03-13 01:50:06 AbstractScript: TerritoryWarSuperClass: Siege date: Sun Mar 13 22:00:00 CET 2022
[INFO ] 2022-03-13 01:50:06 GameServer: -------------------------------------------------=[ Scripts ]
[INFO ] 2022-03-13 01:50:07 ClanHallSiegeEngine: Fortress of the Dead siege scheduled for 2022-03-20T12:00:00.161+0100.
[INFO ] 2022-03-13 01:50:07 DiscordBot: Discord Bot is Disabled.
[INFO ] 2022-03-13 01:50:07 ClanHallSiegeEngine: Beast Farm siege scheduled for 2022-03-20T12:00:00.161+0100.
[INFO ] 2022-03-13 01:50:07 ClanHallSiegeEngine: Rainbow Springs siege scheduled for 2022-03-20T12:00:00.160+0100.
[INFO ] 2022-03-13 01:50:07 TeleporterService: Disabled.
[INFO ] 2022-03-13 01:50:07 BufferService: Disabled.
[INFO ] 2022-03-13 01:50:07 ClanHallSiegeEngine: Bandit Stronghold siege scheduled for 2022-03-20T12:00:00.160+0100.
[INFO ] 2022-03-13 01:50:07 ClanHallSiegeEngine: Devastated Castle siege scheduled for 2022-03-20T12:00:00.159+0100.
[INFO ] 2022-03-13 01:50:07 ClanHallSiegeEngine: Fortress of Resistance siege scheduled for 2022-03-20T12:00:00.086+0100.
[INFO ] 2022-03-13 01:50:10 SpawnTable: Loaded 3774 NPC spawns.
[INFO ] 2022-03-13 01:50:10 SpawnTable: Loaded 0 custom NPC spawns.
[INFO ] 2022-03-13 01:50:10 SpawnTable: Loaded 1190 NPC spawns from XML.
[INFO ] 2022-03-13 01:50:10 DayNightSpawnManager: Removed 0 night creatures.
[INFO ] 2022-03-13 01:50:10 DayNightSpawnManager: Spawned 232 day creatures.
[INFO ] 2022-03-13 01:50:10 FourSepulchersManager: Loaded 20 Mysterious-Box spawns.
[INFO ] 2022-03-13 01:50:10 FourSepulchersManager: Loaded 716 Physical type monsters spawns.
[INFO ] 2022-03-13 01:50:10 FourSepulchersManager: Loaded 716 Magical monsters spawns.
[INFO ] 2022-03-13 01:50:10 FourSepulchersManager: Loaded 92 Church of duke monsters spawns.
[INFO ] 2022-03-13 01:50:10 FourSepulchersManager: Loaded 68 Emperor's Grave spawns.
[INFO ] 2022-03-13 01:50:10 FourSepulchersManager: Spawned Conquerors' Sepulcher Manager.
[INFO ] 2022-03-13 01:50:10 FourSepulchersManager: Spawned Emperors' Sepulcher Manager.
[INFO ] 2022-03-13 01:50:10 FourSepulchersManager: Spawned Great Sages' Sepulcher Manager.
[INFO ] 2022-03-13 01:50:10 FourSepulchersManager: Spawned Judges' Sepulcher Manager.
[INFO ] 2022-03-13 01:50:10 FourSepulchersManager: Beginning in cooldown time.
[INFO ] 2022-03-13 01:50:10 DimensionalRiftManager: Loaded 7 room types with 56 rooms.
[INFO ] 2022-03-13 01:50:10 DimensionalRiftManager: Loaded 462 Dimensional Rift spawns.
[INFO ] 2022-03-13 01:50:10 GameServer: ---------------------------------------------------=[ Siege ]
[INFO ] 2022-03-13 01:50:10 Siege: Siege of Gludio: 2022-03-20T16:00:00.857+0100.
[INFO ] 2022-03-13 01:50:10 Siege: Siege of Dion: 2022-03-20T16:00:00.865+0100.
[INFO ] 2022-03-13 01:50:10 Siege: Siege of Giran: 2022-03-20T16:00:00.866+0100.
[INFO ] 2022-03-13 01:50:10 Siege: Siege of Oren: 2022-03-20T16:00:00.867+0100.
[INFO ] 2022-03-13 01:50:10 Siege: Siege of Aden: 2022-03-20T16:00:00.868+0100.
[INFO ] 2022-03-13 01:50:10 Siege: Siege of Innadril: 2022-03-20T20:00:00.869+0100.
[INFO ] 2022-03-13 01:50:10 Siege: Siege of Goddard: 2022-03-20T20:00:00.869+0100.
[INFO ] 2022-03-13 01:50:10 Siege: Siege of Rune: 2022-03-20T20:00:00.870+0100.
[INFO ] 2022-03-13 01:50:10 Siege: Siege of Schuttgart: 2022-03-20T20:00:00.871+0100.
[INFO ] 2022-03-13 01:50:10 FortManager: Loaded 21 fortress.
[INFO ] 2022-03-13 01:50:10 SiegeScheduleData: Loaded 2 siege schedulers.
[INFO ] 2022-03-13 01:50:10 CastleManorManager: Loaded 258 seeds.
[INFO ] 2022-03-13 01:50:10 CastleManorManager: Manor data loaded.
[INFO ] 2022-03-13 01:50:10 MercTicketManager: Loaded 0 mercenary tickets.
[INFO ] 2022-03-13 01:50:10 AutoSpawnHandler: Loaded 129 handlers.
[INFO ] 2022-03-13 01:50:10 SevenSignsFestival: Initialization bypassed due to Seal Validation in effect.
[INFO ] 2022-03-13 01:50:10 FaenorEventParser: Event Id Valentines Event has passed... Ignored.
[INFO ] 2022-03-13 01:50:10 FaenorScriptEngine: Loaded Valentines.xml successfully.
[INFO ] 2022-03-13 01:50:10 TaskManager: Loaded 13 tasks.
[INFO ] 2022-03-13 01:50:10 MailManager: Successfully loaded 0 messages.
[INFO ] 2022-03-13 01:50:10 PunishmentManager: Loaded 0 active and 0 expired punishments.
[INFO ] 2022-03-13 01:50:10 GameServer: Free Object Ids remaining 1879002431.
[INFO ] 2022-03-13 01:50:10 TvTManager: Engine is disabled.
[INFO ] 2022-03-13 01:50:11 GameServer: Started, free memory 1578 Mb of 2048 Mb
[INFO ] 2022-03-13 01:50:11 LoginServerThread: Connecting to login server on 127.0.0.1:9014
[INFO ] 2022-03-13 01:50:11 LoginServerThread: Registered on login as Server 1: Bartz
[INFO ] 2022-03-13 01:50:11 GameServer: Now listening on *:7777
[INFO ] 2022-03-13 01:50:11 GameServer: ----------------------------------------------------=[ UPnP ]
[INFO ] 2022-03-13 01:50:11 UPnPService: Looking for UPnP Gateway Devices...
[INFO ] 2022-03-13 01:50:11 UPnPService: Using UPnP gateway: Orange Livebox
[INFO ] 2022-03-13 01:50:11 UPnPService: Using local address: 192.168.1.22 External address: 86.236.191.224
[INFO ] 2022-03-13 01:50:11 UPnPService: Mapping successful on 192.168.1.22:7777
[INFO ] 2022-03-13 01:50:11 GameServer: Telnet server is currently disabled.
[INFO ] 2022-03-13 01:50:11 GameServer: Maximum numbers of connected players 500.
[INFO ] 2022-03-13 01:50:11 GameServer: Server Bartz loaded in 44 seconds.
[INFO ] 2022-03-13 01:50:32 L2PcInstance: Master access level set for character Gmtech [268481866].
[INFO ] 2022-03-13 01:58:31 GlobalVariablesManager: Stored 7 variables.
[INFO ] 2022-03-13 02:20:10 TaskSevenSignsUpdate: Data updated successfully.
[INFO ] 2022-03-13 02:28:30 GlobalVariablesManager: Stored 7 variables.
