[INFO ] 2022-04-15 06:11:16 GameServer: ------------------------------------------------=[ Database ]
[INFO ] 2022-04-15 06:11:16 GameServer: -----------------------------------=[ Network Configuration ]
[INFO ] 2022-04-15 06:11:16 IPConfigData: Using automatic network configuration.
[INFO ] 2022-04-15 06:11:16 IPConfigData: Adding new subnet: 127.0.0.0/8 address: 127.0.0.1
[INFO ] 2022-04-15 06:11:16 IPConfigData: Adding new subnet: 192.168.1.0/24 address: 192.168.1.22
[INFO ] 2022-04-15 06:11:16 IPConfigData: Adding new subnet: 0.0.0.0/0 address: 90.63.83.82
[INFO ] 2022-04-15 06:11:16 HikariDataSource: HikariPool-1 - Starting...
[INFO ] 2022-04-15 06:11:16 HikariDataSource: HikariPool-1 - Start completed.
[INFO ] 2022-04-15 06:11:16 IdFactory: Updated characters online status.
[INFO ] 2022-04-15 06:11:16 IdFactory: Cleaned 0 elements from database in 0s.
[INFO ] 2022-04-15 06:11:16 IdFactory: Cleaned 0 expired timestamps from database.
[INFO ] 2022-04-15 06:11:16 BitSetIDFactory: 102912 Ids available.
[INFO ] 2022-04-15 06:11:16 GameServer: ---------------------------------------------------=[ World ]
[INFO ] 2022-04-15 06:11:16 InstanceManager: Multiverse Instance created.
[INFO ] 2022-04-15 06:11:16 InstanceManager: Universe Instance created.
[INFO ] 2022-04-15 06:11:17 InstanceManager: Loaded 160 instance names.
[INFO ] 2022-04-15 06:11:17 L2World: 128 by 136 world region grid set up.
[INFO ] 2022-04-15 06:11:17 MapRegionManager: Loaded 57 map regions.
[INFO ] 2022-04-15 06:11:17 GlobalVariablesManager: Loaded 8 variables.
[INFO ] 2022-04-15 06:11:17 GameServer: ----------------------------------------------------=[ Data ]
[INFO ] 2022-04-15 06:11:17 CategoryData: Loaded 124 Categories.
[INFO ] 2022-04-15 06:11:17 SecondaryAuthData: Loaded 328 forbidden passwords.
[INFO ] 2022-04-15 06:11:17 GameServer: -------------------------------------------------=[ Effects ]
[INFO ] 2022-04-15 06:11:19 EffectMasterHandler: Loaded 169 effect handlers.
[INFO ] 2022-04-15 06:11:19 GameServer: ------------------------------------=[ Enchant Skill Groups ]
[INFO ] 2022-04-15 06:11:19 EnchantSkillGroupsData: Loaded 4 groups and 90 routes.
[INFO ] 2022-04-15 06:11:19 GameServer: ---------------------------------------------=[ Skill Trees ]
[INFO ] 2022-04-15 06:11:19 SkillTreesData: Loaded 17176 Class Skills for 103 Class Skill Trees.
[INFO ] 2022-04-15 06:11:19 SkillTreesData: Loaded 76 Sub-Class Skills.
[INFO ] 2022-04-15 06:11:19 SkillTreesData: Loaded 77 Transfer Skills for 3 Transfer Skill Trees.
[INFO ] 2022-04-15 06:11:19 SkillTreesData: Loaded 117 Fishing Skills, 8 Dwarven only Fishing Skills.
[INFO ] 2022-04-15 06:11:19 SkillTreesData: Loaded 3 Collect Skills.
[INFO ] 2022-04-15 06:11:19 SkillTreesData: Loaded 74 Pledge Skills, 44 for Pledge and 30 Residential.
[INFO ] 2022-04-15 06:11:19 SkillTreesData: Loaded 18 Sub-Pledge Skills.
[INFO ] 2022-04-15 06:11:19 SkillTreesData: Loaded 32 Transform Skills.
[INFO ] 2022-04-15 06:11:19 SkillTreesData: Loaded 8 Noble Skills.
[INFO ] 2022-04-15 06:11:19 SkillTreesData: Loaded 5 Hero Skills.
[INFO ] 2022-04-15 06:11:19 SkillTreesData: Loaded 46 Game Master Skills.
[INFO ] 2022-04-15 06:11:19 SkillTreesData: Loaded 46 Game Master Aura Skills.
[INFO ] 2022-04-15 06:11:19 GameServer: --------------------------------------------------=[ Skills ]
[INFO ] 2022-04-15 06:11:27 DocumentEngine: Loaded 65976 skill templates from XML files.
[INFO ] 2022-04-15 06:11:27 SummonSkillsTable: Loaded 1891 summon skills.
[INFO ] 2022-04-15 06:11:27 GameServer: ---------------------------------------------------=[ Items ]
[INFO ] 2022-04-15 06:11:28 ItemTable: Highest item Id used 40000.
[INFO ] 2022-04-15 06:11:28 ItemTable: Loaded 11482 Etc items.
[INFO ] 2022-04-15 06:11:28 ItemTable: Loaded 3825 Armor items.
[INFO ] 2022-04-15 06:11:28 ItemTable: Loaded 3893 Weapon items.
[INFO ] 2022-04-15 06:11:28 ItemTable: Loaded 19200 items in total.
[INFO ] 2022-04-15 06:11:28 EnchantItemGroupsData: Loaded 4 item group templates.
[INFO ] 2022-04-15 06:11:28 EnchantItemGroupsData: Loaded 1 scroll group templates.
[INFO ] 2022-04-15 06:11:28 EnchantItemData: Loaded 63 enchant scrolls.
[INFO ] 2022-04-15 06:11:28 EnchantItemData: Loaded 20 support items.
[INFO ] 2022-04-15 06:11:28 EnchantItemOptionsData: Loaded 23 items and 1093 options.
[INFO ] 2022-04-15 06:11:28 OptionData: Loaded 24985 item options.
[INFO ] 2022-04-15 06:11:28 EnchantItemHPBonusData: Loaded 6 Enchant HP Bonuses.
[INFO ] 2022-04-15 06:11:28 MerchantPriceConfigTable: Loaded 28 merchant price configs.
[WARN ] 2022-04-15 06:11:29 IXmlReader: BuyListData: Folder E:\l2jserver\server\Game\data\buylists\custom doesn't exist!
[INFO ] 2022-04-15 06:11:29 BuyListData: Loaded 760 buy lists.
[WARN ] 2022-04-15 06:11:29 IXmlReader: MultisellData: Folder E:\l2jserver\server\Game\data\multisell\custom doesn't exist!
[INFO ] 2022-04-15 06:11:29 MultisellData: Loaded 192 multisell lists.
[INFO ] 2022-04-15 06:11:29 RecipeData: Loaded 1000 recipes.
[INFO ] 2022-04-15 06:11:29 ArmorSetsData: Loaded 204 armor sets.
[INFO ] 2022-04-15 06:11:29 FishData: Loaded 278 fish.
[INFO ] 2022-04-15 06:11:29 FishingMonstersData: Loaded 8 fishing monsters.
[INFO ] 2022-04-15 06:11:29 FishingRodsData: Loaded 6 fishing rods.
[INFO ] 2022-04-15 06:11:29 HennaData: Loaded 180 Henna data.
[INFO ] 2022-04-15 06:11:29 GameServer: ----------------------------------------------=[ Characters ]
[INFO ] 2022-04-15 06:11:29 ClassListData: Loaded 107 class data.
[INFO ] 2022-04-15 06:11:29 InitialEquipmentData: Loaded 11 initial equipment data.
[INFO ] 2022-04-15 06:11:29 InitialShortcutData: Loaded 5 initial dlobal shortcuts data.
[INFO ] 2022-04-15 06:11:29 InitialShortcutData: Loaded 4 initial shortcuts data.
[INFO ] 2022-04-15 06:11:29 InitialShortcutData: Loaded 0 macros presets.
[INFO ] 2022-04-15 06:11:29 KarmaData: Loaded 85 karma modifiers.
[INFO ] 2022-04-15 06:11:29 HitConditionBonusData: Loaded Hit Condition bonuses.
[INFO ] 2022-04-15 06:11:29 PlayerTemplateData: Loaded 103 character templates.
[INFO ] 2022-04-15 06:11:29 PlayerTemplateData: Loaded 52530 level up gain records.
[INFO ] 2022-04-15 06:11:29 PlayerCreationPointData: Loaded 62 character creation points.
[INFO ] 2022-04-15 06:11:29 CharNameTable: Loaded 1 char names.
[INFO ] 2022-04-15 06:11:29 AdminData: Loaded 10 access levels.
[INFO ] 2022-04-15 06:11:29 AdminData: Loaded 444 access commands.
[INFO ] 2022-04-15 06:11:29 RaidBossPointsManager: Loaded 0 characters raid points.
[INFO ] 2022-04-15 06:11:30 PetDataTable: Loaded 52 Pets.
[INFO ] 2022-04-15 06:11:30 GameServer: -----------------------------------------------------=[ BBS ]
[INFO ] 2022-04-15 06:11:30 ForumsBBSManager: Loaded 4 forums.
[INFO ] 2022-04-15 06:11:30 GameServer: ---------------------------------------------------=[ Clans ]
[INFO ] 2022-04-15 06:11:30 ClanTable: Restored 0 clans from the database.
[INFO ] 2022-04-15 06:11:30 AuctionManager: Loaded 38 auction(s).
[INFO ] 2022-04-15 06:11:30 ClanHallManager: Loaded 0 clan halls.
[INFO ] 2022-04-15 06:11:30 ClanHallManager: Loaded 38 free clan halls.
[INFO ] 2022-04-15 06:11:30 ClanHallSiegeManager: Loaded 6 conquerable clan halls.
[INFO ] 2022-04-15 06:11:30 GameServer: -------------------------------------------------=[ Geodata ]
[INFO ] 2022-04-15 06:11:30 GeoData: Loaded 0 regions.
[INFO ] 2022-04-15 06:11:30 GameServer: ----------------------------------------------------=[ NPCs ]
[INFO ] 2022-04-15 06:11:30 SkillLearnData: Loaded 256 skill learn data.
[INFO ] 2022-04-15 06:11:30 NpcData$MinionData: Loaded 128 minions data.
[INFO ] 2022-04-15 06:11:31 NpcData: Loaded 10461 NPCs.
[INFO ] 2022-04-15 06:11:31 NpcData: Loaded 11 custom NPCs.
[INFO ] 2022-04-15 06:11:32 WalkingManager: Loaded 127 walking routes.
[INFO ] 2022-04-15 06:11:32 StaticObjectData: Loaded 51 static object templates.
[INFO ] 2022-04-15 06:11:32 GrandBossManager: Queen Ant (29001) status is 0.
[INFO ] 2022-04-15 06:11:32 GrandBossManager: Core (29006) status is 0.
[INFO ] 2022-04-15 06:11:32 GrandBossManager: Orfen (29014) status is 0.
[INFO ] 2022-04-15 06:11:32 GrandBossManager: Baium (29020) status is 0.
[INFO ] 2022-04-15 06:11:32 GrandBossManager: Valakas (29028) status is 0.
[INFO ] 2022-04-15 06:11:32 GrandBossManager: Antharas (29068) status is 0.
[INFO ] 2022-04-15 06:11:32 GrandBossManager: Beleth (29118) status is 0.
[INFO ] 2022-04-15 06:11:32 GrandBossManager: Loaded 7 grand boss instances.
[INFO ] 2022-04-15 06:11:33 DoorData: Loaded 1301 door templates for 22 regions.
[INFO ] 2022-04-15 06:11:34 ZoneManager: Loaded 28 zone classes and 2794 zones.
[INFO ] 2022-04-15 06:11:34 ZoneManager: Loaded 0 NPC spawn territoriers.
[INFO ] 2022-04-15 06:11:34 CastleManager: Loaded 9 castles.
[INFO ] 2022-04-15 06:11:34 NpcBufferTable: Loaded 2 buffers and 64 skills.
[INFO ] 2022-04-15 06:11:34 GrandBossManager: Initialized 12 grand boss zones.
[INFO ] 2022-04-15 06:11:34 GameServer: -----------------------------------------=[ Auction Manager ]
[INFO ] 2022-04-15 06:11:34 ItemAuctionInstance: Loaded 82 item(s) and registered 3 auction(s) for NPC ID 32320.
[INFO ] 2022-04-15 06:11:34 ItemAuctionInstance: Schedule next auction ID 18 on 17:00:00 15.04.22 for NPC ID 32320.
[INFO ] 2022-04-15 06:11:34 ItemAuctionInstance: Loaded 82 item(s) and registered 3 auction(s) for NPC ID 32321.
[INFO ] 2022-04-15 06:11:34 ItemAuctionInstance: Schedule next auction ID 19 on 17:00:00 18.04.22 for NPC ID 32321.
[INFO ] 2022-04-15 06:11:34 ItemAuctionInstance: Loaded 82 item(s) and registered 3 auction(s) for NPC ID 32322.
[INFO ] 2022-04-15 06:11:34 ItemAuctionInstance: Schedule current auction ID 17 for NPC ID 32322.
[INFO ] 2022-04-15 06:11:34 ItemAuctionManager: Loaded 3 auction manager instance(s).
[INFO ] 2022-04-15 06:11:34 GameServer: ------------------------------------------------=[ Olympiad ]
[INFO ] 2022-04-15 06:11:34 Olympiad: Loading Olympiad System....
[INFO ] 2022-04-15 06:11:34 Olympiad: Currently in Olympiad Period
[INFO ] 2022-04-15 06:11:34 Olympiad: 23388 minutes until period ends
[INFO ] 2022-04-15 06:11:34 Olympiad: Next weekly change is in 7934 minutes
[INFO ] 2022-04-15 06:11:34 Olympiad: Loaded 0 Nobles
[INFO ] 2022-04-15 06:11:34 Olympiad: Competition Period Starts in 0 days, 11 hours and 49 mins.
[INFO ] 2022-04-15 06:11:34 Olympiad: Event starts/started : Fri Apr 15 18:00:34 CEST 2022
[INFO ] 2022-04-15 06:11:34 Hero: Loaded 0 Heroes.
[INFO ] 2022-04-15 06:11:34 Hero: Loaded 0 all time Heroes.
[INFO ] 2022-04-15 06:11:34 GameServer: ---------------------------------------------=[ Seven Signs ]
[INFO ] 2022-04-15 06:11:34 SevenSigns: Currently in the Competition (Quest Event) period.
[INFO ] 2022-04-15 06:11:34 SevenSigns: The Seal of Avarice remains unclaimed.
[INFO ] 2022-04-15 06:11:34 SevenSigns: The Seal of Gnosis remains unclaimed.
[INFO ] 2022-04-15 06:11:34 SevenSigns: The Seal of Strife remains unclaimed.
[INFO ] 2022-04-15 06:11:34 SevenSigns: The competition, if the current trend continues, will end in a tie this week.
[INFO ] 2022-04-15 06:11:34 SevenSigns: Next period change set to 2022-04-18T18:00:34.087+0200.
[INFO ] 2022-04-15 06:11:34 SevenSigns: Next period begins in 3 days, 11 hours and 48 mins.
[INFO ] 2022-04-15 06:11:34 GameServer: ---------------------------------------------------=[ Cache ]
[INFO ] 2022-04-15 06:11:34 HtmCache: Running lazy cache.
[INFO ] 2022-04-15 06:11:34 CrestTable: Loaded 0 crests.
[INFO ] 2022-04-15 06:11:34 TeleportLocationTable: Loaded 957 teleport location templates.
[INFO ] 2022-04-15 06:11:34 UIData: Loaded 4 keys 5 categories.
[INFO ] 2022-04-15 06:11:34 ItemAuctionInstance: Auction ID 17 has finished. There have not been any bid for instance ID 32322.
[INFO ] 2022-04-15 06:11:34 ItemAuctionInstance: Schedule next auction ID 20 on 17:00:00 20.04.22 for NPC ID 32322.
[INFO ] 2022-04-15 06:11:34 AugmentationData: Loaded 33960 augmentations.
[INFO ] 2022-04-15 06:11:34 AugmentationData: Loaded 2754 accessory augmentations.
[INFO ] 2022-04-15 06:11:34 CursedWeaponsManager: Loaded 2 cursed weapon(s).
[INFO ] 2022-04-15 06:11:34 TransformData: Loaded 111 transform templates.
[INFO ] 2022-04-15 06:11:34 BotReportTable: Loaded 0 bot reports.
[INFO ] 2022-04-15 06:11:34 AirShipManager: Loaded 0 private airships.
[INFO ] 2022-04-15 06:11:34 GameServer: ------------------------------------------------=[ Handlers ]
[INFO ] 2022-04-15 06:11:35 MasterHandler: Loaded 5 Voiced Command Handler.
[INFO ] 2022-04-15 06:11:35 MasterHandler: Loaded 10 Action Handler.
[INFO ] 2022-04-15 06:11:35 MasterHandler: Loaded 6 Action Shift Handler.
[INFO ] 2022-04-15 06:11:35 MasterHandler: Loaded 447 Admin Command Handler.
[INFO ] 2022-04-15 06:11:35 MasterHandler: Loaded 48 Bypass Handler.
[INFO ] 2022-04-15 06:11:35 MasterHandler: Loaded 14 Chat Handler.
[INFO ] 2022-04-15 06:11:35 MasterHandler: Loaded 15 Community Board Handler.
[INFO ] 2022-04-15 06:11:35 MasterHandler: Loaded 31 Item Handler.
[INFO ] 2022-04-15 06:11:35 MasterHandler: Loaded 3 Punishment Handler.
[INFO ] 2022-04-15 06:11:35 MasterHandler: Loaded 17 User Command Handler.
[INFO ] 2022-04-15 06:11:35 MasterHandler: Loaded 20 Telnet Handler.
[INFO ] 2022-04-15 06:11:35 GameServer: ------------------------------------------------------=[ AI ]
[INFO ] 2022-04-15 06:11:37 NpcBuffersData: Loaded 33 buffers data.
[INFO ] 2022-04-15 06:11:37 HandysBlockCheckerEvent: Loaded Handy's Block Checker event.
[INFO ] 2022-04-15 06:11:37 AILoader: Loaded 179 AI scripts.
[INFO ] 2022-04-15 06:11:37 GameServer: -----------------------------------------------=[ Instances ]
[INFO ] 2022-04-15 06:11:38 InstanceLoader: Loaded 30 instnaces.
[INFO ] 2022-04-15 06:11:38 GameServer: --------------------------------------------------=[ Gracia ]
[INFO ] 2022-04-15 06:11:38 GraciaLoader: Loaded 28 Gracia scripts.
[INFO ] 2022-04-15 06:11:38 GameServer: -----------------------------------------------=[ Hellbound ]
[INFO ] 2022-04-15 06:11:39 HellboundPointData: Loaded 47 trust point reward data.
[INFO ] 2022-04-15 06:11:39 HellboundSpawns: Loaded 598 Hellbound spawns.
[INFO ] 2022-04-15 06:11:39 HellboundEngine: Level 9.
[INFO ] 2022-04-15 06:11:39 HellboundEngine: Trust 2000001.
[INFO ] 2022-04-15 06:11:39 HellboundEngine: Status unlocked.
[INFO ] 2022-04-15 06:11:39 RaidBossSpawnManager: Spawning raid bosses...
[INFO ] 2022-04-15 06:11:39 RaidBossSpawnManager: Loaded 1 bosses.
[INFO ] 2022-04-15 06:11:39 RaidBossSpawnManager: Scheduled 0 boss instances.
[INFO ] 2022-04-15 06:11:39 HellboundLoader: Loaded 34 Hellbound scripts.
[INFO ] 2022-04-15 06:11:39 GameServer: --------------------------------------------------=[ Quests ]
[INFO ] 2022-04-15 06:11:40 HellboundEngine: Spawned 366 NPCs.
[INFO ] 2022-04-15 06:11:41 Q00350_EnhanceYourWeapon: Loaded 54 soul crystal data.
[INFO ] 2022-04-15 06:11:41 Q00350_EnhanceYourWeapon: Loaded 240 npc leveling data.
[INFO ] 2022-04-15 06:11:41 QuestLoader: Loaded 502 quests.
[INFO ] 2022-04-15 06:11:41 AbstractScript: TerritoryWarSuperClass: Siege date: Sun Apr 17 22:00:00 CEST 2022
[INFO ] 2022-04-15 06:11:41 GameServer: -------------------------------------------------=[ Scripts ]
[INFO ] 2022-04-15 06:11:42 ClanHallSiegeEngine: Fortress of the Dead siege scheduled for 2022-04-17T12:00:00.293+0200.
[INFO ] 2022-04-15 06:11:42 DiscordBot: Discord Bot is Disabled.
[INFO ] 2022-04-15 06:11:42 ClanHallSiegeEngine: Beast Farm siege scheduled for 2022-04-17T12:00:00.295+0200.
[INFO ] 2022-04-15 06:11:42 ClanHallSiegeEngine: Rainbow Springs siege scheduled for 2022-04-17T12:00:00.291+0200.
[INFO ] 2022-04-15 06:11:42 TeleporterService: Disabled.
[INFO ] 2022-04-15 06:11:42 BufferService: Disabled.
[INFO ] 2022-04-15 06:11:42 ClanHallSiegeEngine: Bandit Stronghold siege scheduled for 2022-04-17T12:00:00.295+0200.
[INFO ] 2022-04-15 06:11:42 ClanHallSiegeEngine: Devastated Castle siege scheduled for 2022-04-17T12:00:00.291+0200.
[INFO ] 2022-04-15 06:11:42 ClanHallSiegeEngine: Fortress of Resistance siege scheduled for 2022-04-17T12:00:00.162+0200.
[INFO ] 2022-04-15 06:11:42 SpawnTable: Loaded 61 NPC spawns.
[INFO ] 2022-04-15 06:11:42 SpawnTable: Loaded 1 custom NPC spawns.
[INFO ] 2022-04-15 06:11:42 SpawnTable: Loaded 1190 NPC spawns from XML.
[INFO ] 2022-04-15 06:11:42 FourSepulchersManager: Loaded 20 Mysterious-Box spawns.
[INFO ] 2022-04-15 06:11:42 FourSepulchersManager: Loaded 716 Physical type monsters spawns.
[INFO ] 2022-04-15 06:11:42 FourSepulchersManager: Loaded 716 Magical monsters spawns.
[INFO ] 2022-04-15 06:11:42 FourSepulchersManager: Loaded 92 Church of duke monsters spawns.
[INFO ] 2022-04-15 06:11:42 FourSepulchersManager: Loaded 68 Emperor's Grave spawns.
[INFO ] 2022-04-15 06:11:42 FourSepulchersManager: Spawned Conquerors' Sepulcher Manager.
[INFO ] 2022-04-15 06:11:42 FourSepulchersManager: Spawned Emperors' Sepulcher Manager.
[INFO ] 2022-04-15 06:11:42 FourSepulchersManager: Spawned Great Sages' Sepulcher Manager.
[INFO ] 2022-04-15 06:11:42 FourSepulchersManager: Spawned Judges' Sepulcher Manager.
[INFO ] 2022-04-15 06:11:42 FourSepulchersManager: Beginning in attack time.
[INFO ] 2022-04-15 06:11:42 DimensionalRiftManager: Loaded 7 room types with 56 rooms.
[INFO ] 2022-04-15 06:11:42 DimensionalRiftManager: Loaded 462 Dimensional Rift spawns.
[INFO ] 2022-04-15 06:11:42 GameServer: ---------------------------------------------------=[ Siege ]
[INFO ] 2022-04-15 06:11:42 Siege: Siege of Gludio: 2022-04-17T16:00:00.590+0200.
[INFO ] 2022-04-15 06:11:42 Siege: Siege of Dion: 2022-04-17T16:00:00.599+0200.
[INFO ] 2022-04-15 06:11:42 Siege: Siege of Giran: 2022-04-17T16:00:00.602+0200.
[INFO ] 2022-04-15 06:11:42 Siege: Siege of Oren: 2022-04-17T16:00:00.605+0200.
[INFO ] 2022-04-15 06:11:42 Siege: Siege of Aden: 2022-04-17T16:00:00.609+0200.
[INFO ] 2022-04-15 06:11:42 Siege: Siege of Innadril: 2022-04-17T20:00:00.611+0200.
[INFO ] 2022-04-15 06:11:42 Siege: Siege of Goddard: 2022-04-17T20:00:00.613+0200.
[INFO ] 2022-04-15 06:11:42 Siege: Siege of Rune: 2022-04-17T20:00:00.615+0200.
[INFO ] 2022-04-15 06:11:42 Siege: Siege of Schuttgart: 2022-04-17T20:00:00.617+0200.
[INFO ] 2022-04-15 06:11:42 FortManager: Loaded 21 fortress.
[INFO ] 2022-04-15 06:11:42 SiegeScheduleData: Loaded 2 siege schedulers.
[INFO ] 2022-04-15 06:11:42 CastleManorManager: Loaded 258 seeds.
[INFO ] 2022-04-15 06:11:42 CastleManorManager: Manor data loaded.
[INFO ] 2022-04-15 06:11:42 MercTicketManager: Loaded 0 mercenary tickets.
[INFO ] 2022-04-15 06:11:42 AutoSpawnHandler: Loaded 129 handlers.
[INFO ] 2022-04-15 06:11:42 SevenSignsFestival: The first Festival of Darkness cycle begins in 2 minute(s).
[INFO ] 2022-04-15 06:11:42 FaenorEventParser: Event Id Valentines Event has passed... Ignored.
[INFO ] 2022-04-15 06:11:42 FaenorScriptEngine: Loaded Valentines.xml successfully.
[INFO ] 2022-04-15 06:11:42 TaskManager: Loaded 13 tasks.
[INFO ] 2022-04-15 06:11:42 MailManager: Successfully loaded 0 messages.
[INFO ] 2022-04-15 06:11:42 PunishmentManager: Loaded 0 active and 0 expired punishments.
[INFO ] 2022-04-15 06:11:42 GameServer: Free Object Ids remaining 1879043751.
[INFO ] 2022-04-15 06:11:42 TvTManager: Engine is disabled.
[INFO ] 2022-04-15 06:11:42 GameServer: Started, free memory 1831 Mb of 2048 Mb
[INFO ] 2022-04-15 06:11:42 LoginServerThread: Connecting to login server on 127.0.0.1:9014
[INFO ] 2022-04-15 06:11:42 LoginServerThread: Registered on login as Server 1: Bartz
[INFO ] 2022-04-15 06:11:42 GameServer: Now listening on *:7777
[INFO ] 2022-04-15 06:11:42 GameServer: ----------------------------------------------------=[ UPnP ]
[INFO ] 2022-04-15 06:11:42 UPnPService: Looking for UPnP Gateway Devices...
[INFO ] 2022-04-15 06:11:43 UPnPService: Using UPnP gateway: Orange Livebox
[INFO ] 2022-04-15 06:11:43 UPnPService: Using local address: 192.168.1.22 External address: 90.63.83.82
[INFO ] 2022-04-15 06:11:43 UPnPService: Mapping successful on 192.168.1.22:7777
[INFO ] 2022-04-15 06:11:43 GameServer: Telnet server is currently disabled.
[INFO ] 2022-04-15 06:11:43 GameServer: Maximum numbers of connected players 500.
[INFO ] 2022-04-15 06:11:43 GameServer: Server Bartz loaded in 26 seconds.
[INFO ] 2022-04-15 06:12:30 L2PcInstance: Master access level set for character Gmtech [268481866].
[INFO ] 2022-04-15 06:20:02 GlobalVariablesManager: Stored 8 variables.
[INFO ] 2022-04-15 06:21:03 L2PcInstance: Master access level set for character Gmtech [268481866].
[INFO ] 2022-04-15 06:29:58 TaskHuntingSystem: Hunting System reseted.
[INFO ] 2022-04-15 06:29:58 TaskDailySkillReuseClean: Daily skill reuse cleaned.
[INFO ] 2022-04-15 06:29:58 TaskRecom: Recommendations System reseted.
[INFO ] 2022-04-15 06:29:58 TaskBirthday: 0 gifts sent.
[INFO ] 2022-04-15 06:41:40 TaskSevenSignsUpdate: Data updated successfully.
[WARN ] 2022-04-15 18:10:27 PoolBase: HikariPool-1 - Failed to validate connection org.mariadb.jdbc.MariaDbConnection@4dbd1b1b ((conn=956) Connection.setNetworkTimeout cannot be called on a closed connection). Possibly consider using a shorter maxLifetime value.
[WARN ] 2022-04-15 18:10:27 PoolBase: HikariPool-1 - Failed to validate connection org.mariadb.jdbc.MariaDbConnection@7e619298 ((conn=957) Connection.setNetworkTimeout cannot be called on a closed connection). Possibly consider using a shorter maxLifetime value.
[WARN ] 2022-04-15 18:10:27 PoolBase: HikariPool-1 - Failed to validate connection org.mariadb.jdbc.MariaDbConnection@7499f9e8 ((conn=959) Connection.setNetworkTimeout cannot be called on a closed connection). Possibly consider using a shorter maxLifetime value.
[WARN ] 2022-04-15 18:10:27 PoolBase: HikariPool-1 - Failed to validate connection org.mariadb.jdbc.MariaDbConnection@70a66324 ((conn=958) Connection.setNetworkTimeout cannot be called on a closed connection). Possibly consider using a shorter maxLifetime value.
[WARN ] 2022-04-15 18:10:27 PoolBase: HikariPool-1 - Failed to validate connection org.mariadb.jdbc.MariaDbConnection@319b691f ((conn=961) Connection.setNetworkTimeout cannot be called on a closed connection). Possibly consider using a shorter maxLifetime value.
[WARN ] 2022-04-15 18:10:27 PoolBase: HikariPool-1 - Failed to validate connection org.mariadb.jdbc.MariaDbConnection@431cd8e6 ((conn=962) Connection.setNetworkTimeout cannot be called on a closed connection). Possibly consider using a shorter maxLifetime value.
[WARN ] 2022-04-15 18:10:27 PoolBase: HikariPool-1 - Failed to validate connection org.mariadb.jdbc.MariaDbConnection@603ce2 ((conn=963) Connection.setNetworkTimeout cannot be called on a closed connection). Possibly consider using a shorter maxLifetime value.
[INFO ] 2022-04-15 18:10:27 Olympiad: Olympiad Game Started
[WARN ] 2022-04-15 18:10:28 HikariPool: HikariPool-1 - Thread starvation or clock leap detected (housekeeper delta=11h16m14s116ms187µs900ns).
[WARN ] 2022-04-15 18:10:29 PoolBase: HikariPool-1 - Failed to validate connection org.mariadb.jdbc.MariaDbConnection@3b0dd3bf ((conn=964) Connection.setNetworkTimeout cannot be called on a closed connection). Possibly consider using a shorter maxLifetime value.
[INFO ] 2022-04-15 18:10:29 TaskOlympiadSave: Data updated.
[INFO ] 2022-04-15 18:10:29 TaskOlympiadSave: Data updated.
[INFO ] 2022-04-15 18:10:29 ItemAuctionInstance$ScheduleAuctionTask: Auction ID 18 has started for NPC ID 32320.
[INFO ] 2022-04-15 18:10:29 ItemAuctionInstance: Schedule current auction ID 18 for NPC ID 32320.
[INFO ] 2022-04-15 18:10:29 OlympiadGameManager: Loaded 160 stadiums.
[INFO ] 2022-04-15 18:10:29 TaskOlympiadSave: Data updated.
[INFO ] 2022-04-15 18:10:29 TaskOlympiadSave: Data updated.
[INFO ] 2022-04-15 18:10:29 TaskSevenSignsUpdate: Data updated successfully.
[INFO ] 2022-04-15 18:10:29 TaskOlympiadSave: Data updated.
[INFO ] 2022-04-15 18:10:29 TaskOlympiadSave: Data updated.
[INFO ] 2022-04-15 18:10:29 TaskOlympiadSave: Data updated.
[INFO ] 2022-04-15 18:10:29 TaskSevenSignsUpdate: Data updated successfully.
[INFO ] 2022-04-15 18:10:29 TaskOlympiadSave: Data updated.
[INFO ] 2022-04-15 18:10:29 TaskOlympiadSave: Data updated.
[INFO ] 2022-04-15 18:10:29 TaskOlympiadSave: Data updated.
[INFO ] 2022-04-15 18:10:29 TaskSevenSignsUpdate: Data updated successfully.
[INFO ] 2022-04-15 18:10:29 TaskOlympiadSave: Data updated.
[INFO ] 2022-04-15 18:10:29 TaskOlympiadSave: Data updated.
[INFO ] 2022-04-15 18:10:29 TaskSevenSignsUpdate: Data updated successfully.
[INFO ] 2022-04-15 18:10:29 TaskOlympiadSave: Data updated.
[INFO ] 2022-04-15 18:10:29 TaskOlympiadSave: Data updated.
[INFO ] 2022-04-15 18:10:29 TaskSevenSignsUpdate: Data updated successfully.
[INFO ] 2022-04-15 18:10:29 TaskOlympiadSave: Data updated.
[INFO ] 2022-04-15 18:10:29 TaskOlympiadSave: Data updated.
[INFO ] 2022-04-15 18:10:29 TaskSevenSignsUpdate: Data updated successfully.
[INFO ] 2022-04-15 18:10:29 TaskOlympiadSave: Data updated.
[INFO ] 2022-04-15 18:10:29 TaskOlympiadSave: Data updated.
[INFO ] 2022-04-15 18:10:29 TaskOlympiadSave: Data updated.
[INFO ] 2022-04-15 18:10:29 TaskOlympiadSave: Data updated.
[INFO ] 2022-04-15 18:10:29 TaskOlympiadSave: Data updated.
[INFO ] 2022-04-15 18:10:29 TaskOlympiadSave: Data updated.
[INFO ] 2022-04-15 18:10:29 TaskSevenSignsUpdate: Data updated successfully.
[INFO ] 2022-04-15 18:10:29 TaskSevenSignsUpdate: Data updated successfully.
[INFO ] 2022-04-15 18:10:29 TaskSevenSignsUpdate: Data updated successfully.
[INFO ] 2022-04-15 18:10:29 TaskSevenSignsUpdate: Data updated successfully.
[INFO ] 2022-04-15 18:10:29 TaskSevenSignsUpdate: Data updated successfully.
[INFO ] 2022-04-15 18:10:29 TaskSevenSignsUpdate: Data updated successfully.
[INFO ] 2022-04-15 18:10:29 TaskSevenSignsUpdate: Data updated successfully.
[INFO ] 2022-04-15 18:10:29 TaskSevenSignsUpdate: Data updated successfully.
[INFO ] 2022-04-15 18:10:29 TaskSevenSignsUpdate: Data updated successfully.
[INFO ] 2022-04-15 18:10:29 TaskSevenSignsUpdate: Data updated successfully.
[INFO ] 2022-04-15 18:10:29 TaskSevenSignsUpdate: Data updated successfully.
[INFO ] 2022-04-15 18:10:29 TaskSevenSignsUpdate: Data updated successfully.
[INFO ] 2022-04-15 18:10:29 TaskSevenSignsUpdate: Data updated successfully.
[INFO ] 2022-04-15 18:10:29 TaskSevenSignsUpdate: Data updated successfully.
[INFO ] 2022-04-15 18:10:29 TaskSevenSignsUpdate: Data updated successfully.
[INFO ] 2022-04-15 18:10:29 TaskSevenSignsUpdate: Data updated successfully.
[WARN ] 2022-04-15 18:10:51 LoginServerThread: LoginServer not avaible, trying to reconnect...
