[INFO ] 2022-04-13 18:19:37 GameServer: ------------------------------------------------=[ Database ]
[INFO ] 2022-04-13 18:19:37 GameServer: -----------------------------------=[ Network Configuration ]
[INFO ] 2022-04-13 18:19:37 IPConfigData: Using automatic network configuration.
[INFO ] 2022-04-13 18:19:37 IPConfigData: Adding new subnet: 127.0.0.0/8 address: 127.0.0.1
[INFO ] 2022-04-13 18:19:37 IPConfigData: Adding new subnet: 192.168.1.0/24 address: 192.168.1.22
[INFO ] 2022-04-13 18:19:37 IPConfigData: Adding new subnet: 0.0.0.0/0 address: 90.63.83.82
[INFO ] 2022-04-13 18:19:37 HikariDataSource: HikariPool-1 - Starting...
[INFO ] 2022-04-13 18:19:37 HikariDataSource: HikariPool-1 - Start completed.
[INFO ] 2022-04-13 18:19:37 IdFactory: Updated characters online status.
[INFO ] 2022-04-13 18:19:37 IdFactory: Cleaned 0 elements from database in 0s.
[INFO ] 2022-04-13 18:19:37 IdFactory: Cleaned 0 expired timestamps from database.
[INFO ] 2022-04-13 18:19:37 BitSetIDFactory: 102912 Ids available.
[INFO ] 2022-04-13 18:19:37 GameServer: ---------------------------------------------------=[ World ]
[INFO ] 2022-04-13 18:19:37 InstanceManager: Multiverse Instance created.
[INFO ] 2022-04-13 18:19:37 InstanceManager: Universe Instance created.
[INFO ] 2022-04-13 18:19:37 InstanceManager: Loaded 160 instance names.
[INFO ] 2022-04-13 18:19:38 L2World: 128 by 136 world region grid set up.
[INFO ] 2022-04-13 18:19:38 MapRegionManager: Loaded 57 map regions.
[INFO ] 2022-04-13 18:19:38 GlobalVariablesManager: Loaded 8 variables.
[INFO ] 2022-04-13 18:19:38 GameServer: ----------------------------------------------------=[ Data ]
[INFO ] 2022-04-13 18:19:38 CategoryData: Loaded 124 Categories.
[INFO ] 2022-04-13 18:19:38 SecondaryAuthData: Loaded 328 forbidden passwords.
[INFO ] 2022-04-13 18:19:38 GameServer: -------------------------------------------------=[ Effects ]
[INFO ] 2022-04-13 18:19:39 EffectMasterHandler: Loaded 169 effect handlers.
[INFO ] 2022-04-13 18:19:39 GameServer: ------------------------------------=[ Enchant Skill Groups ]
[INFO ] 2022-04-13 18:19:39 EnchantSkillGroupsData: Loaded 4 groups and 90 routes.
[INFO ] 2022-04-13 18:19:39 GameServer: ---------------------------------------------=[ Skill Trees ]
[INFO ] 2022-04-13 18:19:39 SkillTreesData: Loaded 17176 Class Skills for 103 Class Skill Trees.
[INFO ] 2022-04-13 18:19:39 SkillTreesData: Loaded 76 Sub-Class Skills.
[INFO ] 2022-04-13 18:19:39 SkillTreesData: Loaded 77 Transfer Skills for 3 Transfer Skill Trees.
[INFO ] 2022-04-13 18:19:39 SkillTreesData: Loaded 117 Fishing Skills, 8 Dwarven only Fishing Skills.
[INFO ] 2022-04-13 18:19:39 SkillTreesData: Loaded 3 Collect Skills.
[INFO ] 2022-04-13 18:19:39 SkillTreesData: Loaded 74 Pledge Skills, 44 for Pledge and 30 Residential.
[INFO ] 2022-04-13 18:19:39 SkillTreesData: Loaded 18 Sub-Pledge Skills.
[INFO ] 2022-04-13 18:19:39 SkillTreesData: Loaded 32 Transform Skills.
[INFO ] 2022-04-13 18:19:39 SkillTreesData: Loaded 8 Noble Skills.
[INFO ] 2022-04-13 18:19:39 SkillTreesData: Loaded 5 Hero Skills.
[INFO ] 2022-04-13 18:19:39 SkillTreesData: Loaded 46 Game Master Skills.
[INFO ] 2022-04-13 18:19:39 SkillTreesData: Loaded 46 Game Master Aura Skills.
[INFO ] 2022-04-13 18:19:39 GameServer: --------------------------------------------------=[ Skills ]
[INFO ] 2022-04-13 18:19:48 DocumentEngine: Loaded 65976 skill templates from XML files.
[INFO ] 2022-04-13 18:19:48 SummonSkillsTable: Loaded 1891 summon skills.
[INFO ] 2022-04-13 18:19:48 GameServer: ---------------------------------------------------=[ Items ]
[INFO ] 2022-04-13 18:19:48 ItemTable: Highest item Id used 40000.
[INFO ] 2022-04-13 18:19:48 ItemTable: Loaded 11482 Etc items.
[INFO ] 2022-04-13 18:19:48 ItemTable: Loaded 3825 Armor items.
[INFO ] 2022-04-13 18:19:48 ItemTable: Loaded 3893 Weapon items.
[INFO ] 2022-04-13 18:19:48 ItemTable: Loaded 19200 items in total.
[INFO ] 2022-04-13 18:19:48 EnchantItemGroupsData: Loaded 4 item group templates.
[INFO ] 2022-04-13 18:19:48 EnchantItemGroupsData: Loaded 1 scroll group templates.
[INFO ] 2022-04-13 18:19:48 EnchantItemData: Loaded 63 enchant scrolls.
[INFO ] 2022-04-13 18:19:48 EnchantItemData: Loaded 20 support items.
[INFO ] 2022-04-13 18:19:48 EnchantItemOptionsData: Loaded 23 items and 1093 options.
[INFO ] 2022-04-13 18:19:49 OptionData: Loaded 24985 item options.
[INFO ] 2022-04-13 18:19:49 EnchantItemHPBonusData: Loaded 6 Enchant HP Bonuses.
[INFO ] 2022-04-13 18:19:49 MerchantPriceConfigTable: Loaded 28 merchant price configs.
[WARN ] 2022-04-13 18:19:49 IXmlReader: BuyListData: Folder E:\l2jserver\server\Game\data\buylists\custom doesn't exist!
[INFO ] 2022-04-13 18:19:49 BuyListData: Loaded 760 buy lists.
[WARN ] 2022-04-13 18:19:49 IXmlReader: MultisellData: Folder E:\l2jserver\server\Game\data\multisell\custom doesn't exist!
[INFO ] 2022-04-13 18:19:49 MultisellData: Loaded 192 multisell lists.
[INFO ] 2022-04-13 18:19:49 RecipeData: Loaded 1000 recipes.
[INFO ] 2022-04-13 18:19:49 ArmorSetsData: Loaded 204 armor sets.
[INFO ] 2022-04-13 18:19:49 FishData: Loaded 278 fish.
[INFO ] 2022-04-13 18:19:49 FishingMonstersData: Loaded 8 fishing monsters.
[INFO ] 2022-04-13 18:19:49 FishingRodsData: Loaded 6 fishing rods.
[INFO ] 2022-04-13 18:19:49 HennaData: Loaded 180 Henna data.
[INFO ] 2022-04-13 18:19:49 GameServer: ----------------------------------------------=[ Characters ]
[INFO ] 2022-04-13 18:19:49 ClassListData: Loaded 107 class data.
[INFO ] 2022-04-13 18:19:49 InitialEquipmentData: Loaded 11 initial equipment data.
[INFO ] 2022-04-13 18:19:50 InitialShortcutData: Loaded 5 initial dlobal shortcuts data.
[INFO ] 2022-04-13 18:19:50 InitialShortcutData: Loaded 4 initial shortcuts data.
[INFO ] 2022-04-13 18:19:50 InitialShortcutData: Loaded 0 macros presets.
[INFO ] 2022-04-13 18:19:50 KarmaData: Loaded 85 karma modifiers.
[INFO ] 2022-04-13 18:19:50 HitConditionBonusData: Loaded Hit Condition bonuses.
[INFO ] 2022-04-13 18:19:50 PlayerTemplateData: Loaded 103 character templates.
[INFO ] 2022-04-13 18:19:50 PlayerTemplateData: Loaded 52530 level up gain records.
[INFO ] 2022-04-13 18:19:50 PlayerCreationPointData: Loaded 62 character creation points.
[INFO ] 2022-04-13 18:19:50 CharNameTable: Loaded 1 char names.
[INFO ] 2022-04-13 18:19:50 AdminData: Loaded 10 access levels.
[INFO ] 2022-04-13 18:19:50 AdminData: Loaded 444 access commands.
[INFO ] 2022-04-13 18:19:50 RaidBossPointsManager: Loaded 0 characters raid points.
[INFO ] 2022-04-13 18:19:50 PetDataTable: Loaded 52 Pets.
[INFO ] 2022-04-13 18:19:50 GameServer: -----------------------------------------------------=[ BBS ]
[INFO ] 2022-04-13 18:19:50 ForumsBBSManager: Loaded 4 forums.
[INFO ] 2022-04-13 18:19:50 GameServer: ---------------------------------------------------=[ Clans ]
[INFO ] 2022-04-13 18:19:50 ClanTable: Restored 0 clans from the database.
[INFO ] 2022-04-13 18:19:50 AuctionManager: Loaded 38 auction(s).
[INFO ] 2022-04-13 18:19:50 ClanHallManager: Loaded 0 clan halls.
[INFO ] 2022-04-13 18:19:50 ClanHallManager: Loaded 38 free clan halls.
[INFO ] 2022-04-13 18:19:50 ClanHallSiegeManager: Loaded 6 conquerable clan halls.
[INFO ] 2022-04-13 18:19:50 GameServer: -------------------------------------------------=[ Geodata ]
[INFO ] 2022-04-13 18:19:50 GeoData: Loaded 0 regions.
[INFO ] 2022-04-13 18:19:50 GameServer: ----------------------------------------------------=[ NPCs ]
[INFO ] 2022-04-13 18:19:50 SkillLearnData: Loaded 256 skill learn data.
[INFO ] 2022-04-13 18:19:50 NpcData$MinionData: Loaded 128 minions data.
[INFO ] 2022-04-13 18:19:52 NpcData: Loaded 10461 NPCs.
[INFO ] 2022-04-13 18:19:52 NpcData: Loaded 11 custom NPCs.
[INFO ] 2022-04-13 18:19:52 WalkingManager: Loaded 127 walking routes.
[INFO ] 2022-04-13 18:19:52 StaticObjectData: Loaded 51 static object templates.
[INFO ] 2022-04-13 18:19:52 GrandBossManager: Queen Ant (29001) status is 0.
[INFO ] 2022-04-13 18:19:52 GrandBossManager: Core (29006) status is 0.
[INFO ] 2022-04-13 18:19:52 GrandBossManager: Orfen (29014) status is 0.
[INFO ] 2022-04-13 18:19:52 GrandBossManager: Baium (29020) status is 0.
[INFO ] 2022-04-13 18:19:52 GrandBossManager: Valakas (29028) status is 0.
[INFO ] 2022-04-13 18:19:52 GrandBossManager: Antharas (29068) status is 0.
[INFO ] 2022-04-13 18:19:52 GrandBossManager: Beleth (29118) status is 0.
[INFO ] 2022-04-13 18:19:52 GrandBossManager: Loaded 7 grand boss instances.
[INFO ] 2022-04-13 18:19:53 DoorData: Loaded 1301 door templates for 22 regions.
[INFO ] 2022-04-13 18:19:54 ZoneManager: Loaded 28 zone classes and 2794 zones.
[INFO ] 2022-04-13 18:19:54 ZoneManager: Loaded 0 NPC spawn territoriers.
[INFO ] 2022-04-13 18:19:54 CastleManager: Loaded 9 castles.
[INFO ] 2022-04-13 18:19:54 NpcBufferTable: Loaded 2 buffers and 64 skills.
[INFO ] 2022-04-13 18:19:54 GrandBossManager: Initialized 12 grand boss zones.
[INFO ] 2022-04-13 18:19:54 GameServer: -----------------------------------------=[ Auction Manager ]
[INFO ] 2022-04-13 18:19:54 ItemAuctionInstance: Loaded 82 item(s) and registered 3 auction(s) for NPC ID 32320.
[INFO ] 2022-04-13 18:19:54 ItemAuctionInstance: Schedule next auction ID 18 on 17:00:00 15.04.22 for NPC ID 32320.
[INFO ] 2022-04-13 18:19:54 ItemAuctionInstance: Loaded 82 item(s) and registered 3 auction(s) for NPC ID 32321.
[INFO ] 2022-04-13 18:19:54 ItemAuctionInstance: Schedule next auction ID 19 on 17:00:00 18.04.22 for NPC ID 32321.
[INFO ] 2022-04-13 18:19:54 ItemAuctionInstance: Loaded 82 item(s) and registered 3 auction(s) for NPC ID 32322.
[INFO ] 2022-04-13 18:19:54 ItemAuctionInstance: Schedule current auction ID 17 for NPC ID 32322.
[INFO ] 2022-04-13 18:19:54 ItemAuctionManager: Loaded 3 auction manager instance(s).
[INFO ] 2022-04-13 18:19:54 GameServer: ------------------------------------------------=[ Olympiad ]
[INFO ] 2022-04-13 18:19:54 Olympiad: Loading Olympiad System....
[INFO ] 2022-04-13 18:19:54 Olympiad: Currently in Olympiad Period
[INFO ] 2022-04-13 18:19:54 Olympiad: 25540 minutes until period ends
[INFO ] 2022-04-13 18:19:54 Olympiad: Next weekly change is in 0 minutes
[INFO ] 2022-04-13 18:19:54 Olympiad: Loaded 0 Nobles
[INFO ] 2022-04-13 18:19:54 Olympiad: Competition Period Starts in 0 days, 0 hours and 0 mins.
[INFO ] 2022-04-13 18:19:54 Olympiad: Event starts/started : Wed Apr 13 18:00:54 CEST 2022
[INFO ] 2022-04-13 18:19:54 Hero: Loaded 0 Heroes.
[INFO ] 2022-04-13 18:19:54 Hero: Loaded 0 all time Heroes.
[INFO ] 2022-04-13 18:19:54 GameServer: ---------------------------------------------=[ Seven Signs ]
[INFO ] 2022-04-13 18:19:54 SevenSigns: Currently in the Competition (Quest Event) period.
[INFO ] 2022-04-13 18:19:54 SevenSigns: The Seal of Avarice remains unclaimed.
[INFO ] 2022-04-13 18:19:54 SevenSigns: The Seal of Gnosis remains unclaimed.
[INFO ] 2022-04-13 18:19:54 SevenSigns: The Seal of Strife remains unclaimed.
[INFO ] 2022-04-13 18:19:54 SevenSigns: The competition, if the current trend continues, will end in a tie this week.
[INFO ] 2022-04-13 18:19:54 SevenSigns: Next period change set to 2022-04-18T18:00:54.505+0200.
[INFO ] 2022-04-13 18:19:54 SevenSigns: Next period begins in 4 days, 23 hours and 40 mins.
[INFO ] 2022-04-13 18:19:54 Olympiad: Added weekly points to nobles
[INFO ] 2022-04-13 18:19:54 GameServer: ---------------------------------------------------=[ Cache ]
[INFO ] 2022-04-13 18:19:54 Olympiad: Reset weekly matches to nobles
[INFO ] 2022-04-13 18:19:54 HtmCache: Running lazy cache.
[INFO ] 2022-04-13 18:19:54 CrestTable: Loaded 0 crests.
[INFO ] 2022-04-13 18:19:54 TeleportLocationTable: Loaded 957 teleport location templates.
[INFO ] 2022-04-13 18:19:54 UIData: Loaded 4 keys 5 categories.
[INFO ] 2022-04-13 18:19:54 Olympiad: Olympiad Game Started
[INFO ] 2022-04-13 18:19:54 OlympiadGameManager: Loaded 160 stadiums.
[INFO ] 2022-04-13 18:19:54 AugmentationData: Loaded 33960 augmentations.
[INFO ] 2022-04-13 18:19:54 AugmentationData: Loaded 2754 accessory augmentations.
[INFO ] 2022-04-13 18:19:54 CursedWeaponsManager: Loaded 2 cursed weapon(s).
[INFO ] 2022-04-13 18:19:54 TransformData: Loaded 111 transform templates.
[INFO ] 2022-04-13 18:19:54 BotReportTable: Loaded 0 bot reports.
[INFO ] 2022-04-13 18:19:54 AirShipManager: Loaded 0 private airships.
[INFO ] 2022-04-13 18:19:54 GameServer: ------------------------------------------------=[ Handlers ]
[INFO ] 2022-04-13 18:19:56 MasterHandler: Loaded 5 Voiced Command Handler.
[INFO ] 2022-04-13 18:19:56 MasterHandler: Loaded 10 Action Handler.
[INFO ] 2022-04-13 18:19:56 MasterHandler: Loaded 6 Action Shift Handler.
[INFO ] 2022-04-13 18:19:56 MasterHandler: Loaded 447 Admin Command Handler.
[INFO ] 2022-04-13 18:19:56 MasterHandler: Loaded 48 Bypass Handler.
[INFO ] 2022-04-13 18:19:56 MasterHandler: Loaded 14 Chat Handler.
[INFO ] 2022-04-13 18:19:56 MasterHandler: Loaded 15 Community Board Handler.
[INFO ] 2022-04-13 18:19:56 MasterHandler: Loaded 31 Item Handler.
[INFO ] 2022-04-13 18:19:56 MasterHandler: Loaded 3 Punishment Handler.
[INFO ] 2022-04-13 18:19:56 MasterHandler: Loaded 17 User Command Handler.
[INFO ] 2022-04-13 18:19:56 MasterHandler: Loaded 20 Telnet Handler.
[INFO ] 2022-04-13 18:19:56 GameServer: ------------------------------------------------------=[ AI ]
[INFO ] 2022-04-13 18:19:57 NpcBuffersData: Loaded 33 buffers data.
[INFO ] 2022-04-13 18:19:57 HandysBlockCheckerEvent: Loaded Handy's Block Checker event.
[INFO ] 2022-04-13 18:19:57 AILoader: Loaded 179 AI scripts.
[INFO ] 2022-04-13 18:19:57 GameServer: -----------------------------------------------=[ Instances ]
[INFO ] 2022-04-13 18:19:58 InstanceLoader: Loaded 30 instnaces.
[INFO ] 2022-04-13 18:19:58 GameServer: --------------------------------------------------=[ Gracia ]
[INFO ] 2022-04-13 18:19:58 GraciaLoader: Loaded 28 Gracia scripts.
[INFO ] 2022-04-13 18:19:58 GameServer: -----------------------------------------------=[ Hellbound ]
[INFO ] 2022-04-13 18:19:59 HellboundPointData: Loaded 47 trust point reward data.
[INFO ] 2022-04-13 18:19:59 HellboundSpawns: Loaded 598 Hellbound spawns.
[INFO ] 2022-04-13 18:19:59 HellboundEngine: Level 9.
[INFO ] 2022-04-13 18:19:59 HellboundEngine: Trust 2000001.
[INFO ] 2022-04-13 18:19:59 HellboundEngine: Status unlocked.
[INFO ] 2022-04-13 18:19:59 RaidBossSpawnManager: Spawning raid bosses...
[INFO ] 2022-04-13 18:19:59 RaidBossSpawnManager: Loaded 1 bosses.
[INFO ] 2022-04-13 18:19:59 RaidBossSpawnManager: Scheduled 0 boss instances.
[INFO ] 2022-04-13 18:19:59 HellboundLoader: Loaded 34 Hellbound scripts.
[INFO ] 2022-04-13 18:19:59 GameServer: --------------------------------------------------=[ Quests ]
[INFO ] 2022-04-13 18:20:00 HellboundEngine: Spawned 366 NPCs.
[INFO ] 2022-04-13 18:20:01 Q00350_EnhanceYourWeapon: Loaded 54 soul crystal data.
[INFO ] 2022-04-13 18:20:01 Q00350_EnhanceYourWeapon: Loaded 240 npc leveling data.
[INFO ] 2022-04-13 18:20:01 QuestLoader: Loaded 502 quests.
[INFO ] 2022-04-13 18:20:01 AbstractScript: TerritoryWarSuperClass: Siege date: Sun Apr 17 22:00:00 CEST 2022
[INFO ] 2022-04-13 18:20:01 GameServer: -------------------------------------------------=[ Scripts ]
[INFO ] 2022-04-13 18:20:02 ClanHallSiegeEngine: Fortress of the Dead siege scheduled for 2022-04-17T12:00:00.293+0200.
[INFO ] 2022-04-13 18:20:02 DiscordBot: Discord Bot is Disabled.
[INFO ] 2022-04-13 18:20:02 ClanHallSiegeEngine: Beast Farm siege scheduled for 2022-04-17T12:00:00.295+0200.
[INFO ] 2022-04-13 18:20:02 ClanHallSiegeEngine: Rainbow Springs siege scheduled for 2022-04-17T12:00:00.291+0200.
[INFO ] 2022-04-13 18:20:02 TeleporterService: Disabled.
[INFO ] 2022-04-13 18:20:02 BufferService: Disabled.
[INFO ] 2022-04-13 18:20:02 ClanHallSiegeEngine: Bandit Stronghold siege scheduled for 2022-04-17T12:00:00.295+0200.
[INFO ] 2022-04-13 18:20:02 ClanHallSiegeEngine: Devastated Castle siege scheduled for 2022-04-17T12:00:00.291+0200.
[INFO ] 2022-04-13 18:20:02 ClanHallSiegeEngine: Fortress of Resistance siege scheduled for 2022-04-17T12:00:00.162+0200.
[INFO ] 2022-04-13 18:20:02 SpawnTable: Loaded 61 NPC spawns.
[INFO ] 2022-04-13 18:20:02 SpawnTable: Loaded 1 custom NPC spawns.
[INFO ] 2022-04-13 18:20:02 SpawnTable: Loaded 1190 NPC spawns from XML.
[INFO ] 2022-04-13 18:20:02 FourSepulchersManager: Loaded 20 Mysterious-Box spawns.
[INFO ] 2022-04-13 18:20:02 FourSepulchersManager: Loaded 716 Physical type monsters spawns.
[INFO ] 2022-04-13 18:20:02 FourSepulchersManager: Loaded 716 Magical monsters spawns.
[INFO ] 2022-04-13 18:20:02 FourSepulchersManager: Loaded 92 Church of duke monsters spawns.
[INFO ] 2022-04-13 18:20:02 FourSepulchersManager: Loaded 68 Emperor's Grave spawns.
[INFO ] 2022-04-13 18:20:02 FourSepulchersManager: Spawned Conquerors' Sepulcher Manager.
[INFO ] 2022-04-13 18:20:02 FourSepulchersManager: Spawned Emperors' Sepulcher Manager.
[INFO ] 2022-04-13 18:20:02 FourSepulchersManager: Spawned Great Sages' Sepulcher Manager.
[INFO ] 2022-04-13 18:20:02 FourSepulchersManager: Spawned Judges' Sepulcher Manager.
[INFO ] 2022-04-13 18:20:02 FourSepulchersManager: Beginning in attack time.
[INFO ] 2022-04-13 18:20:02 DimensionalRiftManager: Loaded 7 room types with 56 rooms.
[INFO ] 2022-04-13 18:20:02 DimensionalRiftManager: Loaded 462 Dimensional Rift spawns.
[INFO ] 2022-04-13 18:20:02 GameServer: ---------------------------------------------------=[ Siege ]
[INFO ] 2022-04-13 18:20:02 Siege: Siege of Gludio: 2022-04-17T16:00:00.590+0200.
[INFO ] 2022-04-13 18:20:02 Siege: Siege of Dion: 2022-04-17T16:00:00.599+0200.
[INFO ] 2022-04-13 18:20:02 Siege: Siege of Giran: 2022-04-17T16:00:00.602+0200.
[INFO ] 2022-04-13 18:20:02 Siege: Siege of Oren: 2022-04-17T16:00:00.605+0200.
[INFO ] 2022-04-13 18:20:02 Siege: Siege of Aden: 2022-04-17T16:00:00.609+0200.
[INFO ] 2022-04-13 18:20:02 Siege: Siege of Innadril: 2022-04-17T20:00:00.611+0200.
[INFO ] 2022-04-13 18:20:02 Siege: Siege of Goddard: 2022-04-17T20:00:00.613+0200.
[INFO ] 2022-04-13 18:20:02 Siege: Siege of Rune: 2022-04-17T20:00:00.615+0200.
[INFO ] 2022-04-13 18:20:02 Siege: Siege of Schuttgart: 2022-04-17T20:00:00.617+0200.
[INFO ] 2022-04-13 18:20:02 FortManager: Loaded 21 fortress.
[INFO ] 2022-04-13 18:20:02 SiegeScheduleData: Loaded 2 siege schedulers.
[INFO ] 2022-04-13 18:20:02 CastleManorManager: Loaded 258 seeds.
[INFO ] 2022-04-13 18:20:02 CastleManorManager: Manor data loaded.
[INFO ] 2022-04-13 18:20:02 MercTicketManager: Loaded 0 mercenary tickets.
[INFO ] 2022-04-13 18:20:02 AutoSpawnHandler: Loaded 129 handlers.
[INFO ] 2022-04-13 18:20:02 SevenSignsFestival: The first Festival of Darkness cycle begins in 2 minute(s).
[INFO ] 2022-04-13 18:20:02 FaenorEventParser: Event Id Valentines Event has passed... Ignored.
[INFO ] 2022-04-13 18:20:02 FaenorScriptEngine: Loaded Valentines.xml successfully.
[INFO ] 2022-04-13 18:20:02 TaskManager: Loaded 13 tasks.
[INFO ] 2022-04-13 18:20:02 MailManager: Successfully loaded 0 messages.
[INFO ] 2022-04-13 18:20:02 PunishmentManager: Loaded 0 active and 0 expired punishments.
[INFO ] 2022-04-13 18:20:02 GameServer: Free Object Ids remaining 1879043751.
[INFO ] 2022-04-13 18:20:02 TvTManager: Engine is disabled.
[INFO ] 2022-04-13 18:20:02 GameServer: Started, free memory 1832 Mb of 2048 Mb
[INFO ] 2022-04-13 18:20:02 LoginServerThread: Connecting to login server on 127.0.0.1:9014
[INFO ] 2022-04-13 18:20:03 LoginServerThread: Registered on login as Server 1: Bartz
[INFO ] 2022-04-13 18:20:03 GameServer: Now listening on *:7777
[INFO ] 2022-04-13 18:20:03 GameServer: ----------------------------------------------------=[ UPnP ]
[INFO ] 2022-04-13 18:20:03 UPnPService: Looking for UPnP Gateway Devices...
[INFO ] 2022-04-13 18:20:03 UPnPService: Using UPnP gateway: Orange Livebox
[INFO ] 2022-04-13 18:20:03 UPnPService: Using local address: 192.168.1.22 External address: 90.63.83.82
[INFO ] 2022-04-13 18:20:03 UPnPService: Mapping successful on 192.168.1.22:7777
[INFO ] 2022-04-13 18:20:03 GameServer: Telnet server is currently disabled.
[INFO ] 2022-04-13 18:20:03 GameServer: Maximum numbers of connected players 500.
[INFO ] 2022-04-13 18:20:03 GameServer: Server Bartz loaded in 26 seconds.
[INFO ] 2022-04-13 18:20:45 L2PcInstance: Master access level set for character Gmtech [268481866].
[INFO ] 2022-04-13 18:24:07 L2PcInstance: Master access level set for character Gmtech [268481866].
