[INFO ] 2022-03-07 15:57:08 GameServer: ------------------------------------------------=[ Database ]
[INFO ] 2022-03-07 15:57:08 GameServer: -----------------------------------=[ Network Configuration ]
[INFO ] 2022-03-07 15:57:08 IPConfigData: Using automatic network configuration.
[INFO ] 2022-03-07 15:57:09 IPConfigData: Adding new subnet: 127.0.0.0/8 address: 127.0.0.1
[INFO ] 2022-03-07 15:57:09 IPConfigData: Adding new subnet: 192.168.1.0/24 address: 192.168.1.22
[INFO ] 2022-03-07 15:57:09 IPConfigData: Adding new subnet: 0.0.0.0/0 address: 86.236.191.224
[INFO ] 2022-03-07 15:57:09 HikariDataSource: HikariPool-1 - Starting...
[INFO ] 2022-03-07 15:57:09 HikariDataSource: HikariPool-1 - Start completed.
[INFO ] 2022-03-07 15:57:09 IdFactory: Updated characters online status.
[INFO ] 2022-03-07 15:57:09 IdFactory: Cleaned 0 elements from database in 0s.
[INFO ] 2022-03-07 15:57:09 IdFactory: Cleaned 0 expired timestamps from database.
[INFO ] 2022-03-07 15:57:09 BitSetIDFactory: 102912 Ids available.
[INFO ] 2022-03-07 15:57:09 GameServer: ---------------------------------------------------=[ World ]
[INFO ] 2022-03-07 15:57:09 InstanceManager: Multiverse Instance created.
[INFO ] 2022-03-07 15:57:09 InstanceManager: Universe Instance created.
[INFO ] 2022-03-07 15:57:09 InstanceManager: Loaded 160 instance names.
[INFO ] 2022-03-07 15:57:09 L2World: 128 by 136 world region grid set up.
[INFO ] 2022-03-07 15:57:10 MapRegionManager: Loaded 57 map regions.
[INFO ] 2022-03-07 15:57:10 GlobalVariablesManager: Loaded 0 variables.
[INFO ] 2022-03-07 15:57:10 GameServer: ----------------------------------------------------=[ Data ]
[INFO ] 2022-03-07 15:57:10 CategoryData: Loaded 124 Categories.
[INFO ] 2022-03-07 15:57:10 SecondaryAuthData: Loaded 328 forbidden passwords.
[INFO ] 2022-03-07 15:57:10 GameServer: -------------------------------------------------=[ Effects ]
[INFO ] 2022-03-07 15:57:11 EffectMasterHandler: Loaded 169 effect handlers.
[INFO ] 2022-03-07 15:57:11 GameServer: ------------------------------------=[ Enchant Skill Groups ]
[INFO ] 2022-03-07 15:57:11 EnchantSkillGroupsData: Loaded 4 groups and 90 routes.
[INFO ] 2022-03-07 15:57:11 GameServer: ---------------------------------------------=[ Skill Trees ]
[INFO ] 2022-03-07 15:57:11 SkillTreesData: Loaded 17176 Class Skills for 103 Class Skill Trees.
[INFO ] 2022-03-07 15:57:11 SkillTreesData: Loaded 76 Sub-Class Skills.
[INFO ] 2022-03-07 15:57:11 SkillTreesData: Loaded 77 Transfer Skills for 3 Transfer Skill Trees.
[INFO ] 2022-03-07 15:57:11 SkillTreesData: Loaded 117 Fishing Skills, 8 Dwarven only Fishing Skills.
[INFO ] 2022-03-07 15:57:11 SkillTreesData: Loaded 3 Collect Skills.
[INFO ] 2022-03-07 15:57:11 SkillTreesData: Loaded 74 Pledge Skills, 44 for Pledge and 30 Residential.
[INFO ] 2022-03-07 15:57:11 SkillTreesData: Loaded 18 Sub-Pledge Skills.
[INFO ] 2022-03-07 15:57:11 SkillTreesData: Loaded 32 Transform Skills.
[INFO ] 2022-03-07 15:57:11 SkillTreesData: Loaded 8 Noble Skills.
[INFO ] 2022-03-07 15:57:11 SkillTreesData: Loaded 5 Hero Skills.
[INFO ] 2022-03-07 15:57:11 SkillTreesData: Loaded 46 Game Master Skills.
[INFO ] 2022-03-07 15:57:11 SkillTreesData: Loaded 46 Game Master Aura Skills.
[INFO ] 2022-03-07 15:57:11 GameServer: --------------------------------------------------=[ Skills ]
[INFO ] 2022-03-07 15:57:20 DocumentEngine: Loaded 65973 skill templates from XML files.
[INFO ] 2022-03-07 15:57:20 SummonSkillsTable: Loaded 1891 summon skills.
[INFO ] 2022-03-07 15:57:20 GameServer: ---------------------------------------------------=[ Items ]
[INFO ] 2022-03-07 15:57:20 ItemTable: Highest item Id used 22567.
[INFO ] 2022-03-07 15:57:20 ItemTable: Loaded 11481 Etc items.
[INFO ] 2022-03-07 15:57:20 ItemTable: Loaded 3825 Armor items.
[INFO ] 2022-03-07 15:57:20 ItemTable: Loaded 3893 Weapon items.
[INFO ] 2022-03-07 15:57:20 ItemTable: Loaded 19199 items in total.
[INFO ] 2022-03-07 15:57:20 EnchantItemGroupsData: Loaded 4 item group templates.
[INFO ] 2022-03-07 15:57:20 EnchantItemGroupsData: Loaded 1 scroll group templates.
[INFO ] 2022-03-07 15:57:20 EnchantItemData: Loaded 63 enchant scrolls.
[INFO ] 2022-03-07 15:57:20 EnchantItemData: Loaded 20 support items.
[INFO ] 2022-03-07 15:57:20 EnchantItemOptionsData: Loaded 23 items and 1093 options.
[INFO ] 2022-03-07 15:57:21 OptionData: Loaded 24985 item options.
[INFO ] 2022-03-07 15:57:21 EnchantItemHPBonusData: Loaded 6 Enchant HP Bonuses.
[INFO ] 2022-03-07 15:57:21 MerchantPriceConfigTable: Loaded 28 merchant price configs.
[INFO ] 2022-03-07 15:57:22 BuyListData: Loaded 760 buy lists.
[INFO ] 2022-03-07 15:57:22 MultisellData: Loaded 192 multisell lists.
[INFO ] 2022-03-07 15:57:22 RecipeData: Loaded 1000 recipes.
[INFO ] 2022-03-07 15:57:22 ArmorSetsData: Loaded 204 armor sets.
[INFO ] 2022-03-07 15:57:22 FishData: Loaded 278 fish.
[INFO ] 2022-03-07 15:57:22 FishingMonstersData: Loaded 8 fishing monsters.
[INFO ] 2022-03-07 15:57:22 FishingRodsData: Loaded 6 fishing rods.
[INFO ] 2022-03-07 15:57:22 HennaData: Loaded 180 Henna data.
[INFO ] 2022-03-07 15:57:22 GameServer: ----------------------------------------------=[ Characters ]
[INFO ] 2022-03-07 15:57:22 ClassListData: Loaded 107 class data.
[INFO ] 2022-03-07 15:57:22 InitialEquipmentData: Loaded 11 initial equipment data.
[INFO ] 2022-03-07 15:57:22 InitialShortcutData: Loaded 5 initial dlobal shortcuts data.
[INFO ] 2022-03-07 15:57:22 InitialShortcutData: Loaded 4 initial shortcuts data.
[INFO ] 2022-03-07 15:57:22 InitialShortcutData: Loaded 0 macros presets.
[INFO ] 2022-03-07 15:57:22 KarmaData: Loaded 85 karma modifiers.
[INFO ] 2022-03-07 15:57:22 HitConditionBonusData: Loaded Hit Condition bonuses.
[INFO ] 2022-03-07 15:57:22 PlayerTemplateData: Loaded 103 character templates.
[INFO ] 2022-03-07 15:57:22 PlayerTemplateData: Loaded 52530 level up gain records.
[INFO ] 2022-03-07 15:57:22 PlayerCreationPointData: Loaded 62 character creation points.
[INFO ] 2022-03-07 15:57:22 CharNameTable: Loaded 0 char names.
[INFO ] 2022-03-07 15:57:22 AdminData: Loaded 10 access levels.
[INFO ] 2022-03-07 15:57:22 AdminData: Loaded 444 access commands.
[INFO ] 2022-03-07 15:57:22 RaidBossPointsManager: Loaded 0 characters raid points.
[INFO ] 2022-03-07 15:57:23 PetDataTable: Loaded 52 Pets.
[INFO ] 2022-03-07 15:57:23 GameServer: -----------------------------------------------------=[ BBS ]
[INFO ] 2022-03-07 15:57:23 ForumsBBSManager: Loaded 4 forums.
[INFO ] 2022-03-07 15:57:23 GameServer: ---------------------------------------------------=[ Clans ]
[INFO ] 2022-03-07 15:57:23 ClanTable: Restored 0 clans from the database.
[INFO ] 2022-03-07 15:57:23 AuctionManager: Loaded 38 auction(s).
[INFO ] 2022-03-07 15:57:23 ClanHallManager: Loaded 0 clan halls.
[INFO ] 2022-03-07 15:57:23 ClanHallManager: Loaded 38 free clan halls.
[INFO ] 2022-03-07 15:57:23 ClanHallSiegeManager: Loaded 6 conquerable clan halls.
[INFO ] 2022-03-07 15:57:23 GameServer: -------------------------------------------------=[ Geodata ]
[INFO ] 2022-03-07 15:57:23 GeoData: Loaded 0 regions.
[INFO ] 2022-03-07 15:57:23 GameServer: ----------------------------------------------------=[ NPCs ]
[INFO ] 2022-03-07 15:57:23 SkillLearnData: Loaded 256 skill learn data.
[INFO ] 2022-03-07 15:57:23 NpcData$MinionData: Loaded 128 minions data.
[INFO ] 2022-03-07 15:57:25 NpcData: Loaded 10461 NPCs.
[INFO ] 2022-03-07 15:57:25 WalkingManager: Loaded 127 walking routes.
[INFO ] 2022-03-07 15:57:25 StaticObjectData: Loaded 51 static object templates.
[INFO ] 2022-03-07 15:57:25 GrandBossManager: Queen Ant (29001) status is 0.
[INFO ] 2022-03-07 15:57:25 GrandBossManager: Core (29006) status is 0.
[INFO ] 2022-03-07 15:57:25 GrandBossManager: Orfen (29014) status is 0.
[INFO ] 2022-03-07 15:57:25 GrandBossManager: Baium (29020) status is 0.
[INFO ] 2022-03-07 15:57:25 GrandBossManager: Valakas (29028) status is 0.
[INFO ] 2022-03-07 15:57:25 GrandBossManager: Antharas (29068) status is 0.
[INFO ] 2022-03-07 15:57:25 GrandBossManager: Beleth (29118) status is 0.
[INFO ] 2022-03-07 15:57:25 GrandBossManager: Loaded 7 grand boss instances.
[INFO ] 2022-03-07 15:57:26 DoorData: Loaded 1301 door templates for 22 regions.
[INFO ] 2022-03-07 15:57:27 ZoneManager: Loaded 28 zone classes and 2794 zones.
[INFO ] 2022-03-07 15:57:27 ZoneManager: Loaded 0 NPC spawn territoriers.
[INFO ] 2022-03-07 15:57:27 CastleManager: Loaded 9 castles.
[INFO ] 2022-03-07 15:57:27 NpcBufferTable: Loaded 1 buffers and 10 skills.
[INFO ] 2022-03-07 15:57:27 GrandBossManager: Initialized 12 grand boss zones.
[INFO ] 2022-03-07 15:57:27 GameServer: -----------------------------------------=[ Auction Manager ]
[INFO ] 2022-03-07 15:57:27 ItemAuctionInstance: Loaded 82 item(s) and registered 1 auction(s) for NPC ID 32320.
[INFO ] 2022-03-07 15:57:27 ItemAuctionInstance: Schedule next auction ID 1 on 17:00:00 11.03.22 for NPC ID 32320.
[INFO ] 2022-03-07 15:57:27 ItemAuctionInstance: Loaded 82 item(s) and registered 1 auction(s) for NPC ID 32321.
[INFO ] 2022-03-07 15:57:27 ItemAuctionInstance: Schedule next auction ID 2 on 17:00:00 07.03.22 for NPC ID 32321.
[INFO ] 2022-03-07 15:57:27 ItemAuctionInstance: Loaded 82 item(s) and registered 1 auction(s) for NPC ID 32322.
[INFO ] 2022-03-07 15:57:27 ItemAuctionInstance: Schedule next auction ID 3 on 17:00:00 09.03.22 for NPC ID 32322.
[INFO ] 2022-03-07 15:57:27 ItemAuctionManager: Loaded 3 auction manager instance(s).
[INFO ] 2022-03-07 15:57:27 GameServer: ------------------------------------------------=[ Olympiad ]
[INFO ] 2022-03-07 15:57:27 Olympiad: Failed to load data from database, trying to load from file.
[INFO ] 2022-03-07 15:57:27 Olympiad: Loading Olympiad System....
[INFO ] 2022-03-07 15:57:27 Olympiad: Currently in Olympiad Period
[INFO ] 2022-03-07 15:57:27 Olympiad: 35702 minutes until period ends
[INFO ] 2022-03-07 15:57:27 Olympiad: Next weekly change is in 10079 minutes
[INFO ] 2022-03-07 15:57:27 Olympiad: Loaded 0 Nobles
[INFO ] 2022-03-07 15:57:27 Olympiad: Competition Period Starts in 0 days, 2 hours and 3 mins.
[INFO ] 2022-03-07 15:57:27 Olympiad: Event starts/started : Mon Mar 07 18:00:27 CET 2022
[INFO ] 2022-03-07 15:57:27 Hero: Loaded 0 Heroes.
[INFO ] 2022-03-07 15:57:27 Hero: Loaded 0 all time Heroes.
[INFO ] 2022-03-07 15:57:27 GameServer: ---------------------------------------------=[ Seven Signs ]
[INFO ] 2022-03-07 15:57:27 SevenSigns: Currently in the Competition (Quest Event) period.
[INFO ] 2022-03-07 15:57:27 SevenSigns: The Seal of Avarice remains unclaimed.
[INFO ] 2022-03-07 15:57:27 SevenSigns: The Seal of Gnosis remains unclaimed.
[INFO ] 2022-03-07 15:57:27 SevenSigns: The Seal of Strife remains unclaimed.
[INFO ] 2022-03-07 15:57:27 SevenSigns: The competition, if the current trend continues, will end in a tie this week.
[INFO ] 2022-03-07 15:57:27 SevenSigns: Next period change set to 2022-03-07T18:00:27.531+0100.
[INFO ] 2022-03-07 15:57:27 SevenSigns: Next period begins in 0 days, 2 hours and 2 mins.
[INFO ] 2022-03-07 15:57:27 GameServer: ---------------------------------------------------=[ Cache ]
[INFO ] 2022-03-07 15:57:27 HtmCache: Running lazy cache.
[INFO ] 2022-03-07 15:57:27 CrestTable: Loaded 0 crests.
[INFO ] 2022-03-07 15:57:27 TeleportLocationTable: Loaded 957 teleport location templates.
[INFO ] 2022-03-07 15:57:27 UIData: Loaded 4 keys 5 categories.
[INFO ] 2022-03-07 15:57:27 AugmentationData: Loaded 33960 augmentations.
[INFO ] 2022-03-07 15:57:27 AugmentationData: Loaded 2754 accessory augmentations.
[INFO ] 2022-03-07 15:57:27 CursedWeaponsManager: Loaded 2 cursed weapon(s).
[INFO ] 2022-03-07 15:57:27 TransformData: Loaded 111 transform templates.
[INFO ] 2022-03-07 15:57:28 BotReportTable: Loaded 0 bot reports.
[INFO ] 2022-03-07 15:57:28 AirShipManager: Loaded 0 private airships.
[INFO ] 2022-03-07 15:57:28 GameServer: ------------------------------------------------=[ Handlers ]
[INFO ] 2022-03-07 15:57:29 MasterHandler: Loaded 5 Voiced Command Handler.
[INFO ] 2022-03-07 15:57:29 MasterHandler: Loaded 10 Action Handler.
[INFO ] 2022-03-07 15:57:29 MasterHandler: Loaded 6 Action Shift Handler.
[INFO ] 2022-03-07 15:57:29 MasterHandler: Loaded 447 Admin Command Handler.
[INFO ] 2022-03-07 15:57:29 MasterHandler: Loaded 48 Bypass Handler.
[INFO ] 2022-03-07 15:57:29 MasterHandler: Loaded 14 Chat Handler.
[INFO ] 2022-03-07 15:57:29 MasterHandler: Loaded 15 Community Board Handler.
[INFO ] 2022-03-07 15:57:29 MasterHandler: Loaded 31 Item Handler.
[INFO ] 2022-03-07 15:57:29 MasterHandler: Loaded 3 Punishment Handler.
[INFO ] 2022-03-07 15:57:29 MasterHandler: Loaded 17 User Command Handler.
[INFO ] 2022-03-07 15:57:29 MasterHandler: Loaded 20 Telnet Handler.
[INFO ] 2022-03-07 15:57:29 GameServer: ------------------------------------------------------=[ AI ]
[INFO ] 2022-03-07 15:57:33 NpcBuffersData: Loaded 33 buffers data.
[INFO ] 2022-03-07 15:57:33 HandysBlockCheckerEvent: Loaded Handy's Block Checker event.
[INFO ] 2022-03-07 15:57:33 AILoader: Loaded 179 AI scripts.
[INFO ] 2022-03-07 15:57:33 GameServer: -----------------------------------------------=[ Instances ]
[INFO ] 2022-03-07 15:57:34 InstanceLoader: Loaded 30 instnaces.
[INFO ] 2022-03-07 15:57:34 GameServer: --------------------------------------------------=[ Gracia ]
[INFO ] 2022-03-07 15:57:34 GraciaLoader: Loaded 28 Gracia scripts.
[INFO ] 2022-03-07 15:57:34 GameServer: -----------------------------------------------=[ Hellbound ]
[INFO ] 2022-03-07 15:57:34 HellboundPointData: Loaded 47 trust point reward data.
[INFO ] 2022-03-07 15:57:34 HellboundSpawns: Loaded 598 Hellbound spawns.
[INFO ] 2022-03-07 15:57:34 HellboundEngine: Level 0.
[INFO ] 2022-03-07 15:57:34 HellboundEngine: Trust 0.
[INFO ] 2022-03-07 15:57:34 HellboundEngine: Status locked.
[INFO ] 2022-03-07 15:57:34 RaidBossSpawnManager: Spawning raid bosses...
[INFO ] 2022-03-07 15:57:35 RaidBossSpawnManager: Loaded 187 bosses.
[INFO ] 2022-03-07 15:57:35 RaidBossSpawnManager: Scheduled 0 boss instances.
[INFO ] 2022-03-07 15:57:35 HellboundLoader: Loaded 34 Hellbound scripts.
[INFO ] 2022-03-07 15:57:35 GameServer: --------------------------------------------------=[ Quests ]
[INFO ] 2022-03-07 15:57:39 Q00350_EnhanceYourWeapon: Loaded 54 soul crystal data.
[INFO ] 2022-03-07 15:57:39 Q00350_EnhanceYourWeapon: Loaded 240 npc leveling data.
[INFO ] 2022-03-07 15:57:39 QuestLoader: Loaded 502 quests.
[INFO ] 2022-03-07 15:57:39 AbstractScript: TerritoryWarSuperClass: Siege date: Sun Mar 13 22:00:00 CET 2022
[INFO ] 2022-03-07 15:57:39 GameServer: -------------------------------------------------=[ Scripts ]
[INFO ] 2022-03-07 15:57:39 ClanHallSiegeEngine: Fortress of the Dead siege scheduled for 2022-03-20T12:00:00.161+0100.
[INFO ] 2022-03-07 15:57:40 DiscordBot: Discord Bot is Disabled.
[INFO ] 2022-03-07 15:57:40 ClanHallSiegeEngine: Beast Farm siege scheduled for 2022-03-20T12:00:00.161+0100.
[INFO ] 2022-03-07 15:57:40 ClanHallSiegeEngine: Rainbow Springs siege scheduled for 2022-03-20T12:00:00.160+0100.
[INFO ] 2022-03-07 15:57:40 TeleporterService: Disabled.
[INFO ] 2022-03-07 15:57:40 BufferService: Disabled.
[INFO ] 2022-03-07 15:57:40 ClanHallSiegeEngine: Bandit Stronghold siege scheduled for 2022-03-20T12:00:00.160+0100.
[INFO ] 2022-03-07 15:57:40 ClanHallSiegeEngine: Devastated Castle siege scheduled for 2022-03-20T12:00:00.159+0100.
[INFO ] 2022-03-07 15:57:40 ClanHallSiegeEngine: Fortress of Resistance siege scheduled for 2022-03-20T12:00:00.086+0100.
[INFO ] 2022-03-07 15:57:42 SpawnTable: Loaded 3763 NPC spawns.
[INFO ] 2022-03-07 15:57:42 SpawnTable: Loaded 1190 NPC spawns from XML.
[INFO ] 2022-03-07 15:57:42 DayNightSpawnManager: Removed 0 night creatures.
[INFO ] 2022-03-07 15:57:42 DayNightSpawnManager: Spawned 232 day creatures.
[INFO ] 2022-03-07 15:57:42 FourSepulchersManager: Loaded 20 Mysterious-Box spawns.
[INFO ] 2022-03-07 15:57:42 FourSepulchersManager: Loaded 716 Physical type monsters spawns.
[INFO ] 2022-03-07 15:57:42 FourSepulchersManager: Loaded 716 Magical monsters spawns.
[INFO ] 2022-03-07 15:57:42 FourSepulchersManager: Loaded 92 Church of duke monsters spawns.
[INFO ] 2022-03-07 15:57:42 FourSepulchersManager: Loaded 68 Emperor's Grave spawns.
[INFO ] 2022-03-07 15:57:42 FourSepulchersManager: Spawned Conquerors' Sepulcher Manager.
[INFO ] 2022-03-07 15:57:42 FourSepulchersManager: Spawned Emperors' Sepulcher Manager.
[INFO ] 2022-03-07 15:57:42 FourSepulchersManager: Spawned Great Sages' Sepulcher Manager.
[INFO ] 2022-03-07 15:57:42 FourSepulchersManager: Spawned Judges' Sepulcher Manager.
[INFO ] 2022-03-07 15:57:42 FourSepulchersManager: Beginning in entry time
[INFO ] 2022-03-07 15:57:42 DimensionalRiftManager: Loaded 7 room types with 56 rooms.
[INFO ] 2022-03-07 15:57:42 DimensionalRiftManager: Loaded 462 Dimensional Rift spawns.
[INFO ] 2022-03-07 15:57:42 GameServer: ---------------------------------------------------=[ Siege ]
[INFO ] 2022-03-07 15:57:42 Siege: Siege of Gludio: 2022-03-20T16:00:00.857+0100.
[INFO ] 2022-03-07 15:57:42 Siege: Siege of Dion: 2022-03-20T16:00:00.865+0100.
[INFO ] 2022-03-07 15:57:42 Siege: Siege of Giran: 2022-03-20T16:00:00.866+0100.
[INFO ] 2022-03-07 15:57:42 Siege: Siege of Oren: 2022-03-20T16:00:00.867+0100.
[INFO ] 2022-03-07 15:57:42 Siege: Siege of Aden: 2022-03-20T16:00:00.868+0100.
[INFO ] 2022-03-07 15:57:42 Siege: Siege of Innadril: 2022-03-20T20:00:00.869+0100.
[INFO ] 2022-03-07 15:57:42 Siege: Siege of Goddard: 2022-03-20T20:00:00.869+0100.
[INFO ] 2022-03-07 15:57:42 Siege: Siege of Rune: 2022-03-20T20:00:00.870+0100.
[INFO ] 2022-03-07 15:57:42 Siege: Siege of Schuttgart: 2022-03-20T20:00:00.871+0100.
[INFO ] 2022-03-07 15:57:42 FortManager: Loaded 21 fortress.
[INFO ] 2022-03-07 15:57:42 SiegeScheduleData: Loaded 2 siege schedulers.
[INFO ] 2022-03-07 15:57:42 CastleManorManager: Loaded 258 seeds.
[INFO ] 2022-03-07 15:57:42 CastleManorManager: Manor data loaded.
[INFO ] 2022-03-07 15:57:42 MercTicketManager: Loaded 0 mercenary tickets.
[INFO ] 2022-03-07 15:57:42 AutoSpawnHandler: Loaded 129 handlers.
[INFO ] 2022-03-07 15:57:42 SevenSignsFestival: The first Festival of Darkness cycle begins in 2 minute(s).
[INFO ] 2022-03-07 15:57:42 FaenorEventParser: Event Id Valentines Event has passed... Ignored.
[INFO ] 2022-03-07 15:57:42 FaenorScriptEngine: Loaded Valentines.xml successfully.
[INFO ] 2022-03-07 15:57:42 TaskManager: Loaded 13 tasks.
[INFO ] 2022-03-07 15:57:42 MailManager: Successfully loaded 0 messages.
[INFO ] 2022-03-07 15:57:42 PunishmentManager: Loaded 0 active and 0 expired punishments.
[INFO ] 2022-03-07 15:57:42 GameServer: Free Object Ids remaining 1879002449.
[INFO ] 2022-03-07 15:57:42 TvTManager: Engine is disabled.
[INFO ] 2022-03-07 15:57:43 GameServer: Started, free memory 1575 Mb of 2048 Mb
[INFO ] 2022-03-07 15:57:43 LoginServerThread: Connecting to login server on 127.0.0.1:9014
[WARN ] 2022-03-07 15:57:43 LoginServerThread: LoginServer not avaible, trying to reconnect...
[INFO ] 2022-03-07 15:57:43 GameServer: Now listening on *:7777
[INFO ] 2022-03-07 15:57:43 GameServer: ----------------------------------------------------=[ UPnP ]
[INFO ] 2022-03-07 15:57:43 UPnPService: Looking for UPnP Gateway Devices...
[INFO ] 2022-03-07 15:57:43 UPnPService: Using UPnP gateway: Orange Livebox
[INFO ] 2022-03-07 15:57:43 UPnPService: Using local address: 192.168.1.22 External address: 86.236.191.224
[INFO ] 2022-03-07 15:57:43 UPnPService: Mapping successful on 192.168.1.22:7777
[INFO ] 2022-03-07 15:57:43 GameServer: Telnet server is currently disabled.
[INFO ] 2022-03-07 15:57:43 GameServer: Maximum numbers of connected players 500.
[INFO ] 2022-03-07 15:57:43 GameServer: Server Bartz loaded in 34 seconds.
[INFO ] 2022-03-07 15:57:48 LoginServerThread: Connecting to login server on 127.0.0.1:9014
[INFO ] 2022-03-07 15:57:48 LoginServerThread: Registered on login as Server 1: Bartz
[INFO ] 2022-03-07 16:00:00 DayNightSpawnManager: Removed 232 day creatures.
[INFO ] 2022-03-07 16:00:00 DayNightSpawnManager: Spawned 553 night creatures.
[INFO ] 2022-03-07 16:06:02 GlobalVariablesManager: Stored 7 variables.
[INFO ] 2022-03-07 16:27:42 TaskSevenSignsUpdate: Data updated successfully.
[INFO ] 2022-03-07 16:36:02 GlobalVariablesManager: Stored 7 variables.
[INFO ] 2022-03-07 17:41:22 DayNightSpawnManager: Removed 553 night creatures.
[INFO ] 2022-03-07 17:41:22 ItemAuctionInstance$ScheduleAuctionTask: Auction ID 2 has started for NPC ID 32321.
[INFO ] 2022-03-07 17:41:22 GlobalVariablesManager: Stored 7 variables.
[INFO ] 2022-03-07 17:41:22 TaskSevenSignsUpdate: Data updated successfully.
[INFO ] 2022-03-07 17:41:23 ItemAuctionInstance: Schedule current auction ID 2 for NPC ID 32321.
[INFO ] 2022-03-07 17:41:23 TaskSevenSignsUpdate: Data updated successfully.
[INFO ] 2022-03-07 17:41:23 DayNightSpawnManager: Spawned 232 day creatures.
[WARN ] 2022-03-07 17:41:34 HikariPool: HikariPool-1 - Thread starvation or clock leap detected (housekeeper delta=47m55s450ms698µs200ns).
[INFO ] 2022-03-07 17:50:15 L2PcInstance: Master access level set for character Gmtech [268481866].
[INFO ] 2022-03-07 17:57:42 TaskSevenSignsUpdate: Data updated successfully.
[WARN ] 2022-03-07 17:59:33 L2GameClientPacket: No handler registered for admin command 'admin_slow'
[INFO ] 2022-03-07 18:00:27 Olympiad: Olympiad Game Started
[INFO ] 2022-03-07 18:00:27 OlympiadGameManager: Loaded 160 stadiums.
[INFO ] 2022-03-07 18:00:27 SevenSigns: The Quest Event Results period has begun!
[INFO ] 2022-03-07 18:00:27 SevenSigns: Next period change set to 2022-03-07T18:15:27.531+0100.
[INFO ] 2022-03-07 18:06:02 GlobalVariablesManager: Stored 7 variables.
[INFO ] 2022-03-07 18:12:42 TaskOlympiadSave: Data updated.
[INFO ] 2022-03-07 18:15:27 SevenSigns: The Seal of Avarice remains unclaimed.
[INFO ] 2022-03-07 18:15:27 SevenSigns: The Seal of Gnosis remains unclaimed.
[INFO ] 2022-03-07 18:15:27 SevenSigns: The Seal of Strife remains unclaimed.
[INFO ] 2022-03-07 18:15:27 SevenSigns: The No Cabal have won the competition with 0 points!
[INFO ] 2022-03-07 18:15:27 SevenSigns: The Seal Validation period has begun!
[INFO ] 2022-03-07 18:15:27 SevenSigns: Next period change set to 2022-03-14T18:00:27.531+0100.
[INFO ] 2022-03-07 18:27:42 TaskSevenSignsUpdate: Data updated successfully.
[INFO ] 2022-03-07 18:36:02 GlobalVariablesManager: Stored 7 variables.
[INFO ] 2022-03-07 18:42:42 TaskOlympiadSave: Data updated.
[INFO ] 2022-03-07 20:18:12 TaskSevenSignsUpdate: Data updated successfully.
[INFO ] 2022-03-07 20:18:13 GlobalVariablesManager: Stored 7 variables.
[INFO ] 2022-03-07 20:18:13 TaskOlympiadSave: Data updated.
[INFO ] 2022-03-07 20:18:13 TaskSevenSignsUpdate: Data updated successfully.
[INFO ] 2022-03-07 20:18:13 TaskOlympiadSave: Data updated.
[INFO ] 2022-03-07 20:18:13 TaskSevenSignsUpdate: Data updated successfully.
[INFO ] 2022-03-07 20:18:13 TaskOlympiadSave: Data updated.
[INFO ] 2022-03-07 20:18:14 DayNightSpawnManager: Removed 232 day creatures.
[INFO ] 2022-03-07 20:18:14 DayNightSpawnManager: Spawned 553 night creatures.
[WARN ] 2022-03-07 20:18:25 HikariPool: HikariPool-1 - Thread starvation or clock leap detected (housekeeper delta=1h30m20s784ms703µs500ns).
[INFO ] 2022-03-07 20:27:42 TaskSevenSignsUpdate: Data updated successfully.
[INFO ] 2022-03-07 20:36:02 GlobalVariablesManager: Stored 7 variables.
[INFO ] 2022-03-07 20:42:42 TaskOlympiadSave: Data updated.
[INFO ] 2022-03-07 20:57:42 TaskSevenSignsUpdate: Data updated successfully.
[INFO ] 2022-03-07 21:00:00 DayNightSpawnManager: Removed 553 night creatures.
[INFO ] 2022-03-07 21:00:00 DayNightSpawnManager: Spawned 232 day creatures.
[WARN ] 2022-03-07 21:05:14 LoginServerThread: LoginServer not avaible, trying to reconnect...
