[INFO ] 2022-03-08 00:06:09 GameServer: ------------------------------------------------=[ Database ]
[INFO ] 2022-03-08 00:06:09 GameServer: -----------------------------------=[ Network Configuration ]
[INFO ] 2022-03-08 00:06:09 IPConfigData: Using automatic network configuration.
[INFO ] 2022-03-08 00:06:10 IPConfigData: Adding new subnet: 127.0.0.0/8 address: 127.0.0.1
[INFO ] 2022-03-08 00:06:10 IPConfigData: Adding new subnet: 192.168.1.0/24 address: 192.168.1.22
[INFO ] 2022-03-08 00:06:10 IPConfigData: Adding new subnet: 0.0.0.0/0 address: 86.236.191.224
[INFO ] 2022-03-08 00:06:10 HikariDataSource: HikariPool-1 - Starting...
[INFO ] 2022-03-08 00:06:10 HikariDataSource: HikariPool-1 - Start completed.
[INFO ] 2022-03-08 00:06:10 IdFactory: Updated characters online status.
[INFO ] 2022-03-08 00:06:10 IdFactory: Cleaned 0 elements from database in 0s.
[INFO ] 2022-03-08 00:06:10 IdFactory: Cleaned 0 expired timestamps from database.
[INFO ] 2022-03-08 00:06:10 BitSetIDFactory: 102912 Ids available.
[INFO ] 2022-03-08 00:06:10 GameServer: ---------------------------------------------------=[ World ]
[INFO ] 2022-03-08 00:06:10 InstanceManager: Multiverse Instance created.
[INFO ] 2022-03-08 00:06:10 InstanceManager: Universe Instance created.
[INFO ] 2022-03-08 00:06:10 InstanceManager: Loaded 160 instance names.
[INFO ] 2022-03-08 00:06:11 L2World: 128 by 136 world region grid set up.
[INFO ] 2022-03-08 00:06:11 MapRegionManager: Loaded 57 map regions.
[INFO ] 2022-03-08 00:06:11 GlobalVariablesManager: Loaded 7 variables.
[INFO ] 2022-03-08 00:06:11 GameServer: ----------------------------------------------------=[ Data ]
[INFO ] 2022-03-08 00:06:11 CategoryData: Loaded 124 Categories.
[INFO ] 2022-03-08 00:06:11 SecondaryAuthData: Loaded 328 forbidden passwords.
[INFO ] 2022-03-08 00:06:11 GameServer: -------------------------------------------------=[ Effects ]
[INFO ] 2022-03-08 00:06:13 EffectMasterHandler: Loaded 169 effect handlers.
[INFO ] 2022-03-08 00:06:13 GameServer: ------------------------------------=[ Enchant Skill Groups ]
[INFO ] 2022-03-08 00:06:13 EnchantSkillGroupsData: Loaded 4 groups and 90 routes.
[INFO ] 2022-03-08 00:06:13 GameServer: ---------------------------------------------=[ Skill Trees ]
[INFO ] 2022-03-08 00:06:13 SkillTreesData: Loaded 17176 Class Skills for 103 Class Skill Trees.
[INFO ] 2022-03-08 00:06:13 SkillTreesData: Loaded 76 Sub-Class Skills.
[INFO ] 2022-03-08 00:06:13 SkillTreesData: Loaded 77 Transfer Skills for 3 Transfer Skill Trees.
[INFO ] 2022-03-08 00:06:13 SkillTreesData: Loaded 117 Fishing Skills, 8 Dwarven only Fishing Skills.
[INFO ] 2022-03-08 00:06:13 SkillTreesData: Loaded 3 Collect Skills.
[INFO ] 2022-03-08 00:06:13 SkillTreesData: Loaded 74 Pledge Skills, 44 for Pledge and 30 Residential.
[INFO ] 2022-03-08 00:06:13 SkillTreesData: Loaded 18 Sub-Pledge Skills.
[INFO ] 2022-03-08 00:06:13 SkillTreesData: Loaded 32 Transform Skills.
[INFO ] 2022-03-08 00:06:13 SkillTreesData: Loaded 8 Noble Skills.
[INFO ] 2022-03-08 00:06:13 SkillTreesData: Loaded 5 Hero Skills.
[INFO ] 2022-03-08 00:06:13 SkillTreesData: Loaded 46 Game Master Skills.
[INFO ] 2022-03-08 00:06:13 SkillTreesData: Loaded 46 Game Master Aura Skills.
[INFO ] 2022-03-08 00:06:13 GameServer: --------------------------------------------------=[ Skills ]
[INFO ] 2022-03-08 00:06:22 DocumentEngine: Loaded 65973 skill templates from XML files.
[INFO ] 2022-03-08 00:06:22 SummonSkillsTable: Loaded 1891 summon skills.
[INFO ] 2022-03-08 00:06:22 GameServer: ---------------------------------------------------=[ Items ]
[INFO ] 2022-03-08 00:06:22 ItemTable: Highest item Id used 22567.
[INFO ] 2022-03-08 00:06:22 ItemTable: Loaded 11481 Etc items.
[INFO ] 2022-03-08 00:06:22 ItemTable: Loaded 3825 Armor items.
[INFO ] 2022-03-08 00:06:22 ItemTable: Loaded 3893 Weapon items.
[INFO ] 2022-03-08 00:06:22 ItemTable: Loaded 19199 items in total.
[INFO ] 2022-03-08 00:06:22 EnchantItemGroupsData: Loaded 4 item group templates.
[INFO ] 2022-03-08 00:06:22 EnchantItemGroupsData: Loaded 1 scroll group templates.
[INFO ] 2022-03-08 00:06:22 EnchantItemData: Loaded 63 enchant scrolls.
[INFO ] 2022-03-08 00:06:22 EnchantItemData: Loaded 20 support items.
[INFO ] 2022-03-08 00:06:22 EnchantItemOptionsData: Loaded 23 items and 1093 options.
[INFO ] 2022-03-08 00:06:23 OptionData: Loaded 24985 item options.
[INFO ] 2022-03-08 00:06:23 EnchantItemHPBonusData: Loaded 6 Enchant HP Bonuses.
[INFO ] 2022-03-08 00:06:23 MerchantPriceConfigTable: Loaded 28 merchant price configs.
[INFO ] 2022-03-08 00:06:24 BuyListData: Loaded 760 buy lists.
[INFO ] 2022-03-08 00:06:24 MultisellData: Loaded 192 multisell lists.
[INFO ] 2022-03-08 00:06:24 RecipeData: Loaded 1000 recipes.
[INFO ] 2022-03-08 00:06:24 ArmorSetsData: Loaded 204 armor sets.
[INFO ] 2022-03-08 00:06:24 FishData: Loaded 278 fish.
[INFO ] 2022-03-08 00:06:24 FishingMonstersData: Loaded 8 fishing monsters.
[INFO ] 2022-03-08 00:06:24 FishingRodsData: Loaded 6 fishing rods.
[INFO ] 2022-03-08 00:06:24 HennaData: Loaded 180 Henna data.
[INFO ] 2022-03-08 00:06:24 GameServer: ----------------------------------------------=[ Characters ]
[INFO ] 2022-03-08 00:06:24 ClassListData: Loaded 107 class data.
[INFO ] 2022-03-08 00:06:24 InitialEquipmentData: Loaded 11 initial equipment data.
[INFO ] 2022-03-08 00:06:24 InitialShortcutData: Loaded 5 initial dlobal shortcuts data.
[INFO ] 2022-03-08 00:06:24 InitialShortcutData: Loaded 4 initial shortcuts data.
[INFO ] 2022-03-08 00:06:24 InitialShortcutData: Loaded 0 macros presets.
[INFO ] 2022-03-08 00:06:24 KarmaData: Loaded 85 karma modifiers.
[INFO ] 2022-03-08 00:06:24 HitConditionBonusData: Loaded Hit Condition bonuses.
[INFO ] 2022-03-08 00:06:24 PlayerTemplateData: Loaded 103 character templates.
[INFO ] 2022-03-08 00:06:24 PlayerTemplateData: Loaded 52530 level up gain records.
[INFO ] 2022-03-08 00:06:24 PlayerCreationPointData: Loaded 62 character creation points.
[INFO ] 2022-03-08 00:06:25 CharNameTable: Loaded 1 char names.
[INFO ] 2022-03-08 00:06:25 AdminData: Loaded 10 access levels.
[INFO ] 2022-03-08 00:06:25 AdminData: Loaded 444 access commands.
[INFO ] 2022-03-08 00:06:25 RaidBossPointsManager: Loaded 0 characters raid points.
[INFO ] 2022-03-08 00:06:25 PetDataTable: Loaded 52 Pets.
[INFO ] 2022-03-08 00:06:25 GameServer: -----------------------------------------------------=[ BBS ]
[INFO ] 2022-03-08 00:06:25 ForumsBBSManager: Loaded 4 forums.
[INFO ] 2022-03-08 00:06:25 GameServer: ---------------------------------------------------=[ Clans ]
[INFO ] 2022-03-08 00:06:25 ClanTable: Restored 0 clans from the database.
[INFO ] 2022-03-08 00:06:25 AuctionManager: Loaded 38 auction(s).
[INFO ] 2022-03-08 00:06:25 ClanHallManager: Loaded 0 clan halls.
[INFO ] 2022-03-08 00:06:25 ClanHallManager: Loaded 38 free clan halls.
[INFO ] 2022-03-08 00:06:25 ClanHallSiegeManager: Loaded 6 conquerable clan halls.
[INFO ] 2022-03-08 00:06:25 GameServer: -------------------------------------------------=[ Geodata ]
[INFO ] 2022-03-08 00:06:25 GeoData: Loaded 0 regions.
[INFO ] 2022-03-08 00:06:25 GameServer: ----------------------------------------------------=[ NPCs ]
[INFO ] 2022-03-08 00:06:25 SkillLearnData: Loaded 256 skill learn data.
[INFO ] 2022-03-08 00:06:25 NpcData$MinionData: Loaded 128 minions data.
[INFO ] 2022-03-08 00:06:27 NpcData: Loaded 10461 NPCs.
[INFO ] 2022-03-08 00:06:27 WalkingManager: Loaded 127 walking routes.
[INFO ] 2022-03-08 00:06:27 StaticObjectData: Loaded 51 static object templates.
[INFO ] 2022-03-08 00:06:27 GrandBossManager: Queen Ant (29001) status is 0.
[INFO ] 2022-03-08 00:06:27 GrandBossManager: Core (29006) status is 0.
[INFO ] 2022-03-08 00:06:27 GrandBossManager: Orfen (29014) status is 0.
[INFO ] 2022-03-08 00:06:27 GrandBossManager: Baium (29020) status is 0.
[INFO ] 2022-03-08 00:06:27 GrandBossManager: Valakas (29028) status is 0.
[INFO ] 2022-03-08 00:06:27 GrandBossManager: Antharas (29068) status is 0.
[INFO ] 2022-03-08 00:06:27 GrandBossManager: Beleth (29118) status is 0.
[INFO ] 2022-03-08 00:06:27 GrandBossManager: Loaded 7 grand boss instances.
[INFO ] 2022-03-08 00:06:28 DoorData: Loaded 1301 door templates for 22 regions.
[INFO ] 2022-03-08 00:06:29 ZoneManager: Loaded 28 zone classes and 2794 zones.
[INFO ] 2022-03-08 00:06:29 ZoneManager: Loaded 0 NPC spawn territoriers.
[INFO ] 2022-03-08 00:06:29 CastleManager: Loaded 9 castles.
[INFO ] 2022-03-08 00:06:29 NpcBufferTable: Loaded 1 buffers and 10 skills.
[INFO ] 2022-03-08 00:06:29 GrandBossManager: Initialized 12 grand boss zones.
[INFO ] 2022-03-08 00:06:29 GameServer: -----------------------------------------=[ Auction Manager ]
[INFO ] 2022-03-08 00:06:29 ItemAuctionInstance: Loaded 82 item(s) and registered 1 auction(s) for NPC ID 32320.
[INFO ] 2022-03-08 00:06:29 ItemAuctionInstance: Schedule next auction ID 1 on 17:00:00 11.03.22 for NPC ID 32320.
[INFO ] 2022-03-08 00:06:29 ItemAuctionInstance: Loaded 82 item(s) and registered 2 auction(s) for NPC ID 32321.
[INFO ] 2022-03-08 00:06:29 ItemAuctionInstance: Schedule current auction ID 2 for NPC ID 32321.
[INFO ] 2022-03-08 00:06:29 ItemAuctionInstance: Loaded 82 item(s) and registered 1 auction(s) for NPC ID 32322.
[INFO ] 2022-03-08 00:06:29 ItemAuctionInstance: Schedule next auction ID 3 on 17:00:00 09.03.22 for NPC ID 32322.
[INFO ] 2022-03-08 00:06:29 ItemAuctionManager: Loaded 3 auction manager instance(s).
[INFO ] 2022-03-08 00:06:29 GameServer: ------------------------------------------------=[ Olympiad ]
[INFO ] 2022-03-08 00:06:29 Olympiad: Loading Olympiad System....
[INFO ] 2022-03-08 00:06:29 Olympiad: Currently in Olympiad Period
[INFO ] 2022-03-08 00:06:29 Olympiad: 35213 minutes until period ends
[INFO ] 2022-03-08 00:06:29 Olympiad: Next weekly change is in 9590 minutes
[INFO ] 2022-03-08 00:06:29 Olympiad: Loaded 0 Nobles
[INFO ] 2022-03-08 00:06:29 Olympiad: Competition Period Starts in 0 days, 17 hours and 54 mins.
[INFO ] 2022-03-08 00:06:29 Olympiad: Event starts/started : Tue Mar 08 18:00:29 CET 2022
[INFO ] 2022-03-08 00:06:29 Hero: Loaded 0 Heroes.
[INFO ] 2022-03-08 00:06:29 Hero: Loaded 0 all time Heroes.
[INFO ] 2022-03-08 00:06:29 GameServer: ---------------------------------------------=[ Seven Signs ]
[INFO ] 2022-03-08 00:06:29 SevenSigns: Currently in the Seal Validation period.
[INFO ] 2022-03-08 00:06:29 SevenSigns: The Seal of Avarice remains unclaimed.
[INFO ] 2022-03-08 00:06:29 SevenSigns: The Seal of Gnosis remains unclaimed.
[INFO ] 2022-03-08 00:06:29 SevenSigns: The Seal of Strife remains unclaimed.
[INFO ] 2022-03-08 00:06:29 SevenSigns: The competition ended with a tie last week.
[INFO ] 2022-03-08 00:06:29 SevenSigns: Next period change set to 2022-03-14T18:00:29.669+0100.
[INFO ] 2022-03-08 00:06:29 SevenSigns: Next period begins in 6 days, 17 hours and 53 mins.
[INFO ] 2022-03-08 00:06:29 GameServer: ---------------------------------------------------=[ Cache ]
[INFO ] 2022-03-08 00:06:29 HtmCache: Running lazy cache.
[INFO ] 2022-03-08 00:06:29 CrestTable: Loaded 0 crests.
[INFO ] 2022-03-08 00:06:29 ItemAuctionInstance: Auction ID 2 has finished. There have not been any bid for instance ID 32321.
[INFO ] 2022-03-08 00:06:29 ItemAuctionInstance: Schedule next auction ID 4 on 17:00:00 14.03.22 for NPC ID 32321.
[INFO ] 2022-03-08 00:06:29 TeleportLocationTable: Loaded 957 teleport location templates.
[INFO ] 2022-03-08 00:06:29 UIData: Loaded 4 keys 5 categories.
[INFO ] 2022-03-08 00:06:29 AugmentationData: Loaded 33960 augmentations.
[INFO ] 2022-03-08 00:06:29 AugmentationData: Loaded 2754 accessory augmentations.
[INFO ] 2022-03-08 00:06:29 CursedWeaponsManager: Loaded 2 cursed weapon(s).
[INFO ] 2022-03-08 00:06:30 TransformData: Loaded 111 transform templates.
[INFO ] 2022-03-08 00:06:30 BotReportTable: Loaded 0 bot reports.
[INFO ] 2022-03-08 00:06:30 AirShipManager: Loaded 0 private airships.
[INFO ] 2022-03-08 00:06:30 GameServer: ------------------------------------------------=[ Handlers ]
[INFO ] 2022-03-08 00:06:32 MasterHandler: Loaded 5 Voiced Command Handler.
[INFO ] 2022-03-08 00:06:32 MasterHandler: Loaded 10 Action Handler.
[INFO ] 2022-03-08 00:06:32 MasterHandler: Loaded 6 Action Shift Handler.
[INFO ] 2022-03-08 00:06:32 MasterHandler: Loaded 447 Admin Command Handler.
[INFO ] 2022-03-08 00:06:32 MasterHandler: Loaded 48 Bypass Handler.
[INFO ] 2022-03-08 00:06:32 MasterHandler: Loaded 14 Chat Handler.
[INFO ] 2022-03-08 00:06:32 MasterHandler: Loaded 15 Community Board Handler.
[INFO ] 2022-03-08 00:06:32 MasterHandler: Loaded 31 Item Handler.
[INFO ] 2022-03-08 00:06:32 MasterHandler: Loaded 3 Punishment Handler.
[INFO ] 2022-03-08 00:06:32 MasterHandler: Loaded 17 User Command Handler.
[INFO ] 2022-03-08 00:06:32 MasterHandler: Loaded 20 Telnet Handler.
[INFO ] 2022-03-08 00:06:32 GameServer: ------------------------------------------------------=[ AI ]
[INFO ] 2022-03-08 00:06:39 NpcBuffersData: Loaded 33 buffers data.
[INFO ] 2022-03-08 00:06:39 HandysBlockCheckerEvent: Loaded Handy's Block Checker event.
[INFO ] 2022-03-08 00:06:39 AILoader: Loaded 179 AI scripts.
[INFO ] 2022-03-08 00:06:39 GameServer: -----------------------------------------------=[ Instances ]
[INFO ] 2022-03-08 00:06:39 InstanceLoader: Loaded 30 instnaces.
[INFO ] 2022-03-08 00:06:39 GameServer: --------------------------------------------------=[ Gracia ]
[INFO ] 2022-03-08 00:06:40 GraciaLoader: Loaded 28 Gracia scripts.
[INFO ] 2022-03-08 00:06:40 GameServer: -----------------------------------------------=[ Hellbound ]
[INFO ] 2022-03-08 00:06:40 HellboundPointData: Loaded 47 trust point reward data.
[INFO ] 2022-03-08 00:06:40 HellboundSpawns: Loaded 598 Hellbound spawns.
[INFO ] 2022-03-08 00:06:40 HellboundEngine: Level 0.
[INFO ] 2022-03-08 00:06:40 HellboundEngine: Trust 0.
[INFO ] 2022-03-08 00:06:40 HellboundEngine: Status locked.
[INFO ] 2022-03-08 00:06:40 RaidBossSpawnManager: Spawning raid bosses...
[INFO ] 2022-03-08 00:06:40 RaidBossSpawnManager: Loaded 188 bosses.
[INFO ] 2022-03-08 00:06:40 RaidBossSpawnManager: Scheduled 0 boss instances.
[INFO ] 2022-03-08 00:06:40 HellboundLoader: Loaded 34 Hellbound scripts.
[INFO ] 2022-03-08 00:06:40 GameServer: --------------------------------------------------=[ Quests ]
[INFO ] 2022-03-08 00:06:44 Q00350_EnhanceYourWeapon: Loaded 54 soul crystal data.
[INFO ] 2022-03-08 00:06:44 Q00350_EnhanceYourWeapon: Loaded 240 npc leveling data.
[INFO ] 2022-03-08 00:06:44 QuestLoader: Loaded 502 quests.
[INFO ] 2022-03-08 00:06:44 AbstractScript: TerritoryWarSuperClass: Siege date: Sun Mar 13 22:00:00 CET 2022
[INFO ] 2022-03-08 00:06:44 GameServer: -------------------------------------------------=[ Scripts ]
[INFO ] 2022-03-08 00:06:45 ClanHallSiegeEngine: Fortress of the Dead siege scheduled for 2022-03-20T12:00:00.161+0100.
[INFO ] 2022-03-08 00:06:45 DiscordBot: Discord Bot is Disabled.
[INFO ] 2022-03-08 00:06:45 ClanHallSiegeEngine: Beast Farm siege scheduled for 2022-03-20T12:00:00.161+0100.
[INFO ] 2022-03-08 00:06:45 ClanHallSiegeEngine: Rainbow Springs siege scheduled for 2022-03-20T12:00:00.160+0100.
[INFO ] 2022-03-08 00:06:45 TeleporterService: Disabled.
[INFO ] 2022-03-08 00:06:45 BufferService: Disabled.
[INFO ] 2022-03-08 00:06:45 ClanHallSiegeEngine: Bandit Stronghold siege scheduled for 2022-03-20T12:00:00.160+0100.
[INFO ] 2022-03-08 00:06:45 ClanHallSiegeEngine: Devastated Castle siege scheduled for 2022-03-20T12:00:00.159+0100.
[INFO ] 2022-03-08 00:06:45 ClanHallSiegeEngine: Fortress of Resistance siege scheduled for 2022-03-20T12:00:00.086+0100.
[INFO ] 2022-03-08 00:06:48 SpawnTable: Loaded 3765 NPC spawns.
[INFO ] 2022-03-08 00:06:48 SpawnTable: Loaded 1190 NPC spawns from XML.
[INFO ] 2022-03-08 00:06:48 DayNightSpawnManager: Removed 0 day creatures.
[INFO ] 2022-03-08 00:06:48 DayNightSpawnManager: Spawned 553 night creatures.
[INFO ] 2022-03-08 00:06:48 DayNightSpawnManager: Spawning Hellman raidboss.
[INFO ] 2022-03-08 00:06:48 FourSepulchersManager: Loaded 20 Mysterious-Box spawns.
[INFO ] 2022-03-08 00:06:48 FourSepulchersManager: Loaded 716 Physical type monsters spawns.
[INFO ] 2022-03-08 00:06:48 FourSepulchersManager: Loaded 716 Magical monsters spawns.
[INFO ] 2022-03-08 00:06:48 FourSepulchersManager: Loaded 92 Church of duke monsters spawns.
[INFO ] 2022-03-08 00:06:48 FourSepulchersManager: Loaded 68 Emperor's Grave spawns.
[INFO ] 2022-03-08 00:06:48 FourSepulchersManager: Spawned Conquerors' Sepulcher Manager.
[INFO ] 2022-03-08 00:06:48 FourSepulchersManager: Spawned Emperors' Sepulcher Manager.
[INFO ] 2022-03-08 00:06:48 FourSepulchersManager: Spawned Great Sages' Sepulcher Manager.
[INFO ] 2022-03-08 00:06:48 FourSepulchersManager: Spawned Judges' Sepulcher Manager.
[INFO ] 2022-03-08 00:06:48 FourSepulchersManager: Beginning in attack time.
[INFO ] 2022-03-08 00:06:48 DimensionalRiftManager: Loaded 7 room types with 56 rooms.
[INFO ] 2022-03-08 00:06:48 DimensionalRiftManager: Loaded 462 Dimensional Rift spawns.
[INFO ] 2022-03-08 00:06:48 GameServer: ---------------------------------------------------=[ Siege ]
[INFO ] 2022-03-08 00:06:48 Siege: Siege of Gludio: 2022-03-20T16:00:00.857+0100.
[INFO ] 2022-03-08 00:06:48 Siege: Siege of Dion: 2022-03-20T16:00:00.865+0100.
[INFO ] 2022-03-08 00:06:48 Siege: Siege of Giran: 2022-03-20T16:00:00.866+0100.
[INFO ] 2022-03-08 00:06:48 Siege: Siege of Oren: 2022-03-20T16:00:00.867+0100.
[INFO ] 2022-03-08 00:06:48 Siege: Siege of Aden: 2022-03-20T16:00:00.868+0100.
[INFO ] 2022-03-08 00:06:48 Siege: Siege of Innadril: 2022-03-20T20:00:00.869+0100.
[INFO ] 2022-03-08 00:06:48 Siege: Siege of Goddard: 2022-03-20T20:00:00.869+0100.
[INFO ] 2022-03-08 00:06:48 Siege: Siege of Rune: 2022-03-20T20:00:00.870+0100.
[INFO ] 2022-03-08 00:06:48 Siege: Siege of Schuttgart: 2022-03-20T20:00:00.871+0100.
[INFO ] 2022-03-08 00:06:48 FortManager: Loaded 21 fortress.
[INFO ] 2022-03-08 00:06:48 SiegeScheduleData: Loaded 2 siege schedulers.
[INFO ] 2022-03-08 00:06:48 CastleManorManager: Loaded 258 seeds.
[INFO ] 2022-03-08 00:06:48 CastleManorManager: Manor data loaded.
[INFO ] 2022-03-08 00:06:48 MercTicketManager: Loaded 0 mercenary tickets.
[INFO ] 2022-03-08 00:06:48 AutoSpawnHandler: Loaded 129 handlers.
[INFO ] 2022-03-08 00:06:48 SevenSignsFestival: Initialization bypassed due to Seal Validation in effect.
[INFO ] 2022-03-08 00:06:48 FaenorEventParser: Event Id Valentines Event has passed... Ignored.
[INFO ] 2022-03-08 00:06:48 FaenorScriptEngine: Loaded Valentines.xml successfully.
[INFO ] 2022-03-08 00:06:48 TaskManager: Loaded 13 tasks.
[INFO ] 2022-03-08 00:06:48 MailManager: Successfully loaded 0 messages.
[INFO ] 2022-03-08 00:06:48 PunishmentManager: Loaded 0 active and 0 expired punishments.
[INFO ] 2022-03-08 00:06:48 GameServer: Free Object Ids remaining 1879002126.
[INFO ] 2022-03-08 00:06:48 TvTManager: Engine is disabled.
[INFO ] 2022-03-08 00:06:48 GameServer: Started, free memory 1576 Mb of 2048 Mb
[INFO ] 2022-03-08 00:06:48 LoginServerThread: Connecting to login server on 127.0.0.1:9014
[INFO ] 2022-03-08 00:06:48 LoginServerThread: Registered on login as Server 1: Bartz
[INFO ] 2022-03-08 00:06:48 GameServer: Now listening on *:7777
[INFO ] 2022-03-08 00:06:48 GameServer: ----------------------------------------------------=[ UPnP ]
[INFO ] 2022-03-08 00:06:48 UPnPService: Looking for UPnP Gateway Devices...
[INFO ] 2022-03-08 00:06:48 UPnPService: Using UPnP gateway: Orange Livebox
[INFO ] 2022-03-08 00:06:48 UPnPService: Using local address: 192.168.1.22 External address: 86.236.191.224
[INFO ] 2022-03-08 00:06:48 UPnPService: Mapping successful on 192.168.1.22:7777
[INFO ] 2022-03-08 00:06:48 GameServer: Telnet server is currently disabled.
[INFO ] 2022-03-08 00:06:48 GameServer: Maximum numbers of connected players 500.
[INFO ] 2022-03-08 00:06:48 GameServer: Server Bartz loaded in 39 seconds.
[INFO ] 2022-03-08 00:07:44 L2PcInstance: Master access level set for character Gmtech [268481866].
[INFO ] 2022-03-08 00:15:08 GlobalVariablesManager: Stored 7 variables.
[INFO ] 2022-03-08 00:36:48 TaskSevenSignsUpdate: Data updated successfully.
[INFO ] 2022-03-08 00:45:08 GlobalVariablesManager: Stored 7 variables.
[INFO ] 2022-03-08 01:00:00 DayNightSpawnManager: Removed 553 night creatures.
[INFO ] 2022-03-08 01:00:00 DayNightSpawnManager: Spawned 232 day creatures.
[INFO ] 2022-03-08 01:00:00 DayNightSpawnManager: Deleting Hellman raidboss.
[INFO ] 2022-03-08 01:06:48 TaskSevenSignsUpdate: Data updated successfully.
[INFO ] 2022-03-08 01:15:08 GlobalVariablesManager: Stored 7 variables.
