[INFO ] 2022-03-16 23:57:59 GameServer: ------------------------------------------------=[ Database ]
[INFO ] 2022-03-16 23:57:59 GameServer: -----------------------------------=[ Network Configuration ]
[INFO ] 2022-03-16 23:57:59 IPConfigData: Using automatic network configuration.
[INFO ] 2022-03-16 23:57:59 IPConfigData: Adding new subnet: 127.0.0.0/8 address: 127.0.0.1
[INFO ] 2022-03-16 23:57:59 IPConfigData: Adding new subnet: 192.168.1.0/24 address: 192.168.1.22
[INFO ] 2022-03-16 23:57:59 IPConfigData: Adding new subnet: 0.0.0.0/0 address: 86.236.191.224
[INFO ] 2022-03-16 23:57:59 HikariDataSource: HikariPool-1 - Starting...
[INFO ] 2022-03-16 23:57:59 HikariDataSource: HikariPool-1 - Start completed.
[INFO ] 2022-03-16 23:57:59 IdFactory: Updated characters online status.
[INFO ] 2022-03-16 23:57:59 IdFactory: Cleaned 0 elements from database in 0s.
[INFO ] 2022-03-16 23:57:59 IdFactory: Cleaned 0 expired timestamps from database.
[INFO ] 2022-03-16 23:57:59 BitSetIDFactory: 102912 Ids available.
[INFO ] 2022-03-16 23:57:59 GameServer: ---------------------------------------------------=[ World ]
[INFO ] 2022-03-16 23:57:59 InstanceManager: Multiverse Instance created.
[INFO ] 2022-03-16 23:57:59 InstanceManager: Universe Instance created.
[INFO ] 2022-03-16 23:57:59 InstanceManager: Loaded 160 instance names.
[INFO ] 2022-03-16 23:58:00 L2World: 128 by 136 world region grid set up.
[INFO ] 2022-03-16 23:58:00 MapRegionManager: Loaded 57 map regions.
[INFO ] 2022-03-16 23:58:00 GlobalVariablesManager: Loaded 7 variables.
[INFO ] 2022-03-16 23:58:00 GameServer: ----------------------------------------------------=[ Data ]
[INFO ] 2022-03-16 23:58:00 CategoryData: Loaded 124 Categories.
[INFO ] 2022-03-16 23:58:00 SecondaryAuthData: Loaded 328 forbidden passwords.
[INFO ] 2022-03-16 23:58:00 GameServer: -------------------------------------------------=[ Effects ]
[INFO ] 2022-03-16 23:58:01 EffectMasterHandler: Loaded 169 effect handlers.
[INFO ] 2022-03-16 23:58:01 GameServer: ------------------------------------=[ Enchant Skill Groups ]
[INFO ] 2022-03-16 23:58:01 EnchantSkillGroupsData: Loaded 4 groups and 90 routes.
[INFO ] 2022-03-16 23:58:01 GameServer: ---------------------------------------------=[ Skill Trees ]
[INFO ] 2022-03-16 23:58:02 SkillTreesData: Loaded 17176 Class Skills for 103 Class Skill Trees.
[INFO ] 2022-03-16 23:58:02 SkillTreesData: Loaded 76 Sub-Class Skills.
[INFO ] 2022-03-16 23:58:02 SkillTreesData: Loaded 77 Transfer Skills for 3 Transfer Skill Trees.
[INFO ] 2022-03-16 23:58:02 SkillTreesData: Loaded 117 Fishing Skills, 8 Dwarven only Fishing Skills.
[INFO ] 2022-03-16 23:58:02 SkillTreesData: Loaded 3 Collect Skills.
[INFO ] 2022-03-16 23:58:02 SkillTreesData: Loaded 74 Pledge Skills, 44 for Pledge and 30 Residential.
[INFO ] 2022-03-16 23:58:02 SkillTreesData: Loaded 18 Sub-Pledge Skills.
[INFO ] 2022-03-16 23:58:02 SkillTreesData: Loaded 32 Transform Skills.
[INFO ] 2022-03-16 23:58:02 SkillTreesData: Loaded 8 Noble Skills.
[INFO ] 2022-03-16 23:58:02 SkillTreesData: Loaded 5 Hero Skills.
[INFO ] 2022-03-16 23:58:02 SkillTreesData: Loaded 46 Game Master Skills.
[INFO ] 2022-03-16 23:58:02 SkillTreesData: Loaded 46 Game Master Aura Skills.
[INFO ] 2022-03-16 23:58:02 GameServer: --------------------------------------------------=[ Skills ]
[INFO ] 2022-03-16 23:58:12 DocumentEngine: Loaded 65976 skill templates from XML files.
[INFO ] 2022-03-16 23:58:12 SummonSkillsTable: Loaded 1891 summon skills.
[INFO ] 2022-03-16 23:58:12 GameServer: ---------------------------------------------------=[ Items ]
[INFO ] 2022-03-16 23:58:17 ItemTable: Highest item Id used 22567.
[INFO ] 2022-03-16 23:58:17 ItemTable: Loaded 11481 Etc items.
[INFO ] 2022-03-16 23:58:17 ItemTable: Loaded 3825 Armor items.
[INFO ] 2022-03-16 23:58:17 ItemTable: Loaded 3893 Weapon items.
[INFO ] 2022-03-16 23:58:17 ItemTable: Loaded 19199 items in total.
[INFO ] 2022-03-16 23:58:18 EnchantItemGroupsData: Loaded 4 item group templates.
[INFO ] 2022-03-16 23:58:18 EnchantItemGroupsData: Loaded 1 scroll group templates.
[INFO ] 2022-03-16 23:58:18 EnchantItemData: Loaded 63 enchant scrolls.
[INFO ] 2022-03-16 23:58:18 EnchantItemData: Loaded 20 support items.
[INFO ] 2022-03-16 23:58:18 EnchantItemOptionsData: Loaded 23 items and 1093 options.
[INFO ] 2022-03-16 23:58:20 OptionData: Loaded 24985 item options.
[INFO ] 2022-03-16 23:58:20 EnchantItemHPBonusData: Loaded 6 Enchant HP Bonuses.
[INFO ] 2022-03-16 23:58:20 MerchantPriceConfigTable: Loaded 28 merchant price configs.
[WARN ] 2022-03-16 23:58:21 IXmlReader: BuyListData: Folder E:\l2jserver\server\Game\data\buylists\custom doesn't exist!
[INFO ] 2022-03-16 23:58:21 BuyListData: Loaded 760 buy lists.
[WARN ] 2022-03-16 23:58:23 IXmlReader: MultisellData: Folder E:\l2jserver\server\Game\data\multisell\custom doesn't exist!
[INFO ] 2022-03-16 23:58:23 MultisellData: Loaded 192 multisell lists.
[INFO ] 2022-03-16 23:58:23 RecipeData: Loaded 1000 recipes.
[INFO ] 2022-03-16 23:58:23 ArmorSetsData: Loaded 204 armor sets.
[INFO ] 2022-03-16 23:58:24 FishData: Loaded 278 fish.
[INFO ] 2022-03-16 23:58:24 FishingMonstersData: Loaded 8 fishing monsters.
[INFO ] 2022-03-16 23:58:24 FishingRodsData: Loaded 6 fishing rods.
[INFO ] 2022-03-16 23:58:24 HennaData: Loaded 180 Henna data.
[INFO ] 2022-03-16 23:58:24 GameServer: ----------------------------------------------=[ Characters ]
[INFO ] 2022-03-16 23:58:24 ClassListData: Loaded 107 class data.
[INFO ] 2022-03-16 23:58:24 InitialEquipmentData: Loaded 11 initial equipment data.
[INFO ] 2022-03-16 23:58:24 InitialShortcutData: Loaded 5 initial dlobal shortcuts data.
[INFO ] 2022-03-16 23:58:24 InitialShortcutData: Loaded 4 initial shortcuts data.
[INFO ] 2022-03-16 23:58:24 InitialShortcutData: Loaded 0 macros presets.
[INFO ] 2022-03-16 23:58:24 KarmaData: Loaded 85 karma modifiers.
[INFO ] 2022-03-16 23:58:24 HitConditionBonusData: Loaded Hit Condition bonuses.
[INFO ] 2022-03-16 23:58:24 PlayerTemplateData: Loaded 103 character templates.
[INFO ] 2022-03-16 23:58:24 PlayerTemplateData: Loaded 52530 level up gain records.
[INFO ] 2022-03-16 23:58:24 PlayerCreationPointData: Loaded 62 character creation points.
[INFO ] 2022-03-16 23:58:24 CharNameTable: Loaded 1 char names.
[INFO ] 2022-03-16 23:58:24 AdminData: Loaded 10 access levels.
[INFO ] 2022-03-16 23:58:24 AdminData: Loaded 444 access commands.
[INFO ] 2022-03-16 23:58:24 RaidBossPointsManager: Loaded 0 characters raid points.
[INFO ] 2022-03-16 23:58:26 PetDataTable: Loaded 52 Pets.
[INFO ] 2022-03-16 23:58:26 GameServer: -----------------------------------------------------=[ BBS ]
[INFO ] 2022-03-16 23:58:26 ForumsBBSManager: Loaded 4 forums.
[INFO ] 2022-03-16 23:58:26 GameServer: ---------------------------------------------------=[ Clans ]
[INFO ] 2022-03-16 23:58:26 ClanTable: Restored 0 clans from the database.
[INFO ] 2022-03-16 23:58:26 AuctionManager: Loaded 38 auction(s).
[INFO ] 2022-03-16 23:58:26 ClanHallManager: Loaded 0 clan halls.
[INFO ] 2022-03-16 23:58:26 ClanHallManager: Loaded 38 free clan halls.
[INFO ] 2022-03-16 23:58:26 ClanHallSiegeManager: Loaded 6 conquerable clan halls.
[INFO ] 2022-03-16 23:58:26 GameServer: -------------------------------------------------=[ Geodata ]
[INFO ] 2022-03-16 23:58:26 GeoData: Loaded 0 regions.
[INFO ] 2022-03-16 23:58:26 GameServer: ----------------------------------------------------=[ NPCs ]
[INFO ] 2022-03-16 23:58:27 SkillLearnData: Loaded 256 skill learn data.
[INFO ] 2022-03-16 23:58:27 NpcData$MinionData: Loaded 128 minions data.
[INFO ] 2022-03-16 23:58:37 NpcData: Loaded 10461 NPCs.
[INFO ] 2022-03-16 23:58:37 NpcData: Loaded 10 custom NPCs.
[INFO ] 2022-03-16 23:58:37 WalkingManager: Loaded 127 walking routes.
[INFO ] 2022-03-16 23:58:37 StaticObjectData: Loaded 51 static object templates.
[INFO ] 2022-03-16 23:58:38 GrandBossManager: Queen Ant (29001) status is 0.
[INFO ] 2022-03-16 23:58:38 GrandBossManager: Core (29006) status is 0.
[INFO ] 2022-03-16 23:58:38 GrandBossManager: Orfen (29014) status is 0.
[INFO ] 2022-03-16 23:58:38 GrandBossManager: Baium (29020) status is 0.
[INFO ] 2022-03-16 23:58:38 GrandBossManager: Valakas (29028) status is 0.
[INFO ] 2022-03-16 23:58:38 GrandBossManager: Antharas (29068) status is 0.
[INFO ] 2022-03-16 23:58:38 GrandBossManager: Beleth (29118) status is 0.
[INFO ] 2022-03-16 23:58:38 GrandBossManager: Loaded 7 grand boss instances.
[INFO ] 2022-03-16 23:58:38 DoorData: Loaded 1301 door templates for 22 regions.
[INFO ] 2022-03-16 23:58:39 ZoneManager: Loaded 28 zone classes and 2794 zones.
[INFO ] 2022-03-16 23:58:39 ZoneManager: Loaded 0 NPC spawn territoriers.
[INFO ] 2022-03-16 23:58:39 CastleManager: Loaded 9 castles.
[INFO ] 2022-03-16 23:58:39 NpcBufferTable: Loaded 2 buffers and 64 skills.
[INFO ] 2022-03-16 23:58:39 GrandBossManager: Initialized 12 grand boss zones.
[INFO ] 2022-03-16 23:58:39 GameServer: -----------------------------------------=[ Auction Manager ]
[INFO ] 2022-03-16 23:58:39 ItemAuctionInstance: Loaded 82 item(s) and registered 2 auction(s) for NPC ID 32320.
[INFO ] 2022-03-16 23:58:39 ItemAuctionInstance: Schedule next auction ID 6 on 17:00:00 18.03.22 for NPC ID 32320.
[INFO ] 2022-03-16 23:58:39 ItemAuctionInstance: Loaded 82 item(s) and registered 3 auction(s) for NPC ID 32321.
[INFO ] 2022-03-16 23:58:39 ItemAuctionInstance: Schedule next auction ID 7 on 17:00:00 21.03.22 for NPC ID 32321.
[INFO ] 2022-03-16 23:58:39 ItemAuctionInstance: Loaded 82 item(s) and registered 3 auction(s) for NPC ID 32322.
[INFO ] 2022-03-16 23:58:39 ItemAuctionInstance: Schedule next auction ID 8 on 17:00:00 23.03.22 for NPC ID 32322.
[INFO ] 2022-03-16 23:58:39 ItemAuctionManager: Loaded 3 auction manager instance(s).
[INFO ] 2022-03-16 23:58:39 GameServer: ------------------------------------------------=[ Olympiad ]
[INFO ] 2022-03-16 23:58:39 Olympiad: Loading Olympiad System....
[INFO ] 2022-03-16 23:58:39 Olympiad: Currently in Olympiad Period
[INFO ] 2022-03-16 23:58:39 Olympiad: 22261 minutes until period ends
[INFO ] 2022-03-16 23:58:39 Olympiad: Next weekly change is in 6863 minutes
[INFO ] 2022-03-16 23:58:39 Olympiad: Loaded 0 Nobles
[INFO ] 2022-03-16 23:58:39 Olympiad: Competition Period Starts in 0 days, 0 hours and 0 mins.
[INFO ] 2022-03-16 23:58:39 Olympiad: Event starts/started : Wed Mar 16 18:00:39 CET 2022
[INFO ] 2022-03-16 23:58:39 Hero: Loaded 0 Heroes.
[INFO ] 2022-03-16 23:58:39 Hero: Loaded 0 all time Heroes.
[INFO ] 2022-03-16 23:58:39 GameServer: ---------------------------------------------=[ Seven Signs ]
[INFO ] 2022-03-16 23:58:39 SevenSigns: Currently in the Competition (Quest Event) period.
[INFO ] 2022-03-16 23:58:39 SevenSigns: The Seal of Avarice remains unclaimed.
[INFO ] 2022-03-16 23:58:39 SevenSigns: The Seal of Gnosis remains unclaimed.
[INFO ] 2022-03-16 23:58:39 SevenSigns: The Seal of Strife remains unclaimed.
[INFO ] 2022-03-16 23:58:39 SevenSigns: The competition, if the current trend continues, will end in a tie this week.
[INFO ] 2022-03-16 23:58:39 SevenSigns: Next period change set to 2022-03-21T18:00:39.722+0100.
[INFO ] 2022-03-16 23:58:39 SevenSigns: Next period begins in 4 days, 18 hours and 1 mins.
[INFO ] 2022-03-16 23:58:39 GameServer: ---------------------------------------------------=[ Cache ]
[INFO ] 2022-03-16 23:58:39 HtmCache: Running lazy cache.
[INFO ] 2022-03-16 23:58:39 CrestTable: Loaded 0 crests.
[INFO ] 2022-03-16 23:58:39 TeleportLocationTable: Loaded 957 teleport location templates.
[INFO ] 2022-03-16 23:58:39 UIData: Loaded 4 keys 5 categories.
[INFO ] 2022-03-16 23:58:39 Olympiad: Olympiad Game Started
[INFO ] 2022-03-16 23:58:39 OlympiadGameManager: Loaded 160 stadiums.
[INFO ] 2022-03-16 23:58:39 AugmentationData: Loaded 33960 augmentations.
[INFO ] 2022-03-16 23:58:39 AugmentationData: Loaded 2754 accessory augmentations.
[INFO ] 2022-03-16 23:58:39 CursedWeaponsManager: Loaded 2 cursed weapon(s).
[INFO ] 2022-03-16 23:58:42 TransformData: Loaded 111 transform templates.
[INFO ] 2022-03-16 23:58:42 BotReportTable: Loaded 0 bot reports.
[INFO ] 2022-03-16 23:58:42 AirShipManager: Loaded 0 private airships.
[INFO ] 2022-03-16 23:58:42 GameServer: ------------------------------------------------=[ Handlers ]
[INFO ] 2022-03-16 23:58:50 MasterHandler: Loaded 5 Voiced Command Handler.
[INFO ] 2022-03-16 23:58:50 MasterHandler: Loaded 10 Action Handler.
[INFO ] 2022-03-16 23:58:50 MasterHandler: Loaded 6 Action Shift Handler.
[INFO ] 2022-03-16 23:58:50 MasterHandler: Loaded 447 Admin Command Handler.
[INFO ] 2022-03-16 23:58:50 MasterHandler: Loaded 48 Bypass Handler.
[INFO ] 2022-03-16 23:58:50 MasterHandler: Loaded 14 Chat Handler.
[INFO ] 2022-03-16 23:58:50 MasterHandler: Loaded 15 Community Board Handler.
[INFO ] 2022-03-16 23:58:50 MasterHandler: Loaded 31 Item Handler.
[INFO ] 2022-03-16 23:58:50 MasterHandler: Loaded 3 Punishment Handler.
[INFO ] 2022-03-16 23:58:50 MasterHandler: Loaded 17 User Command Handler.
[INFO ] 2022-03-16 23:58:50 MasterHandler: Loaded 20 Telnet Handler.
[INFO ] 2022-03-16 23:58:50 GameServer: ------------------------------------------------------=[ AI ]
[INFO ] 2022-03-16 23:59:00 NpcBuffersData: Loaded 33 buffers data.
[INFO ] 2022-03-16 23:59:00 HandysBlockCheckerEvent: Loaded Handy's Block Checker event.
[INFO ] 2022-03-16 23:59:00 AILoader: Loaded 179 AI scripts.
[INFO ] 2022-03-16 23:59:00 GameServer: -----------------------------------------------=[ Instances ]
[INFO ] 2022-03-16 23:59:04 InstanceLoader: Loaded 30 instnaces.
[INFO ] 2022-03-16 23:59:04 GameServer: --------------------------------------------------=[ Gracia ]
[INFO ] 2022-03-16 23:59:06 GraciaLoader: Loaded 28 Gracia scripts.
[INFO ] 2022-03-16 23:59:06 GameServer: -----------------------------------------------=[ Hellbound ]
[INFO ] 2022-03-16 23:59:08 HellboundPointData: Loaded 47 trust point reward data.
[INFO ] 2022-03-16 23:59:08 HellboundSpawns: Loaded 598 Hellbound spawns.
[INFO ] 2022-03-16 23:59:08 HellboundEngine: Level 0.
[INFO ] 2022-03-16 23:59:08 HellboundEngine: Trust 0.
[INFO ] 2022-03-16 23:59:08 HellboundEngine: Status locked.
[INFO ] 2022-03-16 23:59:08 RaidBossSpawnManager: Spawning raid bosses...
[INFO ] 2022-03-16 23:59:08 RaidBossSpawnManager: Loaded 187 bosses.
[INFO ] 2022-03-16 23:59:08 RaidBossSpawnManager: Scheduled 0 boss instances.
[INFO ] 2022-03-16 23:59:08 HellboundLoader: Loaded 34 Hellbound scripts.
[INFO ] 2022-03-16 23:59:08 GameServer: --------------------------------------------------=[ Quests ]
[INFO ] 2022-03-16 23:59:38 Q00350_EnhanceYourWeapon: Loaded 54 soul crystal data.
[INFO ] 2022-03-16 23:59:38 Q00350_EnhanceYourWeapon: Loaded 240 npc leveling data.
[INFO ] 2022-03-16 23:59:38 QuestLoader: Loaded 502 quests.
[INFO ] 2022-03-16 23:59:39 AbstractScript: TerritoryWarSuperClass: Siege date: Sun Mar 20 22:00:00 CET 2022
[INFO ] 2022-03-16 23:59:39 GameServer: -------------------------------------------------=[ Scripts ]
[INFO ] 2022-03-16 23:59:40 ClanHallSiegeEngine: Fortress of the Dead siege scheduled for 2022-03-20T12:00:00.161+0100.
[INFO ] 2022-03-16 23:59:40 DiscordBot: Discord Bot is Disabled.
[INFO ] 2022-03-16 23:59:40 ClanHallSiegeEngine: Beast Farm siege scheduled for 2022-03-20T12:00:00.161+0100.
[INFO ] 2022-03-16 23:59:40 ClanHallSiegeEngine: Rainbow Springs siege scheduled for 2022-03-20T12:00:00.160+0100.
[INFO ] 2022-03-16 23:59:40 TeleporterService: Disabled.
[INFO ] 2022-03-16 23:59:40 BufferService: Disabled.
[INFO ] 2022-03-16 23:59:40 ClanHallSiegeEngine: Bandit Stronghold siege scheduled for 2022-03-20T12:00:00.160+0100.
[INFO ] 2022-03-16 23:59:40 ClanHallSiegeEngine: Devastated Castle siege scheduled for 2022-03-20T12:00:00.159+0100.
[INFO ] 2022-03-16 23:59:40 ClanHallSiegeEngine: Fortress of Resistance siege scheduled for 2022-03-20T12:00:00.086+0100.
[INFO ] 2022-03-16 23:59:43 SpawnTable: Loaded 3774 NPC spawns.
[INFO ] 2022-03-16 23:59:43 SpawnTable: Loaded 12 custom NPC spawns.
[INFO ] 2022-03-16 23:59:43 SpawnTable: Loaded 1190 NPC spawns from XML.
[INFO ] 2022-03-16 23:59:43 DayNightSpawnManager: Removed 0 night creatures.
[INFO ] 2022-03-16 23:59:43 DayNightSpawnManager: Spawned 232 day creatures.
[INFO ] 2022-03-16 23:59:43 FourSepulchersManager: Loaded 20 Mysterious-Box spawns.
[INFO ] 2022-03-16 23:59:43 FourSepulchersManager: Loaded 716 Physical type monsters spawns.
[INFO ] 2022-03-16 23:59:43 FourSepulchersManager: Loaded 716 Magical monsters spawns.
[INFO ] 2022-03-16 23:59:43 FourSepulchersManager: Loaded 92 Church of duke monsters spawns.
[INFO ] 2022-03-16 23:59:43 FourSepulchersManager: Loaded 68 Emperor's Grave spawns.
[INFO ] 2022-03-16 23:59:43 FourSepulchersManager: Spawned Conquerors' Sepulcher Manager.
[INFO ] 2022-03-16 23:59:43 FourSepulchersManager: Spawned Emperors' Sepulcher Manager.
[INFO ] 2022-03-16 23:59:43 FourSepulchersManager: Spawned Great Sages' Sepulcher Manager.
[INFO ] 2022-03-16 23:59:43 FourSepulchersManager: Spawned Judges' Sepulcher Manager.
[INFO ] 2022-03-16 23:59:43 FourSepulchersManager: Beginning in warm-up time.
[INFO ] 2022-03-16 23:59:43 DimensionalRiftManager: Loaded 7 room types with 56 rooms.
[INFO ] 2022-03-16 23:59:43 DimensionalRiftManager: Loaded 462 Dimensional Rift spawns.
[INFO ] 2022-03-16 23:59:43 GameServer: ---------------------------------------------------=[ Siege ]
[INFO ] 2022-03-16 23:59:43 Siege: Siege of Gludio: 2022-03-20T16:00:00.857+0100.
[INFO ] 2022-03-16 23:59:43 Siege: Siege of Dion: 2022-03-20T16:00:00.865+0100.
[INFO ] 2022-03-16 23:59:43 Siege: Siege of Giran: 2022-03-20T16:00:00.866+0100.
[INFO ] 2022-03-16 23:59:43 Siege: Siege of Oren: 2022-03-20T16:00:00.867+0100.
[INFO ] 2022-03-16 23:59:43 Siege: Siege of Aden: 2022-03-20T16:00:00.868+0100.
[INFO ] 2022-03-16 23:59:43 Siege: Siege of Innadril: 2022-03-20T20:00:00.869+0100.
[INFO ] 2022-03-16 23:59:43 Siege: Siege of Goddard: 2022-03-20T20:00:00.869+0100.
[INFO ] 2022-03-16 23:59:43 Siege: Siege of Rune: 2022-03-20T20:00:00.870+0100.
[INFO ] 2022-03-16 23:59:43 Siege: Siege of Schuttgart: 2022-03-20T20:00:00.871+0100.
[INFO ] 2022-03-16 23:59:43 FortManager: Loaded 21 fortress.
[INFO ] 2022-03-16 23:59:43 SiegeScheduleData: Loaded 2 siege schedulers.
[INFO ] 2022-03-16 23:59:43 CastleManorManager: Loaded 258 seeds.
[INFO ] 2022-03-16 23:59:43 CastleManorManager: Manor data loaded.
[INFO ] 2022-03-16 23:59:43 MercTicketManager: Loaded 0 mercenary tickets.
[INFO ] 2022-03-16 23:59:44 AutoSpawnHandler: Loaded 129 handlers.
[INFO ] 2022-03-16 23:59:44 SevenSignsFestival: The first Festival of Darkness cycle begins in 2 minute(s).
[INFO ] 2022-03-16 23:59:44 FaenorEventParser: Event Id Valentines Event has passed... Ignored.
[INFO ] 2022-03-16 23:59:44 FaenorScriptEngine: Loaded Valentines.xml successfully.
[INFO ] 2022-03-16 23:59:44 TaskManager: Loaded 13 tasks.
[INFO ] 2022-03-16 23:59:44 MailManager: Successfully loaded 0 messages.
[INFO ] 2022-03-16 23:59:44 PunishmentManager: Loaded 0 active and 0 expired punishments.
[INFO ] 2022-03-16 23:59:44 GameServer: Free Object Ids remaining 1879002409.
[INFO ] 2022-03-16 23:59:44 TvTManager: Engine is disabled.
[INFO ] 2022-03-16 23:59:44 GameServer: Started, free memory 1578 Mb of 2048 Mb
[INFO ] 2022-03-16 23:59:44 LoginServerThread: Connecting to login server on 127.0.0.1:9014
[WARN ] 2022-03-16 23:59:44 LoginServerThread: LoginServer not avaible, trying to reconnect...
[INFO ] 2022-03-16 23:59:44 GameServer: Now listening on *:7777
[INFO ] 2022-03-16 23:59:44 GameServer: ----------------------------------------------------=[ UPnP ]
[INFO ] 2022-03-16 23:59:44 UPnPService: Looking for UPnP Gateway Devices...
[INFO ] 2022-03-16 23:59:44 UPnPService: Using UPnP gateway: Orange Livebox
[INFO ] 2022-03-16 23:59:44 UPnPService: Using local address: 192.168.1.22 External address: 86.236.191.224
[INFO ] 2022-03-16 23:59:44 UPnPService: Mapping successful on 192.168.1.22:7777
[INFO ] 2022-03-16 23:59:44 GameServer: Telnet server is currently disabled.
[INFO ] 2022-03-16 23:59:44 GameServer: Maximum numbers of connected players 500.
[INFO ] 2022-03-16 23:59:44 GameServer: Server Bartz loaded in 105 seconds.
[INFO ] 2022-03-16 23:59:49 LoginServerThread: Connecting to login server on 127.0.0.1:9014
[WARN ] 2022-03-16 23:59:49 LoginServerThread: LoginServer not avaible, trying to reconnect...
[INFO ] 2022-03-16 23:59:54 LoginServerThread: Connecting to login server on 127.0.0.1:9014
[WARN ] 2022-03-16 23:59:54 LoginServerThread: LoginServer not avaible, trying to reconnect...
[INFO ] 2022-03-16 23:59:59 LoginServerThread: Connecting to login server on 127.0.0.1:9014
[WARN ] 2022-03-16 23:59:59 LoginServerThread: LoginServer not avaible, trying to reconnect...
[INFO ] 2022-03-17 00:00:00 DayNightSpawnManager: Removed 232 day creatures.
[INFO ] 2022-03-17 00:00:00 DayNightSpawnManager: Spawned 553 night creatures.
[INFO ] 2022-03-17 00:00:04 LoginServerThread: Connecting to login server on 127.0.0.1:9014
[WARN ] 2022-03-17 00:00:04 LoginServerThread: LoginServer not avaible, trying to reconnect...
[INFO ] 2022-03-17 00:00:09 LoginServerThread: Connecting to login server on 127.0.0.1:9014
[WARN ] 2022-03-17 00:00:09 LoginServerThread: LoginServer not avaible, trying to reconnect...
[INFO ] 2022-03-17 00:00:14 LoginServerThread: Connecting to login server on 127.0.0.1:9014
[WARN ] 2022-03-17 00:00:14 LoginServerThread: LoginServer not avaible, trying to reconnect...
[INFO ] 2022-03-17 00:00:19 LoginServerThread: Connecting to login server on 127.0.0.1:9014
[WARN ] 2022-03-17 00:00:19 LoginServerThread: LoginServer not avaible, trying to reconnect...
[INFO ] 2022-03-17 00:00:24 LoginServerThread: Connecting to login server on 127.0.0.1:9014
[WARN ] 2022-03-17 00:00:24 LoginServerThread: LoginServer not avaible, trying to reconnect...
[INFO ] 2022-03-17 00:00:29 LoginServerThread: Connecting to login server on 127.0.0.1:9014
[WARN ] 2022-03-17 00:00:29 LoginServerThread: LoginServer not avaible, trying to reconnect...
[INFO ] 2022-03-17 00:00:34 LoginServerThread: Connecting to login server on 127.0.0.1:9014
[WARN ] 2022-03-17 00:00:34 LoginServerThread: LoginServer not avaible, trying to reconnect...
[INFO ] 2022-03-17 00:00:39 LoginServerThread: Connecting to login server on 127.0.0.1:9014
[WARN ] 2022-03-17 00:00:39 LoginServerThread: LoginServer not avaible, trying to reconnect...
[INFO ] 2022-03-17 00:00:39 Olympiad: Olympiad Game Ended
[INFO ] 2022-03-17 00:00:39 Olympiad: Competition Period Starts in 0 days, 18 hours and 0 mins.
[INFO ] 2022-03-17 00:00:39 Olympiad: Event starts/started : Thu Mar 17 18:00:39 CET 2022
[INFO ] 2022-03-17 00:00:44 LoginServerThread: Connecting to login server on 127.0.0.1:9014
[WARN ] 2022-03-17 00:00:44 LoginServerThread: LoginServer not avaible, trying to reconnect...
[INFO ] 2022-03-17 00:00:49 LoginServerThread: Connecting to login server on 127.0.0.1:9014
[WARN ] 2022-03-17 00:00:49 LoginServerThread: LoginServer not avaible, trying to reconnect...
[INFO ] 2022-03-17 00:00:54 LoginServerThread: Connecting to login server on 127.0.0.1:9014
[WARN ] 2022-03-17 00:00:54 LoginServerThread: LoginServer not avaible, trying to reconnect...
[INFO ] 2022-03-17 00:00:59 LoginServerThread: Connecting to login server on 127.0.0.1:9014
[WARN ] 2022-03-17 00:00:59 LoginServerThread: LoginServer not avaible, trying to reconnect...
[INFO ] 2022-03-17 00:01:04 LoginServerThread: Connecting to login server on 127.0.0.1:9014
[WARN ] 2022-03-17 00:01:04 LoginServerThread: LoginServer not avaible, trying to reconnect...
[INFO ] 2022-03-17 00:01:09 LoginServerThread: Connecting to login server on 127.0.0.1:9014
[WARN ] 2022-03-17 00:01:09 LoginServerThread: LoginServer not avaible, trying to reconnect...
[INFO ] 2022-03-17 00:01:14 LoginServerThread: Connecting to login server on 127.0.0.1:9014
[WARN ] 2022-03-17 00:01:14 LoginServerThread: LoginServer not avaible, trying to reconnect...
[INFO ] 2022-03-17 00:01:19 LoginServerThread: Connecting to login server on 127.0.0.1:9014
[WARN ] 2022-03-17 00:01:19 LoginServerThread: LoginServer not avaible, trying to reconnect...
[INFO ] 2022-03-17 00:01:24 LoginServerThread: Connecting to login server on 127.0.0.1:9014
[WARN ] 2022-03-17 00:01:24 LoginServerThread: LoginServer not avaible, trying to reconnect...
[INFO ] 2022-03-17 00:01:29 LoginServerThread: Connecting to login server on 127.0.0.1:9014
[WARN ] 2022-03-17 00:01:29 LoginServerThread: LoginServer not avaible, trying to reconnect...
[INFO ] 2022-03-17 00:01:34 LoginServerThread: Connecting to login server on 127.0.0.1:9014
[WARN ] 2022-03-17 00:01:34 LoginServerThread: LoginServer not avaible, trying to reconnect...
[INFO ] 2022-03-17 00:01:39 LoginServerThread: Connecting to login server on 127.0.0.1:9014
[WARN ] 2022-03-17 00:01:39 LoginServerThread: LoginServer not avaible, trying to reconnect...
[INFO ] 2022-03-17 00:01:44 LoginServerThread: Connecting to login server on 127.0.0.1:9014
[INFO ] 2022-03-17 00:01:44 LoginServerThread: Registered on login as Server 1: Bartz
