[INFO ] 2022-03-16 23:53:42 GameServer: ------------------------------------------------=[ Database ]
[INFO ] 2022-03-16 23:53:42 GameServer: -----------------------------------=[ Network Configuration ]
[INFO ] 2022-03-16 23:53:42 IPConfigData: Using automatic network configuration.
[INFO ] 2022-03-16 23:53:42 IPConfigData: Adding new subnet: 127.0.0.0/8 address: 127.0.0.1
[INFO ] 2022-03-16 23:53:42 IPConfigData: Adding new subnet: 192.168.1.0/24 address: 192.168.1.22
[INFO ] 2022-03-16 23:53:42 IPConfigData: Adding new subnet: 0.0.0.0/0 address: 86.236.191.224
[INFO ] 2022-03-16 23:53:42 HikariDataSource: HikariPool-1 - Starting...
[INFO ] 2022-03-16 23:53:42 HikariDataSource: HikariPool-1 - Start completed.
[INFO ] 2022-03-16 23:53:42 IdFactory: Updated characters online status.
[INFO ] 2022-03-16 23:53:42 IdFactory: Cleaned 0 elements from database in 0s.
[INFO ] 2022-03-16 23:53:42 IdFactory: Cleaned 0 expired timestamps from database.
[INFO ] 2022-03-16 23:53:42 BitSetIDFactory: 102912 Ids available.
[INFO ] 2022-03-16 23:53:42 GameServer: ---------------------------------------------------=[ World ]
[INFO ] 2022-03-16 23:53:42 InstanceManager: Multiverse Instance created.
[INFO ] 2022-03-16 23:53:42 InstanceManager: Universe Instance created.
[INFO ] 2022-03-16 23:53:42 InstanceManager: Loaded 160 instance names.
[INFO ] 2022-03-16 23:53:43 L2World: 128 by 136 world region grid set up.
[INFO ] 2022-03-16 23:53:43 MapRegionManager: Loaded 57 map regions.
[INFO ] 2022-03-16 23:53:43 GlobalVariablesManager: Loaded 7 variables.
[INFO ] 2022-03-16 23:53:43 GameServer: ----------------------------------------------------=[ Data ]
[INFO ] 2022-03-16 23:53:43 CategoryData: Loaded 124 Categories.
[INFO ] 2022-03-16 23:53:43 SecondaryAuthData: Loaded 328 forbidden passwords.
[INFO ] 2022-03-16 23:53:43 GameServer: -------------------------------------------------=[ Effects ]
[INFO ] 2022-03-16 23:53:45 EffectMasterHandler: Loaded 169 effect handlers.
[INFO ] 2022-03-16 23:53:45 GameServer: ------------------------------------=[ Enchant Skill Groups ]
[INFO ] 2022-03-16 23:53:45 EnchantSkillGroupsData: Loaded 4 groups and 90 routes.
[INFO ] 2022-03-16 23:53:45 GameServer: ---------------------------------------------=[ Skill Trees ]
[INFO ] 2022-03-16 23:53:45 SkillTreesData: Loaded 17176 Class Skills for 103 Class Skill Trees.
[INFO ] 2022-03-16 23:53:45 SkillTreesData: Loaded 76 Sub-Class Skills.
[INFO ] 2022-03-16 23:53:45 SkillTreesData: Loaded 77 Transfer Skills for 3 Transfer Skill Trees.
[INFO ] 2022-03-16 23:53:45 SkillTreesData: Loaded 117 Fishing Skills, 8 Dwarven only Fishing Skills.
[INFO ] 2022-03-16 23:53:45 SkillTreesData: Loaded 3 Collect Skills.
[INFO ] 2022-03-16 23:53:45 SkillTreesData: Loaded 74 Pledge Skills, 44 for Pledge and 30 Residential.
[INFO ] 2022-03-16 23:53:45 SkillTreesData: Loaded 18 Sub-Pledge Skills.
[INFO ] 2022-03-16 23:53:45 SkillTreesData: Loaded 32 Transform Skills.
[INFO ] 2022-03-16 23:53:45 SkillTreesData: Loaded 8 Noble Skills.
[INFO ] 2022-03-16 23:53:45 SkillTreesData: Loaded 5 Hero Skills.
[INFO ] 2022-03-16 23:53:45 SkillTreesData: Loaded 46 Game Master Skills.
[INFO ] 2022-03-16 23:53:45 SkillTreesData: Loaded 46 Game Master Aura Skills.
[INFO ] 2022-03-16 23:53:45 GameServer: --------------------------------------------------=[ Skills ]
[INFO ] 2022-03-16 23:53:58 DocumentEngine: Loaded 65976 skill templates from XML files.
[INFO ] 2022-03-16 23:53:58 SummonSkillsTable: Loaded 1891 summon skills.
[INFO ] 2022-03-16 23:53:58 GameServer: ---------------------------------------------------=[ Items ]
[INFO ] 2022-03-16 23:54:06 ItemTable: Highest item Id used 22567.
[INFO ] 2022-03-16 23:54:06 ItemTable: Loaded 11481 Etc items.
[INFO ] 2022-03-16 23:54:06 ItemTable: Loaded 3825 Armor items.
[INFO ] 2022-03-16 23:54:06 ItemTable: Loaded 3893 Weapon items.
[INFO ] 2022-03-16 23:54:06 ItemTable: Loaded 19199 items in total.
[INFO ] 2022-03-16 23:54:07 EnchantItemGroupsData: Loaded 4 item group templates.
[INFO ] 2022-03-16 23:54:07 EnchantItemGroupsData: Loaded 1 scroll group templates.
[INFO ] 2022-03-16 23:54:07 EnchantItemData: Loaded 63 enchant scrolls.
[INFO ] 2022-03-16 23:54:07 EnchantItemData: Loaded 20 support items.
[INFO ] 2022-03-16 23:54:07 EnchantItemOptionsData: Loaded 23 items and 1093 options.
[INFO ] 2022-03-16 23:54:11 OptionData: Loaded 24985 item options.
[INFO ] 2022-03-16 23:54:11 EnchantItemHPBonusData: Loaded 6 Enchant HP Bonuses.
[INFO ] 2022-03-16 23:54:12 MerchantPriceConfigTable: Loaded 28 merchant price configs.
[WARN ] 2022-03-16 23:54:15 IXmlReader: BuyListData: Folder E:\l2jserver\server\Game\data\buylists\custom doesn't exist!
[INFO ] 2022-03-16 23:54:15 BuyListData: Loaded 760 buy lists.
[WARN ] 2022-03-16 23:54:19 IXmlReader: MultisellData: Folder E:\l2jserver\server\Game\data\multisell\custom doesn't exist!
[INFO ] 2022-03-16 23:54:19 MultisellData: Loaded 192 multisell lists.
[INFO ] 2022-03-16 23:54:19 RecipeData: Loaded 1000 recipes.
[INFO ] 2022-03-16 23:54:19 ArmorSetsData: Loaded 204 armor sets.
[INFO ] 2022-03-16 23:54:19 FishData: Loaded 278 fish.
[INFO ] 2022-03-16 23:54:19 FishingMonstersData: Loaded 8 fishing monsters.
[INFO ] 2022-03-16 23:54:19 FishingRodsData: Loaded 6 fishing rods.
[INFO ] 2022-03-16 23:54:19 HennaData: Loaded 180 Henna data.
[INFO ] 2022-03-16 23:54:19 GameServer: ----------------------------------------------=[ Characters ]
[INFO ] 2022-03-16 23:54:19 ClassListData: Loaded 107 class data.
[INFO ] 2022-03-16 23:54:19 InitialEquipmentData: Loaded 11 initial equipment data.
[INFO ] 2022-03-16 23:54:19 InitialShortcutData: Loaded 5 initial dlobal shortcuts data.
[INFO ] 2022-03-16 23:54:19 InitialShortcutData: Loaded 4 initial shortcuts data.
[INFO ] 2022-03-16 23:54:19 InitialShortcutData: Loaded 0 macros presets.
[INFO ] 2022-03-16 23:54:19 KarmaData: Loaded 85 karma modifiers.
[INFO ] 2022-03-16 23:54:19 HitConditionBonusData: Loaded Hit Condition bonuses.
[INFO ] 2022-03-16 23:54:20 PlayerTemplateData: Loaded 103 character templates.
[INFO ] 2022-03-16 23:54:20 PlayerTemplateData: Loaded 52530 level up gain records.
[INFO ] 2022-03-16 23:54:20 PlayerCreationPointData: Loaded 62 character creation points.
[INFO ] 2022-03-16 23:54:20 CharNameTable: Loaded 1 char names.
[INFO ] 2022-03-16 23:54:20 AdminData: Loaded 10 access levels.
[INFO ] 2022-03-16 23:54:20 AdminData: Loaded 444 access commands.
[INFO ] 2022-03-16 23:54:20 RaidBossPointsManager: Loaded 0 characters raid points.
[INFO ] 2022-03-16 23:54:23 PetDataTable: Loaded 52 Pets.
[INFO ] 2022-03-16 23:54:23 GameServer: -----------------------------------------------------=[ BBS ]
[INFO ] 2022-03-16 23:54:23 ForumsBBSManager: Loaded 4 forums.
[INFO ] 2022-03-16 23:54:23 GameServer: ---------------------------------------------------=[ Clans ]
[INFO ] 2022-03-16 23:54:23 ClanTable: Restored 0 clans from the database.
[INFO ] 2022-03-16 23:54:23 AuctionManager: Loaded 38 auction(s).
[INFO ] 2022-03-16 23:54:23 ClanHallManager: Loaded 0 clan halls.
[INFO ] 2022-03-16 23:54:23 ClanHallManager: Loaded 38 free clan halls.
[INFO ] 2022-03-16 23:54:23 ClanHallSiegeManager: Loaded 6 conquerable clan halls.
[INFO ] 2022-03-16 23:54:23 GameServer: -------------------------------------------------=[ Geodata ]
[INFO ] 2022-03-16 23:54:23 GeoData: Loaded 0 regions.
[INFO ] 2022-03-16 23:54:23 GameServer: ----------------------------------------------------=[ NPCs ]
[INFO ] 2022-03-16 23:54:23 SkillLearnData: Loaded 256 skill learn data.
[INFO ] 2022-03-16 23:54:23 NpcData$MinionData: Loaded 128 minions data.
[INFO ] 2022-03-16 23:54:33 NpcData: Loaded 10461 NPCs.
[INFO ] 2022-03-16 23:54:34 NpcData: Loaded 10 custom NPCs.
[INFO ] 2022-03-16 23:54:34 WalkingManager: Loaded 127 walking routes.
[INFO ] 2022-03-16 23:54:34 StaticObjectData: Loaded 51 static object templates.
[INFO ] 2022-03-16 23:54:35 GrandBossManager: Queen Ant (29001) status is 0.
[INFO ] 2022-03-16 23:54:35 GrandBossManager: Core (29006) status is 0.
[INFO ] 2022-03-16 23:54:35 GrandBossManager: Orfen (29014) status is 0.
[INFO ] 2022-03-16 23:54:35 GrandBossManager: Baium (29020) status is 0.
[INFO ] 2022-03-16 23:54:35 GrandBossManager: Valakas (29028) status is 0.
[INFO ] 2022-03-16 23:54:35 GrandBossManager: Antharas (29068) status is 0.
[INFO ] 2022-03-16 23:54:35 GrandBossManager: Beleth (29118) status is 0.
[INFO ] 2022-03-16 23:54:35 GrandBossManager: Loaded 7 grand boss instances.
[INFO ] 2022-03-16 23:54:37 DoorData: Loaded 1301 door templates for 22 regions.
[INFO ] 2022-03-16 23:54:38 ZoneManager: Loaded 28 zone classes and 2794 zones.
[INFO ] 2022-03-16 23:54:38 ZoneManager: Loaded 0 NPC spawn territoriers.
[INFO ] 2022-03-16 23:54:38 CastleManager: Loaded 9 castles.
[INFO ] 2022-03-16 23:54:38 NpcBufferTable: Loaded 2 buffers and 64 skills.
[INFO ] 2022-03-16 23:54:38 GrandBossManager: Initialized 12 grand boss zones.
[INFO ] 2022-03-16 23:54:38 GameServer: -----------------------------------------=[ Auction Manager ]
[INFO ] 2022-03-16 23:54:38 ItemAuctionInstance: Loaded 82 item(s) and registered 2 auction(s) for NPC ID 32320.
[INFO ] 2022-03-16 23:54:38 ItemAuctionInstance: Schedule next auction ID 6 on 17:00:00 18.03.22 for NPC ID 32320.
[INFO ] 2022-03-16 23:54:38 ItemAuctionInstance: Loaded 82 item(s) and registered 3 auction(s) for NPC ID 32321.
[INFO ] 2022-03-16 23:54:38 ItemAuctionInstance: Schedule next auction ID 7 on 17:00:00 21.03.22 for NPC ID 32321.
[INFO ] 2022-03-16 23:54:38 ItemAuctionInstance: Loaded 82 item(s) and registered 2 auction(s) for NPC ID 32322.
[INFO ] 2022-03-16 23:54:38 ItemAuctionInstance: Schedule current auction ID 5 for NPC ID 32322.
[INFO ] 2022-03-16 23:54:38 ItemAuctionManager: Loaded 3 auction manager instance(s).
[INFO ] 2022-03-16 23:54:38 GameServer: ------------------------------------------------=[ Olympiad ]
[INFO ] 2022-03-16 23:54:38 ItemAuctionInstance$ScheduleAuctionTask: Auction ID 5 has started for NPC ID 32322.
[INFO ] 2022-03-16 23:54:38 ItemAuctionInstance: Schedule current auction ID 5 for NPC ID 32322.
[INFO ] 2022-03-16 23:54:38 Olympiad: Loading Olympiad System....
[INFO ] 2022-03-16 23:54:38 Olympiad: Currently in Olympiad Period
[INFO ] 2022-03-16 23:54:38 Olympiad: 22265 minutes until period ends
[INFO ] 2022-03-16 23:54:38 Olympiad: Next weekly change is in 6867 minutes
[INFO ] 2022-03-16 23:54:38 Olympiad: Loaded 0 Nobles
[INFO ] 2022-03-16 23:54:38 Olympiad: Competition Period Starts in 0 days, 0 hours and 0 mins.
[INFO ] 2022-03-16 23:54:38 Olympiad: Event starts/started : Wed Mar 16 18:00:38 CET 2022
[INFO ] 2022-03-16 23:54:38 Hero: Loaded 0 Heroes.
[INFO ] 2022-03-16 23:54:38 Hero: Loaded 0 all time Heroes.
[INFO ] 2022-03-16 23:54:38 GameServer: ---------------------------------------------=[ Seven Signs ]
[INFO ] 2022-03-16 23:54:38 ItemAuctionInstance: Auction ID 5 has finished. There have not been any bid for instance ID 32322.
[INFO ] 2022-03-16 23:54:38 ItemAuctionInstance: Schedule next auction ID 8 on 17:00:00 23.03.22 for NPC ID 32322.
[INFO ] 2022-03-16 23:54:38 Olympiad: Olympiad Game Started
[INFO ] 2022-03-16 23:54:38 SevenSigns: Currently in the Competition (Quest Event) period.
[INFO ] 2022-03-16 23:54:38 SevenSigns: The Seal of Avarice remains unclaimed.
[INFO ] 2022-03-16 23:54:38 SevenSigns: The Seal of Gnosis remains unclaimed.
[INFO ] 2022-03-16 23:54:38 SevenSigns: The Seal of Strife remains unclaimed.
[INFO ] 2022-03-16 23:54:38 SevenSigns: The competition, if the current trend continues, will end in a tie this week.
[INFO ] 2022-03-16 23:54:38 SevenSigns: Next period change set to 2022-03-21T18:00:38.624+0100.
[INFO ] 2022-03-16 23:54:38 OlympiadGameManager: Loaded 160 stadiums.
[INFO ] 2022-03-16 23:54:38 SevenSigns: Next period begins in 4 days, 18 hours and 5 mins.
[INFO ] 2022-03-16 23:54:38 GameServer: ---------------------------------------------------=[ Cache ]
[INFO ] 2022-03-16 23:54:38 HtmCache: Running lazy cache.
[INFO ] 2022-03-16 23:54:38 CrestTable: Loaded 0 crests.
[INFO ] 2022-03-16 23:54:38 TeleportLocationTable: Loaded 957 teleport location templates.
[INFO ] 2022-03-16 23:54:38 UIData: Loaded 4 keys 5 categories.
[INFO ] 2022-03-16 23:54:39 AugmentationData: Loaded 33960 augmentations.
[INFO ] 2022-03-16 23:54:39 AugmentationData: Loaded 2754 accessory augmentations.
[INFO ] 2022-03-16 23:54:39 CursedWeaponsManager: Loaded 2 cursed weapon(s).
[INFO ] 2022-03-16 23:54:42 TransformData: Loaded 111 transform templates.
[INFO ] 2022-03-16 23:54:42 BotReportTable: Loaded 0 bot reports.
[INFO ] 2022-03-16 23:54:42 AirShipManager: Loaded 0 private airships.
[INFO ] 2022-03-16 23:54:42 GameServer: ------------------------------------------------=[ Handlers ]
[INFO ] 2022-03-16 23:54:50 MasterHandler: Loaded 5 Voiced Command Handler.
[INFO ] 2022-03-16 23:54:50 MasterHandler: Loaded 10 Action Handler.
[INFO ] 2022-03-16 23:54:50 MasterHandler: Loaded 6 Action Shift Handler.
[INFO ] 2022-03-16 23:54:50 MasterHandler: Loaded 447 Admin Command Handler.
[INFO ] 2022-03-16 23:54:50 MasterHandler: Loaded 48 Bypass Handler.
[INFO ] 2022-03-16 23:54:50 MasterHandler: Loaded 14 Chat Handler.
[INFO ] 2022-03-16 23:54:50 MasterHandler: Loaded 15 Community Board Handler.
[INFO ] 2022-03-16 23:54:50 MasterHandler: Loaded 31 Item Handler.
[INFO ] 2022-03-16 23:54:50 MasterHandler: Loaded 3 Punishment Handler.
[INFO ] 2022-03-16 23:54:50 MasterHandler: Loaded 17 User Command Handler.
[INFO ] 2022-03-16 23:54:50 MasterHandler: Loaded 20 Telnet Handler.
[INFO ] 2022-03-16 23:54:50 GameServer: ------------------------------------------------------=[ AI ]
[INFO ] 2022-03-16 23:55:02 NpcBuffersData: Loaded 33 buffers data.
[INFO ] 2022-03-16 23:55:02 HandysBlockCheckerEvent: Loaded Handy's Block Checker event.
[INFO ] 2022-03-16 23:55:02 AILoader: Loaded 179 AI scripts.
[INFO ] 2022-03-16 23:55:02 GameServer: -----------------------------------------------=[ Instances ]
[INFO ] 2022-03-16 23:55:06 InstanceLoader: Loaded 30 instnaces.
[INFO ] 2022-03-16 23:55:06 GameServer: --------------------------------------------------=[ Gracia ]
[INFO ] 2022-03-16 23:55:08 GraciaLoader: Loaded 28 Gracia scripts.
[INFO ] 2022-03-16 23:55:08 GameServer: -----------------------------------------------=[ Hellbound ]
[INFO ] 2022-03-16 23:55:11 HellboundPointData: Loaded 47 trust point reward data.
[INFO ] 2022-03-16 23:55:11 HellboundSpawns: Loaded 598 Hellbound spawns.
[INFO ] 2022-03-16 23:55:11 HellboundEngine: Level 0.
[INFO ] 2022-03-16 23:55:11 HellboundEngine: Trust 0.
[INFO ] 2022-03-16 23:55:11 HellboundEngine: Status locked.
[INFO ] 2022-03-16 23:55:11 RaidBossSpawnManager: Spawning raid bosses...
[INFO ] 2022-03-16 23:55:11 RaidBossSpawnManager: Loaded 187 bosses.
[INFO ] 2022-03-16 23:55:11 RaidBossSpawnManager: Scheduled 0 boss instances.
[INFO ] 2022-03-16 23:55:11 HellboundLoader: Loaded 34 Hellbound scripts.
[INFO ] 2022-03-16 23:55:11 GameServer: --------------------------------------------------=[ Quests ]
