[INFO ] 2022-03-20 17:30:07 GameServer: ------------------------------------------------=[ Database ]
[INFO ] 2022-03-20 17:30:07 GameServer: -----------------------------------=[ Network Configuration ]
[INFO ] 2022-03-20 17:30:07 IPConfigData: Using automatic network configuration.
[INFO ] 2022-03-20 17:30:07 IPConfigData: Adding new subnet: 127.0.0.0/8 address: 127.0.0.1
[INFO ] 2022-03-20 17:30:07 IPConfigData: Adding new subnet: 192.168.1.0/24 address: 192.168.1.22
[INFO ] 2022-03-20 17:30:07 IPConfigData: Adding new subnet: 0.0.0.0/0 address: 86.236.191.224
[INFO ] 2022-03-20 17:30:07 HikariDataSource: HikariPool-1 - Starting...
[INFO ] 2022-03-20 17:30:07 HikariDataSource: HikariPool-1 - Start completed.
[INFO ] 2022-03-20 17:30:07 IdFactory: Updated characters online status.
[INFO ] 2022-03-20 17:30:07 IdFactory: Cleaned 0 elements from database in 0s.
[INFO ] 2022-03-20 17:30:07 IdFactory: Cleaned 0 expired timestamps from database.
[INFO ] 2022-03-20 17:30:07 BitSetIDFactory: 205824 Ids available.
[INFO ] 2022-03-20 17:30:07 GameServer: ---------------------------------------------------=[ World ]
[INFO ] 2022-03-20 17:30:07 InstanceManager: Multiverse Instance created.
[INFO ] 2022-03-20 17:30:07 InstanceManager: Universe Instance created.
[INFO ] 2022-03-20 17:30:07 InstanceManager: Loaded 160 instance names.
[INFO ] 2022-03-20 17:30:08 L2World: 128 by 136 world region grid set up.
[INFO ] 2022-03-20 17:30:08 MapRegionManager: Loaded 57 map regions.
[INFO ] 2022-03-20 17:30:08 GlobalVariablesManager: Loaded 7 variables.
[INFO ] 2022-03-20 17:30:08 GameServer: ----------------------------------------------------=[ Data ]
[INFO ] 2022-03-20 17:30:08 CategoryData: Loaded 124 Categories.
[INFO ] 2022-03-20 17:30:08 SecondaryAuthData: Loaded 328 forbidden passwords.
[INFO ] 2022-03-20 17:30:08 GameServer: -------------------------------------------------=[ Effects ]
[INFO ] 2022-03-20 17:30:10 EffectMasterHandler: Loaded 169 effect handlers.
[INFO ] 2022-03-20 17:30:10 GameServer: ------------------------------------=[ Enchant Skill Groups ]
[INFO ] 2022-03-20 17:30:10 EnchantSkillGroupsData: Loaded 4 groups and 90 routes.
[INFO ] 2022-03-20 17:30:10 GameServer: ---------------------------------------------=[ Skill Trees ]
[INFO ] 2022-03-20 17:30:10 SkillTreesData: Loaded 17176 Class Skills for 103 Class Skill Trees.
[INFO ] 2022-03-20 17:30:10 SkillTreesData: Loaded 76 Sub-Class Skills.
[INFO ] 2022-03-20 17:30:10 SkillTreesData: Loaded 77 Transfer Skills for 3 Transfer Skill Trees.
[INFO ] 2022-03-20 17:30:10 SkillTreesData: Loaded 117 Fishing Skills, 8 Dwarven only Fishing Skills.
[INFO ] 2022-03-20 17:30:10 SkillTreesData: Loaded 3 Collect Skills.
[INFO ] 2022-03-20 17:30:10 SkillTreesData: Loaded 74 Pledge Skills, 44 for Pledge and 30 Residential.
[INFO ] 2022-03-20 17:30:10 SkillTreesData: Loaded 18 Sub-Pledge Skills.
[INFO ] 2022-03-20 17:30:10 SkillTreesData: Loaded 32 Transform Skills.
[INFO ] 2022-03-20 17:30:10 SkillTreesData: Loaded 8 Noble Skills.
[INFO ] 2022-03-20 17:30:10 SkillTreesData: Loaded 5 Hero Skills.
[INFO ] 2022-03-20 17:30:10 SkillTreesData: Loaded 46 Game Master Skills.
[INFO ] 2022-03-20 17:30:10 SkillTreesData: Loaded 46 Game Master Aura Skills.
[INFO ] 2022-03-20 17:30:10 GameServer: --------------------------------------------------=[ Skills ]
[INFO ] 2022-03-20 17:30:18 DocumentEngine: Loaded 65976 skill templates from XML files.
[INFO ] 2022-03-20 17:30:18 SummonSkillsTable: Loaded 1891 summon skills.
[INFO ] 2022-03-20 17:30:18 GameServer: ---------------------------------------------------=[ Items ]
[INFO ] 2022-03-20 17:30:19 ItemTable: Highest item Id used 22567.
[INFO ] 2022-03-20 17:30:19 ItemTable: Loaded 11481 Etc items.
[INFO ] 2022-03-20 17:30:19 ItemTable: Loaded 3825 Armor items.
[INFO ] 2022-03-20 17:30:19 ItemTable: Loaded 3893 Weapon items.
[INFO ] 2022-03-20 17:30:19 ItemTable: Loaded 19199 items in total.
[INFO ] 2022-03-20 17:30:19 EnchantItemGroupsData: Loaded 4 item group templates.
[INFO ] 2022-03-20 17:30:19 EnchantItemGroupsData: Loaded 1 scroll group templates.
[INFO ] 2022-03-20 17:30:19 EnchantItemData: Loaded 63 enchant scrolls.
[INFO ] 2022-03-20 17:30:19 EnchantItemData: Loaded 20 support items.
[INFO ] 2022-03-20 17:30:19 EnchantItemOptionsData: Loaded 23 items and 1093 options.
[INFO ] 2022-03-20 17:30:19 OptionData: Loaded 24985 item options.
[INFO ] 2022-03-20 17:30:19 EnchantItemHPBonusData: Loaded 6 Enchant HP Bonuses.
[INFO ] 2022-03-20 17:30:19 MerchantPriceConfigTable: Loaded 28 merchant price configs.
[WARN ] 2022-03-20 17:30:20 IXmlReader: BuyListData: Folder E:\l2jserver\server\Game\data\buylists\custom doesn't exist!
[INFO ] 2022-03-20 17:30:20 BuyListData: Loaded 760 buy lists.
[WARN ] 2022-03-20 17:30:20 IXmlReader: MultisellData: Folder E:\l2jserver\server\Game\data\multisell\custom doesn't exist!
[INFO ] 2022-03-20 17:30:20 MultisellData: Loaded 192 multisell lists.
[INFO ] 2022-03-20 17:30:20 RecipeData: Loaded 1000 recipes.
[INFO ] 2022-03-20 17:30:20 ArmorSetsData: Loaded 204 armor sets.
[INFO ] 2022-03-20 17:30:20 FishData: Loaded 278 fish.
[INFO ] 2022-03-20 17:30:20 FishingMonstersData: Loaded 8 fishing monsters.
[INFO ] 2022-03-20 17:30:20 FishingRodsData: Loaded 6 fishing rods.
[INFO ] 2022-03-20 17:30:20 HennaData: Loaded 180 Henna data.
[INFO ] 2022-03-20 17:30:20 GameServer: ----------------------------------------------=[ Characters ]
[INFO ] 2022-03-20 17:30:20 ClassListData: Loaded 107 class data.
[INFO ] 2022-03-20 17:30:20 InitialEquipmentData: Loaded 11 initial equipment data.
[INFO ] 2022-03-20 17:30:20 InitialShortcutData: Loaded 5 initial dlobal shortcuts data.
[INFO ] 2022-03-20 17:30:20 InitialShortcutData: Loaded 4 initial shortcuts data.
[INFO ] 2022-03-20 17:30:20 InitialShortcutData: Loaded 0 macros presets.
[INFO ] 2022-03-20 17:30:20 KarmaData: Loaded 85 karma modifiers.
[INFO ] 2022-03-20 17:30:20 HitConditionBonusData: Loaded Hit Condition bonuses.
[INFO ] 2022-03-20 17:30:20 PlayerTemplateData: Loaded 103 character templates.
[INFO ] 2022-03-20 17:30:20 PlayerTemplateData: Loaded 52530 level up gain records.
[INFO ] 2022-03-20 17:30:20 PlayerCreationPointData: Loaded 62 character creation points.
[INFO ] 2022-03-20 17:30:20 CharNameTable: Loaded 1 char names.
[INFO ] 2022-03-20 17:30:20 AdminData: Loaded 10 access levels.
[INFO ] 2022-03-20 17:30:20 AdminData: Loaded 444 access commands.
[INFO ] 2022-03-20 17:30:20 RaidBossPointsManager: Loaded 0 characters raid points.
[INFO ] 2022-03-20 17:30:21 PetDataTable: Loaded 52 Pets.
[INFO ] 2022-03-20 17:30:21 GameServer: -----------------------------------------------------=[ BBS ]
[INFO ] 2022-03-20 17:30:21 ForumsBBSManager: Loaded 4 forums.
[INFO ] 2022-03-20 17:30:21 GameServer: ---------------------------------------------------=[ Clans ]
[INFO ] 2022-03-20 17:30:21 ClanTable: Restored 0 clans from the database.
[INFO ] 2022-03-20 17:30:21 AuctionManager: Loaded 38 auction(s).
[INFO ] 2022-03-20 17:30:21 ClanHallManager: Loaded 0 clan halls.
[INFO ] 2022-03-20 17:30:21 ClanHallManager: Loaded 38 free clan halls.
[INFO ] 2022-03-20 17:30:21 ClanHallSiegeManager: Loaded 6 conquerable clan halls.
[INFO ] 2022-03-20 17:30:21 GameServer: -------------------------------------------------=[ Geodata ]
[INFO ] 2022-03-20 17:30:21 GeoData: Loaded 0 regions.
[INFO ] 2022-03-20 17:30:21 GameServer: ----------------------------------------------------=[ NPCs ]
[INFO ] 2022-03-20 17:30:21 SkillLearnData: Loaded 256 skill learn data.
[INFO ] 2022-03-20 17:30:21 NpcData$MinionData: Loaded 128 minions data.
[INFO ] 2022-03-20 17:30:22 NpcData: Loaded 10461 NPCs.
[INFO ] 2022-03-20 17:30:22 NpcData: Loaded 10 custom NPCs.
[INFO ] 2022-03-20 17:30:22 WalkingManager: Loaded 127 walking routes.
[INFO ] 2022-03-20 17:30:23 StaticObjectData: Loaded 51 static object templates.
[INFO ] 2022-03-20 17:30:23 GrandBossManager: Queen Ant (29001) status is 0.
[INFO ] 2022-03-20 17:30:23 GrandBossManager: Core (29006) status is 0.
[INFO ] 2022-03-20 17:30:23 GrandBossManager: Orfen (29014) status is 0.
[INFO ] 2022-03-20 17:30:23 GrandBossManager: Baium (29020) status is 0.
[INFO ] 2022-03-20 17:30:23 GrandBossManager: Valakas (29028) status is 0.
[INFO ] 2022-03-20 17:30:23 GrandBossManager: Antharas (29068) status is 0.
[INFO ] 2022-03-20 17:30:23 GrandBossManager: Beleth (29118) status is 0.
[INFO ] 2022-03-20 17:30:23 GrandBossManager: Loaded 7 grand boss instances.
[INFO ] 2022-03-20 17:30:24 DoorData: Loaded 1301 door templates for 22 regions.
[INFO ] 2022-03-20 17:30:24 ZoneManager: Loaded 28 zone classes and 2794 zones.
[INFO ] 2022-03-20 17:30:24 ZoneManager: Loaded 0 NPC spawn territoriers.
[INFO ] 2022-03-20 17:30:24 CastleManager: Loaded 9 castles.
[INFO ] 2022-03-20 17:30:24 NpcBufferTable: Loaded 2 buffers and 64 skills.
[INFO ] 2022-03-20 17:30:24 GrandBossManager: Initialized 12 grand boss zones.
[INFO ] 2022-03-20 17:30:24 GameServer: -----------------------------------------=[ Auction Manager ]
[INFO ] 2022-03-20 17:30:24 ItemAuctionInstance: Loaded 82 item(s) and registered 3 auction(s) for NPC ID 32320.
[INFO ] 2022-03-20 17:30:24 ItemAuctionInstance: Schedule next auction ID 9 on 17:00:00 25.03.22 for NPC ID 32320.
[INFO ] 2022-03-20 17:30:24 ItemAuctionInstance: Loaded 82 item(s) and registered 3 auction(s) for NPC ID 32321.
[INFO ] 2022-03-20 17:30:24 ItemAuctionInstance: Schedule next auction ID 7 on 17:00:00 21.03.22 for NPC ID 32321.
[INFO ] 2022-03-20 17:30:24 ItemAuctionInstance: Loaded 82 item(s) and registered 3 auction(s) for NPC ID 32322.
[INFO ] 2022-03-20 17:30:24 ItemAuctionInstance: Schedule next auction ID 8 on 17:00:00 23.03.22 for NPC ID 32322.
[INFO ] 2022-03-20 17:30:24 ItemAuctionManager: Loaded 3 auction manager instance(s).
[INFO ] 2022-03-20 17:30:24 GameServer: ------------------------------------------------=[ Olympiad ]
[INFO ] 2022-03-20 17:30:24 Olympiad: Loading Olympiad System....
[INFO ] 2022-03-20 17:30:24 Olympiad: Currently in Olympiad Period
[INFO ] 2022-03-20 17:30:24 Olympiad: 16889 minutes until period ends
[INFO ] 2022-03-20 17:30:24 Olympiad: Next weekly change is in 1492 minutes
[INFO ] 2022-03-20 17:30:24 Olympiad: Loaded 0 Nobles
[INFO ] 2022-03-20 17:30:24 Olympiad: Competition Period Starts in 0 days, 0 hours and 30 mins.
[INFO ] 2022-03-20 17:30:24 Olympiad: Event starts/started : Sun Mar 20 18:00:24 CET 2022
[INFO ] 2022-03-20 17:30:25 Hero: Loaded 0 Heroes.
[INFO ] 2022-03-20 17:30:25 Hero: Loaded 0 all time Heroes.
[INFO ] 2022-03-20 17:30:25 GameServer: ---------------------------------------------=[ Seven Signs ]
[INFO ] 2022-03-20 17:30:25 SevenSigns: Currently in the Competition (Quest Event) period.
[INFO ] 2022-03-20 17:30:25 SevenSigns: The Seal of Avarice remains unclaimed.
[INFO ] 2022-03-20 17:30:25 SevenSigns: The Seal of Gnosis remains unclaimed.
[INFO ] 2022-03-20 17:30:25 SevenSigns: The Seal of Strife remains unclaimed.
[INFO ] 2022-03-20 17:30:25 SevenSigns: The competition, if the current trend continues, will end in a tie this week.
[INFO ] 2022-03-20 17:30:25 SevenSigns: Next period change set to 2022-03-21T18:00:25.004+0100.
[INFO ] 2022-03-20 17:30:25 SevenSigns: Next period begins in 1 days, 0 hours and 29 mins.
[INFO ] 2022-03-20 17:30:25 GameServer: ---------------------------------------------------=[ Cache ]
[INFO ] 2022-03-20 17:30:25 HtmCache: Running lazy cache.
[INFO ] 2022-03-20 17:30:25 CrestTable: Loaded 0 crests.
[INFO ] 2022-03-20 17:30:25 TeleportLocationTable: Loaded 957 teleport location templates.
[INFO ] 2022-03-20 17:30:25 UIData: Loaded 4 keys 5 categories.
[INFO ] 2022-03-20 17:30:25 AugmentationData: Loaded 33960 augmentations.
[INFO ] 2022-03-20 17:30:25 AugmentationData: Loaded 2754 accessory augmentations.
[INFO ] 2022-03-20 17:30:25 CursedWeaponsManager: Loaded 2 cursed weapon(s).
[INFO ] 2022-03-20 17:30:25 TransformData: Loaded 111 transform templates.
[INFO ] 2022-03-20 17:30:25 BotReportTable: Loaded 0 bot reports.
[INFO ] 2022-03-20 17:30:25 AirShipManager: Loaded 0 private airships.
[INFO ] 2022-03-20 17:30:25 GameServer: ------------------------------------------------=[ Handlers ]
[INFO ] 2022-03-20 17:30:26 MasterHandler: Loaded 5 Voiced Command Handler.
[INFO ] 2022-03-20 17:30:26 MasterHandler: Loaded 10 Action Handler.
[INFO ] 2022-03-20 17:30:26 MasterHandler: Loaded 6 Action Shift Handler.
[INFO ] 2022-03-20 17:30:26 MasterHandler: Loaded 447 Admin Command Handler.
[INFO ] 2022-03-20 17:30:26 MasterHandler: Loaded 48 Bypass Handler.
[INFO ] 2022-03-20 17:30:26 MasterHandler: Loaded 14 Chat Handler.
[INFO ] 2022-03-20 17:30:26 MasterHandler: Loaded 15 Community Board Handler.
[INFO ] 2022-03-20 17:30:26 MasterHandler: Loaded 31 Item Handler.
[INFO ] 2022-03-20 17:30:26 MasterHandler: Loaded 3 Punishment Handler.
[INFO ] 2022-03-20 17:30:26 MasterHandler: Loaded 17 User Command Handler.
[INFO ] 2022-03-20 17:30:26 MasterHandler: Loaded 20 Telnet Handler.
[INFO ] 2022-03-20 17:30:26 GameServer: ------------------------------------------------------=[ AI ]
[INFO ] 2022-03-20 17:30:28 NpcBuffersData: Loaded 33 buffers data.
[INFO ] 2022-03-20 17:30:28 HandysBlockCheckerEvent: Loaded Handy's Block Checker event.
[INFO ] 2022-03-20 17:30:28 AILoader: Loaded 179 AI scripts.
[INFO ] 2022-03-20 17:30:28 GameServer: -----------------------------------------------=[ Instances ]
[INFO ] 2022-03-20 17:30:29 InstanceLoader: Loaded 30 instnaces.
[INFO ] 2022-03-20 17:30:29 GameServer: --------------------------------------------------=[ Gracia ]
[INFO ] 2022-03-20 17:30:29 GraciaLoader: Loaded 28 Gracia scripts.
[INFO ] 2022-03-20 17:30:29 GameServer: -----------------------------------------------=[ Hellbound ]
[INFO ] 2022-03-20 17:30:30 HellboundPointData: Loaded 47 trust point reward data.
[INFO ] 2022-03-20 17:30:30 HellboundSpawns: Loaded 598 Hellbound spawns.
[INFO ] 2022-03-20 17:30:30 HellboundEngine: Level 0.
[INFO ] 2022-03-20 17:30:30 HellboundEngine: Trust 0.
[INFO ] 2022-03-20 17:30:30 HellboundEngine: Status locked.
[INFO ] 2022-03-20 17:30:30 RaidBossSpawnManager: Spawning raid bosses...
[INFO ] 2022-03-20 17:30:30 RaidBossSpawnManager: Loaded 0 bosses.
[INFO ] 2022-03-20 17:30:30 RaidBossSpawnManager: Scheduled 0 boss instances.
[INFO ] 2022-03-20 17:30:30 HellboundLoader: Loaded 34 Hellbound scripts.
[INFO ] 2022-03-20 17:30:30 GameServer: --------------------------------------------------=[ Quests ]
[INFO ] 2022-03-20 17:30:32 Q00350_EnhanceYourWeapon: Loaded 54 soul crystal data.
[INFO ] 2022-03-20 17:30:32 Q00350_EnhanceYourWeapon: Loaded 240 npc leveling data.
[INFO ] 2022-03-20 17:30:32 QuestLoader: Loaded 502 quests.
[INFO ] 2022-03-20 17:30:33 AbstractScript: TerritoryWarSuperClass: Siege date: Sun Mar 20 22:00:00 CET 2022
[INFO ] 2022-03-20 17:30:33 GameServer: -------------------------------------------------=[ Scripts ]
[INFO ] 2022-03-20 17:30:33 ClanHallSiegeEngine: Fortress of the Dead siege scheduled for 2022-04-03T12:00:00.340+0200.
[INFO ] 2022-03-20 17:30:33 DiscordBot: Discord Bot is Disabled.
[INFO ] 2022-03-20 17:30:33 ClanHallSiegeEngine: Beast Farm siege scheduled for 2022-04-03T12:00:00.344+0200.
[INFO ] 2022-03-20 17:30:33 ClanHallSiegeEngine: Rainbow Springs siege scheduled for 2022-04-03T12:00:00.340+0200.
[INFO ] 2022-03-20 17:30:33 TeleporterService: Disabled.
[INFO ] 2022-03-20 17:30:33 BufferService: Disabled.
[INFO ] 2022-03-20 17:30:33 ClanHallSiegeEngine: Bandit Stronghold siege scheduled for 2022-04-03T12:00:00.344+0200.
[INFO ] 2022-03-20 17:30:33 ClanHallSiegeEngine: Devastated Castle siege scheduled for 2022-04-03T12:00:00.340+0200.
[INFO ] 2022-03-20 17:30:33 ClanHallSiegeEngine: Fortress of Resistance siege scheduled for 2022-04-03T12:00:00.169+0200.
[INFO ] 2022-03-20 17:30:33 SpawnTable: Loaded 59 NPC spawns.
[INFO ] 2022-03-20 17:30:33 SpawnTable: Loaded 0 custom NPC spawns.
[INFO ] 2022-03-20 17:30:33 SpawnTable: Loaded 1190 NPC spawns from XML.
[INFO ] 2022-03-20 17:30:33 FourSepulchersManager: Loaded 20 Mysterious-Box spawns.
[INFO ] 2022-03-20 17:30:33 FourSepulchersManager: Loaded 716 Physical type monsters spawns.
[INFO ] 2022-03-20 17:30:33 FourSepulchersManager: Loaded 716 Magical monsters spawns.
[INFO ] 2022-03-20 17:30:33 FourSepulchersManager: Loaded 92 Church of duke monsters spawns.
[INFO ] 2022-03-20 17:30:33 FourSepulchersManager: Loaded 68 Emperor's Grave spawns.
[INFO ] 2022-03-20 17:30:33 FourSepulchersManager: Spawned Conquerors' Sepulcher Manager.
[INFO ] 2022-03-20 17:30:33 FourSepulchersManager: Spawned Emperors' Sepulcher Manager.
[INFO ] 2022-03-20 17:30:33 FourSepulchersManager: Spawned Great Sages' Sepulcher Manager.
[INFO ] 2022-03-20 17:30:33 FourSepulchersManager: Spawned Judges' Sepulcher Manager.
[INFO ] 2022-03-20 17:30:33 FourSepulchersManager: Beginning in attack time.
[INFO ] 2022-03-20 17:30:33 DimensionalRiftManager: Loaded 7 room types with 56 rooms.
[INFO ] 2022-03-20 17:30:33 DimensionalRiftManager: Loaded 462 Dimensional Rift spawns.
[INFO ] 2022-03-20 17:30:33 GameServer: ---------------------------------------------------=[ Siege ]
[INFO ] 2022-03-20 17:30:33 Siege: Siege of Gludio: 2022-04-03T16:00:00.858+0200.
[INFO ] 2022-03-20 17:30:33 Siege: Siege of Dion: 2022-04-03T16:00:00.826+0200.
[INFO ] 2022-03-20 17:30:33 Siege: Siege of Giran: 2022-04-03T16:00:00.830+0200.
[INFO ] 2022-03-20 17:30:33 Siege: Siege of Oren: 2022-04-03T16:00:00.831+0200.
[INFO ] 2022-03-20 17:30:33 Siege: Siege of Aden: 2022-04-03T16:00:00.832+0200.
[INFO ] 2022-03-20 17:30:33 Siege: Siege of Innadril: 2022-03-20T20:00:00.869+0100.
[INFO ] 2022-03-20 17:30:33 Siege: Siege of Goddard: 2022-03-20T20:00:00.869+0100.
[INFO ] 2022-03-20 17:30:33 Siege: Siege of Rune: 2022-03-20T20:00:00.870+0100.
[INFO ] 2022-03-20 17:30:33 Siege: Siege of Schuttgart: 2022-03-20T20:00:00.871+0100.
[INFO ] 2022-03-20 17:30:33 FortManager: Loaded 21 fortress.
[INFO ] 2022-03-20 17:30:33 SiegeScheduleData: Loaded 2 siege schedulers.
[INFO ] 2022-03-20 17:30:33 CastleManorManager: Loaded 258 seeds.
[INFO ] 2022-03-20 17:30:33 CastleManorManager: Manor data loaded.
[INFO ] 2022-03-20 17:30:33 MercTicketManager: Loaded 0 mercenary tickets.
[INFO ] 2022-03-20 17:30:33 AutoSpawnHandler: Loaded 129 handlers.
[INFO ] 2022-03-20 17:30:33 SevenSignsFestival: The first Festival of Darkness cycle begins in 2 minute(s).
[INFO ] 2022-03-20 17:30:33 FaenorEventParser: Event Id Valentines Event has passed... Ignored.
[INFO ] 2022-03-20 17:30:33 FaenorScriptEngine: Loaded Valentines.xml successfully.
[INFO ] 2022-03-20 17:30:33 TaskManager: Loaded 13 tasks.
[INFO ] 2022-03-20 17:30:33 MailManager: Successfully loaded 0 messages.
[INFO ] 2022-03-20 17:30:33 PunishmentManager: Loaded 0 active and 0 expired punishments.
[INFO ] 2022-03-20 17:30:33 GameServer: Free Object Ids remaining 1879044123.
[INFO ] 2022-03-20 17:30:33 TvTManager: Engine is disabled.
[INFO ] 2022-03-20 17:30:34 GameServer: Started, free memory 1830 Mb of 2048 Mb
[INFO ] 2022-03-20 17:30:34 LoginServerThread: Connecting to login server on 127.0.0.1:9014
[INFO ] 2022-03-20 17:30:34 LoginServerThread: Registered on login as Server 1: Bartz
[INFO ] 2022-03-20 17:30:34 GameServer: Now listening on *:7777
[INFO ] 2022-03-20 17:30:34 GameServer: ----------------------------------------------------=[ UPnP ]
[INFO ] 2022-03-20 17:30:34 UPnPService: Looking for UPnP Gateway Devices...
[INFO ] 2022-03-20 17:30:34 UPnPService: Using UPnP gateway: Orange Livebox
[INFO ] 2022-03-20 17:30:34 UPnPService: Using local address: 192.168.1.22 External address: 86.236.191.224
[INFO ] 2022-03-20 17:30:34 UPnPService: Mapping successful on 192.168.1.22:7777
[INFO ] 2022-03-20 17:30:34 GameServer: Telnet server is currently disabled.
[INFO ] 2022-03-20 17:30:34 GameServer: Maximum numbers of connected players 500.
[INFO ] 2022-03-20 17:30:34 GameServer: Server Bartz loaded in 27 seconds.
[INFO ] 2022-03-20 17:31:03 L2PcInstance: Master access level set for character Gmtech [268481866].
[INFO ] 2022-03-20 17:38:53 GlobalVariablesManager: Stored 7 variables.
[INFO ] 2022-03-20 18:00:24 Olympiad: Olympiad Game Started
[INFO ] 2022-03-20 18:00:25 OlympiadGameManager: Loaded 160 stadiums.
[INFO ] 2022-03-20 18:00:33 TaskSevenSignsUpdate: Data updated successfully.
[INFO ] 2022-03-20 18:08:53 GlobalVariablesManager: Stored 7 variables.
[INFO ] 2022-03-20 18:15:33 TaskOlympiadSave: Data updated.
[WARN ] 2022-03-20 18:29:36 AbstractScript: Q00625_TheFinestIngredientsPart2
java.lang.NullPointerException: Cannot invoke "com.l2jserver.gameserver.model.actor.instance.L2PcInstance.getQuestState(String)" because "player" is null
	at com.l2jserver.gameserver.model.quest.Quest.getQuestState(Quest.java:191) [l2jserver.jar:?]
	at com.l2jserver.datapack.quests.Q00625_TheFinestIngredientsPart2.Q00625_TheFinestIngredientsPart2.onAdvEvent(Q00625_TheFinestIngredientsPart2.java:71) ~[?:?]
	at com.l2jserver.gameserver.model.quest.Quest.notifyEvent(Quest.java:459) [l2jserver.jar:?]
	at com.l2jserver.gameserver.model.quest.QuestTimer$ScheduleTimerTask.run(QuestTimer.java:43) [l2jserver.jar:?]
	at com.l2jserver.gameserver.ThreadPoolManager$RunnableWrapper.run(ThreadPoolManager.java:86) [l2jserver.jar:?]
	at java.util.concurrent.Executors$RunnableAdapter.call(Executors.java:539) [?:?]
	at java.util.concurrent.FutureTask.run(FutureTask.java:264) [?:?]
	at java.util.concurrent.ScheduledThreadPoolExecutor$ScheduledFutureTask.run(ScheduledThreadPoolExecutor.java:304) [?:?]
	at java.util.concurrent.ThreadPoolExecutor.runWorker(ThreadPoolExecutor.java:1136) [?:?]
	at java.util.concurrent.ThreadPoolExecutor$Worker.run(ThreadPoolExecutor.java:635) [?:?]
	at java.lang.Thread.run(Thread.java:833) [?:?]
[INFO ] 2022-03-20 18:30:33 TaskSevenSignsUpdate: Data updated successfully.
[INFO ] 2022-03-20 18:38:53 GlobalVariablesManager: Stored 7 variables.
[INFO ] 2022-03-20 18:45:33 TaskOlympiadSave: Data updated.
[INFO ] 2022-03-20 19:00:33 TaskSevenSignsUpdate: Data updated successfully.
[INFO ] 2022-03-20 19:01:42 RaidBossSpawnManager: Updated Gillien respawn time to 2022-03-20T19:03:13.370+0100.
[WARN ] 2022-03-20 19:08:06 LoginServerThread: LoginServer not avaible, trying to reconnect...
